[INFO ] 06-07-2022 11:27:26 [main] Main - Info: {} / {} = {}
[INFO ] 06-07-2022 11:27:37 [pool-2-thread-4] RabbitMQConfig - getCorrelationId: 84fd3e53-9cb0-4de4-ba0f-8ca94f139933
[INFO ] 06-07-2022 11:27:37 [pool-2-thread-4] RabbitMQConfig - insert to DB success
[INFO ] 06-07-2022 11:27:37 [pool-2-thread-4] RabbitMQConfig - Next => send to api and get response
[INFO ] 06-07-2022 11:27:39 [pool-2-thread-4] RabbitMQConfig - response: InboundJaxrsResponse{context=ClientResponse{method=POST, uri=https://api.foodbook.vn/ipos/ws/xpartner/callback/vnpay, status=200, reason=OK}}
[INFO ] 06-07-2022 11:27:39 [pool-2-thread-4] RabbitMQConfig - replyto: amq.gen-xfjH9sCvUDFfGocCOPTeVA
[INFO ] 06-07-2022 11:27:39 [pool-2-thread-4] RabbitMQConfig - replyProps: #contentHeader<basic>(content-type=null, content-encoding=null, headers=null, delivery-mode=null, priority=null, correlation-id=84fd3e53-9cb0-4de4-ba0f-8ca94f139933, reply-to=null, expiration=null, message-id=null, timestamp=null, type=null, user-id=null, app-id=null, cluster-id=null)
[INFO ] 06-07-2022 11:27:39 [pool-2-thread-4] RabbitMQConfig - response: [73, 110, 98, 111, 117, 110, 100, 74, 97, 120, 114, 115, 82, 101, 115, 112, 111, 110, 115, 101, 123, 99, 111, 110, 116, 101, 120, 116, 61, 67, 108, 105, 101, 110, 116, 82, 101, 115, 112, 111, 110, 115, 101, 123, 109, 101, 116, 104, 111, 100, 61, 80, 79, 83, 84, 44, 32, 117, 114, 105, 61, 104, 116, 116, 112, 115, 58, 47, 47, 97, 112, 105, 46, 102, 111, 111, 100, 98, 111, 111, 107, 46, 118, 110, 47, 105, 112, 111, 115, 47, 119, 115, 47, 120, 112, 97, 114, 116, 110, 101, 114, 47, 99, 97, 108, 108, 98, 97, 99, 107, 47, 118, 110, 112, 97, 121, 44, 32, 115, 116, 97, 116, 117, 115, 61, 50, 48, 48, 44, 32, 114, 101, 97, 115, 111, 110, 61, 79, 75, 125, 125]
[INFO ] 06-07-2022 11:27:39 [pool-2-thread-4] RabbitMQConfig - delivery.getEnvelope().getDeliveryTag(): 1
[INFO ] 06-07-2022 17:31:53 [main] Main - Info: {} / {} = {}
[INFO ] 06-07-2022 17:33:06 [pool-2-thread-4] RabbitMQConfig - getCorrelationId: 40c4bdd6-d39d-471f-9a42-5355519fc3e6
[INFO ] 06-07-2022 17:33:07 [pool-2-thread-4] RabbitMQConfig - insert to DB success
[INFO ] 06-07-2022 17:33:07 [pool-2-thread-4] RabbitMQConfig - Next => send to api and get response
[INFO ] 06-07-2022 17:33:08 [pool-2-thread-4] RabbitMQConfig - response: InboundJaxrsResponse{context=ClientResponse{method=POST, uri=https://api.foodbook.vn/ipos/ws/xpartner/callback/vnpay, status=200, reason=OK}}
[INFO ] 06-07-2022 17:33:08 [pool-2-thread-4] RabbitMQConfig - replyto: amq.gen-H1D4Rv5uYWf1ujChL6sylA
[INFO ] 06-07-2022 17:33:08 [pool-2-thread-4] RabbitMQConfig - replyProps: #contentHeader<basic>(content-type=null, content-encoding=null, headers=null, delivery-mode=null, priority=null, correlation-id=40c4bdd6-d39d-471f-9a42-5355519fc3e6, reply-to=null, expiration=null, message-id=null, timestamp=null, type=null, user-id=null, app-id=null, cluster-id=null)
[INFO ] 06-07-2022 17:33:08 [pool-2-thread-4] RabbitMQConfig - response: [73, 110, 98, 111, 117, 110, 100, 74, 97, 120, 114, 115, 82, 101, 115, 112, 111, 110, 115, 101, 123, 99, 111, 110, 116, 101, 120, 116, 61, 67, 108, 105, 101, 110, 116, 82, 101, 115, 112, 111, 110, 115, 101, 123, 109, 101, 116, 104, 111, 100, 61, 80, 79, 83, 84, 44, 32, 117, 114, 105, 61, 104, 116, 116, 112, 115, 58, 47, 47, 97, 112, 105, 46, 102, 111, 111, 100, 98, 111, 111, 107, 46, 118, 110, 47, 105, 112, 111, 115, 47, 119, 115, 47, 120, 112, 97, 114, 116, 110, 101, 114, 47, 99, 97, 108, 108, 98, 97, 99, 107, 47, 118, 110, 112, 97, 121, 44, 32, 115, 116, 97, 116, 117, 115, 61, 50, 48, 48, 44, 32, 114, 101, 97, 115, 111, 110, 61, 79, 75, 125, 125]
[INFO ] 06-07-2022 17:33:08 [pool-2-thread-4] RabbitMQConfig - delivery.getEnvelope().getDeliveryTag(): 1
[INFO ] 07-07-2022 08:27:52 [main] Main - Info: {} / {} = {}
[INFO ] 07-07-2022 08:28:22 [pool-2-thread-4] RabbitMQConfig - getCorrelationId: 97a5084d-88ce-4b34-8d60-a2635a10061d
[INFO ] 07-07-2022 08:28:22 [pool-2-thread-4] RabbitMQConfig - insert to DB success
[INFO ] 07-07-2022 08:28:22 [pool-2-thread-4] RabbitMQConfig - Next => send to api and get response
[INFO ] 07-07-2022 08:28:23 [pool-2-thread-4] RabbitMQConfig - response: InboundJaxrsResponse{context=ClientResponse{method=POST, uri=https://api.foodbook.vn/ipos/ws/xpartner/callback/vnpay, status=200, reason=OK}}
[INFO ] 07-07-2022 08:28:23 [pool-2-thread-4] RabbitMQConfig - replyto: amq.gen-AJce4tRs8GlzYVCeyhJGZA
[INFO ] 07-07-2022 08:28:23 [pool-2-thread-4] RabbitMQConfig - replyProps: #contentHeader<basic>(content-type=null, content-encoding=null, headers=null, delivery-mode=null, priority=null, correlation-id=97a5084d-88ce-4b34-8d60-a2635a10061d, reply-to=null, expiration=null, message-id=null, timestamp=null, type=null, user-id=null, app-id=null, cluster-id=null)
[INFO ] 07-07-2022 08:28:23 [pool-2-thread-4] RabbitMQConfig - response: [73, 110, 98, 111, 117, 110, 100, 74, 97, 120, 114, 115, 82, 101, 115, 112, 111, 110, 115, 101, 123, 99, 111, 110, 116, 101, 120, 116, 61, 67, 108, 105, 101, 110, 116, 82, 101, 115, 112, 111, 110, 115, 101, 123, 109, 101, 116, 104, 111, 100, 61, 80, 79, 83, 84, 44, 32, 117, 114, 105, 61, 104, 116, 116, 112, 115, 58, 47, 47, 97, 112, 105, 46, 102, 111, 111, 100, 98, 111, 111, 107, 46, 118, 110, 47, 105, 112, 111, 115, 47, 119, 115, 47, 120, 112, 97, 114, 116, 110, 101, 114, 47, 99, 97, 108, 108, 98, 97, 99, 107, 47, 118, 110, 112, 97, 121, 44, 32, 115, 116, 97, 116, 117, 115, 61, 50, 48, 48, 44, 32, 114, 101, 97, 115, 111, 110, 61, 79, 75, 125, 125]
[INFO ] 07-07-2022 08:28:23 [pool-2-thread-4] RabbitMQConfig - delivery.getEnvelope().getDeliveryTag(): 1
[INFO ] 07-07-2022 08:53:23 [pool-2-thread-5] RabbitMQConfig - getCorrelationId: 741c113d-61a9-4124-bc33-b44d0f4b8b44
[INFO ] 07-07-2022 08:53:23 [pool-2-thread-5] RabbitMQConfig - insert to DB success
[INFO ] 07-07-2022 08:53:23 [pool-2-thread-5] RabbitMQConfig - Next => send to api and get response
[INFO ] 07-07-2022 08:53:23 [pool-2-thread-5] RabbitMQConfig - response: InboundJaxrsResponse{context=ClientResponse{method=POST, uri=https://api.foodbook.vn/ipos/ws/xpartner/callback/vnpay, status=200, reason=OK}}
[INFO ] 07-07-2022 08:53:23 [pool-2-thread-5] RabbitMQConfig - replyto: amq.gen-z85thVcqlmuhQgHkKmh5qg
[INFO ] 07-07-2022 08:53:23 [pool-2-thread-5] RabbitMQConfig - replyProps: #contentHeader<basic>(content-type=null, content-encoding=null, headers=null, delivery-mode=null, priority=null, correlation-id=741c113d-61a9-4124-bc33-b44d0f4b8b44, reply-to=null, expiration=null, message-id=null, timestamp=null, type=null, user-id=null, app-id=null, cluster-id=null)
[INFO ] 07-07-2022 08:53:23 [pool-2-thread-5] RabbitMQConfig - response: [73, 110, 98, 111, 117, 110, 100, 74, 97, 120, 114, 115, 82, 101, 115, 112, 111, 110, 115, 101, 123, 99, 111, 110, 116, 101, 120, 116, 61, 67, 108, 105, 101, 110, 116, 82, 101, 115, 112, 111, 110, 115, 101, 123, 109, 101, 116, 104, 111, 100, 61, 80, 79, 83, 84, 44, 32, 117, 114, 105, 61, 104, 116, 116, 112, 115, 58, 47, 47, 97, 112, 105, 46, 102, 111, 111, 100, 98, 111, 111, 107, 46, 118, 110, 47, 105, 112, 111, 115, 47, 119, 115, 47, 120, 112, 97, 114, 116, 110, 101, 114, 47, 99, 97, 108, 108, 98, 97, 99, 107, 47, 118, 110, 112, 97, 121, 44, 32, 115, 116, 97, 116, 117, 115, 61, 50, 48, 48, 44, 32, 114, 101, 97, 115, 111, 110, 61, 79, 75, 125, 125]
[INFO ] 07-07-2022 08:53:23 [pool-2-thread-5] RabbitMQConfig - delivery.getEnvelope().getDeliveryTag(): 2
[INFO ] 07-07-2022 08:56:23 [pool-2-thread-6] RabbitMQConfig - getCorrelationId: b27c37e1-cecc-40ee-8444-a5878a4e2bce
[INFO ] 07-07-2022 08:56:23 [pool-2-thread-6] RabbitMQConfig - insert to DB success
[INFO ] 07-07-2022 08:56:23 [pool-2-thread-6] RabbitMQConfig - Next => send to api and get response
[INFO ] 07-07-2022 08:56:23 [pool-2-thread-6] RabbitMQConfig - response: InboundJaxrsResponse{context=ClientResponse{method=POST, uri=https://api.foodbook.vn/ipos/ws/xpartner/callback/vnpay, status=200, reason=OK}}
[INFO ] 07-07-2022 08:56:23 [pool-2-thread-6] RabbitMQConfig - replyto: amq.gen-gj9KD_rGcZbzClWi3fytIw
[INFO ] 07-07-2022 08:56:23 [pool-2-thread-6] RabbitMQConfig - replyProps: #contentHeader<basic>(content-type=null, content-encoding=null, headers=null, delivery-mode=null, priority=null, correlation-id=b27c37e1-cecc-40ee-8444-a5878a4e2bce, reply-to=null, expiration=null, message-id=null, timestamp=null, type=null, user-id=null, app-id=null, cluster-id=null)
[INFO ] 07-07-2022 08:56:23 [pool-2-thread-6] RabbitMQConfig - response: [73, 110, 98, 111, 117, 110, 100, 74, 97, 120, 114, 115, 82, 101, 115, 112, 111, 110, 115, 101, 123, 99, 111, 110, 116, 101, 120, 116, 61, 67, 108, 105, 101, 110, 116, 82, 101, 115, 112, 111, 110, 115, 101, 123, 109, 101, 116, 104, 111, 100, 61, 80, 79, 83, 84, 44, 32, 117, 114, 105, 61, 104, 116, 116, 112, 115, 58, 47, 47, 97, 112, 105, 46, 102, 111, 111, 100, 98, 111, 111, 107, 46, 118, 110, 47, 105, 112, 111, 115, 47, 119, 115, 47, 120, 112, 97, 114, 116, 110, 101, 114, 47, 99, 97, 108, 108, 98, 97, 99, 107, 47, 118, 110, 112, 97, 121, 44, 32, 115, 116, 97, 116, 117, 115, 61, 50, 48, 48, 44, 32, 114, 101, 97, 115, 111, 110, 61, 79, 75, 125, 125]
[INFO ] 07-07-2022 08:56:23 [pool-2-thread-6] RabbitMQConfig - delivery.getEnvelope().getDeliveryTag(): 3
[INFO ] 07-07-2022 09:07:48 [main] Main - Info: {} / {} = {}
[INFO ] 07-07-2022 09:07:57 [pool-2-thread-4] RabbitMQConfig - getCorrelationId: 4d881d6c-77a3-48d6-9c1b-ea30878fd643
[INFO ] 07-07-2022 09:07:58 [pool-2-thread-4] RabbitMQConfig - insert to DB success
[INFO ] 07-07-2022 09:07:58 [pool-2-thread-4] RabbitMQConfig - Next => send to api and get response
[INFO ] 07-07-2022 09:07:59 [pool-2-thread-4] RabbitMQConfig - response: InboundJaxrsResponse{context=ClientResponse{method=POST, uri=https://api.foodbook.vn/ipos/ws/xpartner/callback/vnpay, status=200, reason=OK}}
[INFO ] 07-07-2022 09:07:59 [pool-2-thread-4] RabbitMQConfig - replyto: amq.gen-hpNvZvpATr6_9hAQ3mF9Iw
[INFO ] 07-07-2022 09:07:59 [pool-2-thread-4] RabbitMQConfig - replyProps: #contentHeader<basic>(content-type=null, content-encoding=null, headers=null, delivery-mode=null, priority=null, correlation-id=4d881d6c-77a3-48d6-9c1b-ea30878fd643, reply-to=null, expiration=null, message-id=null, timestamp=null, type=null, user-id=null, app-id=null, cluster-id=null)
[INFO ] 07-07-2022 09:07:59 [pool-2-thread-4] RabbitMQConfig - response: [73, 110, 98, 111, 117, 110, 100, 74, 97, 120, 114, 115, 82, 101, 115, 112, 111, 110, 115, 101, 123, 99, 111, 110, 116, 101, 120, 116, 61, 67, 108, 105, 101, 110, 116, 82, 101, 115, 112, 111, 110, 115, 101, 123, 109, 101, 116, 104, 111, 100, 61, 80, 79, 83, 84, 44, 32, 117, 114, 105, 61, 104, 116, 116, 112, 115, 58, 47, 47, 97, 112, 105, 46, 102, 111, 111, 100, 98, 111, 111, 107, 46, 118, 110, 47, 105, 112, 111, 115, 47, 119, 115, 47, 120, 112, 97, 114, 116, 110, 101, 114, 47, 99, 97, 108, 108, 98, 97, 99, 107, 47, 118, 110, 112, 97, 121, 44, 32, 115, 116, 97, 116, 117, 115, 61, 50, 48, 48, 44, 32, 114, 101, 97, 115, 111, 110, 61, 79, 75, 125, 125]
[INFO ] 07-07-2022 09:07:59 [pool-2-thread-4] RabbitMQConfig - delivery.getEnvelope().getDeliveryTag(): 1
[INFO ] 07-07-2022 09:42:24 [pool-2-thread-5] RabbitMQConfig - getCorrelationId: c84cdaec-cc26-44b4-9c92-781d97a35186
[INFO ] 07-07-2022 09:42:24 [pool-2-thread-5] RabbitMQConfig - insert to DB success
[INFO ] 07-07-2022 09:42:24 [pool-2-thread-5] RabbitMQConfig - Next => send to api and get response
[INFO ] 07-07-2022 09:42:24 [pool-2-thread-5] RabbitMQConfig - response: InboundJaxrsResponse{context=ClientResponse{method=POST, uri=https://api.foodbook.vn/ipos/ws/xpartner/callback/vnpay, status=200, reason=OK}}
[INFO ] 07-07-2022 09:42:24 [pool-2-thread-5] RabbitMQConfig - replyto: amq.gen-b850m7ns8RZIMzmQXR-S_w
[INFO ] 07-07-2022 09:42:24 [pool-2-thread-5] RabbitMQConfig - replyProps: #contentHeader<basic>(content-type=null, content-encoding=null, headers=null, delivery-mode=null, priority=null, correlation-id=c84cdaec-cc26-44b4-9c92-781d97a35186, reply-to=null, expiration=null, message-id=null, timestamp=null, type=null, user-id=null, app-id=null, cluster-id=null)
[INFO ] 07-07-2022 09:42:24 [pool-2-thread-5] RabbitMQConfig - response: [73, 110, 98, 111, 117, 110, 100, 74, 97, 120, 114, 115, 82, 101, 115, 112, 111, 110, 115, 101, 123, 99, 111, 110, 116, 101, 120, 116, 61, 67, 108, 105, 101, 110, 116, 82, 101, 115, 112, 111, 110, 115, 101, 123, 109, 101, 116, 104, 111, 100, 61, 80, 79, 83, 84, 44, 32, 117, 114, 105, 61, 104, 116, 116, 112, 115, 58, 47, 47, 97, 112, 105, 46, 102, 111, 111, 100, 98, 111, 111, 107, 46, 118, 110, 47, 105, 112, 111, 115, 47, 119, 115, 47, 120, 112, 97, 114, 116, 110, 101, 114, 47, 99, 97, 108, 108, 98, 97, 99, 107, 47, 118, 110, 112, 97, 121, 44, 32, 115, 116, 97, 116, 117, 115, 61, 50, 48, 48, 44, 32, 114, 101, 97, 115, 111, 110, 61, 79, 75, 125, 125]
[INFO ] 07-07-2022 09:42:24 [pool-2-thread-5] RabbitMQConfig - delivery.getEnvelope().getDeliveryTag(): 2
[INFO ] 07-07-2022 09:50:43 [pool-2-thread-6] RabbitMQConfig - getCorrelationId: 40e6093d-34e7-4ada-a8df-24f5ab3a6497
[INFO ] 07-07-2022 09:50:43 [pool-2-thread-6] RabbitMQConfig - insert to DB success
[INFO ] 07-07-2022 09:50:43 [pool-2-thread-6] RabbitMQConfig - Next => send to api and get response
[INFO ] 07-07-2022 09:50:43 [pool-2-thread-6] RabbitMQConfig - response: InboundJaxrsResponse{context=ClientResponse{method=POST, uri=https://api.foodbook.vn/ipos/ws/xpartner/callback/vnpay, status=200, reason=OK}}
[INFO ] 07-07-2022 09:50:43 [pool-2-thread-6] RabbitMQConfig - replyto: amq.gen-2jV2lXlluvcI2wropzt7_A
[INFO ] 07-07-2022 09:50:43 [pool-2-thread-6] RabbitMQConfig - replyProps: #contentHeader<basic>(content-type=null, content-encoding=null, headers=null, delivery-mode=null, priority=null, correlation-id=40e6093d-34e7-4ada-a8df-24f5ab3a6497, reply-to=null, expiration=null, message-id=null, timestamp=null, type=null, user-id=null, app-id=null, cluster-id=null)
[INFO ] 07-07-2022 09:50:43 [pool-2-thread-6] RabbitMQConfig - response: [73, 110, 98, 111, 117, 110, 100, 74, 97, 120, 114, 115, 82, 101, 115, 112, 111, 110, 115, 101, 123, 99, 111, 110, 116, 101, 120, 116, 61, 67, 108, 105, 101, 110, 116, 82, 101, 115, 112, 111, 110, 115, 101, 123, 109, 101, 116, 104, 111, 100, 61, 80, 79, 83, 84, 44, 32, 117, 114, 105, 61, 104, 116, 116, 112, 115, 58, 47, 47, 97, 112, 105, 46, 102, 111, 111, 100, 98, 111, 111, 107, 46, 118, 110, 47, 105, 112, 111, 115, 47, 119, 115, 47, 120, 112, 97, 114, 116, 110, 101, 114, 47, 99, 97, 108, 108, 98, 97, 99, 107, 47, 118, 110, 112, 97, 121, 44, 32, 115, 116, 97, 116, 117, 115, 61, 50, 48, 48, 44, 32, 114, 101, 97, 115, 111, 110, 61, 79, 75, 125, 125]
[INFO ] 07-07-2022 09:50:43 [pool-2-thread-6] RabbitMQConfig - delivery.getEnvelope().getDeliveryTag(): 3
[INFO ] 07-07-2022 09:56:37 [pool-2-thread-7] RabbitMQConfig - getCorrelationId: 79eeb8c4-9b1e-47a0-aca0-3291f184cca5
[INFO ] 07-07-2022 09:56:37 [pool-2-thread-7] RabbitMQConfig - insert to DB success
[INFO ] 07-07-2022 09:56:37 [pool-2-thread-7] RabbitMQConfig - Next => send to api and get response
[INFO ] 07-07-2022 09:56:37 [pool-2-thread-7] RabbitMQConfig - response: InboundJaxrsResponse{context=ClientResponse{method=POST, uri=https://api.foodbook.vn/ipos/ws/xpartner/callback/vnpay, status=200, reason=OK}}
[INFO ] 07-07-2022 09:56:37 [pool-2-thread-7] RabbitMQConfig - replyto: amq.gen-0CX5PyLF8rzGOE8c5jZy4g
[INFO ] 07-07-2022 09:56:37 [pool-2-thread-7] RabbitMQConfig - replyProps: #contentHeader<basic>(content-type=null, content-encoding=null, headers=null, delivery-mode=null, priority=null, correlation-id=79eeb8c4-9b1e-47a0-aca0-3291f184cca5, reply-to=null, expiration=null, message-id=null, timestamp=null, type=null, user-id=null, app-id=null, cluster-id=null)
[INFO ] 07-07-2022 09:56:37 [pool-2-thread-7] RabbitMQConfig - response: [73, 110, 98, 111, 117, 110, 100, 74, 97, 120, 114, 115, 82, 101, 115, 112, 111, 110, 115, 101, 123, 99, 111, 110, 116, 101, 120, 116, 61, 67, 108, 105, 101, 110, 116, 82, 101, 115, 112, 111, 110, 115, 101, 123, 109, 101, 116, 104, 111, 100, 61, 80, 79, 83, 84, 44, 32, 117, 114, 105, 61, 104, 116, 116, 112, 115, 58, 47, 47, 97, 112, 105, 46, 102, 111, 111, 100, 98, 111, 111, 107, 46, 118, 110, 47, 105, 112, 111, 115, 47, 119, 115, 47, 120, 112, 97, 114, 116, 110, 101, 114, 47, 99, 97, 108, 108, 98, 97, 99, 107, 47, 118, 110, 112, 97, 121, 44, 32, 115, 116, 97, 116, 117, 115, 61, 50, 48, 48, 44, 32, 114, 101, 97, 115, 111, 110, 61, 79, 75, 125, 125]
[INFO ] 07-07-2022 09:56:37 [pool-2-thread-7] RabbitMQConfig - delivery.getEnvelope().getDeliveryTag(): 4
[INFO ] 07-07-2022 09:58:40 [pool-2-thread-8] RabbitMQConfig - getCorrelationId: 2c640cb1-ed5b-412f-9a36-05ecb56c343c
[INFO ] 07-07-2022 09:58:40 [pool-2-thread-8] RabbitMQConfig - insert to DB success
[INFO ] 07-07-2022 09:58:40 [pool-2-thread-8] RabbitMQConfig - Next => send to api and get response
[INFO ] 07-07-2022 09:58:40 [pool-2-thread-8] RabbitMQConfig - response: InboundJaxrsResponse{context=ClientResponse{method=POST, uri=https://api.foodbook.vn/ipos/ws/xpartner/callback/vnpay, status=200, reason=OK}}
[INFO ] 07-07-2022 09:58:40 [pool-2-thread-8] RabbitMQConfig - replyto: amq.gen-wtrIgTNWNoZogRYd5zIHZw
[INFO ] 07-07-2022 09:58:40 [pool-2-thread-8] RabbitMQConfig - replyProps: #contentHeader<basic>(content-type=null, content-encoding=null, headers=null, delivery-mode=null, priority=null, correlation-id=2c640cb1-ed5b-412f-9a36-05ecb56c343c, reply-to=null, expiration=null, message-id=null, timestamp=null, type=null, user-id=null, app-id=null, cluster-id=null)
[INFO ] 07-07-2022 09:58:40 [pool-2-thread-8] RabbitMQConfig - response: [73, 110, 98, 111, 117, 110, 100, 74, 97, 120, 114, 115, 82, 101, 115, 112, 111, 110, 115, 101, 123, 99, 111, 110, 116, 101, 120, 116, 61, 67, 108, 105, 101, 110, 116, 82, 101, 115, 112, 111, 110, 115, 101, 123, 109, 101, 116, 104, 111, 100, 61, 80, 79, 83, 84, 44, 32, 117, 114, 105, 61, 104, 116, 116, 112, 115, 58, 47, 47, 97, 112, 105, 46, 102, 111, 111, 100, 98, 111, 111, 107, 46, 118, 110, 47, 105, 112, 111, 115, 47, 119, 115, 47, 120, 112, 97, 114, 116, 110, 101, 114, 47, 99, 97, 108, 108, 98, 97, 99, 107, 47, 118, 110, 112, 97, 121, 44, 32, 115, 116, 97, 116, 117, 115, 61, 50, 48, 48, 44, 32, 114, 101, 97, 115, 111, 110, 61, 79, 75, 125, 125]
[INFO ] 07-07-2022 09:58:40 [pool-2-thread-8] RabbitMQConfig - delivery.getEnvelope().getDeliveryTag(): 5
[INFO ] 07-07-2022 09:59:53 [pool-2-thread-9] RabbitMQConfig - getCorrelationId: 613024db-5c76-4e56-a663-f580d9a436f2
[INFO ] 07-07-2022 09:59:53 [pool-2-thread-9] RabbitMQConfig - insert to DB success
[INFO ] 07-07-2022 09:59:53 [pool-2-thread-9] RabbitMQConfig - Next => send to api and get response
[INFO ] 07-07-2022 09:59:54 [pool-2-thread-9] RabbitMQConfig - response: InboundJaxrsResponse{context=ClientResponse{method=POST, uri=https://api.foodbook.vn/ipos/ws/xpartner/callback/vnpay, status=200, reason=OK}}
[INFO ] 07-07-2022 09:59:54 [pool-2-thread-9] RabbitMQConfig - replyto: amq.gen-TQthfcQMoFvCcSTrlmwBqQ
[INFO ] 07-07-2022 09:59:54 [pool-2-thread-9] RabbitMQConfig - replyProps: #contentHeader<basic>(content-type=null, content-encoding=null, headers=null, delivery-mode=null, priority=null, correlation-id=613024db-5c76-4e56-a663-f580d9a436f2, reply-to=null, expiration=null, message-id=null, timestamp=null, type=null, user-id=null, app-id=null, cluster-id=null)
[INFO ] 07-07-2022 09:59:54 [pool-2-thread-9] RabbitMQConfig - response: [73, 110, 98, 111, 117, 110, 100, 74, 97, 120, 114, 115, 82, 101, 115, 112, 111, 110, 115, 101, 123, 99, 111, 110, 116, 101, 120, 116, 61, 67, 108, 105, 101, 110, 116, 82, 101, 115, 112, 111, 110, 115, 101, 123, 109, 101, 116, 104, 111, 100, 61, 80, 79, 83, 84, 44, 32, 117, 114, 105, 61, 104, 116, 116, 112, 115, 58, 47, 47, 97, 112, 105, 46, 102, 111, 111, 100, 98, 111, 111, 107, 46, 118, 110, 47, 105, 112, 111, 115, 47, 119, 115, 47, 120, 112, 97, 114, 116, 110, 101, 114, 47, 99, 97, 108, 108, 98, 97, 99, 107, 47, 118, 110, 112, 97, 121, 44, 32, 115, 116, 97, 116, 117, 115, 61, 50, 48, 48, 44, 32, 114, 101, 97, 115, 111, 110, 61, 79, 75, 125, 125]
[INFO ] 07-07-2022 09:59:54 [pool-2-thread-9] RabbitMQConfig - delivery.getEnvelope().getDeliveryTag(): 6
[INFO ] 07-07-2022 10:32:16 [main] Main - Info: {} / {} = {}
[INFO ] 07-07-2022 10:32:20 [pool-2-thread-4] RabbitMQConfig - getCorrelationId: 48d03abb-c570-4043-b185-bcc9f50a30c7
[INFO ] 07-07-2022 10:32:22 [pool-2-thread-4] RabbitMQConfig - response: InboundJaxrsResponse{context=ClientResponse{method=POST, uri=https://api.foodbook.vn/ipos/ws/xpartner/callback/vnpay, status=200, reason=OK}}
[INFO ] 07-07-2022 10:32:22 [pool-2-thread-4] RabbitMQConfig - replyto: amq.gen-mOXapZZEJSKm7aj1wStTuA
[INFO ] 07-07-2022 10:32:22 [pool-2-thread-4] RabbitMQConfig - replyProps: #contentHeader<basic>(content-type=null, content-encoding=null, headers=null, delivery-mode=null, priority=null, correlation-id=48d03abb-c570-4043-b185-bcc9f50a30c7, reply-to=null, expiration=null, message-id=null, timestamp=null, type=null, user-id=null, app-id=null, cluster-id=null)
[INFO ] 07-07-2022 10:32:22 [pool-2-thread-4] RabbitMQConfig - response: [73, 110, 98, 111, 117, 110, 100, 74, 97, 120, 114, 115, 82, 101, 115, 112, 111, 110, 115, 101, 123, 99, 111, 110, 116, 101, 120, 116, 61, 67, 108, 105, 101, 110, 116, 82, 101, 115, 112, 111, 110, 115, 101, 123, 109, 101, 116, 104, 111, 100, 61, 80, 79, 83, 84, 44, 32, 117, 114, 105, 61, 104, 116, 116, 112, 115, 58, 47, 47, 97, 112, 105, 46, 102, 111, 111, 100, 98, 111, 111, 107, 46, 118, 110, 47, 105, 112, 111, 115, 47, 119, 115, 47, 120, 112, 97, 114, 116, 110, 101, 114, 47, 99, 97, 108, 108, 98, 97, 99, 107, 47, 118, 110, 112, 97, 121, 44, 32, 115, 116, 97, 116, 117, 115, 61, 50, 48, 48, 44, 32, 114, 101, 97, 115, 111, 110, 61, 79, 75, 125, 125]
[INFO ] 07-07-2022 10:32:22 [pool-2-thread-4] RabbitMQConfig - delivery.getEnvelope().getDeliveryTag(): 1
[INFO ] 07-07-2022 10:42:23 [pool-2-thread-5] RabbitMQConfig - getCorrelationId: bd21f965-5060-4fd1-9e87-349e24e1a97a
[INFO ] 07-07-2022 10:42:23 [pool-2-thread-5] RabbitMQConfig - response: InboundJaxrsResponse{context=ClientResponse{method=POST, uri=https://api.foodbook.vn/ipos/ws/xpartner/callback/vnpay, status=200, reason=OK}}
[INFO ] 07-07-2022 10:42:23 [pool-2-thread-5] RabbitMQConfig - replyto: amq.gen-KLJ5SZiuvTXI5cgQJU4TaQ
[INFO ] 07-07-2022 10:42:23 [pool-2-thread-5] RabbitMQConfig - replyProps: #contentHeader<basic>(content-type=null, content-encoding=null, headers=null, delivery-mode=null, priority=null, correlation-id=bd21f965-5060-4fd1-9e87-349e24e1a97a, reply-to=null, expiration=null, message-id=null, timestamp=null, type=null, user-id=null, app-id=null, cluster-id=null)
[INFO ] 07-07-2022 10:42:23 [pool-2-thread-5] RabbitMQConfig - response: [73, 110, 98, 111, 117, 110, 100, 74, 97, 120, 114, 115, 82, 101, 115, 112, 111, 110, 115, 101, 123, 99, 111, 110, 116, 101, 120, 116, 61, 67, 108, 105, 101, 110, 116, 82, 101, 115, 112, 111, 110, 115, 101, 123, 109, 101, 116, 104, 111, 100, 61, 80, 79, 83, 84, 44, 32, 117, 114, 105, 61, 104, 116, 116, 112, 115, 58, 47, 47, 97, 112, 105, 46, 102, 111, 111, 100, 98, 111, 111, 107, 46, 118, 110, 47, 105, 112, 111, 115, 47, 119, 115, 47, 120, 112, 97, 114, 116, 110, 101, 114, 47, 99, 97, 108, 108, 98, 97, 99, 107, 47, 118, 110, 112, 97, 121, 44, 32, 115, 116, 97, 116, 117, 115, 61, 50, 48, 48, 44, 32, 114, 101, 97, 115, 111, 110, 61, 79, 75, 125, 125]
[INFO ] 07-07-2022 10:42:23 [pool-2-thread-5] RabbitMQConfig - delivery.getEnvelope().getDeliveryTag(): 2
[INFO ] 07-07-2022 10:47:58 [main] Main - Info: {} / {} = {}
[INFO ] 07-07-2022 10:48:33 [pool-2-thread-4] RabbitMQConfig - getCorrelationId: b992993d-8b80-4ea2-a520-baad57b87b0f
[INFO ] 07-07-2022 10:48:35 [pool-2-thread-4] RabbitMQConfig - response: InboundJaxrsResponse{context=ClientResponse{method=POST, uri=https://api.foodbook.vn/ipos/ws/xpartner/callback/vnpay, status=200, reason=OK}}
[INFO ] 07-07-2022 10:48:35 [pool-2-thread-4] RabbitMQConfig - replyto: amq.gen-6NEV0dqUYP-2xKhFQ0it3Q
[INFO ] 07-07-2022 10:48:35 [pool-2-thread-4] RabbitMQConfig - replyProps: #contentHeader<basic>(content-type=null, content-encoding=null, headers=null, delivery-mode=null, priority=null, correlation-id=b992993d-8b80-4ea2-a520-baad57b87b0f, reply-to=null, expiration=null, message-id=null, timestamp=null, type=null, user-id=null, app-id=null, cluster-id=null)
[INFO ] 07-07-2022 10:48:35 [pool-2-thread-4] RabbitMQConfig - response: [73, 110, 98, 111, 117, 110, 100, 74, 97, 120, 114, 115, 82, 101, 115, 112, 111, 110, 115, 101, 123, 99, 111, 110, 116, 101, 120, 116, 61, 67, 108, 105, 101, 110, 116, 82, 101, 115, 112, 111, 110, 115, 101, 123, 109, 101, 116, 104, 111, 100, 61, 80, 79, 83, 84, 44, 32, 117, 114, 105, 61, 104, 116, 116, 112, 115, 58, 47, 47, 97, 112, 105, 46, 102, 111, 111, 100, 98, 111, 111, 107, 46, 118, 110, 47, 105, 112, 111, 115, 47, 119, 115, 47, 120, 112, 97, 114, 116, 110, 101, 114, 47, 99, 97, 108, 108, 98, 97, 99, 107, 47, 118, 110, 112, 97, 121, 44, 32, 115, 116, 97, 116, 117, 115, 61, 50, 48, 48, 44, 32, 114, 101, 97, 115, 111, 110, 61, 79, 75, 125, 125]
[INFO ] 07-07-2022 10:48:35 [pool-2-thread-4] RabbitMQConfig - delivery.getEnvelope().getDeliveryTag(): 1
[INFO ] 07-07-2022 10:52:21 [pool-2-thread-5] RabbitMQConfig - getCorrelationId: d8962938-c2eb-42d1-8f04-404a2d85b412
[INFO ] 07-07-2022 10:52:21 [pool-2-thread-5] RabbitMQConfig - response: InboundJaxrsResponse{context=ClientResponse{method=POST, uri=https://api.foodbook.vn/ipos/ws/xpartner/callback/vnpay, status=200, reason=OK}}
[INFO ] 07-07-2022 10:52:21 [pool-2-thread-5] RabbitMQConfig - replyto: amq.gen-m2W-IAISXHMe84Fy8XDrOg
[INFO ] 07-07-2022 10:52:21 [pool-2-thread-5] RabbitMQConfig - replyProps: #contentHeader<basic>(content-type=null, content-encoding=null, headers=null, delivery-mode=null, priority=null, correlation-id=d8962938-c2eb-42d1-8f04-404a2d85b412, reply-to=null, expiration=null, message-id=null, timestamp=null, type=null, user-id=null, app-id=null, cluster-id=null)
[INFO ] 07-07-2022 10:52:21 [pool-2-thread-5] RabbitMQConfig - response: [73, 110, 98, 111, 117, 110, 100, 74, 97, 120, 114, 115, 82, 101, 115, 112, 111, 110, 115, 101, 123, 99, 111, 110, 116, 101, 120, 116, 61, 67, 108, 105, 101, 110, 116, 82, 101, 115, 112, 111, 110, 115, 101, 123, 109, 101, 116, 104, 111, 100, 61, 80, 79, 83, 84, 44, 32, 117, 114, 105, 61, 104, 116, 116, 112, 115, 58, 47, 47, 97, 112, 105, 46, 102, 111, 111, 100, 98, 111, 111, 107, 46, 118, 110, 47, 105, 112, 111, 115, 47, 119, 115, 47, 120, 112, 97, 114, 116, 110, 101, 114, 47, 99, 97, 108, 108, 98, 97, 99, 107, 47, 118, 110, 112, 97, 121, 44, 32, 115, 116, 97, 116, 117, 115, 61, 50, 48, 48, 44, 32, 114, 101, 97, 115, 111, 110, 61, 79, 75, 125, 125]
[INFO ] 07-07-2022 10:52:21 [pool-2-thread-5] RabbitMQConfig - delivery.getEnvelope().getDeliveryTag(): 2
[INFO ] 07-07-2022 10:53:40 [pool-2-thread-6] RabbitMQConfig - getCorrelationId: 9c341cce-1bbc-4844-88b9-794284319db6
[INFO ] 07-07-2022 10:53:40 [pool-2-thread-6] RabbitMQConfig - response: InboundJaxrsResponse{context=ClientResponse{method=POST, uri=https://api.foodbook.vn/ipos/ws/xpartner/callback/vnpay, status=200, reason=OK}}
[INFO ] 07-07-2022 10:53:40 [pool-2-thread-6] RabbitMQConfig - replyto: amq.gen-cecwgvi-PtnZtNvtAjzGFA
[INFO ] 07-07-2022 10:53:40 [pool-2-thread-6] RabbitMQConfig - replyProps: #contentHeader<basic>(content-type=null, content-encoding=null, headers=null, delivery-mode=null, priority=null, correlation-id=9c341cce-1bbc-4844-88b9-794284319db6, reply-to=null, expiration=null, message-id=null, timestamp=null, type=null, user-id=null, app-id=null, cluster-id=null)
[INFO ] 07-07-2022 10:53:40 [pool-2-thread-6] RabbitMQConfig - response: [73, 110, 98, 111, 117, 110, 100, 74, 97, 120, 114, 115, 82, 101, 115, 112, 111, 110, 115, 101, 123, 99, 111, 110, 116, 101, 120, 116, 61, 67, 108, 105, 101, 110, 116, 82, 101, 115, 112, 111, 110, 115, 101, 123, 109, 101, 116, 104, 111, 100, 61, 80, 79, 83, 84, 44, 32, 117, 114, 105, 61, 104, 116, 116, 112, 115, 58, 47, 47, 97, 112, 105, 46, 102, 111, 111, 100, 98, 111, 111, 107, 46, 118, 110, 47, 105, 112, 111, 115, 47, 119, 115, 47, 120, 112, 97, 114, 116, 110, 101, 114, 47, 99, 97, 108, 108, 98, 97, 99, 107, 47, 118, 110, 112, 97, 121, 44, 32, 115, 116, 97, 116, 117, 115, 61, 50, 48, 48, 44, 32, 114, 101, 97, 115, 111, 110, 61, 79, 75, 125, 125]
[INFO ] 07-07-2022 10:53:40 [pool-2-thread-6] RabbitMQConfig - delivery.getEnvelope().getDeliveryTag(): 3
[INFO ] 07-07-2022 10:59:56 [pool-2-thread-7] RabbitMQConfig - getCorrelationId: 89b7628e-85ae-49e5-9d53-0b73cd940651
[INFO ] 07-07-2022 10:59:57 [pool-2-thread-7] RabbitMQConfig - response: InboundJaxrsResponse{context=ClientResponse{method=POST, uri=https://api.foodbook.vn/ipos/ws/xpartner/callback/vnpay, status=200, reason=OK}}
[INFO ] 07-07-2022 10:59:57 [pool-2-thread-7] RabbitMQConfig - replyto: amq.gen-hnDppowzKBKiXm7nXJlTAQ
[INFO ] 07-07-2022 10:59:57 [pool-2-thread-7] RabbitMQConfig - replyProps: #contentHeader<basic>(content-type=null, content-encoding=null, headers=null, delivery-mode=null, priority=null, correlation-id=89b7628e-85ae-49e5-9d53-0b73cd940651, reply-to=null, expiration=null, message-id=null, timestamp=null, type=null, user-id=null, app-id=null, cluster-id=null)
[INFO ] 07-07-2022 10:59:57 [pool-2-thread-7] RabbitMQConfig - response: [73, 110, 98, 111, 117, 110, 100, 74, 97, 120, 114, 115, 82, 101, 115, 112, 111, 110, 115, 101, 123, 99, 111, 110, 116, 101, 120, 116, 61, 67, 108, 105, 101, 110, 116, 82, 101, 115, 112, 111, 110, 115, 101, 123, 109, 101, 116, 104, 111, 100, 61, 80, 79, 83, 84, 44, 32, 117, 114, 105, 61, 104, 116, 116, 112, 115, 58, 47, 47, 97, 112, 105, 46, 102, 111, 111, 100, 98, 111, 111, 107, 46, 118, 110, 47, 105, 112, 111, 115, 47, 119, 115, 47, 120, 112, 97, 114, 116, 110, 101, 114, 47, 99, 97, 108, 108, 98, 97, 99, 107, 47, 118, 110, 112, 97, 121, 44, 32, 115, 116, 97, 116, 117, 115, 61, 50, 48, 48, 44, 32, 114, 101, 97, 115, 111, 110, 61, 79, 75, 125, 125]
[INFO ] 07-07-2022 10:59:57 [pool-2-thread-7] RabbitMQConfig - delivery.getEnvelope().getDeliveryTag(): 4
[INFO ] 07-07-2022 11:08:08 [pool-2-thread-8] RabbitMQConfig - getCorrelationId: ad398a4a-c1bd-430b-84b5-eee5d63f7d4d
[INFO ] 07-07-2022 11:08:08 [pool-2-thread-8] RabbitMQConfig - response: InboundJaxrsResponse{context=ClientResponse{method=POST, uri=https://api.foodbook.vn/ipos/ws/xpartner/callback/vnpay, status=200, reason=OK}}
[INFO ] 07-07-2022 11:08:08 [pool-2-thread-8] RabbitMQConfig - replyto: amq.gen-yYvnEj8RJK7SAmWK5kBNjA
[INFO ] 07-07-2022 11:08:08 [pool-2-thread-8] RabbitMQConfig - replyProps: #contentHeader<basic>(content-type=null, content-encoding=null, headers=null, delivery-mode=null, priority=null, correlation-id=ad398a4a-c1bd-430b-84b5-eee5d63f7d4d, reply-to=null, expiration=null, message-id=null, timestamp=null, type=null, user-id=null, app-id=null, cluster-id=null)
[INFO ] 07-07-2022 11:08:08 [pool-2-thread-8] RabbitMQConfig - response: [73, 110, 98, 111, 117, 110, 100, 74, 97, 120, 114, 115, 82, 101, 115, 112, 111, 110, 115, 101, 123, 99, 111, 110, 116, 101, 120, 116, 61, 67, 108, 105, 101, 110, 116, 82, 101, 115, 112, 111, 110, 115, 101, 123, 109, 101, 116, 104, 111, 100, 61, 80, 79, 83, 84, 44, 32, 117, 114, 105, 61, 104, 116, 116, 112, 115, 58, 47, 47, 97, 112, 105, 46, 102, 111, 111, 100, 98, 111, 111, 107, 46, 118, 110, 47, 105, 112, 111, 115, 47, 119, 115, 47, 120, 112, 97, 114, 116, 110, 101, 114, 47, 99, 97, 108, 108, 98, 97, 99, 107, 47, 118, 110, 112, 97, 121, 44, 32, 115, 116, 97, 116, 117, 115, 61, 50, 48, 48, 44, 32, 114, 101, 97, 115, 111, 110, 61, 79, 75, 125, 125]
[INFO ] 07-07-2022 11:08:08 [pool-2-thread-8] RabbitMQConfig - delivery.getEnvelope().getDeliveryTag(): 5
[INFO ] 07-07-2022 11:08:36 [pool-2-thread-9] RabbitMQConfig - getCorrelationId: 027fd25f-b8b8-400a-bd5a-b70f8a423693
[INFO ] 07-07-2022 11:08:36 [pool-2-thread-9] RabbitMQConfig - response: InboundJaxrsResponse{context=ClientResponse{method=POST, uri=https://api.foodbook.vn/ipos/ws/xpartner/callback/vnpay, status=200, reason=OK}}
[INFO ] 07-07-2022 11:08:36 [pool-2-thread-9] RabbitMQConfig - replyto: amq.gen-iWxNqPN4XFl2Qpxkd5mYDg
[INFO ] 07-07-2022 11:08:36 [pool-2-thread-9] RabbitMQConfig - replyProps: #contentHeader<basic>(content-type=null, content-encoding=null, headers=null, delivery-mode=null, priority=null, correlation-id=027fd25f-b8b8-400a-bd5a-b70f8a423693, reply-to=null, expiration=null, message-id=null, timestamp=null, type=null, user-id=null, app-id=null, cluster-id=null)
[INFO ] 07-07-2022 11:08:36 [pool-2-thread-9] RabbitMQConfig - response: [73, 110, 98, 111, 117, 110, 100, 74, 97, 120, 114, 115, 82, 101, 115, 112, 111, 110, 115, 101, 123, 99, 111, 110, 116, 101, 120, 116, 61, 67, 108, 105, 101, 110, 116, 82, 101, 115, 112, 111, 110, 115, 101, 123, 109, 101, 116, 104, 111, 100, 61, 80, 79, 83, 84, 44, 32, 117, 114, 105, 61, 104, 116, 116, 112, 115, 58, 47, 47, 97, 112, 105, 46, 102, 111, 111, 100, 98, 111, 111, 107, 46, 118, 110, 47, 105, 112, 111, 115, 47, 119, 115, 47, 120, 112, 97, 114, 116, 110, 101, 114, 47, 99, 97, 108, 108, 98, 97, 99, 107, 47, 118, 110, 112, 97, 121, 44, 32, 115, 116, 97, 116, 117, 115, 61, 50, 48, 48, 44, 32, 114, 101, 97, 115, 111, 110, 61, 79, 75, 125, 125]
[INFO ] 07-07-2022 11:08:36 [pool-2-thread-9] RabbitMQConfig - delivery.getEnvelope().getDeliveryTag(): 6
[INFO ] 07-07-2022 11:09:18 [pool-2-thread-10] RabbitMQConfig - getCorrelationId: 8361bb0e-b0cd-4be9-9bd8-6ecc0e0f0c7c
[INFO ] 07-07-2022 11:09:18 [pool-2-thread-10] RabbitMQConfig - response: InboundJaxrsResponse{context=ClientResponse{method=POST, uri=https://api.foodbook.vn/ipos/ws/xpartner/callback/vnpay, status=200, reason=OK}}
[INFO ] 07-07-2022 11:09:18 [pool-2-thread-10] RabbitMQConfig - replyto: amq.gen-Ylj-fyV-PQI1S3X12doysw
[INFO ] 07-07-2022 11:09:18 [pool-2-thread-10] RabbitMQConfig - replyProps: #contentHeader<basic>(content-type=null, content-encoding=null, headers=null, delivery-mode=null, priority=null, correlation-id=8361bb0e-b0cd-4be9-9bd8-6ecc0e0f0c7c, reply-to=null, expiration=null, message-id=null, timestamp=null, type=null, user-id=null, app-id=null, cluster-id=null)
[INFO ] 07-07-2022 11:09:18 [pool-2-thread-10] RabbitMQConfig - response: [73, 110, 98, 111, 117, 110, 100, 74, 97, 120, 114, 115, 82, 101, 115, 112, 111, 110, 115, 101, 123, 99, 111, 110, 116, 101, 120, 116, 61, 67, 108, 105, 101, 110, 116, 82, 101, 115, 112, 111, 110, 115, 101, 123, 109, 101, 116, 104, 111, 100, 61, 80, 79, 83, 84, 44, 32, 117, 114, 105, 61, 104, 116, 116, 112, 115, 58, 47, 47, 97, 112, 105, 46, 102, 111, 111, 100, 98, 111, 111, 107, 46, 118, 110, 47, 105, 112, 111, 115, 47, 119, 115, 47, 120, 112, 97, 114, 116, 110, 101, 114, 47, 99, 97, 108, 108, 98, 97, 99, 107, 47, 118, 110, 112, 97, 121, 44, 32, 115, 116, 97, 116, 117, 115, 61, 50, 48, 48, 44, 32, 114, 101, 97, 115, 111, 110, 61, 79, 75, 125, 125]
[INFO ] 07-07-2022 11:09:18 [pool-2-thread-10] RabbitMQConfig - delivery.getEnvelope().getDeliveryTag(): 7
[INFO ] 08-07-2022 10:40:48 [main] RabbitMQConfig -  [x] Awaiting RPC requests
[INFO ] 08-07-2022 10:43:01 [pool-3-thread-4] RabbitMQConfig - getCorrelationId: 6564c108-d752-4ff7-bbdd-f145b6791399
[INFO ] 08-07-2022 10:43:02 [pool-3-thread-4] RabbitMQConfig - response: InboundJaxrsResponse{context=ClientResponse{method=POST, uri=https://api.foodbook.vn/ipos/ws/xpartner/callback/vnpay, status=200, reason=OK}}
[INFO ] 08-07-2022 10:43:02 [pool-3-thread-4] RabbitMQConfig - replyto: amq.gen-h3gSP1jSQZbRjaOe9_Dw5A
[INFO ] 08-07-2022 10:43:02 [pool-3-thread-4] RabbitMQConfig - replyProps: #contentHeader<basic>(content-type=null, content-encoding=null, headers=null, delivery-mode=null, priority=null, correlation-id=6564c108-d752-4ff7-bbdd-f145b6791399, reply-to=null, expiration=null, message-id=null, timestamp=null, type=null, user-id=null, app-id=null, cluster-id=null)
[INFO ] 08-07-2022 10:43:02 [pool-3-thread-4] RabbitMQConfig - response: [73, 110, 98, 111, 117, 110, 100, 74, 97, 120, 114, 115, 82, 101, 115, 112, 111, 110, 115, 101, 123, 99, 111, 110, 116, 101, 120, 116, 61, 67, 108, 105, 101, 110, 116, 82, 101, 115, 112, 111, 110, 115, 101, 123, 109, 101, 116, 104, 111, 100, 61, 80, 79, 83, 84, 44, 32, 117, 114, 105, 61, 104, 116, 116, 112, 115, 58, 47, 47, 97, 112, 105, 46, 102, 111, 111, 100, 98, 111, 111, 107, 46, 118, 110, 47, 105, 112, 111, 115, 47, 119, 115, 47, 120, 112, 97, 114, 116, 110, 101, 114, 47, 99, 97, 108, 108, 98, 97, 99, 107, 47, 118, 110, 112, 97, 121, 44, 32, 115, 116, 97, 116, 117, 115, 61, 50, 48, 48, 44, 32, 114, 101, 97, 115, 111, 110, 61, 79, 75, 125, 125]
[INFO ] 08-07-2022 10:43:02 [pool-3-thread-4] RabbitMQConfig - delivery.getEnvelope().getDeliveryTag(): 1
[INFO ] 08-07-2022 11:33:08 [main] RabbitMQConfig -  [x] Awaiting RPC requests
[INFO ] 08-07-2022 11:33:26 [pool-3-thread-4] RabbitMQConfig - getCorrelationId: a6301056-7557-4f3c-b747-9da460581103
[INFO ] 08-07-2022 11:33:28 [pool-3-thread-4] RabbitMQConfig - response: InboundJaxrsResponse{context=ClientResponse{method=POST, uri=https://api.foodbook.vn/ipos/ws/xpartner/callback/vnpay, status=200, reason=OK}}
[INFO ] 08-07-2022 11:33:28 [pool-3-thread-4] RabbitMQConfig - replyto: amq.gen-68VPyhm6_Ga-aXj-XFvnnw
[INFO ] 08-07-2022 11:33:28 [pool-3-thread-4] RabbitMQConfig - replyProps: #contentHeader<basic>(content-type=null, content-encoding=null, headers=null, delivery-mode=null, priority=null, correlation-id=a6301056-7557-4f3c-b747-9da460581103, reply-to=null, expiration=null, message-id=null, timestamp=null, type=null, user-id=null, app-id=null, cluster-id=null)
[INFO ] 08-07-2022 11:33:28 [pool-3-thread-4] RabbitMQConfig - response: [73, 110, 98, 111, 117, 110, 100, 74, 97, 120, 114, 115, 82, 101, 115, 112, 111, 110, 115, 101, 123, 99, 111, 110, 116, 101, 120, 116, 61, 67, 108, 105, 101, 110, 116, 82, 101, 115, 112, 111, 110, 115, 101, 123, 109, 101, 116, 104, 111, 100, 61, 80, 79, 83, 84, 44, 32, 117, 114, 105, 61, 104, 116, 116, 112, 115, 58, 47, 47, 97, 112, 105, 46, 102, 111, 111, 100, 98, 111, 111, 107, 46, 118, 110, 47, 105, 112, 111, 115, 47, 119, 115, 47, 120, 112, 97, 114, 116, 110, 101, 114, 47, 99, 97, 108, 108, 98, 97, 99, 107, 47, 118, 110, 112, 97, 121, 44, 32, 115, 116, 97, 116, 117, 115, 61, 50, 48, 48, 44, 32, 114, 101, 97, 115, 111, 110, 61, 79, 75, 125, 125]
[INFO ] 08-07-2022 11:33:28 [pool-3-thread-4] RabbitMQConfig - delivery.getEnvelope().getDeliveryTag(): 1
[INFO ] 08-07-2022 14:51:32 [main] RabbitMQConfig -  [x] Awaiting RPC requests
[INFO ] 08-07-2022 14:51:44 [pool-3-thread-4] RabbitMQConfig - getCorrelationId: 264d47eb-dddf-42ac-91e2-912ac1fba497
[INFO ] 08-07-2022 14:51:45 [pool-3-thread-4] RabbitMQConfig - response: 200
[INFO ] 08-07-2022 14:51:45 [pool-3-thread-4] RabbitMQConfig - replyto: amq.gen-GPtMUbZLwd5GeI2tVg2_Rw
[INFO ] 08-07-2022 14:51:45 [pool-3-thread-4] RabbitMQConfig - replyProps: #contentHeader<basic>(content-type=null, content-encoding=null, headers=null, delivery-mode=null, priority=null, correlation-id=264d47eb-dddf-42ac-91e2-912ac1fba497, reply-to=null, expiration=null, message-id=null, timestamp=null, type=null, user-id=null, app-id=null, cluster-id=null)
[INFO ] 08-07-2022 14:51:45 [pool-3-thread-4] RabbitMQConfig - response: [50, 48, 48]
[INFO ] 08-07-2022 14:51:45 [pool-3-thread-4] RabbitMQConfig - delivery.getEnvelope().getDeliveryTag(): 1
[INFO ] 08-07-2022 14:53:11 [main] RabbitMQConfig -  [x] Awaiting RPC requests
[INFO ] 08-07-2022 14:53:18 [pool-3-thread-4] RabbitMQConfig - getCorrelationId: be5088a8-ea9d-402e-bc79-3bc069f9f9d7
[INFO ] 08-07-2022 14:53:20 [pool-3-thread-4] RabbitMQConfig - response: {Server=[Apache-Coyote/1.1], Content-Length=[0], Date=[Fri, 08 Jul 2022 07:53:23 GMT], Content-Type=[application/json;charset=utf-8]}
[INFO ] 08-07-2022 14:53:20 [pool-3-thread-4] RabbitMQConfig - replyto: amq.gen-B2rBsILVAqGyH_tHBjlt4w
[INFO ] 08-07-2022 14:53:20 [pool-3-thread-4] RabbitMQConfig - replyProps: #contentHeader<basic>(content-type=null, content-encoding=null, headers=null, delivery-mode=null, priority=null, correlation-id=be5088a8-ea9d-402e-bc79-3bc069f9f9d7, reply-to=null, expiration=null, message-id=null, timestamp=null, type=null, user-id=null, app-id=null, cluster-id=null)
[INFO ] 08-07-2022 14:53:20 [pool-3-thread-4] RabbitMQConfig - response: [123, 83, 101, 114, 118, 101, 114, 61, 91, 65, 112, 97, 99, 104, 101, 45, 67, 111, 121, 111, 116, 101, 47, 49, 46, 49, 93, 44, 32, 67, 111, 110, 116, 101, 110, 116, 45, 76, 101, 110, 103, 116, 104, 61, 91, 48, 93, 44, 32, 68, 97, 116, 101, 61, 91, 70, 114, 105, 44, 32, 48, 56, 32, 74, 117, 108, 32, 50, 48, 50, 50, 32, 48, 55, 58, 53, 51, 58, 50, 51, 32, 71, 77, 84, 93, 44, 32, 67, 111, 110, 116, 101, 110, 116, 45, 84, 121, 112, 101, 61, 91, 97, 112, 112, 108, 105, 99, 97, 116, 105, 111, 110, 47, 106, 115, 111, 110, 59, 99, 104, 97, 114, 115, 101, 116, 61, 117, 116, 102, 45, 56, 93, 125]
[INFO ] 08-07-2022 14:53:20 [pool-3-thread-4] RabbitMQConfig - delivery.getEnvelope().getDeliveryTag(): 1
[INFO ] 08-07-2022 14:54:35 [main] RabbitMQConfig -  [x] Awaiting RPC requests
[INFO ] 08-07-2022 14:54:44 [pool-3-thread-4] RabbitMQConfig - getCorrelationId: 75d8f4ef-2adc-4c42-91b8-99c7d7ede43e
[INFO ] 08-07-2022 14:54:45 [pool-3-thread-4] RabbitMQConfig - response: OK
[INFO ] 08-07-2022 14:54:45 [pool-3-thread-4] RabbitMQConfig - replyto: amq.gen-Iy70xeuroxbOb2qImL9sLQ
[INFO ] 08-07-2022 14:54:45 [pool-3-thread-4] RabbitMQConfig - replyProps: #contentHeader<basic>(content-type=null, content-encoding=null, headers=null, delivery-mode=null, priority=null, correlation-id=75d8f4ef-2adc-4c42-91b8-99c7d7ede43e, reply-to=null, expiration=null, message-id=null, timestamp=null, type=null, user-id=null, app-id=null, cluster-id=null)
[INFO ] 08-07-2022 14:54:45 [pool-3-thread-4] RabbitMQConfig - response: [79, 75]
[INFO ] 08-07-2022 14:54:45 [pool-3-thread-4] RabbitMQConfig - delivery.getEnvelope().getDeliveryTag(): 1
