2022-07-26T10:25:34.765+0700 INFO  [x] Awaiting RPC requests
2022-07-26T10:25:51.548+0700 INFO  [x] Awaiting RPC requests
2022-07-26T10:30:31.853+0700 INFO getCorrelationId from client: d8123265-44f1-4f1f-8e0a-9406147c7c6e
2022-07-26T10:30:31.856+0700 INFO Receive Message from queue: {"apiID":"Payment003","mobile":"0345225630","bankCode":"11055","accountNo":"0001100014211002","payDate":"20200929112923","additionalData":"11","debitAmount":11200.0,"respCode":"00","respDesc":"SUCCESS","traceTransfer":"FT19310RH6P1","messageType":"1","checkSum":"2ec7c91e26cb3a725db2a3b85da09ccfa13475850e78a8ed20d79631eead3fb3","orderCode":"FT19310RH6P1","userName":"cntest001","realAmount":10100.0,"promotionCode":"11","tokenKey":"657gjkhddf0t","addValue":{"payMethod":"01","payMethodMMS":1}}
2022-07-26T10:30:32.835+0700 INFO insert to DB success => send to api and get response
2022-07-26T10:30:33.569+0700 INFO response from partner api:  Status response 200
2022-07-26T10:30:33.573+0700 INFO Publish response to client with data: {"code":"00","message":"Response from partner api: Status response 200","stackTrace":[],"suppressedExceptions":[]}
2022-07-26T10:32:01.035+0700 INFO getCorrelationId from client: e8f522d4-9596-499a-97a2-696e4c2ecdc7
2022-07-26T10:32:01.035+0700 INFO Receive Message from queue: {"apiID":"Payment003","mobile":"0345225630","bankCode":"11055","accountNo":"0001100014211002","payDate":"20200929112923","additionalData":"11","debitAmount":11200.0,"respCode":"00","respDesc":"SUCCESS","traceTransfer":"FT19310RH6P1","messageType":"1","checkSum":"2ec7c91e26cb3a725db2a3b85da09ccfa13475850e78a8ed20d79631eead3fb3","orderCode":"FT19310RH6P1","userName":"cntest001","realAmount":10100.0,"promotionCode":"11","tokenKey":"657gjkfhddf0t","addValue":{"payMethod":"01","payMethodMMS":1}}
2022-07-26T10:32:01.052+0700 INFO insert to DB success => send to api and get response
2022-07-26T10:32:01.251+0700 INFO response from partner api:  Status response 200
2022-07-26T10:32:01.252+0700 INFO Publish response to client with data: {"code":"00","message":"Response from partner api: Status response 200","stackTrace":[],"suppressedExceptions":[]}
[INFO ] 26-07-2022 14:14:33 [main] RabbitMQService -  [x] Awaiting RPC requests
[INFO ] 26-07-2022 14:15:25 [main] RabbitMQService -  [x] Awaiting RPC requests
[INFO ] 26-07-2022 15:03:52 [main] RabbitMQService -  [x] Awaiting RPC requests
[INFO ] 26-07-2022 15:37:30 [main] RabbitMQService -  [x] Awaiting RPC requests
[INFO ] 26-07-2022 15:37:30 [pool-2-thread-4] RabbitMQService - getCorrelationId from client: 8402c8a6-ec9a-4d4f-a6b1-09e929417d1e
[INFO ] 26-07-2022 15:37:30 [pool-2-thread-4] RabbitMQService - Receive Message from queue: {"apiID":"Payment003","mobile":"0345225630","bankCode":"11055","accountNo":"0001100014211002","payDate":"20200929112923","additionalData":"11","debitAmount":11200.0,"respCode":"00","respDesc":"SUCCESS","traceTransfer":"FT19310RH6P1","messageType":"1","checkSum":"2ec7c91e26cb3a725db2a3b85da09ccfa13475850e78a8ed20d79631eead3fb3","orderCode":"FT19310RH6P1","userName":"cntest001","realAmount":10100.0,"promotionCode":"11","tokenKey":"657gjkffhddfdf0t","addValue":{"payMethod":"01","payMethodMMS":1}}
[INFO ] 26-07-2022 15:37:30 [pool-2-thread-4] RabbitMQService - Begin add payment request into database with data: {}
com.payment.paymentcore.model.PaymentRequest: null
	at jdk.internal.reflect.NativeConstructorAccessorImpl.newInstance0(Native Method) ~[?:?]
	at jdk.internal.reflect.NativeConstructorAccessorImpl.newInstance(NativeConstructorAccessorImpl.java:62) ~[?:?]
	at jdk.internal.reflect.DelegatingConstructorAccessorImpl.newInstance(DelegatingConstructorAccessorImpl.java:45) ~[?:?]
	at java.lang.reflect.Constructor.newInstance(Constructor.java:490) ~[?:?]
	at com.google.gson.internal.ConstructorConstructor$4.construct(ConstructorConstructor.java:140) ~[gson-2.9.0.jar:?]
	at com.google.gson.internal.bind.ReflectiveTypeAdapterFactory$Adapter.read(ReflectiveTypeAdapterFactory.java:211) ~[gson-2.9.0.jar:?]
	at com.google.gson.Gson.fromJson(Gson.java:991) ~[gson-2.9.0.jar:?]
	at com.google.gson.Gson.fromJson(Gson.java:956) ~[gson-2.9.0.jar:?]
	at com.google.gson.Gson.fromJson(Gson.java:905) ~[gson-2.9.0.jar:?]
	at com.google.gson.Gson.fromJson(Gson.java:876) ~[gson-2.9.0.jar:?]
	at com.payment.paymentcore.util.Convert.convertJsonMessageToObject(Convert.java:16) ~[classes/:?]
	at com.payment.paymentcore.service.RabbitMQService.lambda$consumeAndPublishMessage$0(RabbitMQService.java:77) ~[classes/:?]
	at com.rabbitmq.client.impl.recovery.AutorecoveringChannel$2.handleDelivery(AutorecoveringChannel.java:587) ~[amqp-client-5.12.0.jar:5.12.0]
	at com.rabbitmq.client.impl.ConsumerDispatcher$5.run(ConsumerDispatcher.java:149) ~[amqp-client-5.12.0.jar:5.12.0]
	at com.rabbitmq.client.impl.ConsumerWorkService$WorkPoolRunnable.run(ConsumerWorkService.java:104) ~[amqp-client-5.12.0.jar:5.12.0]
	at java.util.concurrent.ThreadPoolExecutor.runWorker(ThreadPoolExecutor.java:1128) ~[?:?]
	at java.util.concurrent.ThreadPoolExecutor$Worker.run(ThreadPoolExecutor.java:628) ~[?:?]
	at java.lang.Thread.run(Thread.java:829) ~[?:?]
[INFO ] 26-07-2022 15:37:31 [pool-2-thread-4] RabbitMQService - Execute query success
[INFO ] 26-07-2022 15:37:31 [pool-2-thread-4] RabbitMQService - insert to DB success => send to api and get response
[INFO ] 26-07-2022 15:37:32 [pool-2-thread-4] RabbitMQService - response from partner api:  Status response 200
[INFO ] 26-07-2022 15:37:32 [pool-2-thread-4] RabbitMQService - Publish response to client with data: {"code":"00","message":"Response from partner api: Status response 200","stackTrace":[],"suppressedExceptions":[]}
[INFO ] 26-07-2022 15:37:50 [main] RabbitMQService -  [x] Awaiting RPC requests
[INFO ] 26-07-2022 15:37:50 [pool-2-thread-4] RabbitMQService - getCorrelationId from client: 8402c8a6-ec9a-4d4f-a6b1-09e929417d1e
[INFO ] 26-07-2022 15:37:50 [pool-2-thread-4] RabbitMQService - Receive Message from queue: {"apiID":"Payment003","mobile":"0345225630","bankCode":"11055","accountNo":"0001100014211002","payDate":"20200929112923","additionalData":"11","debitAmount":11200.0,"respCode":"00","respDesc":"SUCCESS","traceTransfer":"FT19310RH6P1","messageType":"1","checkSum":"2ec7c91e26cb3a725db2a3b85da09ccfa13475850e78a8ed20d79631eead3fb3","orderCode":"FT19310RH6P1","userName":"cntest001","realAmount":10100.0,"promotionCode":"11","tokenKey":"657gjkffhddfdf0t","addValue":{"payMethod":"01","payMethodMMS":1}}
[INFO ] 26-07-2022 15:37:50 [pool-2-thread-4] RabbitMQService - Begin add payment request into database with data: PaymentRequest(apiID=Payment003, mobile=0345225630, bankCode=11055, accountNo=0001100014211002, payDate=20200929112923, additionalData=11, debitAmount=11200.0, respCode=00, respDesc=SUCCESS, traceTransfer=FT19310RH6P1, messageType=1, checkSum=2ec7c91e26cb3a725db2a3b85da09ccfa13475850e78a8ed20d79631eead3fb3, orderCode=FT19310RH6P1, userName=cntest001, realAmount=10100.0, promotionCode=11, tokenKey=657gjkffhddfdf0t, addValue=AddValue(payMethod=01, payMethodMMS=1))
[INFO ] 26-07-2022 15:37:50 [pool-2-thread-4] RabbitMQService - Execute query success
[INFO ] 26-07-2022 15:37:50 [pool-2-thread-4] RabbitMQService - insert to DB success => send to api and get response
[INFO ] 26-07-2022 15:37:51 [pool-2-thread-4] RabbitMQService - response from partner api:  Status response 200
[INFO ] 26-07-2022 15:37:51 [pool-2-thread-4] RabbitMQService - Publish response to client with data: {"code":"00","message":"Response from partner api: Status response 200","stackTrace":[],"suppressedExceptions":[]}
[INFO ] 26-07-2022 15:38:25 [main] RabbitMQService -  [x] Awaiting RPC requests
[INFO ] 26-07-2022 15:38:25 [pool-2-thread-4] RabbitMQService - getCorrelationId from client: 8402c8a6-ec9a-4d4f-a6b1-09e929417d1e
[INFO ] 26-07-2022 15:38:25 [pool-2-thread-4] RabbitMQService - Receive Message from queue: {"apiID":"Payment003","mobile":"0345225630","bankCode":"11055","accountNo":"0001100014211002","payDate":"20200929112923","additionalData":"11","debitAmount":11200.0,"respCode":"00","respDesc":"SUCCESS","traceTransfer":"FT19310RH6P1","messageType":"1","checkSum":"2ec7c91e26cb3a725db2a3b85da09ccfa13475850e78a8ed20d79631eead3fb3","orderCode":"FT19310RH6P1","userName":"cntest001","realAmount":10100.0,"promotionCode":"11","tokenKey":"657gjkffhddfdf0t","addValue":{"payMethod":"01","payMethodMMS":1}}
[INFO ] 26-07-2022 15:38:25 [pool-2-thread-4] RabbitMQService - Begin add payment request into database with data: PaymentRequest(apiID=Payment003, mobile=0345225630, bankCode=11055, accountNo=0001100014211002, payDate=20200929112923, additionalData=11, debitAmount=11200.0, respCode=00, respDesc=SUCCESS, traceTransfer=FT19310RH6P1, messageType=1, checkSum=2ec7c91e26cb3a725db2a3b85da09ccfa13475850e78a8ed20d79631eead3fb3, orderCode=FT19310RH6P1, userName=cntest001, realAmount=10100.0, promotionCode=11, tokenKey=657gjkffhddfdf0t, addValue=AddValue(payMethod=01, payMethodMMS=1))
[INFO ] 26-07-2022 15:38:27 [pool-2-thread-4] RabbitMQService - Execute query success
[INFO ] 26-07-2022 15:38:27 [pool-2-thread-4] RabbitMQService - insert to DB success => send to api and get response
[INFO ] 26-07-2022 15:38:27 [pool-2-thread-4] RabbitMQService - response from partner api:  Status response 200
[INFO ] 26-07-2022 15:38:27 [pool-2-thread-4] RabbitMQService - Publish response to client with data: {"code":"00","message":"Response from partner api: Status response 200","stackTrace":[],"suppressedExceptions":[]}
[INFO ] 26-07-2022 15:39:40 [main] RabbitMQService -  [x] Awaiting RPC requests
[INFO ] 26-07-2022 15:39:40 [pool-2-thread-4] RabbitMQService - getCorrelationId from client: 8402c8a6-ec9a-4d4f-a6b1-09e929417d1e
[INFO ] 26-07-2022 15:39:40 [pool-2-thread-4] RabbitMQService - Receive Message from queue: {"apiID":"Payment003","mobile":"0345225630","bankCode":"11055","accountNo":"0001100014211002","payDate":"20200929112923","additionalData":"11","debitAmount":11200.0,"respCode":"00","respDesc":"SUCCESS","traceTransfer":"FT19310RH6P1","messageType":"1","checkSum":"2ec7c91e26cb3a725db2a3b85da09ccfa13475850e78a8ed20d79631eead3fb3","orderCode":"FT19310RH6P1","userName":"cntest001","realAmount":10100.0,"promotionCode":"11","tokenKey":"657gjkffhddfdf0t","addValue":{"payMethod":"01","payMethodMMS":1}}
[INFO ] 26-07-2022 15:39:40 [pool-2-thread-4] RabbitMQService - Begin add payment request into database with data: PaymentRequest(apiID=Payment003, mobile=0345225630, bankCode=11055, accountNo=0001100014211002, payDate=20200929112923, additionalData=11, debitAmount=11200.0, respCode=00, respDesc=SUCCESS, traceTransfer=FT19310RH6P1, messageType=1, checkSum=2ec7c91e26cb3a725db2a3b85da09ccfa13475850e78a8ed20d79631eead3fb3, orderCode=FT19310RH6P1, userName=cntest001, realAmount=10100.0, promotionCode=11, tokenKey=657gjkffhddfdf0t, addValue=AddValue(payMethod=01, payMethodMMS=1))
[INFO ] 26-07-2022 15:39:41 [pool-2-thread-4] RabbitMQService - Execute query success
[INFO ] 26-07-2022 15:39:41 [pool-2-thread-4] RabbitMQService - insert to DB success => send to api and get response
[INFO ] 26-07-2022 15:39:41 [pool-2-thread-4] RabbitMQService - response from partner api:  Status response 200
[INFO ] 26-07-2022 15:39:41 [pool-2-thread-4] RabbitMQService - Publish response to client with data: {"code":"00","message":"Response from partner api: Status response 200","stackTrace":[],"suppressedExceptions":[]}
[INFO ] 26-07-2022 15:39:52 [main] RabbitMQService -  [x] Awaiting RPC requests
[INFO ] 26-07-2022 15:39:52 [pool-2-thread-4] RabbitMQService - getCorrelationId from client: 8402c8a6-ec9a-4d4f-a6b1-09e929417d1e
[INFO ] 26-07-2022 15:39:52 [pool-2-thread-4] RabbitMQService - Receive Message from queue: {"apiID":"Payment003","mobile":"0345225630","bankCode":"11055","accountNo":"0001100014211002","payDate":"20200929112923","additionalData":"11","debitAmount":11200.0,"respCode":"00","respDesc":"SUCCESS","traceTransfer":"FT19310RH6P1","messageType":"1","checkSum":"2ec7c91e26cb3a725db2a3b85da09ccfa13475850e78a8ed20d79631eead3fb3","orderCode":"FT19310RH6P1","userName":"cntest001","realAmount":10100.0,"promotionCode":"11","tokenKey":"657gjkffhddfdf0t","addValue":{"payMethod":"01","payMethodMMS":1}}
[INFO ] 26-07-2022 15:39:52 [pool-2-thread-4] RabbitMQService - Begin add payment request into database with data: PaymentRequest(apiID=Payment003, mobile=0345225630, bankCode=11055, accountNo=0001100014211002, payDate=20200929112923, additionalData=11, debitAmount=11200.0, respCode=00, respDesc=SUCCESS, traceTransfer=FT19310RH6P1, messageType=1, checkSum=2ec7c91e26cb3a725db2a3b85da09ccfa13475850e78a8ed20d79631eead3fb3, orderCode=FT19310RH6P1, userName=cntest001, realAmount=10100.0, promotionCode=11, tokenKey=657gjkffhddfdf0t, addValue=AddValue(payMethod=01, payMethodMMS=1))
[INFO ] 26-07-2022 15:39:53 [pool-2-thread-4] RabbitMQService - Execute query success
[INFO ] 26-07-2022 15:39:53 [pool-2-thread-4] RabbitMQService - insert to DB success => send to api and get response
[INFO ] 26-07-2022 15:39:53 [pool-2-thread-4] RabbitMQService - response from partner api:  Status response 200
[INFO ] 26-07-2022 15:39:53 [pool-2-thread-4] RabbitMQService - Publish response to client with data: {"code":"00","message":"Response from partner api: Status response 200","stackTrace":[],"suppressedExceptions":[]}
[INFO ] 26-07-2022 15:40:06 [main] RabbitMQService -  [x] Awaiting RPC requests
[INFO ] 26-07-2022 15:40:06 [pool-2-thread-4] RabbitMQService - getCorrelationId from client: 8402c8a6-ec9a-4d4f-a6b1-09e929417d1e
[INFO ] 26-07-2022 15:40:06 [pool-2-thread-4] RabbitMQService - Receive Message from queue: {"apiID":"Payment003","mobile":"0345225630","bankCode":"11055","accountNo":"0001100014211002","payDate":"20200929112923","additionalData":"11","debitAmount":11200.0,"respCode":"00","respDesc":"SUCCESS","traceTransfer":"FT19310RH6P1","messageType":"1","checkSum":"2ec7c91e26cb3a725db2a3b85da09ccfa13475850e78a8ed20d79631eead3fb3","orderCode":"FT19310RH6P1","userName":"cntest001","realAmount":10100.0,"promotionCode":"11","tokenKey":"657gjkffhddfdf0t","addValue":{"payMethod":"01","payMethodMMS":1}}
[INFO ] 26-07-2022 15:40:06 [pool-2-thread-4] RabbitMQService - Begin add payment request into database with data: PaymentRequest(apiID=Payment003, mobile=0345225630, bankCode=11055, accountNo=0001100014211002, payDate=20200929112923, additionalData=11, debitAmount=11200.0, respCode=00, respDesc=SUCCESS, traceTransfer=FT19310RH6P1, messageType=1, checkSum=2ec7c91e26cb3a725db2a3b85da09ccfa13475850e78a8ed20d79631eead3fb3, orderCode=FT19310RH6P1, userName=cntest001, realAmount=10100.0, promotionCode=11, tokenKey=657gjkffhddfdf0t, addValue=AddValue(payMethod=01, payMethodMMS=1))
[INFO ] 26-07-2022 15:40:07 [pool-2-thread-4] RabbitMQService - Execute query success
[INFO ] 26-07-2022 15:40:07 [pool-2-thread-4] RabbitMQService - insert to DB success => send to api and get response
[INFO ] 26-07-2022 15:40:08 [pool-2-thread-4] RabbitMQService - response from partner api:  Status response 200
[INFO ] 26-07-2022 15:40:08 [pool-2-thread-4] RabbitMQService - Publish response to client with data: {"code":"00","message":"Response from partner api: Status response 200","stackTrace":[],"suppressedExceptions":[]}
[INFO ] 26-07-2022 15:41:34 [main] RabbitMQService -  [x] Awaiting RPC requests
[INFO ] 26-07-2022 15:41:34 [pool-2-thread-4] RabbitMQService - getCorrelationId from client: 8402c8a6-ec9a-4d4f-a6b1-09e929417d1e
[INFO ] 26-07-2022 15:41:34 [pool-2-thread-4] RabbitMQService - Receive Message from queue: {"apiID":"Payment003","mobile":"0345225630","bankCode":"11055","accountNo":"0001100014211002","payDate":"20200929112923","additionalData":"11","debitAmount":11200.0,"respCode":"00","respDesc":"SUCCESS","traceTransfer":"FT19310RH6P1","messageType":"1","checkSum":"2ec7c91e26cb3a725db2a3b85da09ccfa13475850e78a8ed20d79631eead3fb3","orderCode":"FT19310RH6P1","userName":"cntest001","realAmount":10100.0,"promotionCode":"11","tokenKey":"657gjkffhddfdf0t","addValue":{"payMethod":"01","payMethodMMS":1}}
[INFO ] 26-07-2022 15:41:34 [pool-2-thread-4] RabbitMQService - Begin add payment request into database with data: PaymentRequest(apiID=Payment003, mobile=0345225630, bankCode=11055, accountNo=0001100014211002, payDate=20200929112923, additionalData=11, debitAmount=11200.0, respCode=00, respDesc=SUCCESS, traceTransfer=FT19310RH6P1, messageType=1, checkSum=2ec7c91e26cb3a725db2a3b85da09ccfa13475850e78a8ed20d79631eead3fb3, orderCode=FT19310RH6P1, userName=cntest001, realAmount=10100.0, promotionCode=11, tokenKey=657gjkffhddfdf0t, addValue=AddValue(payMethod=01, payMethodMMS=1))
[INFO ] 26-07-2022 15:41:35 [pool-2-thread-4] RabbitMQService - Execute query success
[INFO ] 26-07-2022 15:41:35 [pool-2-thread-4] RabbitMQService - insert to DB success => send to api and get response
[INFO ] 26-07-2022 15:41:35 [pool-2-thread-4] RabbitMQService - response from partner api:  Status response 200
[INFO ] 26-07-2022 15:41:35 [pool-2-thread-4] RabbitMQService - Publish response to client with data: {"code":"00","message":"Response from partner api: Status response 200","stackTrace":[],"suppressedExceptions":[]}
[INFO ] 26-07-2022 15:41:35 [pool-2-thread-5] RabbitMQService - getCorrelationId from client: 1b9034f1-f69b-4d1d-ab94-86543aab4ea6
[INFO ] 26-07-2022 15:41:35 [pool-2-thread-5] RabbitMQService - Receive Message from queue: {"apiID":"Payment003","mobile":"0345225630","bankCode":"11055","accountNo":"0001100014211002","payDate":"20200929112923","additionalData":"11","debitAmount":11200.0,"respCode":"00","respDesc":"SUCCESS","traceTransfer":"FT19310RH6P1","messageType":"1","checkSum":"2ec7c91e26cb3a725db2a3b85da09ccfa13475850e78a8ed20d79631eead3fb3","orderCode":"FT19310RH6P1","userName":"cntest001","realAmount":10100.0,"promotionCode":"11","tokenKey":"657gjkffhddffdf0t","addValue":{"payMethod":"01","payMethodMMS":1}}
[INFO ] 26-07-2022 15:41:35 [pool-2-thread-5] RabbitMQService - Begin add payment request into database with data: PaymentRequest(apiID=Payment003, mobile=0345225630, bankCode=11055, accountNo=0001100014211002, payDate=20200929112923, additionalData=11, debitAmount=11200.0, respCode=00, respDesc=SUCCESS, traceTransfer=FT19310RH6P1, messageType=1, checkSum=2ec7c91e26cb3a725db2a3b85da09ccfa13475850e78a8ed20d79631eead3fb3, orderCode=FT19310RH6P1, userName=cntest001, realAmount=10100.0, promotionCode=11, tokenKey=657gjkffhddffdf0t, addValue=AddValue(payMethod=01, payMethodMMS=1))
[INFO ] 26-07-2022 15:41:35 [pool-2-thread-5] RabbitMQService - Execute query success
[INFO ] 26-07-2022 15:41:35 [pool-2-thread-5] RabbitMQService - insert to DB success => send to api and get response
[INFO ] 26-07-2022 15:41:35 [pool-2-thread-5] RabbitMQService - response from partner api:  Status response 200
[INFO ] 26-07-2022 15:41:35 [pool-2-thread-5] RabbitMQService - Publish response to client with data: {"code":"00","message":"Response from partner api: Status response 200","stackTrace":[],"suppressedExceptions":[]}
[INFO ] 26-07-2022 15:41:49 [pool-2-thread-6] RabbitMQService - getCorrelationId from client: d1a052e7-1168-492f-86f1-c9d76cc4bd3f
[INFO ] 26-07-2022 15:41:49 [pool-2-thread-6] RabbitMQService - Receive Message from queue: {"apiID":"Payment003","mobile":"0345225630","bankCode":"11055","accountNo":"0001100014211002","payDate":"20200929112923","additionalData":"11","debitAmount":11200.0,"respCode":"00","respDesc":"SUCCESS","traceTransfer":"FT19310RH6P1","messageType":"1","checkSum":"2ec7c91e26cb3a725db2a3b85da09ccfa13475850e78a8ed20d79631eead3fb3","orderCode":"FT19310RH6P1","userName":"cntest001","realAmount":10100.0,"promotionCode":"11","tokenKey":"657gjkffhddhffdf0t","addValue":{"payMethod":"01","payMethodMMS":1}}
[INFO ] 26-07-2022 15:41:49 [pool-2-thread-6] RabbitMQService - Begin add payment request into database with data: PaymentRequest(apiID=Payment003, mobile=0345225630, bankCode=11055, accountNo=0001100014211002, payDate=20200929112923, additionalData=11, debitAmount=11200.0, respCode=00, respDesc=SUCCESS, traceTransfer=FT19310RH6P1, messageType=1, checkSum=2ec7c91e26cb3a725db2a3b85da09ccfa13475850e78a8ed20d79631eead3fb3, orderCode=FT19310RH6P1, userName=cntest001, realAmount=10100.0, promotionCode=11, tokenKey=657gjkffhddhffdf0t, addValue=AddValue(payMethod=01, payMethodMMS=1))
[INFO ] 26-07-2022 15:41:50 [pool-2-thread-6] RabbitMQService - Execute query success
[INFO ] 26-07-2022 15:41:50 [pool-2-thread-6] RabbitMQService - insert to DB success => send to api and get response
[INFO ] 26-07-2022 15:41:50 [pool-2-thread-6] RabbitMQService - response from partner api:  Status response 200
[INFO ] 26-07-2022 15:41:50 [pool-2-thread-6] RabbitMQService - Publish response to client with data: {"code":"00","message":"Response from partner api: Status response 200","stackTrace":[],"suppressedExceptions":[]}
[INFO ] 26-07-2022 16:03:16 [pool-2-thread-7] RabbitMQService - getCorrelationId from client: 251b2376-5771-4099-a787-402687ed6ae1
[INFO ] 26-07-2022 16:03:16 [pool-2-thread-7] RabbitMQService - Receive Message from queue: {"apiID":"Payment003","mobile":"0345225630","bankCode":"11055","accountNo":"0001100014211002","payDate":"20200929112923","additionalData":"11","debitAmount":11200.0,"respCode":"00","respDesc":"SUCCESS","traceTransfer":"FT19310RH6P1","messageType":"1","checkSum":"2ec7c91e26cb3a725db2a3b85da09ccfa13475850e78a8ed20d79631eead3fb3","orderCode":"FT19310RH6P1","userName":"cntest001","realAmount":10100.0,"promotionCode":"11","tokenKey":"657gjkffhddkhffdf0t","addValue":{"payMethod":"01","payMethodMMS":1}}
[INFO ] 26-07-2022 16:03:16 [pool-2-thread-7] RabbitMQService - Begin add payment request into database with data: PaymentRequest(apiID=Payment003, mobile=0345225630, bankCode=11055, accountNo=0001100014211002, payDate=20200929112923, additionalData=11, debitAmount=11200.0, respCode=00, respDesc=SUCCESS, traceTransfer=FT19310RH6P1, messageType=1, checkSum=2ec7c91e26cb3a725db2a3b85da09ccfa13475850e78a8ed20d79631eead3fb3, orderCode=FT19310RH6P1, userName=cntest001, realAmount=10100.0, promotionCode=11, tokenKey=657gjkffhddkhffdf0t, addValue=AddValue(payMethod=01, payMethodMMS=1))
[INFO ] 26-07-2022 16:03:16 [pool-2-thread-7] RabbitMQService - Execute query success
[INFO ] 26-07-2022 16:03:16 [pool-2-thread-7] RabbitMQService - insert to DB success => send to api and get response
[INFO ] 26-07-2022 16:03:17 [pool-2-thread-7] RabbitMQService - response from partner api:  Status response 200
[INFO ] 26-07-2022 16:03:17 [pool-2-thread-7] RabbitMQService - Publish response to client with data: {"code":"00","message":"Response from partner api: Status response 200","stackTrace":[],"suppressedExceptions":[]}
[INFO ] 26-07-2022 16:22:28 [pool-2-thread-8] RabbitMQService - getCorrelationId from client: c4aaba50-ccb3-4834-bebf-91ec7b44a558
[INFO ] 26-07-2022 16:22:28 [pool-2-thread-8] RabbitMQService - Receive Message from queue: {"apiID":"Payment003","mobile":"0345225630","bankCode":"11055","accountNo":"0001100014211002","payDate":"20200929112923","additionalData":"11","debitAmount":11200.0,"respCode":"00","respDesc":"SUCCESS","traceTransfer":"FT19310RH6P1","messageType":"1","checkSum":"2ec7c91e26cb3a725db2a3b85da09ccfa13475850e78a8ed20d79631eead3fb3","orderCode":"FT19310RH6P1","userName":"cntest001","realAmount":10100.0,"promotionCode":"11","tokenKey":"657gjkffhddhkhffdf0t","addValue":{"payMethod":"01","payMethodMMS":1}}
[INFO ] 26-07-2022 16:22:28 [pool-2-thread-8] RabbitMQService - Begin add payment request into database with data: PaymentRequest(apiID=Payment003, mobile=0345225630, bankCode=11055, accountNo=0001100014211002, payDate=20200929112923, additionalData=11, debitAmount=11200.0, respCode=00, respDesc=SUCCESS, traceTransfer=FT19310RH6P1, messageType=1, checkSum=2ec7c91e26cb3a725db2a3b85da09ccfa13475850e78a8ed20d79631eead3fb3, orderCode=FT19310RH6P1, userName=cntest001, realAmount=10100.0, promotionCode=11, tokenKey=657gjkffhddhkhffdf0t, addValue=AddValue(payMethod=01, payMethodMMS=1))
[INFO ] 26-07-2022 16:22:28 [pool-2-thread-8] RabbitMQService - Execute query success
[INFO ] 26-07-2022 16:22:28 [pool-2-thread-8] RabbitMQService - insert to DB success => send to api and get response
[INFO ] 26-07-2022 16:22:29 [pool-2-thread-8] RabbitMQService - response from partner api:  Status response 200
[INFO ] 26-07-2022 16:22:29 [pool-2-thread-8] RabbitMQService - Publish response to client with data: {"code":"00","message":"Response from partner api: Status response 200","stackTrace":[],"suppressedExceptions":[]}
[INFO ] 26-07-2022 16:22:34 [pool-2-thread-9] RabbitMQService - getCorrelationId from client: 7bfbe865-1e5e-48bb-9297-f0ba2ad7eedd
[INFO ] 26-07-2022 16:22:34 [pool-2-thread-9] RabbitMQService - Receive Message from queue: {"apiID":"Payment003","mobile":"0345225630","bankCode":"11055","accountNo":"0001100014211002","payDate":"20200929112923","additionalData":"11","debitAmount":11200.0,"respCode":"00","respDesc":"SUCCESS","traceTransfer":"FT19310RH6P1","messageType":"1","checkSum":"2ec7c91e26cb3a725db2a3b85da09ccfa13475850e78a8ed20d79631eead3fb3","orderCode":"FT19310RH6P1","userName":"cntest001","realAmount":10100.0,"promotionCode":"11","tokenKey":"657gjkffhddhkhhffdf0t","addValue":{"payMethod":"01","payMethodMMS":1}}
[INFO ] 26-07-2022 16:22:34 [pool-2-thread-9] RabbitMQService - Begin add payment request into database with data: PaymentRequest(apiID=Payment003, mobile=0345225630, bankCode=11055, accountNo=0001100014211002, payDate=20200929112923, additionalData=11, debitAmount=11200.0, respCode=00, respDesc=SUCCESS, traceTransfer=FT19310RH6P1, messageType=1, checkSum=2ec7c91e26cb3a725db2a3b85da09ccfa13475850e78a8ed20d79631eead3fb3, orderCode=FT19310RH6P1, userName=cntest001, realAmount=10100.0, promotionCode=11, tokenKey=657gjkffhddhkhhffdf0t, addValue=AddValue(payMethod=01, payMethodMMS=1))
[INFO ] 26-07-2022 16:22:34 [pool-2-thread-9] RabbitMQService - Execute query success
[INFO ] 26-07-2022 16:22:34 [pool-2-thread-9] RabbitMQService - insert to DB success => send to api and get response
[INFO ] 26-07-2022 16:22:34 [pool-2-thread-9] RabbitMQService - response from partner api:  Status response 200
[INFO ] 26-07-2022 16:22:34 [pool-2-thread-9] RabbitMQService - Publish response to client with data: {"code":"00","message":"Response from partner api: Status response 200","stackTrace":[],"suppressedExceptions":[]}
[INFO ] 26-07-2022 16:22:37 [pool-2-thread-10] RabbitMQService - getCorrelationId from client: 86086314-219f-43f7-90d2-526bc168af7f
[INFO ] 26-07-2022 16:22:37 [pool-2-thread-10] RabbitMQService - Receive Message from queue: {"apiID":"Payment003","mobile":"0345225630","bankCode":"11055","accountNo":"0001100014211002","payDate":"20200929112923","additionalData":"11","debitAmount":11200.0,"respCode":"00","respDesc":"SUCCESS","traceTransfer":"FT19310RH6P1","messageType":"1","checkSum":"2ec7c91e26cb3a725db2a3b85da09ccfa13475850e78a8ed20d79631eead3fb3","orderCode":"FT19310RH6P1","userName":"cntest001","realAmount":10100.0,"promotionCode":"11","tokenKey":"657gjkffhddhdkhhffdf0t","addValue":{"payMethod":"01","payMethodMMS":1}}
[INFO ] 26-07-2022 16:22:37 [pool-2-thread-10] RabbitMQService - Begin add payment request into database with data: PaymentRequest(apiID=Payment003, mobile=0345225630, bankCode=11055, accountNo=0001100014211002, payDate=20200929112923, additionalData=11, debitAmount=11200.0, respCode=00, respDesc=SUCCESS, traceTransfer=FT19310RH6P1, messageType=1, checkSum=2ec7c91e26cb3a725db2a3b85da09ccfa13475850e78a8ed20d79631eead3fb3, orderCode=FT19310RH6P1, userName=cntest001, realAmount=10100.0, promotionCode=11, tokenKey=657gjkffhddhdkhhffdf0t, addValue=AddValue(payMethod=01, payMethodMMS=1))
[INFO ] 26-07-2022 16:22:37 [pool-2-thread-10] RabbitMQService - Execute query success
[INFO ] 26-07-2022 16:22:37 [pool-2-thread-10] RabbitMQService - insert to DB success => send to api and get response
[INFO ] 26-07-2022 16:22:37 [pool-2-thread-10] RabbitMQService - response from partner api:  Status response 200
[INFO ] 26-07-2022 16:22:37 [pool-2-thread-10] RabbitMQService - Publish response to client with data: {"code":"00","message":"Response from partner api: Status response 200","stackTrace":[],"suppressedExceptions":[]}
[INFO ] 26-07-2022 16:22:39 [pool-2-thread-11] RabbitMQService - getCorrelationId from client: ebd6cced-72be-4b2a-916c-2b78c73ec6e6
[INFO ] 26-07-2022 16:22:39 [pool-2-thread-11] RabbitMQService - Receive Message from queue: {"apiID":"Payment003","mobile":"0345225630","bankCode":"11055","accountNo":"0001100014211002","payDate":"20200929112923","additionalData":"11","debitAmount":11200.0,"respCode":"00","respDesc":"SUCCESS","traceTransfer":"FT19310RH6P1","messageType":"1","checkSum":"2ec7c91e26cb3a725db2a3b85da09ccfa13475850e78a8ed20d79631eead3fb3","orderCode":"FT19310RH6P1","userName":"cntest001","realAmount":10100.0,"promotionCode":"11","tokenKey":"657gjkffhddhdkkkkhhffdf0t","addValue":{"payMethod":"01","payMethodMMS":1}}
[INFO ] 26-07-2022 16:22:39 [pool-2-thread-11] RabbitMQService - Begin add payment request into database with data: PaymentRequest(apiID=Payment003, mobile=0345225630, bankCode=11055, accountNo=0001100014211002, payDate=20200929112923, additionalData=11, debitAmount=11200.0, respCode=00, respDesc=SUCCESS, traceTransfer=FT19310RH6P1, messageType=1, checkSum=2ec7c91e26cb3a725db2a3b85da09ccfa13475850e78a8ed20d79631eead3fb3, orderCode=FT19310RH6P1, userName=cntest001, realAmount=10100.0, promotionCode=11, tokenKey=657gjkffhddhdkkkkhhffdf0t, addValue=AddValue(payMethod=01, payMethodMMS=1))
[INFO ] 26-07-2022 16:22:39 [pool-2-thread-11] RabbitMQService - Execute query success
[INFO ] 26-07-2022 16:22:39 [pool-2-thread-11] RabbitMQService - insert to DB success => send to api and get response
[INFO ] 26-07-2022 16:22:39 [pool-2-thread-11] RabbitMQService - response from partner api:  Status response 200
[INFO ] 26-07-2022 16:22:39 [pool-2-thread-11] RabbitMQService - Publish response to client with data: {"code":"00","message":"Response from partner api: Status response 200","stackTrace":[],"suppressedExceptions":[]}
[INFO ] 26-07-2022 16:22:42 [pool-2-thread-12] RabbitMQService - getCorrelationId from client: 2c41b260-5cc2-4276-a7e2-3dacf0e6efd4
[INFO ] 26-07-2022 16:22:42 [pool-2-thread-12] RabbitMQService - Receive Message from queue: {"apiID":"Payment003","mobile":"0345225630","bankCode":"11055","accountNo":"0001100014211002","payDate":"20200929112923","additionalData":"11","debitAmount":11200.0,"respCode":"00","respDesc":"SUCCESS","traceTransfer":"FT19310RH6P1","messageType":"1","checkSum":"2ec7c91e26cb3a725db2a3b85da09ccfa13475850e78a8ed20d79631eead3fb3","orderCode":"FT19310RH6P1","userName":"cntest001","realAmount":10100.0,"promotionCode":"11","tokenKey":"657gjkffhddhddfdfhkkkkhhffdf0t","addValue":{"payMethod":"01","payMethodMMS":1}}
[INFO ] 26-07-2022 16:22:42 [pool-2-thread-12] RabbitMQService - Begin add payment request into database with data: PaymentRequest(apiID=Payment003, mobile=0345225630, bankCode=11055, accountNo=0001100014211002, payDate=20200929112923, additionalData=11, debitAmount=11200.0, respCode=00, respDesc=SUCCESS, traceTransfer=FT19310RH6P1, messageType=1, checkSum=2ec7c91e26cb3a725db2a3b85da09ccfa13475850e78a8ed20d79631eead3fb3, orderCode=FT19310RH6P1, userName=cntest001, realAmount=10100.0, promotionCode=11, tokenKey=657gjkffhddhddfdfhkkkkhhffdf0t, addValue=AddValue(payMethod=01, payMethodMMS=1))
[INFO ] 26-07-2022 16:22:42 [pool-2-thread-12] RabbitMQService - Execute query success
[INFO ] 26-07-2022 16:22:42 [pool-2-thread-12] RabbitMQService - insert to DB success => send to api and get response
[INFO ] 26-07-2022 16:22:42 [pool-2-thread-12] RabbitMQService - response from partner api:  Status response 200
[INFO ] 26-07-2022 16:22:42 [pool-2-thread-12] RabbitMQService - Publish response to client with data: {"code":"00","message":"Response from partner api: Status response 200","stackTrace":[],"suppressedExceptions":[]}
[INFO ] 26-07-2022 16:54:31 [pool-2-thread-13] RabbitMQService - getCorrelationId from client: 7ac5e1c3-dbb7-4fc0-9891-97c67657b16f
[INFO ] 26-07-2022 16:54:31 [pool-2-thread-13] RabbitMQService - Receive Message from queue: {"apiID":"Payment003","mobile":"0345225630","bankCode":"11055","accountNo":"0001100014211002","payDate":"20200929112923","additionalData":"11","debitAmount":11200.0,"respCode":"00","respDesc":"SUCCESS","traceTransfer":"FT19310RH6P1","messageType":"1","checkSum":"2ec7c91e26cb3a725db2a3b85da09ccfa13475850e78a8ed20d79631eead3fb3","orderCode":"FT19310RH6P1","userName":"cntest001","realAmount":10100.0,"promotionCode":"11","tokenKey":"657gjkffhgkhhyffffdf0t","addValue":{"payMethod":"01","payMethodMMS":1}}
[INFO ] 26-07-2022 16:54:31 [pool-2-thread-13] RabbitMQService - Begin add payment request into database with data: PaymentRequest(apiID=Payment003, mobile=0345225630, bankCode=11055, accountNo=0001100014211002, payDate=20200929112923, additionalData=11, debitAmount=11200.0, respCode=00, respDesc=SUCCESS, traceTransfer=FT19310RH6P1, messageType=1, checkSum=2ec7c91e26cb3a725db2a3b85da09ccfa13475850e78a8ed20d79631eead3fb3, orderCode=FT19310RH6P1, userName=cntest001, realAmount=10100.0, promotionCode=11, tokenKey=657gjkffhgkhhyffffdf0t, addValue=AddValue(payMethod=01, payMethodMMS=1))
[INFO ] 26-07-2022 16:54:31 [pool-2-thread-13] RabbitMQService - Execute query success
[INFO ] 26-07-2022 16:54:31 [pool-2-thread-13] RabbitMQService - insert to DB success => send to api and get response
[INFO ] 26-07-2022 16:54:31 [pool-2-thread-13] RabbitMQService - response from partner api:  Status response 200
[INFO ] 26-07-2022 16:54:31 [pool-2-thread-13] RabbitMQService - Publish response to client with data: {"code":"00","message":"Response from partner api: Status response 200","stackTrace":[],"suppressedExceptions":[]}
[INFO ] 27-07-2022 14:35:58 [main] RabbitMQService -  [x] Awaiting RPC requests
[INFO ] 27-07-2022 14:35:58 [pool-2-thread-4] RabbitMQService - getCorrelationId from client: dafc3def-581e-432f-9279-cb43e797cff0
[INFO ] 27-07-2022 14:35:58 [pool-2-thread-4] RabbitMQService - Receive Message from queue: {"apiID":"Payment003","mobile":"0345225630","bankCode":"11055","accountNo":"0001100014211002","payDate":"20200929112923","additionalData":"11","debitAmount":11200.0,"respCode":"00","respDesc":"SUCCESS","traceTransfer":"FT19310RH6P1","messageType":"1","checkSum":"2ec7c91e26cb3a725db2a3b85da09ccfa13475850e78a8ed20d79631eead3fb3","orderCode":"FT19310RH6P1","userName":"cntest001","realAmount":10100.0,"promotionCode":"11","tokenKey":"657gjkffhgkhhyffffdf0t","addValue":{"payMethod":"01","payMethodMMS":1}}
[INFO ] 27-07-2022 14:35:58 [pool-2-thread-4] RabbitMQService - Begin add payment request into database with data: PaymentRequest(apiID=Payment003, mobile=0345225630, bankCode=11055, accountNo=0001100014211002, payDate=20200929112923, additionalData=11, debitAmount=11200.0, respCode=00, respDesc=SUCCESS, traceTransfer=FT19310RH6P1, messageType=1, checkSum=2ec7c91e26cb3a725db2a3b85da09ccfa13475850e78a8ed20d79631eead3fb3, orderCode=FT19310RH6P1, userName=cntest001, realAmount=10100.0, promotionCode=11, tokenKey=657gjkffhgkhhyffffdf0t, addValue=AddValue(payMethod=01, payMethodMMS=1))
[INFO ] 27-07-2022 14:35:59 [pool-2-thread-4] RabbitMQService - Execute query success
[INFO ] 27-07-2022 14:35:59 [pool-2-thread-4] RabbitMQService - insert to DB success => send to api and get response
[INFO ] 27-07-2022 14:35:59 [pool-2-thread-4] RabbitMQService - response from partner api:  Status response 200
[INFO ] 27-07-2022 14:35:59 [pool-2-thread-4] RabbitMQService - Publish response to client with data: {"code":"00","message":"Response from partner api: Status response 200","stackTrace":[],"suppressedExceptions":[]}
[INFO ] 27-07-2022 14:35:59 [pool-2-thread-5] RabbitMQService - getCorrelationId from client: c69261d9-7138-4697-8af3-c652bf73748b
[INFO ] 27-07-2022 14:35:59 [pool-2-thread-5] RabbitMQService - Receive Message from queue: {"apiID":"Payment003","mobile":"0345225630","bankCode":"11055","accountNo":"0001100014211002","payDate":"2020092911292356","additionalData":"11","debitAmount":11200.0,"respCode":"00","respDesc":"SUCCESS","traceTransfer":"FT19310RH6P1","messageType":"1","checkSum":"a0944a3f9f29138a65d3b5d21864caa28627ca6afcd8920da67d5c50b4c93c80","orderCode":"FT19310RH6P1","userName":"cntest001","realAmount":10100.0,"promotionCode":"11","tokenKey":"657gjkffhgkhhyfffffdf0t","addValue":{"payMethod":"01","payMethodMMS":1}}
[INFO ] 27-07-2022 14:35:59 [pool-2-thread-5] RabbitMQService - Begin add payment request into database with data: PaymentRequest(apiID=Payment003, mobile=0345225630, bankCode=11055, accountNo=0001100014211002, payDate=2020092911292356, additionalData=11, debitAmount=11200.0, respCode=00, respDesc=SUCCESS, traceTransfer=FT19310RH6P1, messageType=1, checkSum=a0944a3f9f29138a65d3b5d21864caa28627ca6afcd8920da67d5c50b4c93c80, orderCode=FT19310RH6P1, userName=cntest001, realAmount=10100.0, promotionCode=11, tokenKey=657gjkffhgkhhyfffffdf0t, addValue=AddValue(payMethod=01, payMethodMMS=1))
[INFO ] 27-07-2022 14:35:59 [pool-2-thread-5] RabbitMQService - Publish response to client with data: {"code":"55","stackTrace":[],"suppressedExceptions":[]}
[INFO ] 27-07-2022 14:35:59 [pool-2-thread-6] RabbitMQService - getCorrelationId from client: 117cca7e-c20e-42d0-a3e0-3e6a3a7eaa72
[INFO ] 27-07-2022 14:35:59 [pool-2-thread-6] RabbitMQService - Receive Message from queue: {"apiID":"Payment003","mobile":"0345225630","bankCode":"11055","accountNo":"0001100014211002","payDate":"20200929112923","additionalData":"11","debitAmount":10100.0,"respCode":"00","respDesc":"SUCCESS","traceTransfer":"FT19310RH6P1","messageType":"1","checkSum":"6dcdb2a6ac18461b619ce51767a6d10293f647e9283618e6c751c3021cd0c214","orderCode":"FT19310RH6P1","userName":"cntest001","realAmount":10100.0,"promotionCode":"","tokenKey":"657gjkffhgkffhhyffhffdf0t","addValue":{"payMethod":"01","payMethodMMS":1}}
[INFO ] 27-07-2022 14:35:59 [pool-2-thread-6] RabbitMQService - Begin add payment request into database with data: PaymentRequest(apiID=Payment003, mobile=0345225630, bankCode=11055, accountNo=0001100014211002, payDate=20200929112923, additionalData=11, debitAmount=10100.0, respCode=00, respDesc=SUCCESS, traceTransfer=FT19310RH6P1, messageType=1, checkSum=6dcdb2a6ac18461b619ce51767a6d10293f647e9283618e6c751c3021cd0c214, orderCode=FT19310RH6P1, userName=cntest001, realAmount=10100.0, promotionCode=, tokenKey=657gjkffhgkffhhyffhffdf0t, addValue=AddValue(payMethod=01, payMethodMMS=1))
[INFO ] 27-07-2022 14:35:59 [pool-2-thread-6] RabbitMQService - Execute query success
[INFO ] 27-07-2022 14:35:59 [pool-2-thread-6] RabbitMQService - insert to DB success => send to api and get response
[INFO ] 27-07-2022 14:35:59 [pool-2-thread-6] RabbitMQService - response from partner api:  Status response 200
[INFO ] 27-07-2022 14:35:59 [pool-2-thread-6] RabbitMQService - Publish response to client with data: {"code":"00","message":"Response from partner api: Status response 200","stackTrace":[],"suppressedExceptions":[]}
[INFO ] 27-07-2022 14:45:36 [pool-2-thread-7] RabbitMQService - getCorrelationId from client: eb1d2e7e-cb25-4239-8645-8ad2c73757b6
[INFO ] 27-07-2022 14:45:36 [pool-2-thread-7] RabbitMQService - Receive Message from queue: {"apiID":"Payment003","mobile":"0345225630","bankCode":"11055","accountNo":"0001100014211002","payDate":"20200929112923","additionalData":"11","debitAmount":10100.0,"respCode":"00","respDesc":"SUCCESS","traceTransfer":"FT19310RH6P1","messageType":"1","checkSum":"6dcdb2a6ac18461b619ce51767a6d10293f647e9283618e6c751c3021cd0c214","orderCode":"FT19310RH6P1","userName":"cntest001","realAmount":10100.0,"promotionCode":"","tokenKey":"657gjkffhgkffhhhyffhffdf0t","addValue":{"payMethod":"01","payMethodMMS":1}}
[INFO ] 27-07-2022 14:45:36 [pool-2-thread-7] RabbitMQService - Begin add payment request into database with data: PaymentRequest(apiID=Payment003, mobile=0345225630, bankCode=11055, accountNo=0001100014211002, payDate=20200929112923, additionalData=11, debitAmount=10100.0, respCode=00, respDesc=SUCCESS, traceTransfer=FT19310RH6P1, messageType=1, checkSum=6dcdb2a6ac18461b619ce51767a6d10293f647e9283618e6c751c3021cd0c214, orderCode=FT19310RH6P1, userName=cntest001, realAmount=10100.0, promotionCode=, tokenKey=657gjkffhgkffhhhyffhffdf0t, addValue=AddValue(payMethod=01, payMethodMMS=1))
[INFO ] 27-07-2022 14:45:36 [pool-2-thread-7] RabbitMQService - Execute query success
[INFO ] 27-07-2022 14:45:36 [pool-2-thread-7] RabbitMQService - insert to DB success => send to api and get response
[INFO ] 27-07-2022 14:45:36 [pool-2-thread-7] RabbitMQService - response from partner api:  Status response 200
[INFO ] 27-07-2022 14:45:36 [pool-2-thread-7] RabbitMQService - Publish response to client with data: {"code":"00","message":"Response from partner api: Status response 200","stackTrace":[],"suppressedExceptions":[]}
[INFO ] 27-07-2022 15:33:56 [pool-2-thread-8] RabbitMQService - getCorrelationId from client: 2e12ef9d-8486-4782-9ae1-cf9db8d18690
[INFO ] 27-07-2022 15:33:56 [pool-2-thread-8] RabbitMQService - Receive Message from queue: {"apiID":"Payment003","mobile":"0345225630","bankCode":"11055","accountNo":"0001100014211002","payDate":"20200929112923","additionalData":"11","debitAmount":10100.0,"respCode":"00","respDesc":"SUCCESS","traceTransfer":"FT19310RH6P1","messageType":"1","checkSum":"6dcdb2a6ac18461b619ce51767a6d10293f647e9283618e6c751c3021cd0c214","orderCode":"FT19310RH6P1","userName":"cntest001","realAmount":10100.0,"promotionCode":"","tokenKey":"657gjkffhgkff9hhhyffhffdf0t","addValue":{"payMethod":"01","payMethodMMS":1}}
[INFO ] 27-07-2022 15:33:56 [pool-2-thread-8] RabbitMQService - Begin add payment request into database with data: PaymentRequest(apiID=Payment003, mobile=0345225630, bankCode=11055, accountNo=0001100014211002, payDate=20200929112923, additionalData=11, debitAmount=10100.0, respCode=00, respDesc=SUCCESS, traceTransfer=FT19310RH6P1, messageType=1, checkSum=6dcdb2a6ac18461b619ce51767a6d10293f647e9283618e6c751c3021cd0c214, orderCode=FT19310RH6P1, userName=cntest001, realAmount=10100.0, promotionCode=, tokenKey=657gjkffhgkff9hhhyffhffdf0t, addValue=AddValue(payMethod=01, payMethodMMS=1))
[INFO ] 27-07-2022 15:33:56 [pool-2-thread-8] RabbitMQService - Execute query success
[INFO ] 27-07-2022 15:33:56 [pool-2-thread-8] RabbitMQService - insert to DB success => send to api and get response
[INFO ] 27-07-2022 15:33:56 [pool-2-thread-8] RabbitMQService - response from partner api:  Status response 200
[INFO ] 27-07-2022 15:33:56 [pool-2-thread-8] RabbitMQService - Publish response to client with data: {"code":"00","message":"Response from partner api: Status response 200","stackTrace":[],"suppressedExceptions":[]}
[INFO ] 27-07-2022 16:05:23 [pool-2-thread-9] RabbitMQService - getCorrelationId from client: 25a60ab1-d1c7-4f07-960f-9bcc31a17585
[INFO ] 27-07-2022 16:05:23 [pool-2-thread-9] RabbitMQService - Receive Message from queue: {"apiID":"Payment003","mobile":"0345225630","bankCode":"11055","accountNo":"0001100014211002","payDate":"20200929112923","additionalData":"11","debitAmount":11100.0,"respCode":"00","respDesc":"SUCCESS","traceTransfer":"FT19310RH6P1","messageType":"1","checkSum":"e05b9b04c4859fd4799c7cff632ca40567eb7e5e7528c533db2358574bae5e27","orderCode":"FT19310RH6P1","userName":"cntest001","realAmount":11100.0,"tokenKey":"kff9hhhyffhffdf0t","addValue":{"payMethod":"01","payMethodMMS":1}}
[INFO ] 27-07-2022 16:05:23 [pool-2-thread-9] RabbitMQService - Begin add payment request into database with data: PaymentRequest(apiID=Payment003, mobile=0345225630, bankCode=11055, accountNo=0001100014211002, payDate=20200929112923, additionalData=11, debitAmount=11100.0, respCode=00, respDesc=SUCCESS, traceTransfer=FT19310RH6P1, messageType=1, checkSum=e05b9b04c4859fd4799c7cff632ca40567eb7e5e7528c533db2358574bae5e27, orderCode=FT19310RH6P1, userName=cntest001, realAmount=11100.0, promotionCode=null, tokenKey=kff9hhhyffhffdf0t, addValue=AddValue(payMethod=01, payMethodMMS=1))
[INFO ] 27-07-2022 16:05:23 [pool-2-thread-9] RabbitMQService - Publish response to client with data: {"code":"55","stackTrace":[],"suppressedExceptions":[]}
[INFO ] 27-07-2022 16:36:54 [pool-2-thread-10] RabbitMQService - getCorrelationId from client: 917d2236-0e88-4fc4-8645-a0a843a93778
[INFO ] 27-07-2022 16:36:54 [pool-2-thread-10] RabbitMQService - Receive Message from queue: {"apiID":"Payment003","mobile":"0345225630","bankCode":"11055","accountNo":"0001100014211002","payDate":"20200929112923","additionalData":"11","debitAmount":11100.0,"respCode":"00","respDesc":"SUCCESS","traceTransfer":"FT19310RH6P1","messageType":"1","checkSum":"e05b9b04c4859fd4799c7cff632ca40567eb7e5e7528c533db2358574bae5e27","orderCode":"FT19310RH6P1","userName":"cntest001","realAmount":11100.0,"promotionCode":"","tokenKey":"kff9hhhyffhgffdf0t","addValue":{"payMethod":"01","payMethodMMS":1}}
[INFO ] 27-07-2022 16:36:54 [pool-2-thread-10] RabbitMQService - Begin add payment request into database with data: PaymentRequest(apiID=Payment003, mobile=0345225630, bankCode=11055, accountNo=0001100014211002, payDate=20200929112923, additionalData=11, debitAmount=11100.0, respCode=00, respDesc=SUCCESS, traceTransfer=FT19310RH6P1, messageType=1, checkSum=e05b9b04c4859fd4799c7cff632ca40567eb7e5e7528c533db2358574bae5e27, orderCode=FT19310RH6P1, userName=cntest001, realAmount=11100.0, promotionCode=, tokenKey=kff9hhhyffhgffdf0t, addValue=AddValue(payMethod=01, payMethodMMS=1))
[INFO ] 27-07-2022 16:36:54 [pool-2-thread-10] RabbitMQService - Execute query success
[INFO ] 27-07-2022 16:36:54 [pool-2-thread-10] RabbitMQService - insert to DB success => send to api and get response
[INFO ] 27-07-2022 16:36:54 [pool-2-thread-10] RabbitMQService - response from partner api:  Status response 200
[INFO ] 27-07-2022 16:36:54 [pool-2-thread-10] RabbitMQService - Publish response to client with data: {"code":"00","message":"Response from partner api: Status response 200","stackTrace":[],"suppressedExceptions":[]}
[INFO ] 28-07-2022 08:40:39 [main] RabbitMQService -  [x] Awaiting RPC requests
[INFO ] 28-07-2022 08:41:21 [pool-2-thread-4] RabbitMQService - getCorrelationId from client: 5d9212bb-c198-4523-9b12-3ef03ef46a62
[INFO ] 28-07-2022 08:41:21 [pool-2-thread-4] RabbitMQService - Receive Message from queue: {"apiID":"Payment003","mobile":"0345225630","bankCode":"11055","accountNo":"0001100014211002","payDate":"20200929112923","additionalData":"11","debitAmount":11100.0,"respCode":"00","respDesc":"SUCCESS","traceTransfer":"FT19310RH6P1","messageType":"1","checkSum":"e05b9b04c4859fd4799c7cff632ca40567eb7e5e7528c533db2358574bae5e27","orderCode":"FT19310RH6P1","userName":"cntest001","realAmount":10100.0,"promotionCode":"","tokenKey":"657gjkffhgkff9hhhyffhffdf0t","addValue":{"payMethod":"01","payMethodMMS":1}}
[INFO ] 28-07-2022 08:41:21 [pool-2-thread-4] RabbitMQService - Begin add payment request into database with data: PaymentRequest(apiID=Payment003, mobile=0345225630, bankCode=11055, accountNo=0001100014211002, payDate=20200929112923, additionalData=11, debitAmount=11100.0, respCode=00, respDesc=SUCCESS, traceTransfer=FT19310RH6P1, messageType=1, checkSum=e05b9b04c4859fd4799c7cff632ca40567eb7e5e7528c533db2358574bae5e27, orderCode=FT19310RH6P1, userName=cntest001, realAmount=10100.0, promotionCode=, tokenKey=657gjkffhgkff9hhhyffhffdf0t, addValue=AddValue(payMethod=01, payMethodMMS=1))
[INFO ] 28-07-2022 08:41:22 [pool-2-thread-4] RabbitMQService - Execute query success
[INFO ] 28-07-2022 08:41:22 [pool-2-thread-4] RabbitMQService - insert to DB success => send to api and get response
[INFO ] 28-07-2022 08:41:23 [pool-2-thread-4] RabbitMQService - response from partner api:  Status response 200
[INFO ] 28-07-2022 08:41:23 [pool-2-thread-4] RabbitMQService - Publish response to client with data: {"code":"00","message":"Response from partner api: Status response 200","stackTrace":[],"suppressedExceptions":[]}
[INFO ] 28-07-2022 08:41:23 [pool-2-thread-4] RabbitMQService - delivery tag: 1
[INFO ] 28-07-2022 08:53:18 [main] RabbitMQService -  [x] Awaiting RPC requests
[INFO ] 28-07-2022 08:53:24 [pool-2-thread-4] RabbitMQService - getCorrelationId from client: b310e9fb-2524-41b5-b50b-07074c86e792
[INFO ] 28-07-2022 08:53:24 [pool-2-thread-4] RabbitMQService - Receive Message from queue: {"apiID":"Payment003","mobile":"0345225630","bankCode":"11055","accountNo":"0001100014211002","payDate":"20200929112923","additionalData":"11","debitAmount":11100.0,"respCode":"00","respDesc":"SUCCESS","traceTransfer":"FT19310RH6P1","messageType":"1","checkSum":"e05b9b04c4859fd4799c7cff632ca40567eb7e5e7528c533db2358574bae5e27","orderCode":"FT19310RH6P1","userName":"cntest001","realAmount":10100.0,"promotionCode":"","tokenKey":"657gj78hhyffhffdf0t","addValue":{"payMethod":"01","payMethodMMS":1}}
[INFO ] 28-07-2022 08:53:24 [pool-2-thread-4] RabbitMQService - Begin add payment request into database with data: PaymentRequest(apiID=Payment003, mobile=0345225630, bankCode=11055, accountNo=0001100014211002, payDate=20200929112923, additionalData=11, debitAmount=11100.0, respCode=00, respDesc=SUCCESS, traceTransfer=FT19310RH6P1, messageType=1, checkSum=e05b9b04c4859fd4799c7cff632ca40567eb7e5e7528c533db2358574bae5e27, orderCode=FT19310RH6P1, userName=cntest001, realAmount=10100.0, promotionCode=, tokenKey=657gj78hhyffhffdf0t, addValue=AddValue(payMethod=01, payMethodMMS=1))
[INFO ] 28-07-2022 08:53:25 [pool-2-thread-4] RabbitMQService - Execute query success
[INFO ] 28-07-2022 08:53:25 [pool-2-thread-4] RabbitMQService - insert to DB success => send to api and get response
[INFO ] 28-07-2022 08:53:26 [pool-2-thread-4] RabbitMQService - response from partner api:  Status response 200
[INFO ] 28-07-2022 08:53:26 [pool-2-thread-4] RabbitMQService - Publish response to client with data: {"code":"00","message":"Response from partner api: Status response 200","stackTrace":[],"suppressedExceptions":[]}
[INFO ] 28-07-2022 11:02:52 [main] RabbitMQService -  [x] Awaiting RPC requests
[INFO ] 28-07-2022 11:02:52 [pool-2-thread-4] RabbitMQService - getCorrelationId from client: b310e9fb-2524-41b5-b50b-07074c86e792
[INFO ] 28-07-2022 11:02:52 [pool-2-thread-4] RabbitMQService - Receive Message from queue: {"apiID":"Payment003","mobile":"0345225630","bankCode":"11055","accountNo":"0001100014211002","payDate":"20200929112923","additionalData":"11","debitAmount":11100.0,"respCode":"00","respDesc":"SUCCESS","traceTransfer":"FT19310RH6P1","messageType":"1","checkSum":"e05b9b04c4859fd4799c7cff632ca40567eb7e5e7528c533db2358574bae5e27","orderCode":"FT19310RH6P1","userName":"cntest001","realAmount":10100.0,"promotionCode":"","tokenKey":"657gj78hhyffhffdf0t","addValue":{"payMethod":"01","payMethodMMS":1}}
[INFO ] 28-07-2022 11:02:52 [pool-2-thread-4] RabbitMQService - Begin add payment request into database with data: PaymentRequest(apiID=Payment003, mobile=0345225630, bankCode=11055, accountNo=0001100014211002, payDate=20200929112923, additionalData=11, debitAmount=11100.0, respCode=00, respDesc=SUCCESS, traceTransfer=FT19310RH6P1, messageType=1, checkSum=e05b9b04c4859fd4799c7cff632ca40567eb7e5e7528c533db2358574bae5e27, orderCode=FT19310RH6P1, userName=cntest001, realAmount=10100.0, promotionCode=, tokenKey=657gj78hhyffhffdf0t, addValue=AddValue(payMethod=01, payMethodMMS=1))
[INFO ] 28-07-2022 11:02:53 [pool-2-thread-4] RabbitMQService - Execute query success
[INFO ] 28-07-2022 11:02:53 [pool-2-thread-4] RabbitMQService - insert to DB success => send to api and get response
[INFO ] 28-07-2022 11:02:54 [pool-2-thread-4] RabbitMQService - response from partner api:  Status response 200
[INFO ] 28-07-2022 11:02:54 [pool-2-thread-4] RabbitMQService - Publish response to client with data: {"code":"00","message":"Response from partner api: Status response 200","stackTrace":[],"suppressedExceptions":[]}
[INFO ] 28-07-2022 11:02:54 [pool-2-thread-4] RabbitMQService - ----- End publish response to client -----
[INFO ] 28-07-2022 11:03:03 [pool-2-thread-5] RabbitMQService - getCorrelationId from client: 0f097a8d-ec8c-4bcb-be3d-cb610e1d7280
[INFO ] 28-07-2022 11:03:03 [pool-2-thread-5] RabbitMQService - Receive Message from queue: {"apiID":"Payment003","mobile":"0345225630","bankCode":"11055","accountNo":"0001100014211002","payDate":"20200929112923","additionalData":"11","debitAmount":11100.0,"respCode":"00","respDesc":"SUCCESS","traceTransfer":"FT19310RH6P1","messageType":"1","checkSum":"e05b9b04c4859fd4799c7cff632ca40567eb7e5e7528c533db2358574bae5e27","orderCode":"FT19310RH6P1","userName":"cntest001","realAmount":10100.0,"promotionCode":"","tokenKey":"657gj78hhyffhffdfff0t","addValue":{"payMethod":"01","payMethodMMS":1}}
[INFO ] 28-07-2022 11:03:03 [pool-2-thread-5] RabbitMQService - Begin add payment request into database with data: PaymentRequest(apiID=Payment003, mobile=0345225630, bankCode=11055, accountNo=0001100014211002, payDate=20200929112923, additionalData=11, debitAmount=11100.0, respCode=00, respDesc=SUCCESS, traceTransfer=FT19310RH6P1, messageType=1, checkSum=e05b9b04c4859fd4799c7cff632ca40567eb7e5e7528c533db2358574bae5e27, orderCode=FT19310RH6P1, userName=cntest001, realAmount=10100.0, promotionCode=, tokenKey=657gj78hhyffhffdfff0t, addValue=AddValue(payMethod=01, payMethodMMS=1))
[INFO ] 28-07-2022 11:03:03 [pool-2-thread-5] RabbitMQService - Execute query success
[INFO ] 28-07-2022 11:03:03 [pool-2-thread-5] RabbitMQService - insert to DB success => send to api and get response
[INFO ] 28-07-2022 11:03:03 [pool-2-thread-5] RabbitMQService - response from partner api:  Status response 200
[INFO ] 28-07-2022 11:03:03 [pool-2-thread-5] RabbitMQService - Publish response to client with data: {"code":"00","message":"Response from partner api: Status response 200","stackTrace":[],"suppressedExceptions":[]}
[INFO ] 28-07-2022 11:03:03 [pool-2-thread-5] RabbitMQService - ----- End publish response to client -----
[INFO ] 28-07-2022 11:05:17 [pool-2-thread-6] RabbitMQService - getCorrelationId from client: c3649bba-2021-42c7-8cdc-ee8b7b00520d
[INFO ] 28-07-2022 11:05:17 [pool-2-thread-6] RabbitMQService - Receive Message from queue: {"apiID":"Payment003","mobile":"0345225630","bankCode":"11055","accountNo":"0001100014211002","payDate":"20200929112923","additionalData":"11","debitAmount":11100.0,"respCode":"00","respDesc":"SUCCESS","traceTransfer":"FT19310RH6P1","messageType":"1","checkSum":"e05b9b04c4859fd4799c7cff632ca40567eb7e5e7528c533db2358574bae5e27","orderCode":"FT19310RH6P1","userName":"cntest001","realAmount":10100.0,"promotionCode":"tui","tokenKey":"657gj78hhuyffhffgdfff0t","addValue":{"payMethod":"01","payMethodMMS":1}}
[INFO ] 28-07-2022 11:05:17 [pool-2-thread-6] RabbitMQService - Begin add payment request into database with data: PaymentRequest(apiID=Payment003, mobile=0345225630, bankCode=11055, accountNo=0001100014211002, payDate=20200929112923, additionalData=11, debitAmount=11100.0, respCode=00, respDesc=SUCCESS, traceTransfer=FT19310RH6P1, messageType=1, checkSum=e05b9b04c4859fd4799c7cff632ca40567eb7e5e7528c533db2358574bae5e27, orderCode=FT19310RH6P1, userName=cntest001, realAmount=10100.0, promotionCode=tui, tokenKey=657gj78hhuyffhffgdfff0t, addValue=AddValue(payMethod=01, payMethodMMS=1))
[INFO ] 28-07-2022 11:05:17 [pool-2-thread-6] RabbitMQService - Execute query success
[INFO ] 28-07-2022 11:05:17 [pool-2-thread-6] RabbitMQService - insert to DB success => send to api and get response
[INFO ] 28-07-2022 11:05:17 [pool-2-thread-6] RabbitMQService - response from partner api:  Status response 200
[INFO ] 28-07-2022 11:05:17 [pool-2-thread-6] RabbitMQService - Publish response to client with data: {"code":"00","message":"Response from partner api: Status response 200","stackTrace":[],"suppressedExceptions":[]}
[INFO ] 28-07-2022 11:05:17 [pool-2-thread-6] RabbitMQService - ----- End publish response to client -----
[INFO ] 28-07-2022 11:05:55 [pool-2-thread-7] RabbitMQService - getCorrelationId from client: 68ffc510-5202-4f9a-8851-6571bfc5884e
[INFO ] 28-07-2022 11:05:55 [pool-2-thread-7] RabbitMQService - Receive Message from queue: {"apiID":"Payment003","mobile":"0345225630","bankCode":"11055","accountNo":"0001100014211002","payDate":"20200929112923","additionalData":"11","debitAmount":11100.0,"respCode":"00","respDesc":"SUCCESS","traceTransfer":"FT19310RH6P1","messageType":"1","checkSum":"e05b9b04c4859fd4799c7cff632ca40567eb7e5e7528c533db2358574bae5e27","orderCode":"FT19310RH6P1","userName":"cntest001","realAmount":10100.0,"promotionCode":"tui","tokenKey":"657gj78hhf0t","addValue":{"payMethod":"01","payMethodMMS":1}}
[INFO ] 28-07-2022 11:05:55 [pool-2-thread-7] RabbitMQService - Begin add payment request into database with data: PaymentRequest(apiID=Payment003, mobile=0345225630, bankCode=11055, accountNo=0001100014211002, payDate=20200929112923, additionalData=11, debitAmount=11100.0, respCode=00, respDesc=SUCCESS, traceTransfer=FT19310RH6P1, messageType=1, checkSum=e05b9b04c4859fd4799c7cff632ca40567eb7e5e7528c533db2358574bae5e27, orderCode=FT19310RH6P1, userName=cntest001, realAmount=10100.0, promotionCode=tui, tokenKey=657gj78hhf0t, addValue=AddValue(payMethod=01, payMethodMMS=1))
[INFO ] 28-07-2022 11:05:55 [pool-2-thread-7] RabbitMQService - Execute query success
[INFO ] 28-07-2022 11:05:55 [pool-2-thread-7] RabbitMQService - insert to DB success => send to api and get response
[INFO ] 28-07-2022 11:05:55 [pool-2-thread-7] RabbitMQService - response from partner api:  Status response 200
[INFO ] 28-07-2022 11:05:55 [pool-2-thread-7] RabbitMQService - Publish response to client with data: {"code":"00","message":"Response from partner api: Status response 200","stackTrace":[],"suppressedExceptions":[]}
[INFO ] 28-07-2022 11:05:55 [pool-2-thread-7] RabbitMQService - ----- End publish response to client -----
[INFO ] 28-07-2022 11:09:24 [pool-2-thread-8] RabbitMQService - getCorrelationId from client: 91d47a5a-eba1-491e-bb83-02e3dcfcd44d
[INFO ] 28-07-2022 11:09:24 [pool-2-thread-8] RabbitMQService - Receive Message from queue: {"apiID":"Payment003","mobile":"0345225630","bankCode":"11055","accountNo":"0001100014211002","payDate":"20200929112923","additionalData":"11","debitAmount":11100.0,"respCode":"00","respDesc":"SUCCESS","traceTransfer":"FT19310RH6P1","messageType":"1","checkSum":"e05b9b04c4859fd4799c7cff632ca40567eb7e5e7528c533db2358574bae5e27","orderCode":"FT19310RH6P1","userName":"cntest001","realAmount":10100.0,"promotionCode":"tui","tokenKey":"657gj78hhfg0t","addValue":{"payMethod":"01","payMethodMMS":1}}
[INFO ] 28-07-2022 11:09:24 [pool-2-thread-8] RabbitMQService - Begin add payment request into database with data: PaymentRequest(apiID=Payment003, mobile=0345225630, bankCode=11055, accountNo=0001100014211002, payDate=20200929112923, additionalData=11, debitAmount=11100.0, respCode=00, respDesc=SUCCESS, traceTransfer=FT19310RH6P1, messageType=1, checkSum=e05b9b04c4859fd4799c7cff632ca40567eb7e5e7528c533db2358574bae5e27, orderCode=FT19310RH6P1, userName=cntest001, realAmount=10100.0, promotionCode=tui, tokenKey=657gj78hhfg0t, addValue=AddValue(payMethod=01, payMethodMMS=1))
[INFO ] 28-07-2022 11:09:24 [pool-2-thread-8] RabbitMQService - Execute query success
[INFO ] 28-07-2022 11:09:24 [pool-2-thread-8] RabbitMQService - insert to DB success => send to api and get response
[INFO ] 28-07-2022 11:09:24 [pool-2-thread-8] RabbitMQService - response from partner api:  Status response 200
[INFO ] 28-07-2022 11:09:24 [pool-2-thread-8] RabbitMQService - Publish response to client with data: {"code":"00","message":"Response from partner api: Status response 200","stackTrace":[],"suppressedExceptions":[]}
[INFO ] 28-07-2022 11:09:24 [pool-2-thread-8] RabbitMQService - ----- End publish response to client -----
[INFO ] 28-07-2022 11:22:23 [pool-2-thread-9] RabbitMQService - getCorrelationId from client: f9d86898-29ce-46f4-9937-e691375c110d
[INFO ] 28-07-2022 11:22:23 [pool-2-thread-9] RabbitMQService - Receive Message from queue: {"apiID":"Payment003","mobile":"0345225630","bankCode":"11055","accountNo":"0001100014211002","payDate":"20200929112923","additionalData":"11","debitAmount":11100.0,"respCode":"00","respDesc":"SUCCESS","traceTransfer":"FT19310RH6P1","messageType":"1","checkSum":"e05b9b04c4859fd4799c7cff632ca40567eb7e5e7528c533db2358574bae5e27","orderCode":"FT19310RH6P1","userName":"cntest001","realAmount":10100.0,"promotionCode":"","tokenKey":"657gj78hfhfg0t","addValue":{"payMethod":"01","payMethodMMS":1}}
[INFO ] 28-07-2022 11:22:23 [pool-2-thread-9] RabbitMQService - Begin add payment request into database with data: PaymentRequest(apiID=Payment003, mobile=0345225630, bankCode=11055, accountNo=0001100014211002, payDate=20200929112923, additionalData=11, debitAmount=11100.0, respCode=00, respDesc=SUCCESS, traceTransfer=FT19310RH6P1, messageType=1, checkSum=e05b9b04c4859fd4799c7cff632ca40567eb7e5e7528c533db2358574bae5e27, orderCode=FT19310RH6P1, userName=cntest001, realAmount=10100.0, promotionCode=, tokenKey=657gj78hfhfg0t, addValue=AddValue(payMethod=01, payMethodMMS=1))
[INFO ] 28-07-2022 11:22:23 [pool-2-thread-9] RabbitMQService - Execute query success
[INFO ] 28-07-2022 11:22:23 [pool-2-thread-9] RabbitMQService - insert to DB success => send to api and get response
[INFO ] 28-07-2022 11:22:23 [pool-2-thread-9] RabbitMQService - response from partner api:  Status response 200
[INFO ] 28-07-2022 11:22:23 [pool-2-thread-9] RabbitMQService - Publish response to client with data: {"code":"00","message":"Response from partner api: Status response 200","stackTrace":[],"suppressedExceptions":[]}
[INFO ] 28-07-2022 11:22:23 [pool-2-thread-9] RabbitMQService - ----- End publish response to client -----
[INFO ] 28-07-2022 14:26:33 [main] RabbitMQService -  [x] Awaiting RPC requests
[INFO ] 28-07-2022 14:27:52 [pool-4-thread-4] RabbitMQService - getCorrelationId from client: 7f679260-d019-4bc1-b2e9-35f9064c25e7
[INFO ] 28-07-2022 14:27:52 [pool-4-thread-4] RabbitMQService - Receive Message from queue: {"apiID":"Payment003","mobile":"0345225630","bankCode":"11055","accountNo":"0001100014211002","payDate":"20200929112923","additionalData":"11","debitAmount":11100.0,"respCode":"00","respDesc":"SUCCESS","traceTransfer":"FT19310RH6P1","messageType":"1","checkSum":"e05b9b04c4859fd4799c7cff632ca40567eb7e5e7528c533db2358574bae5e27","orderCode":"FT19310RH6P1","userName":"cntest001","realAmount":10100.0,"promotionCode":"","tokenKey":"657gj78hfghfg0t","addValue":{"payMethod":"01","payMethodMMS":1}}
[INFO ] 28-07-2022 14:27:52 [pool-4-thread-4] RabbitMQService - Begin add payment request into database with data: PaymentRequest(apiID=Payment003, mobile=0345225630, bankCode=11055, accountNo=0001100014211002, payDate=20200929112923, additionalData=11, debitAmount=11100.0, respCode=00, respDesc=SUCCESS, traceTransfer=FT19310RH6P1, messageType=1, checkSum=e05b9b04c4859fd4799c7cff632ca40567eb7e5e7528c533db2358574bae5e27, orderCode=FT19310RH6P1, userName=cntest001, realAmount=10100.0, promotionCode=, tokenKey=657gj78hfghfg0t, addValue=AddValue(payMethod=01, payMethodMMS=1))
[INFO ] 28-07-2022 14:27:53 [pool-4-thread-4] RabbitMQService - Execute query success
[INFO ] 28-07-2022 14:27:53 [pool-4-thread-4] RabbitMQService - insert to DB success => send to api and get response
[INFO ] 28-07-2022 14:27:54 [pool-4-thread-4] RabbitMQService - response from partner api:  Status response 200
[INFO ] 28-07-2022 14:27:54 [pool-4-thread-4] RabbitMQService - Publish response to client with data: {"code":"00","message":"Response from partner api: Status response 200","stackTrace":[],"suppressedExceptions":[]}
[INFO ] 28-07-2022 14:27:54 [pool-4-thread-4] RabbitMQService - ----- End publish response to client -----
[INFO ] 28-07-2022 14:35:21 [main] RabbitMQService -  [x] Awaiting RPC requests
[INFO ] 28-07-2022 14:35:58 [pool-4-thread-4] RabbitMQService - getCorrelationId from client: 7b10d301-3ecf-4ba8-9743-383790a20d65
[INFO ] 28-07-2022 14:35:58 [pool-4-thread-4] RabbitMQService - Receive Message from queue: {"apiID":"Payment003","mobile":"0345225630","bankCode":"11055","accountNo":"0001100014211002","payDate":"20200929112923","additionalData":"11","debitAmount":11100.0,"respCode":"00","respDesc":"SUCCESS","traceTransfer":"FT19310RH6P1","messageType":"1","checkSum":"e05b9b04c4859fd4799c7cff632ca40567eb7e5e7528c533db2358574bae5e27","orderCode":"FT19310RH6P1","userName":"cntest001","realAmount":10100.0,"promotionCode":"","tokenKey":"657gj78hfgfhfg0t","addValue":{"payMethod":"01","payMethodMMS":1}}
[INFO ] 28-07-2022 14:35:58 [pool-4-thread-4] RabbitMQService - Begin add payment request into database with data: PaymentRequest(apiID=Payment003, mobile=0345225630, bankCode=11055, accountNo=0001100014211002, payDate=20200929112923, additionalData=11, debitAmount=11100.0, respCode=00, respDesc=SUCCESS, traceTransfer=FT19310RH6P1, messageType=1, checkSum=e05b9b04c4859fd4799c7cff632ca40567eb7e5e7528c533db2358574bae5e27, orderCode=FT19310RH6P1, userName=cntest001, realAmount=10100.0, promotionCode=, tokenKey=657gj78hfgfhfg0t, addValue=AddValue(payMethod=01, payMethodMMS=1))
[INFO ] 28-07-2022 14:35:59 [pool-4-thread-4] RabbitMQService - Execute query success
[INFO ] 28-07-2022 14:35:59 [pool-4-thread-4] RabbitMQService - insert to DB success => send to api and get response
[INFO ] 28-07-2022 14:36:00 [pool-4-thread-4] RabbitMQService - response from partner api:  Status response 200
[INFO ] 28-07-2022 14:36:00 [pool-4-thread-4] RabbitMQService - Publish response to client with data: {"code":"00","message":"Response from partner api: Status response 200","stackTrace":[],"suppressedExceptions":[]}
[INFO ] 28-07-2022 14:36:00 [pool-4-thread-4] RabbitMQService - ----- End publish response to client -----
[INFO ] 28-07-2022 14:37:37 [main] RabbitMQService -  [x] Awaiting RPC requests
[INFO ] 28-07-2022 14:37:53 [pool-2-thread-4] RabbitMQService - getCorrelationId from client: 46a19509-47ce-41ba-a5dd-27584a66808a
[INFO ] 28-07-2022 14:37:53 [pool-2-thread-4] RabbitMQService - Receive Message from queue: {"apiID":"Payment003","mobile":"0345225630","bankCode":"11055","accountNo":"0001100014211002","payDate":"20200929112923","additionalData":"11","debitAmount":11100.0,"respCode":"00","respDesc":"SUCCESS","traceTransfer":"FT19310RH6P1","messageType":"1","checkSum":"e05b9b04c4859fd4799c7cff632ca40567eb7e5e7528c533db2358574bae5e27","orderCode":"FT19310RH6P1","userName":"cntest001","realAmount":10100.0,"promotionCode":"","tokenKey":"657gj78hfgffhfg0t","addValue":{"payMethod":"01","payMethodMMS":1}}
[INFO ] 28-07-2022 14:37:53 [pool-2-thread-4] RabbitMQService - Begin add payment request into database with data: PaymentRequest(apiID=Payment003, mobile=0345225630, bankCode=11055, accountNo=0001100014211002, payDate=20200929112923, additionalData=11, debitAmount=11100.0, respCode=00, respDesc=SUCCESS, traceTransfer=FT19310RH6P1, messageType=1, checkSum=e05b9b04c4859fd4799c7cff632ca40567eb7e5e7528c533db2358574bae5e27, orderCode=FT19310RH6P1, userName=cntest001, realAmount=10100.0, promotionCode=, tokenKey=657gj78hfgffhfg0t, addValue=AddValue(payMethod=01, payMethodMMS=1))
[INFO ] 28-07-2022 14:37:54 [pool-2-thread-4] RabbitMQService - Execute query success
[INFO ] 28-07-2022 14:37:54 [pool-2-thread-4] RabbitMQService - insert to DB success => send to api and get response
[INFO ] 28-07-2022 14:37:55 [pool-2-thread-4] RabbitMQService - response from partner api:  Status response 200
[INFO ] 28-07-2022 14:37:55 [pool-2-thread-4] RabbitMQService - Publish response to client with data: {"code":"00","message":"Response from partner api: Status response 200","stackTrace":[],"suppressedExceptions":[]}
[INFO ] 28-07-2022 14:37:55 [pool-2-thread-4] RabbitMQService - ----- End publish response to client -----
[INFO ] 28-07-2022 14:38:23 [pool-2-thread-5] RabbitMQService - getCorrelationId from client: 21d8f7a3-86a4-42dc-bce1-c3e7afbb7747
[INFO ] 28-07-2022 14:38:23 [pool-2-thread-5] RabbitMQService - Receive Message from queue: {"apiID":"Payment003","mobile":"0345225630","bankCode":"11055","accountNo":"0001100014211002","payDate":"20200929112923","additionalData":"11","debitAmount":11100.0,"respCode":"00","respDesc":"SUCCESS","traceTransfer":"FT19310RH6P1","messageType":"1","checkSum":"e05b9b04c4859fd4799c7cff632ca40567eb7e5e7528c533db2358574bae5e27","orderCode":"FT19310RH6P1","userName":"cntest001","realAmount":10100.0,"promotionCode":"","tokenKey":"657gj78hfgfgfhfg0t","addValue":{"payMethod":"01","payMethodMMS":1}}
[INFO ] 28-07-2022 14:38:23 [pool-2-thread-5] RabbitMQService - Begin add payment request into database with data: PaymentRequest(apiID=Payment003, mobile=0345225630, bankCode=11055, accountNo=0001100014211002, payDate=20200929112923, additionalData=11, debitAmount=11100.0, respCode=00, respDesc=SUCCESS, traceTransfer=FT19310RH6P1, messageType=1, checkSum=e05b9b04c4859fd4799c7cff632ca40567eb7e5e7528c533db2358574bae5e27, orderCode=FT19310RH6P1, userName=cntest001, realAmount=10100.0, promotionCode=, tokenKey=657gj78hfgfgfhfg0t, addValue=AddValue(payMethod=01, payMethodMMS=1))
[INFO ] 28-07-2022 14:38:23 [pool-2-thread-5] RabbitMQService - Execute query success
[INFO ] 28-07-2022 14:38:23 [pool-2-thread-5] RabbitMQService - insert to DB success => send to api and get response
[INFO ] 28-07-2022 14:38:23 [pool-2-thread-5] RabbitMQService - response from partner api:  Status response 200
[INFO ] 28-07-2022 14:38:23 [pool-2-thread-5] RabbitMQService - Publish response to client with data: {"code":"00","message":"Response from partner api: Status response 200","stackTrace":[],"suppressedExceptions":[]}
[INFO ] 28-07-2022 14:38:23 [pool-2-thread-5] RabbitMQService - ----- End publish response to client -----
[INFO ] 28-07-2022 14:39:02 [pool-2-thread-6] RabbitMQService - getCorrelationId from client: d482dd47-4595-4c90-aafd-5660968c413f
[INFO ] 28-07-2022 14:39:02 [pool-2-thread-6] RabbitMQService - Receive Message from queue: {"apiID":"Payment003","mobile":"0345225630","bankCode":"11055","accountNo":"0001100014211002","payDate":"20200929112923","additionalData":"11","debitAmount":11100.0,"respCode":"00","respDesc":"SUCCESS","traceTransfer":"FT19310RH6P1","messageType":"1","checkSum":"e05b9b04c4859fd4799c7cff632ca40567eb7e5e7528c533db2358574bae5e27","orderCode":"FT19310RH6P1","userName":"cntest001","realAmount":10100.0,"promotionCode":"","tokenKey":"657gj78cvhfgfgfhfg0t","addValue":{"payMethod":"01","payMethodMMS":1}}
[INFO ] 28-07-2022 14:39:02 [pool-2-thread-6] RabbitMQService - Begin add payment request into database with data: PaymentRequest(apiID=Payment003, mobile=0345225630, bankCode=11055, accountNo=0001100014211002, payDate=20200929112923, additionalData=11, debitAmount=11100.0, respCode=00, respDesc=SUCCESS, traceTransfer=FT19310RH6P1, messageType=1, checkSum=e05b9b04c4859fd4799c7cff632ca40567eb7e5e7528c533db2358574bae5e27, orderCode=FT19310RH6P1, userName=cntest001, realAmount=10100.0, promotionCode=, tokenKey=657gj78cvhfgfgfhfg0t, addValue=AddValue(payMethod=01, payMethodMMS=1))
[INFO ] 28-07-2022 14:39:02 [pool-2-thread-6] RabbitMQService - Execute query success
[INFO ] 28-07-2022 14:39:02 [pool-2-thread-6] RabbitMQService - insert to DB success => send to api and get response
[INFO ] 28-07-2022 14:39:02 [pool-2-thread-6] RabbitMQService - response from partner api:  Status response 200
[INFO ] 28-07-2022 14:39:02 [pool-2-thread-6] RabbitMQService - Publish response to client with data: {"code":"00","message":"Response from partner api: Status response 200","stackTrace":[],"suppressedExceptions":[]}
[INFO ] 28-07-2022 14:39:02 [pool-2-thread-6] RabbitMQService - ----- End publish response to client -----
[INFO ] 28-07-2022 14:44:16 [main] RabbitMQService -  [x] Awaiting RPC requests
[INFO ] 28-07-2022 14:45:11 [main] RabbitMQService -  [x] Awaiting RPC requests
[INFO ] 28-07-2022 14:45:29 [pool-2-thread-4] RabbitMQService - getCorrelationId from client: 7ebd85f5-e4f7-4eb8-8f78-6f46c7fde4be
[INFO ] 28-07-2022 14:45:29 [pool-2-thread-4] RabbitMQService - Receive Message from queue: {"apiID":"Payment003","mobile":"0345225630","bankCode":"11055","accountNo":"0001100014211002","payDate":"20200929112923","additionalData":"11","debitAmount":11100.0,"respCode":"00","respDesc":"SUCCESS","traceTransfer":"FT19310RH6P1","messageType":"1","checkSum":"e05b9b04c4859fd4799c7cff632ca40567eb7e5e7528c533db2358574bae5e27","orderCode":"FT19310RH6P1","userName":"cntest001","realAmount":10100.0,"promotionCode":"","tokenKey":"657gj78cvhfgghfgfhfg0t","addValue":{"payMethod":"01","payMethodMMS":1}}
[INFO ] 28-07-2022 14:45:29 [pool-2-thread-4] RabbitMQService - Begin add payment request into database with data: PaymentRequest(apiID=Payment003, mobile=0345225630, bankCode=11055, accountNo=0001100014211002, payDate=20200929112923, additionalData=11, debitAmount=11100.0, respCode=00, respDesc=SUCCESS, traceTransfer=FT19310RH6P1, messageType=1, checkSum=e05b9b04c4859fd4799c7cff632ca40567eb7e5e7528c533db2358574bae5e27, orderCode=FT19310RH6P1, userName=cntest001, realAmount=10100.0, promotionCode=, tokenKey=657gj78cvhfgghfgfhfg0t, addValue=AddValue(payMethod=01, payMethodMMS=1))
[INFO ] 28-07-2022 14:45:30 [pool-2-thread-4] RabbitMQService - Execute query success
[INFO ] 28-07-2022 14:45:31 [pool-2-thread-4] RabbitMQService - insert to DB success => send to api and get response
[INFO ] 28-07-2022 14:45:31 [pool-2-thread-4] RabbitMQService - response from partner api:  Status response 200
[INFO ] 28-07-2022 14:45:31 [pool-2-thread-4] RabbitMQService - Publish response to client with data: {"code":"00","message":"Response from partner api: Status response 200","stackTrace":[],"suppressedExceptions":[]}
[INFO ] 28-07-2022 14:45:31 [pool-2-thread-4] RabbitMQService - ----- End publish response to client -----
[INFO ] 28-07-2022 15:30:25 [pool-2-thread-5] RabbitMQService - getCorrelationId from client: db599a75-8cff-454b-8e3d-cc529a4431a3
[INFO ] 28-07-2022 15:30:25 [pool-2-thread-5] RabbitMQService - Receive Message from queue: {"apiID":"Payment003","mobile":"0345225630","bankCode":"11055","accountNo":"0001100014211002","payDate":"20200929112923","additionalData":"11","debitAmount":11100.0,"respCode":"00","respDesc":"SUCCESS","traceTransfer":"FT19310RH6P1","messageType":"1","checkSum":"e05b9b04c4859fd4799c7cff632ca40567eb7e5e7528c533db2358574bae5e27","orderCode":"FT19310RH6P1","userName":"cntest001","realAmount":10100.0,"promotionCode":"","tokenKey":"j78cvhfgghfgfhfg0t","addValue":{"payMethod":"01","payMethodMMS":1}}
[INFO ] 28-07-2022 15:30:25 [pool-2-thread-5] RabbitMQService - Begin add payment request into database with data: PaymentRequest(apiID=Payment003, mobile=0345225630, bankCode=11055, accountNo=0001100014211002, payDate=20200929112923, additionalData=11, debitAmount=11100.0, respCode=00, respDesc=SUCCESS, traceTransfer=FT19310RH6P1, messageType=1, checkSum=e05b9b04c4859fd4799c7cff632ca40567eb7e5e7528c533db2358574bae5e27, orderCode=FT19310RH6P1, userName=cntest001, realAmount=10100.0, promotionCode=, tokenKey=j78cvhfgghfgfhfg0t, addValue=AddValue(payMethod=01, payMethodMMS=1))
[INFO ] 28-07-2022 15:30:25 [pool-2-thread-5] RabbitMQService - Execute query success
[INFO ] 28-07-2022 15:30:25 [pool-2-thread-5] RabbitMQService - insert to DB success => send to api and get response
[INFO ] 28-07-2022 15:30:26 [pool-2-thread-5] RabbitMQService - response from partner api:  Status response 200
[INFO ] 28-07-2022 15:30:26 [pool-2-thread-5] RabbitMQService - Publish response to client with data: {"code":"00","message":"Response from partner api: Status response 200","stackTrace":[],"suppressedExceptions":[]}
[INFO ] 28-07-2022 15:30:26 [pool-2-thread-5] RabbitMQService - ----- End publish response to client -----
