2022-07-21 09:56:40,290 INFO org.springframework.boot.StartupInfoLogger [restartedMain] Starting PaymentApiApplication using Java 18.0.1.1 on tuanlt2 with PID 1924 (D:\Git\demoVNPAY\vnpayDemo\payment-api\target\classes started by tuanlt2 in D:\Git\demoVNPAY\vnpayDemo\payment-api)
2022-07-21 09:56:40,293 INFO org.springframework.boot.SpringApplication [restartedMain] No active profile set, falling back to 1 default profile: "default"
2022-07-21 09:56:40,294 INFO org.hibernate.validator.internal.util.Version [background-preinit] HV000001: Hibernate Validator 6.2.3.Final
2022-07-21 09:56:40,330 INFO org.springframework.boot.logging.DeferredLog [restartedMain] Devtools property defaults active! Set 'spring.devtools.add-properties' to 'false' to disable
2022-07-21 09:56:40,331 INFO org.springframework.boot.logging.DeferredLog [restartedMain] For additional web related logging consider setting the 'logging.level.web' property to 'DEBUG'
2022-07-21 09:56:40,983 INFO org.springframework.data.repository.config.RepositoryConfigurationDelegate [restartedMain] Multiple Spring Data modules found, entering strict repository configuration mode!
2022-07-21 09:56:40,985 INFO org.springframework.data.repository.config.RepositoryConfigurationDelegate [restartedMain] Bootstrapping Spring Data Redis repositories in DEFAULT mode.
2022-07-21 09:56:41,011 INFO org.springframework.data.repository.config.RepositoryConfigurationDelegate [restartedMain] Finished Spring Data repository scanning in 7 ms. Found 0 Redis repository interfaces.
2022-07-21 09:56:41,544 INFO org.springframework.boot.web.embedded.tomcat.TomcatWebServer [restartedMain] Tomcat initialized with port(s): 9091 (http)
2022-07-21 09:56:41,553 INFO org.apache.juli.logging.DirectJDKLog [restartedMain] Initializing ProtocolHandler ["http-nio-9091"]
2022-07-21 09:56:41,553 INFO org.apache.juli.logging.DirectJDKLog [restartedMain] Starting service [Tomcat]
2022-07-21 09:56:41,553 INFO org.apache.juli.logging.DirectJDKLog [restartedMain] Starting Servlet engine: [Apache Tomcat/9.0.63]
2022-07-21 09:56:41,627 INFO org.apache.juli.logging.DirectJDKLog [restartedMain] Initializing Spring embedded WebApplicationContext
2022-07-21 09:56:41,627 INFO org.springframework.boot.web.servlet.context.ServletWebServerApplicationContext [restartedMain] Root WebApplicationContext: initialization completed in 1295 ms
2022-07-21 09:56:42,676 INFO org.springframework.boot.devtools.autoconfigure.OptionalLiveReloadServer [restartedMain] LiveReload server is running on port 35729
2022-07-21 09:56:42,735 INFO org.apache.juli.logging.DirectJDKLog [restartedMain] Starting ProtocolHandler ["http-nio-9091"]
2022-07-21 09:56:42,766 INFO org.springframework.boot.web.embedded.tomcat.TomcatWebServer [restartedMain] Tomcat started on port(s): 9091 (http) with context path ''
2022-07-21 09:56:42,778 INFO org.springframework.boot.StartupInfoLogger [restartedMain] Started PaymentApiApplication in 2.798 seconds (JVM running for 4.7)
2022-07-21 09:57:17,364 INFO org.apache.juli.logging.DirectJDKLog [http-nio-9091-exec-1] Initializing Spring DispatcherServlet 'dispatcherServlet'
2022-07-21 09:57:17,364 INFO org.springframework.web.servlet.FrameworkServlet [http-nio-9091-exec-1] Initializing Servlet 'dispatcherServlet'
2022-07-21 09:57:17,366 INFO org.springframework.web.servlet.FrameworkServlet [http-nio-9091-exec-1] Completed initialization in 2 ms
2022-07-21 09:57:17,519 INFO com.example.paymentapi.controller.PaymentController [http-nio-9091-exec-1] Begin send request with data: PaymentRequest(apiID=Api 001, mobile=0345225630, bankCode=11055, accountNo=0001100014211002, payDate=20200929112923, additionalData=11, debitAmount=11200.0, respCode=00, respDesc=SUCCESS, traceTransfer=FT19310RH6P1, messageType=1, checkSum=2ec7c91e26cb3a725db2a3b85da09ccfa13475850e78a8ed20d79631eead3fb3, orderCode=FT19310RH6P1, userName=cntest001, realAmount=10100.0, promotionCode=11, tokenKey=160hd1hjf9fs19c70fH8ghfd70, addValue=com.example.paymentapi.model.AddValue@668a1701)
2022-07-21 09:57:17,545 INFO com.example.paymentapi.controller.PaymentController [http-nio-9091-exec-1] Validate request with data PaymentRequest(apiID=Api 001, mobile=0345225630, bankCode=11055, accountNo=0001100014211002, payDate=20200929112923, additionalData=11, debitAmount=11200.0, respCode=00, respDesc=SUCCESS, traceTransfer=FT19310RH6P1, messageType=1, checkSum=2ec7c91e26cb3a725db2a3b85da09ccfa13475850e78a8ed20d79631eead3fb3, orderCode=FT19310RH6P1, userName=cntest001, realAmount=10100.0, promotionCode=11, tokenKey=160hd1hjf9fs19c70fH8ghfd70, addValue=com.example.paymentapi.model.AddValue@668a1701) 
2022-07-21 09:57:17,548 INFO com.example.paymentapi.service.impl.PaymentServiceImpl [http-nio-9091-exec-1] Begin getPrivateKey() with Data Payment Request: PaymentRequest(apiID=Api 001, mobile=0345225630, bankCode=11055, accountNo=0001100014211002, payDate=20200929112923, additionalData=11, debitAmount=11200.0, respCode=00, respDesc=SUCCESS, traceTransfer=FT19310RH6P1, messageType=1, checkSum=2ec7c91e26cb3a725db2a3b85da09ccfa13475850e78a8ed20d79631eead3fb3, orderCode=FT19310RH6P1, userName=cntest001, realAmount=10100.0, promotionCode=11, tokenKey=160hd1hjf9fs19c70fH8ghfd70, addValue=com.example.paymentapi.model.AddValue@668a1701)
2022-07-21 09:57:17,548 INFO com.example.paymentapi.service.impl.PaymentServiceImpl [http-nio-9091-exec-1] End getPrivateKeyByBankCode() Have Bank Code in YAML file
2022-07-21 09:57:17,548 INFO com.example.paymentapi.service.impl.PaymentServiceImpl [http-nio-9091-exec-1]  Begin checkSumSHA256() with data payment request PaymentRequest(apiID=Api 001, mobile=0345225630, bankCode=11055, accountNo=0001100014211002, payDate=20200929112923, additionalData=11, debitAmount=11200.0, respCode=00, respDesc=SUCCESS, traceTransfer=FT19310RH6P1, messageType=1, checkSum=2ec7c91e26cb3a725db2a3b85da09ccfa13475850e78a8ed20d79631eead3fb3, orderCode=FT19310RH6P1, userName=cntest001, realAmount=10100.0, promotionCode=11, tokenKey=160hd1hjf9fs19c70fH8ghfd70, addValue=com.example.paymentapi.model.AddValue@668a1701)
2022-07-21 09:57:17,551 INFO com.example.paymentapi.service.impl.PaymentServiceImpl [http-nio-9091-exec-1] Begin getStringToHash with data PaymentRequest PaymentRequest(apiID=Api 001, mobile=0345225630, bankCode=11055, accountNo=0001100014211002, payDate=20200929112923, additionalData=11, debitAmount=11200.0, respCode=00, respDesc=SUCCESS, traceTransfer=FT19310RH6P1, messageType=1, checkSum=2ec7c91e26cb3a725db2a3b85da09ccfa13475850e78a8ed20d79631eead3fb3, orderCode=FT19310RH6P1, userName=cntest001, realAmount=10100.0, promotionCode=11, tokenKey=160hd1hjf9fs19c70fH8ghfd70, addValue=com.example.paymentapi.model.AddValue@668a1701)
2022-07-21 09:57:17,551 INFO com.example.paymentapi.service.impl.PaymentServiceImpl [http-nio-9091-exec-1] Private key: lkjlk
2022-07-21 09:57:17,551 INFO com.example.paymentapi.service.impl.PaymentServiceImpl [http-nio-9091-exec-1] Append to String to HASH
2022-07-21 09:57:17,551 INFO com.example.paymentapi.service.impl.PaymentServiceImpl [http-nio-9091-exec-1] End getStringToHash success
2022-07-21 09:57:17,555 INFO com.example.paymentapi.service.impl.PaymentServiceImpl [http-nio-9091-exec-1] Check sum SHA256:[2ec7c91e26cb3a725db2a3b85da09ccfa13475850e78a8ed20d79631eead3fb3] 
2022-07-21 09:57:17,556 INFO com.example.paymentapi.service.impl.PaymentServiceImpl [http-nio-9091-exec-1] Checksum success
2022-07-21 09:57:17,556 INFO com.example.paymentapi.service.impl.PaymentServiceImpl [http-nio-9091-exec-1] Begin check valid of Token key 160hd1hjf9fs19c70fH8ghfd70
2022-07-21 09:57:17,592 INFO com.example.paymentapi.service.impl.PaymentServiceImpl [http-nio-9091-exec-1] Key exist? false
2022-07-21 09:57:17,593 INFO com.example.paymentapi.service.impl.PaymentServiceImpl [http-nio-9091-exec-1] Data put to redis: {"apiID":"Api 001","mobile":"0345225630","bankCode":"11055","accountNo":"0001100014211002","payDate":"20200929112923","additionalData":"11","debitAmount":11200.0,"respCode":"00","respDesc":"SUCCESS","traceTransfer":"FT19310RH6P1","messageType":"1","checkSum":"2ec7c91e26cb3a725db2a3b85da09ccfa13475850e78a8ed20d79631eead3fb3","orderCode":"FT19310RH6P1","userName":"cntest001","realAmount":10100.0,"promotionCode":"11","tokenKey":"160hd1hjf9fs19c70fH8ghfd70","addValue":{"payMethod":"01","payMethodMMS":1}}
2022-07-21 09:57:17,595 INFO com.example.paymentapi.service.impl.PaymentServiceImpl [http-nio-9091-exec-1] Expire time is: 50562 seconds
2022-07-21 09:57:17,595 INFO com.example.paymentapi.service.impl.PaymentServiceImpl [http-nio-9091-exec-1] Token key can use on day
2022-07-21 09:57:17,596 INFO com.example.paymentapi.controller.PaymentController [http-nio-9091-exec-1]  Requesting data payment to RabbitMQ PaymentRequest(apiID=Api 001, mobile=0345225630, bankCode=11055, accountNo=0001100014211002, payDate=20200929112923, additionalData=11, debitAmount=11200.0, respCode=00, respDesc=SUCCESS, traceTransfer=FT19310RH6P1, messageType=1, checkSum=2ec7c91e26cb3a725db2a3b85da09ccfa13475850e78a8ed20d79631eead3fb3, orderCode=FT19310RH6P1, userName=cntest001, realAmount=10100.0, promotionCode=11, tokenKey=160hd1hjf9fs19c70fH8ghfd70, addValue=com.example.paymentapi.model.AddValue@668a1701)
2022-07-21 09:57:17,596 INFO com.example.paymentapi.service.RabbitMQSender [http-nio-9091-exec-1] Begin call to rabbitmq with data PaymentRequest(apiID=Api 001, mobile=0345225630, bankCode=11055, accountNo=0001100014211002, payDate=20200929112923, additionalData=11, debitAmount=11200.0, respCode=00, respDesc=SUCCESS, traceTransfer=FT19310RH6P1, messageType=1, checkSum=2ec7c91e26cb3a725db2a3b85da09ccfa13475850e78a8ed20d79631eead3fb3, orderCode=FT19310RH6P1, userName=cntest001, realAmount=10100.0, promotionCode=11, tokenKey=160hd1hjf9fs19c70fH8ghfd70, addValue=com.example.paymentapi.model.AddValue@668a1701) 
2022-07-21 09:57:17,604 INFO com.example.paymentapi.service.RabbitMQSender [http-nio-9091-exec-1] correlationId 85d722b0-fbfc-478b-9b69-f3f277ed7b5a 
2022-07-21 09:57:17,605 INFO com.example.paymentapi.service.RabbitMQSender [http-nio-9091-exec-1] Send message to queue queue.rpc with data: {"apiID":"Api 001","mobile":"0345225630","bankCode":"11055","accountNo":"0001100014211002","payDate":"20200929112923","additionalData":"11","debitAmount":11200.0,"respCode":"00","respDesc":"SUCCESS","traceTransfer":"FT19310RH6P1","messageType":"1","checkSum":"2ec7c91e26cb3a725db2a3b85da09ccfa13475850e78a8ed20d79631eead3fb3","orderCode":"FT19310RH6P1","userName":"cntest001","realAmount":10100.0,"promotionCode":"11","tokenKey":"160hd1hjf9fs19c70fH8ghfd70","addValue":{"payMethod":"01","payMethodMMS":1}}
2022-07-21 09:57:19,678 INFO com.example.paymentapi.util.MessageResponse [http-nio-9091-exec-1] Send request success and receive response success with result: {"code":"00","message":"Response from partner api: Status response 200","stackTrace":[],"suppressedExceptions":[]}
2022-07-21 09:57:46,484 INFO com.example.paymentapi.controller.PaymentController [http-nio-9091-exec-3] Begin send request with data: PaymentRequest(apiID=Api 001, mobile=0345225630, bankCode=11055, accountNo=0001100014211002, payDate=20200929112923, additionalData=11, debitAmount=11200.0, respCode=00, respDesc=SUCCESS, traceTransfer=FT19310RH6P1, messageType=1, checkSum=2ec7c91e26cb3a725db2a3b85da09ccfa13475850e78a8ed20d79631eead3fb3, orderCode=FT19310RH6P1, userName=cntest001, realAmount=10100.0, promotionCode=11, tokenKey=160hd1hjf9fs19c70fH8ghfd70, addValue=com.example.paymentapi.model.AddValue@2430ba55)
2022-07-21 09:57:46,484 INFO com.example.paymentapi.controller.PaymentController [http-nio-9091-exec-3] Validate request with data PaymentRequest(apiID=Api 001, mobile=0345225630, bankCode=11055, accountNo=0001100014211002, payDate=20200929112923, additionalData=11, debitAmount=11200.0, respCode=00, respDesc=SUCCESS, traceTransfer=FT19310RH6P1, messageType=1, checkSum=2ec7c91e26cb3a725db2a3b85da09ccfa13475850e78a8ed20d79631eead3fb3, orderCode=FT19310RH6P1, userName=cntest001, realAmount=10100.0, promotionCode=11, tokenKey=160hd1hjf9fs19c70fH8ghfd70, addValue=com.example.paymentapi.model.AddValue@2430ba55) 
2022-07-21 09:57:46,484 INFO com.example.paymentapi.service.impl.PaymentServiceImpl [http-nio-9091-exec-3] Begin getPrivateKey() with Data Payment Request: PaymentRequest(apiID=Api 001, mobile=0345225630, bankCode=11055, accountNo=0001100014211002, payDate=20200929112923, additionalData=11, debitAmount=11200.0, respCode=00, respDesc=SUCCESS, traceTransfer=FT19310RH6P1, messageType=1, checkSum=2ec7c91e26cb3a725db2a3b85da09ccfa13475850e78a8ed20d79631eead3fb3, orderCode=FT19310RH6P1, userName=cntest001, realAmount=10100.0, promotionCode=11, tokenKey=160hd1hjf9fs19c70fH8ghfd70, addValue=com.example.paymentapi.model.AddValue@2430ba55)
2022-07-21 09:57:46,484 INFO com.example.paymentapi.service.impl.PaymentServiceImpl [http-nio-9091-exec-3] End getPrivateKeyByBankCode() Have Bank Code in YAML file
2022-07-21 09:57:46,484 INFO com.example.paymentapi.service.impl.PaymentServiceImpl [http-nio-9091-exec-3]  Begin checkSumSHA256() with data payment request PaymentRequest(apiID=Api 001, mobile=0345225630, bankCode=11055, accountNo=0001100014211002, payDate=20200929112923, additionalData=11, debitAmount=11200.0, respCode=00, respDesc=SUCCESS, traceTransfer=FT19310RH6P1, messageType=1, checkSum=2ec7c91e26cb3a725db2a3b85da09ccfa13475850e78a8ed20d79631eead3fb3, orderCode=FT19310RH6P1, userName=cntest001, realAmount=10100.0, promotionCode=11, tokenKey=160hd1hjf9fs19c70fH8ghfd70, addValue=com.example.paymentapi.model.AddValue@2430ba55)
2022-07-21 09:57:46,484 INFO com.example.paymentapi.service.impl.PaymentServiceImpl [http-nio-9091-exec-3] Begin getStringToHash with data PaymentRequest PaymentRequest(apiID=Api 001, mobile=0345225630, bankCode=11055, accountNo=0001100014211002, payDate=20200929112923, additionalData=11, debitAmount=11200.0, respCode=00, respDesc=SUCCESS, traceTransfer=FT19310RH6P1, messageType=1, checkSum=2ec7c91e26cb3a725db2a3b85da09ccfa13475850e78a8ed20d79631eead3fb3, orderCode=FT19310RH6P1, userName=cntest001, realAmount=10100.0, promotionCode=11, tokenKey=160hd1hjf9fs19c70fH8ghfd70, addValue=com.example.paymentapi.model.AddValue@2430ba55)
2022-07-21 09:57:46,484 INFO com.example.paymentapi.service.impl.PaymentServiceImpl [http-nio-9091-exec-3] Private key: lkjlk
2022-07-21 09:57:46,485 INFO com.example.paymentapi.service.impl.PaymentServiceImpl [http-nio-9091-exec-3] Append to String to HASH
2022-07-21 09:57:46,485 INFO com.example.paymentapi.service.impl.PaymentServiceImpl [http-nio-9091-exec-3] End getStringToHash success
2022-07-21 09:57:46,485 INFO com.example.paymentapi.service.impl.PaymentServiceImpl [http-nio-9091-exec-3] Check sum SHA256:[2ec7c91e26cb3a725db2a3b85da09ccfa13475850e78a8ed20d79631eead3fb3] 
2022-07-21 09:57:46,485 INFO com.example.paymentapi.service.impl.PaymentServiceImpl [http-nio-9091-exec-3] Checksum success
2022-07-21 09:57:46,485 INFO com.example.paymentapi.service.impl.PaymentServiceImpl [http-nio-9091-exec-3] Begin check valid of Token key 160hd1hjf9fs19c70fH8ghfd70
2022-07-21 09:57:46,487 INFO com.example.paymentapi.service.impl.PaymentServiceImpl [http-nio-9091-exec-3] Key exist? true
2022-07-21 09:57:46,489 INFO com.example.paymentapi.service.impl.PaymentServiceImpl [http-nio-9091-exec-3] Data put to redis: {"apiID":"Api 001","mobile":"0345225630","bankCode":"11055","accountNo":"0001100014211002","payDate":"20200929112923","additionalData":"11","debitAmount":11200.0,"respCode":"00","respDesc":"SUCCESS","traceTransfer":"FT19310RH6P1","messageType":"1","checkSum":"2ec7c91e26cb3a725db2a3b85da09ccfa13475850e78a8ed20d79631eead3fb3","orderCode":"FT19310RH6P1","userName":"cntest001","realAmount":10100.0,"promotionCode":"11","tokenKey":"160hd1hjf9fs19c70fH8ghfd70","addValue":{"payMethod":"01","payMethodMMS":1}}
2022-07-21 09:57:46,490 INFO com.example.paymentapi.service.impl.PaymentServiceImpl [http-nio-9091-exec-3] Expire time is: 50533 seconds
2022-07-21 09:57:46,490 INFO com.example.paymentapi.service.impl.PaymentServiceImpl [http-nio-9091-exec-3] Token key exist on day
2022-07-21 09:57:46,490 ERROR com.example.paymentapi.controller.PaymentController [http-nio-9091-exec-3] Send request fail with error code: 02
2022-07-21 09:58:13,075 INFO com.example.paymentapi.controller.PaymentController [http-nio-9091-exec-5] Begin send request with data: PaymentRequest(apiID=Api 001, mobile=0345225630, bankCode=110535, accountNo=0001100014211002, payDate=20200929112923, additionalData=11, debitAmount=11200.0, respCode=00, respDesc=SUCCESS, traceTransfer=FT19310RH6P1, messageType=1, checkSum=2ec7c91e26cb3a725db2a3b85da09ccfa13475850e78a8ed20d79631eead3fb3, orderCode=FT19310RH6P1, userName=cntest001, realAmount=10100.0, promotionCode=11, tokenKey=160hd1hjf9fs19c70fH8ghfd70, addValue=com.example.paymentapi.model.AddValue@2b3a731b)
2022-07-21 09:58:13,076 INFO com.example.paymentapi.controller.PaymentController [http-nio-9091-exec-5] Validate request with data PaymentRequest(apiID=Api 001, mobile=0345225630, bankCode=110535, accountNo=0001100014211002, payDate=20200929112923, additionalData=11, debitAmount=11200.0, respCode=00, respDesc=SUCCESS, traceTransfer=FT19310RH6P1, messageType=1, checkSum=2ec7c91e26cb3a725db2a3b85da09ccfa13475850e78a8ed20d79631eead3fb3, orderCode=FT19310RH6P1, userName=cntest001, realAmount=10100.0, promotionCode=11, tokenKey=160hd1hjf9fs19c70fH8ghfd70, addValue=com.example.paymentapi.model.AddValue@2b3a731b) 
2022-07-21 09:58:13,077 INFO com.example.paymentapi.service.impl.PaymentServiceImpl [http-nio-9091-exec-5] Begin getPrivateKey() with Data Payment Request: PaymentRequest(apiID=Api 001, mobile=0345225630, bankCode=110535, accountNo=0001100014211002, payDate=20200929112923, additionalData=11, debitAmount=11200.0, respCode=00, respDesc=SUCCESS, traceTransfer=FT19310RH6P1, messageType=1, checkSum=2ec7c91e26cb3a725db2a3b85da09ccfa13475850e78a8ed20d79631eead3fb3, orderCode=FT19310RH6P1, userName=cntest001, realAmount=10100.0, promotionCode=11, tokenKey=160hd1hjf9fs19c70fH8ghfd70, addValue=com.example.paymentapi.model.AddValue@2b3a731b)
2022-07-21 09:58:13,077 INFO com.example.paymentapi.service.impl.PaymentServiceImpl [http-nio-9091-exec-5] End getPrivateKeyByBankCode() Not have bank code in YAML file
2022-07-21 09:58:13,077 ERROR com.example.paymentapi.controller.PaymentController [http-nio-9091-exec-5] Send request fail with error code: 04
2022-07-21 09:59:34,383 INFO com.example.paymentapi.controller.PaymentController [http-nio-9091-exec-7] Begin send request with data: PaymentRequest(apiID=, mobile=0345225630, bankCode=110535, accountNo=0001100014211002, payDate=20200929112923, additionalData=11, debitAmount=11200.0, respCode=00, respDesc=SUCCESS, traceTransfer=FT19310RH6P1, messageType=1, checkSum=2ec7c91e26cb3a725db2a3b85da09ccfa13475850e78a8ed20d79631eead3fb3, orderCode=FT19310RH6P1, userName=cntest001, realAmount=10100.0, promotionCode=11, tokenKey=160hd1hjf9fs19c70fH8ghfd70, addValue=com.example.paymentapi.model.AddValue@53e074b3)
2022-07-21 09:59:34,384 INFO com.example.paymentapi.controller.PaymentController [http-nio-9091-exec-7] Validate request with data PaymentRequest(apiID=, mobile=0345225630, bankCode=110535, accountNo=0001100014211002, payDate=20200929112923, additionalData=11, debitAmount=11200.0, respCode=00, respDesc=SUCCESS, traceTransfer=FT19310RH6P1, messageType=1, checkSum=2ec7c91e26cb3a725db2a3b85da09ccfa13475850e78a8ed20d79631eead3fb3, orderCode=FT19310RH6P1, userName=cntest001, realAmount=10100.0, promotionCode=11, tokenKey=160hd1hjf9fs19c70fH8ghfd70, addValue=com.example.paymentapi.model.AddValue@53e074b3) 
2022-07-21 09:59:34,384 INFO com.example.paymentapi.service.impl.PaymentServiceImpl [http-nio-9091-exec-7] Begin getPrivateKey() with Data Payment Request: PaymentRequest(apiID=, mobile=0345225630, bankCode=110535, accountNo=0001100014211002, payDate=20200929112923, additionalData=11, debitAmount=11200.0, respCode=00, respDesc=SUCCESS, traceTransfer=FT19310RH6P1, messageType=1, checkSum=2ec7c91e26cb3a725db2a3b85da09ccfa13475850e78a8ed20d79631eead3fb3, orderCode=FT19310RH6P1, userName=cntest001, realAmount=10100.0, promotionCode=11, tokenKey=160hd1hjf9fs19c70fH8ghfd70, addValue=com.example.paymentapi.model.AddValue@53e074b3)
2022-07-21 09:59:34,384 INFO com.example.paymentapi.service.impl.PaymentServiceImpl [http-nio-9091-exec-7] End getPrivateKeyByBankCode() Not have bank code in YAML file
2022-07-21 09:59:34,384 ERROR com.example.paymentapi.controller.PaymentController [http-nio-9091-exec-7] Send request fail with error code: 04
2022-07-21 09:59:40,541 INFO com.example.paymentapi.controller.PaymentController [http-nio-9091-exec-9] Begin send request with data: PaymentRequest(apiID=, mobile=0345225630, bankCode=11035, accountNo=0001100014211002, payDate=20200929112923, additionalData=11, debitAmount=11200.0, respCode=00, respDesc=SUCCESS, traceTransfer=FT19310RH6P1, messageType=1, checkSum=2ec7c91e26cb3a725db2a3b85da09ccfa13475850e78a8ed20d79631eead3fb3, orderCode=FT19310RH6P1, userName=cntest001, realAmount=10100.0, promotionCode=11, tokenKey=160hd1hjf9fs19c70fH8ghfd70, addValue=com.example.paymentapi.model.AddValue@34e95480)
2022-07-21 09:59:40,542 INFO com.example.paymentapi.controller.PaymentController [http-nio-9091-exec-9] Validate request with data PaymentRequest(apiID=, mobile=0345225630, bankCode=11035, accountNo=0001100014211002, payDate=20200929112923, additionalData=11, debitAmount=11200.0, respCode=00, respDesc=SUCCESS, traceTransfer=FT19310RH6P1, messageType=1, checkSum=2ec7c91e26cb3a725db2a3b85da09ccfa13475850e78a8ed20d79631eead3fb3, orderCode=FT19310RH6P1, userName=cntest001, realAmount=10100.0, promotionCode=11, tokenKey=160hd1hjf9fs19c70fH8ghfd70, addValue=com.example.paymentapi.model.AddValue@34e95480) 
2022-07-21 09:59:40,542 INFO com.example.paymentapi.service.impl.PaymentServiceImpl [http-nio-9091-exec-9] Begin getPrivateKey() with Data Payment Request: PaymentRequest(apiID=, mobile=0345225630, bankCode=11035, accountNo=0001100014211002, payDate=20200929112923, additionalData=11, debitAmount=11200.0, respCode=00, respDesc=SUCCESS, traceTransfer=FT19310RH6P1, messageType=1, checkSum=2ec7c91e26cb3a725db2a3b85da09ccfa13475850e78a8ed20d79631eead3fb3, orderCode=FT19310RH6P1, userName=cntest001, realAmount=10100.0, promotionCode=11, tokenKey=160hd1hjf9fs19c70fH8ghfd70, addValue=com.example.paymentapi.model.AddValue@34e95480)
2022-07-21 09:59:40,542 INFO com.example.paymentapi.service.impl.PaymentServiceImpl [http-nio-9091-exec-9] End getPrivateKeyByBankCode() Not have bank code in YAML file
2022-07-21 09:59:40,542 ERROR com.example.paymentapi.controller.PaymentController [http-nio-9091-exec-9] Send request fail with error code: 04
2022-07-21 09:59:49,931 INFO com.example.paymentapi.controller.PaymentController [http-nio-9091-exec-2] Begin send request with data: PaymentRequest(apiID=, mobile=0345225630, bankCode=11055, accountNo=0001100014211002, payDate=20200929112923, additionalData=11, debitAmount=11200.0, respCode=00, respDesc=SUCCESS, traceTransfer=FT19310RH6P1, messageType=1, checkSum=2ec7c91e26cb3a725db2a3b85da09ccfa13475850e78a8ed20d79631eead3fb3, orderCode=FT19310RH6P1, userName=cntest001, realAmount=10100.0, promotionCode=11, tokenKey=160hd1hjf9fs19c70fH8ghfd70, addValue=com.example.paymentapi.model.AddValue@5087a5c1)
2022-07-21 09:59:49,932 INFO com.example.paymentapi.controller.PaymentController [http-nio-9091-exec-2] Validate request with data PaymentRequest(apiID=, mobile=0345225630, bankCode=11055, accountNo=0001100014211002, payDate=20200929112923, additionalData=11, debitAmount=11200.0, respCode=00, respDesc=SUCCESS, traceTransfer=FT19310RH6P1, messageType=1, checkSum=2ec7c91e26cb3a725db2a3b85da09ccfa13475850e78a8ed20d79631eead3fb3, orderCode=FT19310RH6P1, userName=cntest001, realAmount=10100.0, promotionCode=11, tokenKey=160hd1hjf9fs19c70fH8ghfd70, addValue=com.example.paymentapi.model.AddValue@5087a5c1) 
2022-07-21 09:59:49,933 INFO com.example.paymentapi.service.impl.PaymentServiceImpl [http-nio-9091-exec-2] Begin getPrivateKey() with Data Payment Request: PaymentRequest(apiID=, mobile=0345225630, bankCode=11055, accountNo=0001100014211002, payDate=20200929112923, additionalData=11, debitAmount=11200.0, respCode=00, respDesc=SUCCESS, traceTransfer=FT19310RH6P1, messageType=1, checkSum=2ec7c91e26cb3a725db2a3b85da09ccfa13475850e78a8ed20d79631eead3fb3, orderCode=FT19310RH6P1, userName=cntest001, realAmount=10100.0, promotionCode=11, tokenKey=160hd1hjf9fs19c70fH8ghfd70, addValue=com.example.paymentapi.model.AddValue@5087a5c1)
2022-07-21 09:59:49,933 INFO com.example.paymentapi.service.impl.PaymentServiceImpl [http-nio-9091-exec-2] End getPrivateKeyByBankCode() Have Bank Code in YAML file
2022-07-21 09:59:49,934 INFO com.example.paymentapi.service.impl.PaymentServiceImpl [http-nio-9091-exec-2]  Begin checkSumSHA256() with data payment request PaymentRequest(apiID=, mobile=0345225630, bankCode=11055, accountNo=0001100014211002, payDate=20200929112923, additionalData=11, debitAmount=11200.0, respCode=00, respDesc=SUCCESS, traceTransfer=FT19310RH6P1, messageType=1, checkSum=2ec7c91e26cb3a725db2a3b85da09ccfa13475850e78a8ed20d79631eead3fb3, orderCode=FT19310RH6P1, userName=cntest001, realAmount=10100.0, promotionCode=11, tokenKey=160hd1hjf9fs19c70fH8ghfd70, addValue=com.example.paymentapi.model.AddValue@5087a5c1)
2022-07-21 09:59:49,934 INFO com.example.paymentapi.service.impl.PaymentServiceImpl [http-nio-9091-exec-2] Begin getStringToHash with data PaymentRequest PaymentRequest(apiID=, mobile=0345225630, bankCode=11055, accountNo=0001100014211002, payDate=20200929112923, additionalData=11, debitAmount=11200.0, respCode=00, respDesc=SUCCESS, traceTransfer=FT19310RH6P1, messageType=1, checkSum=2ec7c91e26cb3a725db2a3b85da09ccfa13475850e78a8ed20d79631eead3fb3, orderCode=FT19310RH6P1, userName=cntest001, realAmount=10100.0, promotionCode=11, tokenKey=160hd1hjf9fs19c70fH8ghfd70, addValue=com.example.paymentapi.model.AddValue@5087a5c1)
2022-07-21 09:59:49,934 INFO com.example.paymentapi.service.impl.PaymentServiceImpl [http-nio-9091-exec-2] Private key: lkjlk
2022-07-21 09:59:49,934 INFO com.example.paymentapi.service.impl.PaymentServiceImpl [http-nio-9091-exec-2] Append to String to HASH
2022-07-21 09:59:49,934 INFO com.example.paymentapi.service.impl.PaymentServiceImpl [http-nio-9091-exec-2] End getStringToHash success
2022-07-21 09:59:49,934 INFO com.example.paymentapi.service.impl.PaymentServiceImpl [http-nio-9091-exec-2] Check sum SHA256:[2ec7c91e26cb3a725db2a3b85da09ccfa13475850e78a8ed20d79631eead3fb3] 
2022-07-21 09:59:49,935 INFO com.example.paymentapi.service.impl.PaymentServiceImpl [http-nio-9091-exec-2] Checksum success
2022-07-21 09:59:49,935 INFO com.example.paymentapi.service.impl.PaymentServiceImpl [http-nio-9091-exec-2] Begin check valid of Token key 160hd1hjf9fs19c70fH8ghfd70
2022-07-21 09:59:49,937 INFO com.example.paymentapi.service.impl.PaymentServiceImpl [http-nio-9091-exec-2] Key exist? true
2022-07-21 09:59:49,938 INFO com.example.paymentapi.service.impl.PaymentServiceImpl [http-nio-9091-exec-2] Data put to redis: {"apiID":"","mobile":"0345225630","bankCode":"11055","accountNo":"0001100014211002","payDate":"20200929112923","additionalData":"11","debitAmount":11200.0,"respCode":"00","respDesc":"SUCCESS","traceTransfer":"FT19310RH6P1","messageType":"1","checkSum":"2ec7c91e26cb3a725db2a3b85da09ccfa13475850e78a8ed20d79631eead3fb3","orderCode":"FT19310RH6P1","userName":"cntest001","realAmount":10100.0,"promotionCode":"11","tokenKey":"160hd1hjf9fs19c70fH8ghfd70","addValue":{"payMethod":"01","payMethodMMS":1}}
2022-07-21 09:59:49,938 INFO com.example.paymentapi.service.impl.PaymentServiceImpl [http-nio-9091-exec-2] Expire time is: 50410 seconds
2022-07-21 09:59:49,939 INFO com.example.paymentapi.service.impl.PaymentServiceImpl [http-nio-9091-exec-2] Token key exist on day
2022-07-21 09:59:49,940 ERROR com.example.paymentapi.controller.PaymentController [http-nio-9091-exec-2] Send request fail with error code: 02
2022-07-21 09:59:53,161 INFO com.example.paymentapi.controller.PaymentController [http-nio-9091-exec-1] Begin send request with data: PaymentRequest(apiID=, mobile=0345225630, bankCode=11055, accountNo=0001100014211002, payDate=20200929112923, additionalData=11, debitAmount=11200.0, respCode=00, respDesc=SUCCESS, traceTransfer=FT19310RH6P1, messageType=1, checkSum=2ec7c91e26cb3a725db2a3b85da09ccfa13475850e78a8ed20d79631eead3fb3, orderCode=FT19310RH6P1, userName=cntest001, realAmount=10100.0, promotionCode=11, tokenKey=160hd1hjf9fs19c70fH8gdhfd70, addValue=com.example.paymentapi.model.AddValue@4fc00f91)
2022-07-21 09:59:53,161 INFO com.example.paymentapi.controller.PaymentController [http-nio-9091-exec-1] Validate request with data PaymentRequest(apiID=, mobile=0345225630, bankCode=11055, accountNo=0001100014211002, payDate=20200929112923, additionalData=11, debitAmount=11200.0, respCode=00, respDesc=SUCCESS, traceTransfer=FT19310RH6P1, messageType=1, checkSum=2ec7c91e26cb3a725db2a3b85da09ccfa13475850e78a8ed20d79631eead3fb3, orderCode=FT19310RH6P1, userName=cntest001, realAmount=10100.0, promotionCode=11, tokenKey=160hd1hjf9fs19c70fH8gdhfd70, addValue=com.example.paymentapi.model.AddValue@4fc00f91) 
2022-07-21 09:59:53,161 INFO com.example.paymentapi.service.impl.PaymentServiceImpl [http-nio-9091-exec-1] Begin getPrivateKey() with Data Payment Request: PaymentRequest(apiID=, mobile=0345225630, bankCode=11055, accountNo=0001100014211002, payDate=20200929112923, additionalData=11, debitAmount=11200.0, respCode=00, respDesc=SUCCESS, traceTransfer=FT19310RH6P1, messageType=1, checkSum=2ec7c91e26cb3a725db2a3b85da09ccfa13475850e78a8ed20d79631eead3fb3, orderCode=FT19310RH6P1, userName=cntest001, realAmount=10100.0, promotionCode=11, tokenKey=160hd1hjf9fs19c70fH8gdhfd70, addValue=com.example.paymentapi.model.AddValue@4fc00f91)
2022-07-21 09:59:53,162 INFO com.example.paymentapi.service.impl.PaymentServiceImpl [http-nio-9091-exec-1] End getPrivateKeyByBankCode() Have Bank Code in YAML file
2022-07-21 09:59:53,162 INFO com.example.paymentapi.service.impl.PaymentServiceImpl [http-nio-9091-exec-1]  Begin checkSumSHA256() with data payment request PaymentRequest(apiID=, mobile=0345225630, bankCode=11055, accountNo=0001100014211002, payDate=20200929112923, additionalData=11, debitAmount=11200.0, respCode=00, respDesc=SUCCESS, traceTransfer=FT19310RH6P1, messageType=1, checkSum=2ec7c91e26cb3a725db2a3b85da09ccfa13475850e78a8ed20d79631eead3fb3, orderCode=FT19310RH6P1, userName=cntest001, realAmount=10100.0, promotionCode=11, tokenKey=160hd1hjf9fs19c70fH8gdhfd70, addValue=com.example.paymentapi.model.AddValue@4fc00f91)
2022-07-21 09:59:53,162 INFO com.example.paymentapi.service.impl.PaymentServiceImpl [http-nio-9091-exec-1] Begin getStringToHash with data PaymentRequest PaymentRequest(apiID=, mobile=0345225630, bankCode=11055, accountNo=0001100014211002, payDate=20200929112923, additionalData=11, debitAmount=11200.0, respCode=00, respDesc=SUCCESS, traceTransfer=FT19310RH6P1, messageType=1, checkSum=2ec7c91e26cb3a725db2a3b85da09ccfa13475850e78a8ed20d79631eead3fb3, orderCode=FT19310RH6P1, userName=cntest001, realAmount=10100.0, promotionCode=11, tokenKey=160hd1hjf9fs19c70fH8gdhfd70, addValue=com.example.paymentapi.model.AddValue@4fc00f91)
2022-07-21 09:59:53,162 INFO com.example.paymentapi.service.impl.PaymentServiceImpl [http-nio-9091-exec-1] Private key: lkjlk
2022-07-21 09:59:53,162 INFO com.example.paymentapi.service.impl.PaymentServiceImpl [http-nio-9091-exec-1] Append to String to HASH
2022-07-21 09:59:53,162 INFO com.example.paymentapi.service.impl.PaymentServiceImpl [http-nio-9091-exec-1] End getStringToHash success
2022-07-21 09:59:53,162 INFO com.example.paymentapi.service.impl.PaymentServiceImpl [http-nio-9091-exec-1] Check sum SHA256:[2ec7c91e26cb3a725db2a3b85da09ccfa13475850e78a8ed20d79631eead3fb3] 
2022-07-21 09:59:53,162 INFO com.example.paymentapi.service.impl.PaymentServiceImpl [http-nio-9091-exec-1] Checksum success
2022-07-21 09:59:53,162 INFO com.example.paymentapi.service.impl.PaymentServiceImpl [http-nio-9091-exec-1] Begin check valid of Token key 160hd1hjf9fs19c70fH8gdhfd70
2022-07-21 09:59:53,163 INFO com.example.paymentapi.service.impl.PaymentServiceImpl [http-nio-9091-exec-1] Key exist? false
2022-07-21 09:59:53,163 INFO com.example.paymentapi.service.impl.PaymentServiceImpl [http-nio-9091-exec-1] Data put to redis: {"apiID":"","mobile":"0345225630","bankCode":"11055","accountNo":"0001100014211002","payDate":"20200929112923","additionalData":"11","debitAmount":11200.0,"respCode":"00","respDesc":"SUCCESS","traceTransfer":"FT19310RH6P1","messageType":"1","checkSum":"2ec7c91e26cb3a725db2a3b85da09ccfa13475850e78a8ed20d79631eead3fb3","orderCode":"FT19310RH6P1","userName":"cntest001","realAmount":10100.0,"promotionCode":"11","tokenKey":"160hd1hjf9fs19c70fH8gdhfd70","addValue":{"payMethod":"01","payMethodMMS":1}}
2022-07-21 09:59:53,164 INFO com.example.paymentapi.service.impl.PaymentServiceImpl [http-nio-9091-exec-1] Expire time is: 50406 seconds
2022-07-21 09:59:53,164 INFO com.example.paymentapi.service.impl.PaymentServiceImpl [http-nio-9091-exec-1] Token key can use on day
2022-07-21 09:59:53,164 INFO com.example.paymentapi.controller.PaymentController [http-nio-9091-exec-1]  Requesting data payment to RabbitMQ PaymentRequest(apiID=, mobile=0345225630, bankCode=11055, accountNo=0001100014211002, payDate=20200929112923, additionalData=11, debitAmount=11200.0, respCode=00, respDesc=SUCCESS, traceTransfer=FT19310RH6P1, messageType=1, checkSum=2ec7c91e26cb3a725db2a3b85da09ccfa13475850e78a8ed20d79631eead3fb3, orderCode=FT19310RH6P1, userName=cntest001, realAmount=10100.0, promotionCode=11, tokenKey=160hd1hjf9fs19c70fH8gdhfd70, addValue=com.example.paymentapi.model.AddValue@4fc00f91)
2022-07-21 09:59:53,164 INFO com.example.paymentapi.service.RabbitMQSender [http-nio-9091-exec-1] Begin call to rabbitmq with data PaymentRequest(apiID=, mobile=0345225630, bankCode=11055, accountNo=0001100014211002, payDate=20200929112923, additionalData=11, debitAmount=11200.0, respCode=00, respDesc=SUCCESS, traceTransfer=FT19310RH6P1, messageType=1, checkSum=2ec7c91e26cb3a725db2a3b85da09ccfa13475850e78a8ed20d79631eead3fb3, orderCode=FT19310RH6P1, userName=cntest001, realAmount=10100.0, promotionCode=11, tokenKey=160hd1hjf9fs19c70fH8gdhfd70, addValue=com.example.paymentapi.model.AddValue@4fc00f91) 
2022-07-21 09:59:53,169 INFO com.example.paymentapi.service.RabbitMQSender [http-nio-9091-exec-1] correlationId 3f6210d6-4519-4a2d-bb6c-b3b8bfb7b113 
2022-07-21 09:59:53,169 INFO com.example.paymentapi.service.RabbitMQSender [http-nio-9091-exec-1] Send message to queue queue.rpc with data: {"apiID":"","mobile":"0345225630","bankCode":"11055","accountNo":"0001100014211002","payDate":"20200929112923","additionalData":"11","debitAmount":11200.0,"respCode":"00","respDesc":"SUCCESS","traceTransfer":"FT19310RH6P1","messageType":"1","checkSum":"2ec7c91e26cb3a725db2a3b85da09ccfa13475850e78a8ed20d79631eead3fb3","orderCode":"FT19310RH6P1","userName":"cntest001","realAmount":10100.0,"promotionCode":"11","tokenKey":"160hd1hjf9fs19c70fH8gdhfd70","addValue":{"payMethod":"01","payMethodMMS":1}}
2022-07-21 09:59:53,672 INFO com.example.paymentapi.util.MessageResponse [http-nio-9091-exec-1] Send request success and receive response success with result: {"code":"00","message":"Response from partner api: Status response 200","stackTrace":[],"suppressedExceptions":[]}
2022-07-21 10:02:02,502 INFO org.springframework.boot.StartupInfoLogger [restartedMain] Starting PaymentApiApplication using Java 18.0.1.1 on tuanlt2 with PID 10032 (D:\Git\demoVNPAY\vnpayDemo\payment-api\target\classes started by tuanlt2 in D:\Git\demoVNPAY\vnpayDemo\payment-api)
2022-07-21 10:02:02,504 INFO org.springframework.boot.SpringApplication [restartedMain] No active profile set, falling back to 1 default profile: "default"
2022-07-21 10:02:02,509 INFO org.hibernate.validator.internal.util.Version [background-preinit] HV000001: Hibernate Validator 6.2.3.Final
2022-07-21 10:02:02,538 INFO org.springframework.boot.logging.DeferredLog [restartedMain] Devtools property defaults active! Set 'spring.devtools.add-properties' to 'false' to disable
2022-07-21 10:02:02,539 INFO org.springframework.boot.logging.DeferredLog [restartedMain] For additional web related logging consider setting the 'logging.level.web' property to 'DEBUG'
2022-07-21 10:02:02,915 INFO org.springframework.data.repository.config.RepositoryConfigurationDelegate [restartedMain] Multiple Spring Data modules found, entering strict repository configuration mode!
2022-07-21 10:02:02,916 INFO org.springframework.data.repository.config.RepositoryConfigurationDelegate [restartedMain] Bootstrapping Spring Data Redis repositories in DEFAULT mode.
2022-07-21 10:02:02,929 INFO org.springframework.data.repository.config.RepositoryConfigurationDelegate [restartedMain] Finished Spring Data repository scanning in 4 ms. Found 0 Redis repository interfaces.
2022-07-21 10:02:03,253 INFO org.springframework.boot.web.embedded.tomcat.TomcatWebServer [restartedMain] Tomcat initialized with port(s): 9091 (http)
2022-07-21 10:02:03,257 INFO org.apache.juli.logging.DirectJDKLog [restartedMain] Initializing ProtocolHandler ["http-nio-9091"]
2022-07-21 10:02:03,257 INFO org.apache.juli.logging.DirectJDKLog [restartedMain] Starting service [Tomcat]
2022-07-21 10:02:03,258 INFO org.apache.juli.logging.DirectJDKLog [restartedMain] Starting Servlet engine: [Apache Tomcat/9.0.63]
2022-07-21 10:02:03,316 INFO org.apache.juli.logging.DirectJDKLog [restartedMain] Initializing Spring embedded WebApplicationContext
2022-07-21 10:02:03,316 INFO org.springframework.boot.web.servlet.context.ServletWebServerApplicationContext [restartedMain] Root WebApplicationContext: initialization completed in 777 ms
2022-07-21 10:02:03,859 INFO org.springframework.boot.devtools.autoconfigure.OptionalLiveReloadServer [restartedMain] LiveReload server is running on port 35729
2022-07-21 10:02:03,896 INFO org.apache.juli.logging.DirectJDKLog [restartedMain] Starting ProtocolHandler ["http-nio-9091"]
2022-07-21 10:02:03,913 INFO org.springframework.boot.web.embedded.tomcat.TomcatWebServer [restartedMain] Tomcat started on port(s): 9091 (http) with context path ''
2022-07-21 10:02:03,921 INFO org.springframework.boot.StartupInfoLogger [restartedMain] Started PaymentApiApplication in 1.658 seconds (JVM running for 2.345)
2022-07-21 10:02:08,075 INFO org.apache.juli.logging.DirectJDKLog [http-nio-9091-exec-2] Initializing Spring DispatcherServlet 'dispatcherServlet'
2022-07-21 10:02:08,075 INFO org.springframework.web.servlet.FrameworkServlet [http-nio-9091-exec-2] Initializing Servlet 'dispatcherServlet'
2022-07-21 10:02:08,076 INFO org.springframework.web.servlet.FrameworkServlet [http-nio-9091-exec-2] Completed initialization in 1 ms
2022-07-21 10:02:08,197 ERROR org.apache.juli.logging.DirectJDKLog [http-nio-9091-exec-2] Servlet.service() for servlet [dispatcherServlet] in context with path [] threw exception [Request processing failed; nested exception is javax.validation.UnexpectedTypeException: HV000030: No validator could be found for constraint 'javax.validation.constraints.NotEmpty' validating type 'com.example.paymentapi.model.AddValue'. Check configuration for 'addValue'] with root cause
javax.validation.UnexpectedTypeException: HV000030: No validator could be found for constraint 'javax.validation.constraints.NotEmpty' validating type 'com.example.paymentapi.model.AddValue'. Check configuration for 'addValue'
	at org.hibernate.validator.internal.engine.constraintvalidation.ConstraintTree.getExceptionForNullValidator(ConstraintTree.java:116)
	at org.hibernate.validator.internal.engine.constraintvalidation.ConstraintTree.getInitializedConstraintValidator(ConstraintTree.java:162)
	at org.hibernate.validator.internal.engine.constraintvalidation.SimpleConstraintTree.validateConstraints(SimpleConstraintTree.java:54)
	at org.hibernate.validator.internal.engine.constraintvalidation.ConstraintTree.validateConstraints(ConstraintTree.java:75)
	at org.hibernate.validator.internal.metadata.core.MetaConstraint.doValidateConstraint(MetaConstraint.java:130)
	at org.hibernate.validator.internal.metadata.core.MetaConstraint.validateConstraint(MetaConstraint.java:123)
	at org.hibernate.validator.internal.engine.ValidatorImpl.validateMetaConstraint(ValidatorImpl.java:555)
	at org.hibernate.validator.internal.engine.ValidatorImpl.validateConstraintsForSingleDefaultGroupElement(ValidatorImpl.java:518)
	at org.hibernate.validator.internal.engine.ValidatorImpl.validateConstraintsForDefaultGroup(ValidatorImpl.java:488)
	at org.hibernate.validator.internal.engine.ValidatorImpl.validateConstraintsForCurrentGroup(ValidatorImpl.java:450)
	at org.hibernate.validator.internal.engine.ValidatorImpl.validateInContext(ValidatorImpl.java:400)
	at org.hibernate.validator.internal.engine.ValidatorImpl.validate(ValidatorImpl.java:172)
	at org.springframework.validation.beanvalidation.SpringValidatorAdapter.validate(SpringValidatorAdapter.java:109)
	at org.springframework.boot.autoconfigure.validation.ValidatorAdapter.validate(ValidatorAdapter.java:66)
	at org.springframework.validation.DataBinder.validate(DataBinder.java:933)
	at org.springframework.web.servlet.mvc.method.annotation.AbstractMessageConverterMethodArgumentResolver.validateIfApplicable(AbstractMessageConverterMethodArgumentResolver.java:250)
	at org.springframework.web.servlet.mvc.method.annotation.RequestResponseBodyMethodProcessor.resolveArgument(RequestResponseBodyMethodProcessor.java:139)
	at org.springframework.web.method.support.HandlerMethodArgumentResolverComposite.resolveArgument(HandlerMethodArgumentResolverComposite.java:122)
	at org.springframework.web.method.support.InvocableHandlerMethod.getMethodArgumentValues(InvocableHandlerMethod.java:179)
	at org.springframework.web.method.support.InvocableHandlerMethod.invokeForRequest(InvocableHandlerMethod.java:146)
	at org.springframework.web.servlet.mvc.method.annotation.ServletInvocableHandlerMethod.invokeAndHandle(ServletInvocableHandlerMethod.java:117)
	at org.springframework.web.servlet.mvc.method.annotation.RequestMappingHandlerAdapter.invokeHandlerMethod(RequestMappingHandlerAdapter.java:895)
	at org.springframework.web.servlet.mvc.method.annotation.RequestMappingHandlerAdapter.handleInternal(RequestMappingHandlerAdapter.java:808)
	at org.springframework.web.servlet.mvc.method.AbstractHandlerMethodAdapter.handle(AbstractHandlerMethodAdapter.java:87)
	at org.springframework.web.servlet.DispatcherServlet.doDispatch(DispatcherServlet.java:1067)
	at org.springframework.web.servlet.DispatcherServlet.doService(DispatcherServlet.java:963)
	at org.springframework.web.servlet.FrameworkServlet.processRequest(FrameworkServlet.java:1006)
	at org.springframework.web.servlet.FrameworkServlet.doPost(FrameworkServlet.java:909)
	at javax.servlet.http.HttpServlet.service(HttpServlet.java:681)
	at org.springframework.web.servlet.FrameworkServlet.service(FrameworkServlet.java:883)
	at javax.servlet.http.HttpServlet.service(HttpServlet.java:764)
	at org.apache.catalina.core.ApplicationFilterChain.internalDoFilter(ApplicationFilterChain.java:227)
	at org.apache.catalina.core.ApplicationFilterChain.doFilter(ApplicationFilterChain.java:162)
	at org.apache.tomcat.websocket.server.WsFilter.doFilter(WsFilter.java:53)
	at org.apache.catalina.core.ApplicationFilterChain.internalDoFilter(ApplicationFilterChain.java:189)
	at org.apache.catalina.core.ApplicationFilterChain.doFilter(ApplicationFilterChain.java:162)
	at org.springframework.web.filter.RequestContextFilter.doFilterInternal(RequestContextFilter.java:100)
	at org.springframework.web.filter.OncePerRequestFilter.doFilter(OncePerRequestFilter.java:117)
	at org.apache.catalina.core.ApplicationFilterChain.internalDoFilter(ApplicationFilterChain.java:189)
	at org.apache.catalina.core.ApplicationFilterChain.doFilter(ApplicationFilterChain.java:162)
	at org.springframework.web.filter.FormContentFilter.doFilterInternal(FormContentFilter.java:93)
	at org.springframework.web.filter.OncePerRequestFilter.doFilter(OncePerRequestFilter.java:117)
	at org.apache.catalina.core.ApplicationFilterChain.internalDoFilter(ApplicationFilterChain.java:189)
	at org.apache.catalina.core.ApplicationFilterChain.doFilter(ApplicationFilterChain.java:162)
	at org.springframework.web.filter.CharacterEncodingFilter.doFilterInternal(CharacterEncodingFilter.java:201)
	at org.springframework.web.filter.OncePerRequestFilter.doFilter(OncePerRequestFilter.java:117)
	at org.apache.catalina.core.ApplicationFilterChain.internalDoFilter(ApplicationFilterChain.java:189)
	at org.apache.catalina.core.ApplicationFilterChain.doFilter(ApplicationFilterChain.java:162)
	at org.apache.catalina.core.StandardWrapperValve.invoke(StandardWrapperValve.java:197)
	at org.apache.catalina.core.StandardContextValve.invoke(StandardContextValve.java:97)
	at org.apache.catalina.authenticator.AuthenticatorBase.invoke(AuthenticatorBase.java:541)
	at org.apache.catalina.core.StandardHostValve.invoke(StandardHostValve.java:135)
	at org.apache.catalina.valves.ErrorReportValve.invoke(ErrorReportValve.java:92)
	at org.apache.catalina.core.StandardEngineValve.invoke(StandardEngineValve.java:78)
	at org.apache.catalina.connector.CoyoteAdapter.service(CoyoteAdapter.java:360)
	at org.apache.coyote.http11.Http11Processor.service(Http11Processor.java:399)
	at org.apache.coyote.AbstractProcessorLight.process(AbstractProcessorLight.java:65)
	at org.apache.coyote.AbstractProtocol$ConnectionHandler.process(AbstractProtocol.java:890)
	at org.apache.tomcat.util.net.NioEndpoint$SocketProcessor.doRun(NioEndpoint.java:1743)
	at org.apache.tomcat.util.net.SocketProcessorBase.run(SocketProcessorBase.java:49)
	at org.apache.tomcat.util.threads.ThreadPoolExecutor.runWorker(ThreadPoolExecutor.java:1191)
	at org.apache.tomcat.util.threads.ThreadPoolExecutor$Worker.run(ThreadPoolExecutor.java:659)
	at org.apache.tomcat.util.threads.TaskThread$WrappingRunnable.run(TaskThread.java:61)
	at java.base/java.lang.Thread.run(Thread.java:833)
2022-07-21 10:02:23,505 INFO org.springframework.boot.StartupInfoLogger [restartedMain] Starting PaymentApiApplication using Java 18.0.1.1 on tuanlt2 with PID 15624 (D:\Git\demoVNPAY\vnpayDemo\payment-api\target\classes started by tuanlt2 in D:\Git\demoVNPAY\vnpayDemo\payment-api)
2022-07-21 10:02:23,507 INFO org.springframework.boot.SpringApplication [restartedMain] No active profile set, falling back to 1 default profile: "default"
2022-07-21 10:02:23,510 INFO org.hibernate.validator.internal.util.Version [background-preinit] HV000001: Hibernate Validator 6.2.3.Final
2022-07-21 10:02:23,553 INFO org.springframework.boot.logging.DeferredLog [restartedMain] Devtools property defaults active! Set 'spring.devtools.add-properties' to 'false' to disable
2022-07-21 10:02:23,554 INFO org.springframework.boot.logging.DeferredLog [restartedMain] For additional web related logging consider setting the 'logging.level.web' property to 'DEBUG'
2022-07-21 10:02:23,940 INFO org.springframework.data.repository.config.RepositoryConfigurationDelegate [restartedMain] Multiple Spring Data modules found, entering strict repository configuration mode!
2022-07-21 10:02:23,941 INFO org.springframework.data.repository.config.RepositoryConfigurationDelegate [restartedMain] Bootstrapping Spring Data Redis repositories in DEFAULT mode.
2022-07-21 10:02:23,953 INFO org.springframework.data.repository.config.RepositoryConfigurationDelegate [restartedMain] Finished Spring Data repository scanning in 4 ms. Found 0 Redis repository interfaces.
2022-07-21 10:02:24,261 INFO org.springframework.boot.web.embedded.tomcat.TomcatWebServer [restartedMain] Tomcat initialized with port(s): 9091 (http)
2022-07-21 10:02:24,265 INFO org.apache.juli.logging.DirectJDKLog [restartedMain] Initializing ProtocolHandler ["http-nio-9091"]
2022-07-21 10:02:24,265 INFO org.apache.juli.logging.DirectJDKLog [restartedMain] Starting service [Tomcat]
2022-07-21 10:02:24,265 INFO org.apache.juli.logging.DirectJDKLog [restartedMain] Starting Servlet engine: [Apache Tomcat/9.0.63]
2022-07-21 10:02:24,329 INFO org.apache.juli.logging.DirectJDKLog [restartedMain] Initializing Spring embedded WebApplicationContext
2022-07-21 10:02:24,329 INFO org.springframework.boot.web.servlet.context.ServletWebServerApplicationContext [restartedMain] Root WebApplicationContext: initialization completed in 775 ms
2022-07-21 10:02:24,893 INFO org.springframework.boot.devtools.autoconfigure.OptionalLiveReloadServer [restartedMain] LiveReload server is running on port 35729
2022-07-21 10:02:24,929 INFO org.apache.juli.logging.DirectJDKLog [restartedMain] Starting ProtocolHandler ["http-nio-9091"]
2022-07-21 10:02:24,947 INFO org.springframework.boot.web.embedded.tomcat.TomcatWebServer [restartedMain] Tomcat started on port(s): 9091 (http) with context path ''
2022-07-21 10:02:24,956 INFO org.springframework.boot.StartupInfoLogger [restartedMain] Started PaymentApiApplication in 1.679 seconds (JVM running for 2.371)
2022-07-21 10:02:37,253 INFO org.apache.juli.logging.DirectJDKLog [http-nio-9091-exec-2] Initializing Spring DispatcherServlet 'dispatcherServlet'
2022-07-21 10:02:37,253 INFO org.springframework.web.servlet.FrameworkServlet [http-nio-9091-exec-2] Initializing Servlet 'dispatcherServlet'
2022-07-21 10:02:37,254 INFO org.springframework.web.servlet.FrameworkServlet [http-nio-9091-exec-2] Completed initialization in 1 ms
2022-07-21 10:02:37,335 WARN org.springframework.web.servlet.handler.AbstractHandlerExceptionResolver [http-nio-9091-exec-2] Resolved [org.springframework.http.converter.HttpMessageNotReadableException: JSON parse error: Unexpected character (',' (code 44)): expected a value; nested exception is com.fasterxml.jackson.databind.JsonMappingException: Unexpected character (',' (code 44)): expected a value<EOL> at [Source: (org.springframework.util.StreamUtils$NonClosingInputStream); line: 21, column: 22] (through reference chain: com.example.paymentapi.model.PaymentRequest["addValue"])]
2022-07-21 10:02:52,607 ERROR org.apache.juli.logging.DirectJDKLog [http-nio-9091-exec-4] Servlet.service() for servlet [dispatcherServlet] in context with path [] threw exception [Request processing failed; nested exception is javax.validation.UnexpectedTypeException: HV000030: No validator could be found for constraint 'javax.validation.constraints.NotEmpty' validating type 'java.lang.Double'. Check configuration for 'realAmount'] with root cause
javax.validation.UnexpectedTypeException: HV000030: No validator could be found for constraint 'javax.validation.constraints.NotEmpty' validating type 'java.lang.Double'. Check configuration for 'realAmount'
	at org.hibernate.validator.internal.engine.constraintvalidation.ConstraintTree.getExceptionForNullValidator(ConstraintTree.java:116)
	at org.hibernate.validator.internal.engine.constraintvalidation.ConstraintTree.getInitializedConstraintValidator(ConstraintTree.java:162)
	at org.hibernate.validator.internal.engine.constraintvalidation.SimpleConstraintTree.validateConstraints(SimpleConstraintTree.java:54)
	at org.hibernate.validator.internal.engine.constraintvalidation.ConstraintTree.validateConstraints(ConstraintTree.java:75)
	at org.hibernate.validator.internal.metadata.core.MetaConstraint.doValidateConstraint(MetaConstraint.java:130)
	at org.hibernate.validator.internal.metadata.core.MetaConstraint.validateConstraint(MetaConstraint.java:123)
	at org.hibernate.validator.internal.engine.ValidatorImpl.validateMetaConstraint(ValidatorImpl.java:555)
	at org.hibernate.validator.internal.engine.ValidatorImpl.validateConstraintsForSingleDefaultGroupElement(ValidatorImpl.java:518)
	at org.hibernate.validator.internal.engine.ValidatorImpl.validateConstraintsForDefaultGroup(ValidatorImpl.java:488)
	at org.hibernate.validator.internal.engine.ValidatorImpl.validateConstraintsForCurrentGroup(ValidatorImpl.java:450)
	at org.hibernate.validator.internal.engine.ValidatorImpl.validateInContext(ValidatorImpl.java:400)
	at org.hibernate.validator.internal.engine.ValidatorImpl.validate(ValidatorImpl.java:172)
	at org.springframework.validation.beanvalidation.SpringValidatorAdapter.validate(SpringValidatorAdapter.java:109)
	at org.springframework.boot.autoconfigure.validation.ValidatorAdapter.validate(ValidatorAdapter.java:66)
	at org.springframework.validation.DataBinder.validate(DataBinder.java:933)
	at org.springframework.web.servlet.mvc.method.annotation.AbstractMessageConverterMethodArgumentResolver.validateIfApplicable(AbstractMessageConverterMethodArgumentResolver.java:250)
	at org.springframework.web.servlet.mvc.method.annotation.RequestResponseBodyMethodProcessor.resolveArgument(RequestResponseBodyMethodProcessor.java:139)
	at org.springframework.web.method.support.HandlerMethodArgumentResolverComposite.resolveArgument(HandlerMethodArgumentResolverComposite.java:122)
	at org.springframework.web.method.support.InvocableHandlerMethod.getMethodArgumentValues(InvocableHandlerMethod.java:179)
	at org.springframework.web.method.support.InvocableHandlerMethod.invokeForRequest(InvocableHandlerMethod.java:146)
	at org.springframework.web.servlet.mvc.method.annotation.ServletInvocableHandlerMethod.invokeAndHandle(ServletInvocableHandlerMethod.java:117)
	at org.springframework.web.servlet.mvc.method.annotation.RequestMappingHandlerAdapter.invokeHandlerMethod(RequestMappingHandlerAdapter.java:895)
	at org.springframework.web.servlet.mvc.method.annotation.RequestMappingHandlerAdapter.handleInternal(RequestMappingHandlerAdapter.java:808)
	at org.springframework.web.servlet.mvc.method.AbstractHandlerMethodAdapter.handle(AbstractHandlerMethodAdapter.java:87)
	at org.springframework.web.servlet.DispatcherServlet.doDispatch(DispatcherServlet.java:1067)
	at org.springframework.web.servlet.DispatcherServlet.doService(DispatcherServlet.java:963)
	at org.springframework.web.servlet.FrameworkServlet.processRequest(FrameworkServlet.java:1006)
	at org.springframework.web.servlet.FrameworkServlet.doPost(FrameworkServlet.java:909)
	at javax.servlet.http.HttpServlet.service(HttpServlet.java:681)
	at org.springframework.web.servlet.FrameworkServlet.service(FrameworkServlet.java:883)
	at javax.servlet.http.HttpServlet.service(HttpServlet.java:764)
	at org.apache.catalina.core.ApplicationFilterChain.internalDoFilter(ApplicationFilterChain.java:227)
	at org.apache.catalina.core.ApplicationFilterChain.doFilter(ApplicationFilterChain.java:162)
	at org.apache.tomcat.websocket.server.WsFilter.doFilter(WsFilter.java:53)
	at org.apache.catalina.core.ApplicationFilterChain.internalDoFilter(ApplicationFilterChain.java:189)
	at org.apache.catalina.core.ApplicationFilterChain.doFilter(ApplicationFilterChain.java:162)
	at org.springframework.web.filter.RequestContextFilter.doFilterInternal(RequestContextFilter.java:100)
	at org.springframework.web.filter.OncePerRequestFilter.doFilter(OncePerRequestFilter.java:117)
	at org.apache.catalina.core.ApplicationFilterChain.internalDoFilter(ApplicationFilterChain.java:189)
	at org.apache.catalina.core.ApplicationFilterChain.doFilter(ApplicationFilterChain.java:162)
	at org.springframework.web.filter.FormContentFilter.doFilterInternal(FormContentFilter.java:93)
	at org.springframework.web.filter.OncePerRequestFilter.doFilter(OncePerRequestFilter.java:117)
	at org.apache.catalina.core.ApplicationFilterChain.internalDoFilter(ApplicationFilterChain.java:189)
	at org.apache.catalina.core.ApplicationFilterChain.doFilter(ApplicationFilterChain.java:162)
	at org.springframework.web.filter.CharacterEncodingFilter.doFilterInternal(CharacterEncodingFilter.java:201)
	at org.springframework.web.filter.OncePerRequestFilter.doFilter(OncePerRequestFilter.java:117)
	at org.apache.catalina.core.ApplicationFilterChain.internalDoFilter(ApplicationFilterChain.java:189)
	at org.apache.catalina.core.ApplicationFilterChain.doFilter(ApplicationFilterChain.java:162)
	at org.apache.catalina.core.StandardWrapperValve.invoke(StandardWrapperValve.java:197)
	at org.apache.catalina.core.StandardContextValve.invoke(StandardContextValve.java:97)
	at org.apache.catalina.authenticator.AuthenticatorBase.invoke(AuthenticatorBase.java:541)
	at org.apache.catalina.core.StandardHostValve.invoke(StandardHostValve.java:135)
	at org.apache.catalina.valves.ErrorReportValve.invoke(ErrorReportValve.java:92)
	at org.apache.catalina.core.StandardEngineValve.invoke(StandardEngineValve.java:78)
	at org.apache.catalina.connector.CoyoteAdapter.service(CoyoteAdapter.java:360)
	at org.apache.coyote.http11.Http11Processor.service(Http11Processor.java:399)
	at org.apache.coyote.AbstractProcessorLight.process(AbstractProcessorLight.java:65)
	at org.apache.coyote.AbstractProtocol$ConnectionHandler.process(AbstractProtocol.java:890)
	at org.apache.tomcat.util.net.NioEndpoint$SocketProcessor.doRun(NioEndpoint.java:1743)
	at org.apache.tomcat.util.net.SocketProcessorBase.run(SocketProcessorBase.java:49)
	at org.apache.tomcat.util.threads.ThreadPoolExecutor.runWorker(ThreadPoolExecutor.java:1191)
	at org.apache.tomcat.util.threads.ThreadPoolExecutor$Worker.run(ThreadPoolExecutor.java:659)
	at org.apache.tomcat.util.threads.TaskThread$WrappingRunnable.run(TaskThread.java:61)
	at java.base/java.lang.Thread.run(Thread.java:833)
2022-07-21 10:03:22,657 INFO org.springframework.boot.StartupInfoLogger [restartedMain] Starting PaymentApiApplication using Java 18.0.1.1 on tuanlt2 with PID 9916 (D:\Git\demoVNPAY\vnpayDemo\payment-api\target\classes started by tuanlt2 in D:\Git\demoVNPAY\vnpayDemo\payment-api)
2022-07-21 10:03:22,659 INFO org.springframework.boot.SpringApplication [restartedMain] No active profile set, falling back to 1 default profile: "default"
2022-07-21 10:03:22,662 INFO org.hibernate.validator.internal.util.Version [background-preinit] HV000001: Hibernate Validator 6.2.3.Final
2022-07-21 10:03:22,685 INFO org.springframework.boot.logging.DeferredLog [restartedMain] Devtools property defaults active! Set 'spring.devtools.add-properties' to 'false' to disable
2022-07-21 10:03:22,685 INFO org.springframework.boot.logging.DeferredLog [restartedMain] For additional web related logging consider setting the 'logging.level.web' property to 'DEBUG'
2022-07-21 10:03:23,187 INFO org.springframework.data.repository.config.RepositoryConfigurationDelegate [restartedMain] Multiple Spring Data modules found, entering strict repository configuration mode!
2022-07-21 10:03:23,189 INFO org.springframework.data.repository.config.RepositoryConfigurationDelegate [restartedMain] Bootstrapping Spring Data Redis repositories in DEFAULT mode.
2022-07-21 10:03:23,225 INFO org.springframework.data.repository.config.RepositoryConfigurationDelegate [restartedMain] Finished Spring Data repository scanning in 7 ms. Found 0 Redis repository interfaces.
2022-07-21 10:03:23,631 INFO org.springframework.boot.web.embedded.tomcat.TomcatWebServer [restartedMain] Tomcat initialized with port(s): 9091 (http)
2022-07-21 10:03:23,636 INFO org.apache.juli.logging.DirectJDKLog [restartedMain] Initializing ProtocolHandler ["http-nio-9091"]
2022-07-21 10:03:23,636 INFO org.apache.juli.logging.DirectJDKLog [restartedMain] Starting service [Tomcat]
2022-07-21 10:03:23,636 INFO org.apache.juli.logging.DirectJDKLog [restartedMain] Starting Servlet engine: [Apache Tomcat/9.0.63]
2022-07-21 10:03:23,694 INFO org.apache.juli.logging.DirectJDKLog [restartedMain] Initializing Spring embedded WebApplicationContext
2022-07-21 10:03:23,695 INFO org.springframework.boot.web.servlet.context.ServletWebServerApplicationContext [restartedMain] Root WebApplicationContext: initialization completed in 1009 ms
2022-07-21 10:03:24,315 INFO org.springframework.boot.devtools.autoconfigure.OptionalLiveReloadServer [restartedMain] LiveReload server is running on port 35729
2022-07-21 10:03:24,354 INFO org.apache.juli.logging.DirectJDKLog [restartedMain] Starting ProtocolHandler ["http-nio-9091"]
2022-07-21 10:03:24,373 INFO org.springframework.boot.web.embedded.tomcat.TomcatWebServer [restartedMain] Tomcat started on port(s): 9091 (http) with context path ''
2022-07-21 10:03:24,382 INFO org.springframework.boot.StartupInfoLogger [restartedMain] Started PaymentApiApplication in 1.959 seconds (JVM running for 2.671)
2022-07-21 10:03:32,512 INFO org.apache.juli.logging.DirectJDKLog [http-nio-9091-exec-2] Initializing Spring DispatcherServlet 'dispatcherServlet'
2022-07-21 10:03:32,512 INFO org.springframework.web.servlet.FrameworkServlet [http-nio-9091-exec-2] Initializing Servlet 'dispatcherServlet'
2022-07-21 10:03:32,513 INFO org.springframework.web.servlet.FrameworkServlet [http-nio-9091-exec-2] Completed initialization in 1 ms
2022-07-21 10:03:32,632 INFO com.example.paymentapi.controller.PaymentController [http-nio-9091-exec-2] Begin send request with data: PaymentRequest(apiID=, mobile=0345225630, bankCode=11055, accountNo=0001100014211002, payDate=20200929112923, additionalData=11, debitAmount=11200.0, respCode=00, respDesc=SUCCESS, traceTransfer=FT19310RH6P1, messageType=1, checkSum=2ec7c91e26cb3a725db2a3b85da09ccfa13475850e78a8ed20d79631eead3fb3, orderCode=FT19310RH6P1, userName=cntest001, realAmount=10100.0, promotionCode=11, tokenKey=160hd1hjf9fs19c70fH8gdhfd70, addValue=com.example.paymentapi.model.AddValue@629e885b)
2022-07-21 10:03:32,640 INFO com.example.paymentapi.controller.PaymentController [http-nio-9091-exec-2] Validate request with data PaymentRequest(apiID=, mobile=0345225630, bankCode=11055, accountNo=0001100014211002, payDate=20200929112923, additionalData=11, debitAmount=11200.0, respCode=00, respDesc=SUCCESS, traceTransfer=FT19310RH6P1, messageType=1, checkSum=2ec7c91e26cb3a725db2a3b85da09ccfa13475850e78a8ed20d79631eead3fb3, orderCode=FT19310RH6P1, userName=cntest001, realAmount=10100.0, promotionCode=11, tokenKey=160hd1hjf9fs19c70fH8gdhfd70, addValue=com.example.paymentapi.model.AddValue@629e885b) 
2022-07-21 10:03:32,641 ERROR com.example.paymentapi.service.impl.PaymentServiceImpl [http-nio-9091-exec-2] One or more field request is empty or null
2022-07-21 10:03:32,641 ERROR com.example.paymentapi.controller.PaymentController [http-nio-9091-exec-2] Send request fail with error code: 03
2022-07-21 10:04:02,227 INFO com.example.paymentapi.controller.PaymentController [http-nio-9091-exec-4] Begin send request with data: PaymentRequest(apiID=API 01, mobile=0345225630, bankCode=11055, accountNo=0001100014211002, payDate=20200929112923, additionalData=11, debitAmount=11200.0, respCode=00, respDesc=SUCCESS, traceTransfer=FT19310RH6P1, messageType=1, checkSum=2ec7c91e26cb3a725db2a3b85da09ccfa13475850e78a8ed20d79631eead3fb3, orderCode=FT19310RH6P1, userName=cntest001, realAmount=10100.0, promotionCode=11, tokenKey=160hd1hjf9fs19c70fH8gdhfd70, addValue=com.example.paymentapi.model.AddValue@19ce2289)
2022-07-21 10:04:02,227 INFO com.example.paymentapi.controller.PaymentController [http-nio-9091-exec-4] Validate request with data PaymentRequest(apiID=API 01, mobile=0345225630, bankCode=11055, accountNo=0001100014211002, payDate=20200929112923, additionalData=11, debitAmount=11200.0, respCode=00, respDesc=SUCCESS, traceTransfer=FT19310RH6P1, messageType=1, checkSum=2ec7c91e26cb3a725db2a3b85da09ccfa13475850e78a8ed20d79631eead3fb3, orderCode=FT19310RH6P1, userName=cntest001, realAmount=10100.0, promotionCode=11, tokenKey=160hd1hjf9fs19c70fH8gdhfd70, addValue=com.example.paymentapi.model.AddValue@19ce2289) 
2022-07-21 10:04:02,227 INFO com.example.paymentapi.service.impl.PaymentServiceImpl [http-nio-9091-exec-4] Begin getPrivateKey() with Data Payment Request: PaymentRequest(apiID=API 01, mobile=0345225630, bankCode=11055, accountNo=0001100014211002, payDate=20200929112923, additionalData=11, debitAmount=11200.0, respCode=00, respDesc=SUCCESS, traceTransfer=FT19310RH6P1, messageType=1, checkSum=2ec7c91e26cb3a725db2a3b85da09ccfa13475850e78a8ed20d79631eead3fb3, orderCode=FT19310RH6P1, userName=cntest001, realAmount=10100.0, promotionCode=11, tokenKey=160hd1hjf9fs19c70fH8gdhfd70, addValue=com.example.paymentapi.model.AddValue@19ce2289)
2022-07-21 10:04:02,228 INFO com.example.paymentapi.service.impl.PaymentServiceImpl [http-nio-9091-exec-4] End getPrivateKeyByBankCode() Have Bank Code in YAML file
2022-07-21 10:04:02,228 INFO com.example.paymentapi.service.impl.PaymentServiceImpl [http-nio-9091-exec-4]  Begin checkSumSHA256() with data payment request PaymentRequest(apiID=API 01, mobile=0345225630, bankCode=11055, accountNo=0001100014211002, payDate=20200929112923, additionalData=11, debitAmount=11200.0, respCode=00, respDesc=SUCCESS, traceTransfer=FT19310RH6P1, messageType=1, checkSum=2ec7c91e26cb3a725db2a3b85da09ccfa13475850e78a8ed20d79631eead3fb3, orderCode=FT19310RH6P1, userName=cntest001, realAmount=10100.0, promotionCode=11, tokenKey=160hd1hjf9fs19c70fH8gdhfd70, addValue=com.example.paymentapi.model.AddValue@19ce2289)
2022-07-21 10:04:02,231 INFO com.example.paymentapi.service.impl.PaymentServiceImpl [http-nio-9091-exec-4] Begin getStringToHash with data PaymentRequest PaymentRequest(apiID=API 01, mobile=0345225630, bankCode=11055, accountNo=0001100014211002, payDate=20200929112923, additionalData=11, debitAmount=11200.0, respCode=00, respDesc=SUCCESS, traceTransfer=FT19310RH6P1, messageType=1, checkSum=2ec7c91e26cb3a725db2a3b85da09ccfa13475850e78a8ed20d79631eead3fb3, orderCode=FT19310RH6P1, userName=cntest001, realAmount=10100.0, promotionCode=11, tokenKey=160hd1hjf9fs19c70fH8gdhfd70, addValue=com.example.paymentapi.model.AddValue@19ce2289)
2022-07-21 10:04:02,232 INFO com.example.paymentapi.service.impl.PaymentServiceImpl [http-nio-9091-exec-4] Private key: lkjlk
2022-07-21 10:04:02,232 INFO com.example.paymentapi.service.impl.PaymentServiceImpl [http-nio-9091-exec-4] Append to String to HASH
2022-07-21 10:04:02,232 INFO com.example.paymentapi.service.impl.PaymentServiceImpl [http-nio-9091-exec-4] End getStringToHash success
2022-07-21 10:04:02,233 INFO com.example.paymentapi.service.impl.PaymentServiceImpl [http-nio-9091-exec-4] Check sum SHA256:[2ec7c91e26cb3a725db2a3b85da09ccfa13475850e78a8ed20d79631eead3fb3] 
2022-07-21 10:04:02,234 INFO com.example.paymentapi.service.impl.PaymentServiceImpl [http-nio-9091-exec-4] Checksum success
2022-07-21 10:04:02,234 INFO com.example.paymentapi.service.impl.PaymentServiceImpl [http-nio-9091-exec-4] Begin check valid of Token key 160hd1hjf9fs19c70fH8gdhfd70
2022-07-21 10:04:02,266 INFO com.example.paymentapi.service.impl.PaymentServiceImpl [http-nio-9091-exec-4] Key exist? true
2022-07-21 10:04:02,266 INFO com.example.paymentapi.service.impl.PaymentServiceImpl [http-nio-9091-exec-4] Data put to redis: {"apiID":"API 01","mobile":"0345225630","bankCode":"11055","accountNo":"0001100014211002","payDate":"20200929112923","additionalData":"11","debitAmount":11200.0,"respCode":"00","respDesc":"SUCCESS","traceTransfer":"FT19310RH6P1","messageType":"1","checkSum":"2ec7c91e26cb3a725db2a3b85da09ccfa13475850e78a8ed20d79631eead3fb3","orderCode":"FT19310RH6P1","userName":"cntest001","realAmount":10100.0,"promotionCode":"11","tokenKey":"160hd1hjf9fs19c70fH8gdhfd70","addValue":{"payMethodMMS":0}}
2022-07-21 10:04:02,267 INFO com.example.paymentapi.service.impl.PaymentServiceImpl [http-nio-9091-exec-4] Expire time is: 50157 seconds
2022-07-21 10:04:02,267 INFO com.example.paymentapi.service.impl.PaymentServiceImpl [http-nio-9091-exec-4] Token key exist on day
2022-07-21 10:04:02,267 ERROR com.example.paymentapi.controller.PaymentController [http-nio-9091-exec-4] Send request fail with error code: 02
2022-07-21 10:04:05,600 INFO com.example.paymentapi.controller.PaymentController [http-nio-9091-exec-6] Begin send request with data: PaymentRequest(apiID=API 01, mobile=0345225630, bankCode=11055, accountNo=0001100014211002, payDate=20200929112923, additionalData=11, debitAmount=11200.0, respCode=00, respDesc=SUCCESS, traceTransfer=FT19310RH6P1, messageType=1, checkSum=2ec7c91e26cb3a725db2a3b85da09ccfa13475850e78a8ed20d79631eead3fb3, orderCode=FT19310RH6P1, userName=cntest001, realAmount=10100.0, promotionCode=11, tokenKey=160hd1hjf9fs1d9c70fH8gdhfd70, addValue=com.example.paymentapi.model.AddValue@48072760)
2022-07-21 10:04:05,601 INFO com.example.paymentapi.controller.PaymentController [http-nio-9091-exec-6] Validate request with data PaymentRequest(apiID=API 01, mobile=0345225630, bankCode=11055, accountNo=0001100014211002, payDate=20200929112923, additionalData=11, debitAmount=11200.0, respCode=00, respDesc=SUCCESS, traceTransfer=FT19310RH6P1, messageType=1, checkSum=2ec7c91e26cb3a725db2a3b85da09ccfa13475850e78a8ed20d79631eead3fb3, orderCode=FT19310RH6P1, userName=cntest001, realAmount=10100.0, promotionCode=11, tokenKey=160hd1hjf9fs1d9c70fH8gdhfd70, addValue=com.example.paymentapi.model.AddValue@48072760) 
2022-07-21 10:04:05,602 INFO com.example.paymentapi.service.impl.PaymentServiceImpl [http-nio-9091-exec-6] Begin getPrivateKey() with Data Payment Request: PaymentRequest(apiID=API 01, mobile=0345225630, bankCode=11055, accountNo=0001100014211002, payDate=20200929112923, additionalData=11, debitAmount=11200.0, respCode=00, respDesc=SUCCESS, traceTransfer=FT19310RH6P1, messageType=1, checkSum=2ec7c91e26cb3a725db2a3b85da09ccfa13475850e78a8ed20d79631eead3fb3, orderCode=FT19310RH6P1, userName=cntest001, realAmount=10100.0, promotionCode=11, tokenKey=160hd1hjf9fs1d9c70fH8gdhfd70, addValue=com.example.paymentapi.model.AddValue@48072760)
2022-07-21 10:04:05,602 INFO com.example.paymentapi.service.impl.PaymentServiceImpl [http-nio-9091-exec-6] End getPrivateKeyByBankCode() Have Bank Code in YAML file
2022-07-21 10:04:05,602 INFO com.example.paymentapi.service.impl.PaymentServiceImpl [http-nio-9091-exec-6]  Begin checkSumSHA256() with data payment request PaymentRequest(apiID=API 01, mobile=0345225630, bankCode=11055, accountNo=0001100014211002, payDate=20200929112923, additionalData=11, debitAmount=11200.0, respCode=00, respDesc=SUCCESS, traceTransfer=FT19310RH6P1, messageType=1, checkSum=2ec7c91e26cb3a725db2a3b85da09ccfa13475850e78a8ed20d79631eead3fb3, orderCode=FT19310RH6P1, userName=cntest001, realAmount=10100.0, promotionCode=11, tokenKey=160hd1hjf9fs1d9c70fH8gdhfd70, addValue=com.example.paymentapi.model.AddValue@48072760)
2022-07-21 10:04:05,602 INFO com.example.paymentapi.service.impl.PaymentServiceImpl [http-nio-9091-exec-6] Begin getStringToHash with data PaymentRequest PaymentRequest(apiID=API 01, mobile=0345225630, bankCode=11055, accountNo=0001100014211002, payDate=20200929112923, additionalData=11, debitAmount=11200.0, respCode=00, respDesc=SUCCESS, traceTransfer=FT19310RH6P1, messageType=1, checkSum=2ec7c91e26cb3a725db2a3b85da09ccfa13475850e78a8ed20d79631eead3fb3, orderCode=FT19310RH6P1, userName=cntest001, realAmount=10100.0, promotionCode=11, tokenKey=160hd1hjf9fs1d9c70fH8gdhfd70, addValue=com.example.paymentapi.model.AddValue@48072760)
2022-07-21 10:04:05,602 INFO com.example.paymentapi.service.impl.PaymentServiceImpl [http-nio-9091-exec-6] Private key: lkjlk
2022-07-21 10:04:05,602 INFO com.example.paymentapi.service.impl.PaymentServiceImpl [http-nio-9091-exec-6] Append to String to HASH
2022-07-21 10:04:05,602 INFO com.example.paymentapi.service.impl.PaymentServiceImpl [http-nio-9091-exec-6] End getStringToHash success
2022-07-21 10:04:05,603 INFO com.example.paymentapi.service.impl.PaymentServiceImpl [http-nio-9091-exec-6] Check sum SHA256:[2ec7c91e26cb3a725db2a3b85da09ccfa13475850e78a8ed20d79631eead3fb3] 
2022-07-21 10:04:05,603 INFO com.example.paymentapi.service.impl.PaymentServiceImpl [http-nio-9091-exec-6] Checksum success
2022-07-21 10:04:05,603 INFO com.example.paymentapi.service.impl.PaymentServiceImpl [http-nio-9091-exec-6] Begin check valid of Token key 160hd1hjf9fs1d9c70fH8gdhfd70
2022-07-21 10:04:05,604 INFO com.example.paymentapi.service.impl.PaymentServiceImpl [http-nio-9091-exec-6] Key exist? false
2022-07-21 10:04:05,604 INFO com.example.paymentapi.service.impl.PaymentServiceImpl [http-nio-9091-exec-6] Data put to redis: {"apiID":"API 01","mobile":"0345225630","bankCode":"11055","accountNo":"0001100014211002","payDate":"20200929112923","additionalData":"11","debitAmount":11200.0,"respCode":"00","respDesc":"SUCCESS","traceTransfer":"FT19310RH6P1","messageType":"1","checkSum":"2ec7c91e26cb3a725db2a3b85da09ccfa13475850e78a8ed20d79631eead3fb3","orderCode":"FT19310RH6P1","userName":"cntest001","realAmount":10100.0,"promotionCode":"11","tokenKey":"160hd1hjf9fs1d9c70fH8gdhfd70","addValue":{"payMethodMMS":0}}
2022-07-21 10:04:05,604 INFO com.example.paymentapi.service.impl.PaymentServiceImpl [http-nio-9091-exec-6] Expire time is: 50154 seconds
2022-07-21 10:04:05,604 INFO com.example.paymentapi.service.impl.PaymentServiceImpl [http-nio-9091-exec-6] Token key can use on day
2022-07-21 10:04:05,605 INFO com.example.paymentapi.controller.PaymentController [http-nio-9091-exec-6]  Requesting data payment to RabbitMQ PaymentRequest(apiID=API 01, mobile=0345225630, bankCode=11055, accountNo=0001100014211002, payDate=20200929112923, additionalData=11, debitAmount=11200.0, respCode=00, respDesc=SUCCESS, traceTransfer=FT19310RH6P1, messageType=1, checkSum=2ec7c91e26cb3a725db2a3b85da09ccfa13475850e78a8ed20d79631eead3fb3, orderCode=FT19310RH6P1, userName=cntest001, realAmount=10100.0, promotionCode=11, tokenKey=160hd1hjf9fs1d9c70fH8gdhfd70, addValue=com.example.paymentapi.model.AddValue@48072760)
2022-07-21 10:04:05,605 INFO com.example.paymentapi.service.RabbitMQSender [http-nio-9091-exec-6] Begin call to rabbitmq with data PaymentRequest(apiID=API 01, mobile=0345225630, bankCode=11055, accountNo=0001100014211002, payDate=20200929112923, additionalData=11, debitAmount=11200.0, respCode=00, respDesc=SUCCESS, traceTransfer=FT19310RH6P1, messageType=1, checkSum=2ec7c91e26cb3a725db2a3b85da09ccfa13475850e78a8ed20d79631eead3fb3, orderCode=FT19310RH6P1, userName=cntest001, realAmount=10100.0, promotionCode=11, tokenKey=160hd1hjf9fs1d9c70fH8gdhfd70, addValue=com.example.paymentapi.model.AddValue@48072760) 
2022-07-21 10:04:05,610 INFO com.example.paymentapi.service.RabbitMQSender [http-nio-9091-exec-6] correlationId d87d372a-2de2-4217-81ca-c5f080c7c246 
2022-07-21 10:04:05,611 INFO com.example.paymentapi.service.RabbitMQSender [http-nio-9091-exec-6] Send message to queue queue.rpc with data: {"apiID":"API 01","mobile":"0345225630","bankCode":"11055","accountNo":"0001100014211002","payDate":"20200929112923","additionalData":"11","debitAmount":11200.0,"respCode":"00","respDesc":"SUCCESS","traceTransfer":"FT19310RH6P1","messageType":"1","checkSum":"2ec7c91e26cb3a725db2a3b85da09ccfa13475850e78a8ed20d79631eead3fb3","orderCode":"FT19310RH6P1","userName":"cntest001","realAmount":10100.0,"promotionCode":"11","tokenKey":"160hd1hjf9fs1d9c70fH8gdhfd70","addValue":{"payMethodMMS":0}}
2022-07-21 10:04:05,644 INFO com.example.paymentapi.util.MessageResponse [http-nio-9091-exec-6] Send request success and receive response success with result: {"code":"55","message":"Column \u0027pay_method\u0027 cannot be null","stackTrace":[],"suppressedExceptions":[]}
2022-07-21 14:32:22,207 INFO org.springframework.boot.StartupInfoLogger [restartedMain] Starting PaymentApiApplication using Java 18.0.1.1 on tuanlt2 with PID 17372 (D:\Git\demoVNPAY\vnpayDemo\payment-api\target\classes started by tuanlt2 in D:\Git\demoVNPAY\vnpayDemo\payment-api)
2022-07-21 14:32:22,209 INFO org.springframework.boot.SpringApplication [restartedMain] No active profile set, falling back to 1 default profile: "default"
2022-07-21 14:32:22,212 INFO org.hibernate.validator.internal.util.Version [background-preinit] HV000001: Hibernate Validator 6.2.3.Final
2022-07-21 14:32:22,238 INFO org.springframework.boot.logging.DeferredLog [restartedMain] Devtools property defaults active! Set 'spring.devtools.add-properties' to 'false' to disable
2022-07-21 14:32:22,238 INFO org.springframework.boot.logging.DeferredLog [restartedMain] For additional web related logging consider setting the 'logging.level.web' property to 'DEBUG'
2022-07-21 14:32:22,606 INFO org.springframework.data.repository.config.RepositoryConfigurationDelegate [restartedMain] Multiple Spring Data modules found, entering strict repository configuration mode!
2022-07-21 14:32:22,607 INFO org.springframework.data.repository.config.RepositoryConfigurationDelegate [restartedMain] Bootstrapping Spring Data Redis repositories in DEFAULT mode.
2022-07-21 14:32:22,619 INFO org.springframework.data.repository.config.RepositoryConfigurationDelegate [restartedMain] Finished Spring Data repository scanning in 4 ms. Found 0 Redis repository interfaces.
2022-07-21 14:32:22,914 INFO org.springframework.boot.web.embedded.tomcat.TomcatWebServer [restartedMain] Tomcat initialized with port(s): 9091 (http)
2022-07-21 14:32:22,921 INFO org.apache.juli.logging.DirectJDKLog [restartedMain] Initializing ProtocolHandler ["http-nio-9091"]
2022-07-21 14:32:22,921 INFO org.apache.juli.logging.DirectJDKLog [restartedMain] Starting service [Tomcat]
2022-07-21 14:32:22,921 INFO org.apache.juli.logging.DirectJDKLog [restartedMain] Starting Servlet engine: [Apache Tomcat/9.0.63]
2022-07-21 14:32:22,977 INFO org.apache.juli.logging.DirectJDKLog [restartedMain] Initializing Spring embedded WebApplicationContext
2022-07-21 14:32:22,978 INFO org.springframework.boot.web.servlet.context.ServletWebServerApplicationContext [restartedMain] Root WebApplicationContext: initialization completed in 740 ms
2022-07-21 14:32:23,516 INFO org.springframework.boot.devtools.autoconfigure.OptionalLiveReloadServer [restartedMain] LiveReload server is running on port 35729
2022-07-21 14:32:23,553 INFO org.apache.juli.logging.DirectJDKLog [restartedMain] Starting ProtocolHandler ["http-nio-9091"]
2022-07-21 14:32:23,571 INFO org.springframework.boot.web.embedded.tomcat.TomcatWebServer [restartedMain] Tomcat started on port(s): 9091 (http) with context path ''
2022-07-21 14:32:23,578 INFO org.springframework.boot.StartupInfoLogger [restartedMain] Started PaymentApiApplication in 1.582 seconds (JVM running for 2.219)
2022-07-21 14:32:28,497 INFO org.apache.juli.logging.DirectJDKLog [http-nio-9091-exec-2] Initializing Spring DispatcherServlet 'dispatcherServlet'
2022-07-21 14:32:28,498 INFO org.springframework.web.servlet.FrameworkServlet [http-nio-9091-exec-2] Initializing Servlet 'dispatcherServlet'
2022-07-21 14:32:28,499 INFO org.springframework.web.servlet.FrameworkServlet [http-nio-9091-exec-2] Completed initialization in 1 ms
2022-07-21 14:32:28,609 INFO com.example.paymentapi.controller.PaymentController [http-nio-9091-exec-2] Begin send request with data: PaymentRequest(apiID=Payment003, mobile=0345225630, bankCode=11055, accountNo=0001100014211002, payDate=20200929112923, additionalData=11, debitAmount=11200.0, respCode=00, respDesc=SUCCESS, traceTransfer=FT19310RH6P1, messageType=1, checkSum=2ec7c91e26cb3a725db2a3b85da09ccfa13475850e78a8ed20d79631eead3fb3, orderCode=FT19310RH6P1, userName=cntest001, realAmount=10100.0, promotionCode=11, tokenKey=160hd1hjf9fs19c70fH8gdhfd70, addValue=AddValue(payMethod=01, payMethodMMS=1))
2022-07-21 14:32:28,619 INFO com.example.paymentapi.controller.PaymentController [http-nio-9091-exec-2] Validate request with data PaymentRequest(apiID=Payment003, mobile=0345225630, bankCode=11055, accountNo=0001100014211002, payDate=20200929112923, additionalData=11, debitAmount=11200.0, respCode=00, respDesc=SUCCESS, traceTransfer=FT19310RH6P1, messageType=1, checkSum=2ec7c91e26cb3a725db2a3b85da09ccfa13475850e78a8ed20d79631eead3fb3, orderCode=FT19310RH6P1, userName=cntest001, realAmount=10100.0, promotionCode=11, tokenKey=160hd1hjf9fs19c70fH8gdhfd70, addValue=AddValue(payMethod=01, payMethodMMS=1)) 
2022-07-21 14:32:28,619 INFO com.example.paymentapi.service.impl.PaymentServiceImpl [http-nio-9091-exec-2] Begin getPrivateKey() with Data Payment Request: PaymentRequest(apiID=Payment003, mobile=0345225630, bankCode=11055, accountNo=0001100014211002, payDate=20200929112923, additionalData=11, debitAmount=11200.0, respCode=00, respDesc=SUCCESS, traceTransfer=FT19310RH6P1, messageType=1, checkSum=2ec7c91e26cb3a725db2a3b85da09ccfa13475850e78a8ed20d79631eead3fb3, orderCode=FT19310RH6P1, userName=cntest001, realAmount=10100.0, promotionCode=11, tokenKey=160hd1hjf9fs19c70fH8gdhfd70, addValue=AddValue(payMethod=01, payMethodMMS=1))
2022-07-21 14:32:28,620 INFO com.example.paymentapi.service.impl.PaymentServiceImpl [http-nio-9091-exec-2] End getPrivateKeyByBankCode() Have Bank Code in YAML file
2022-07-21 14:32:28,620 INFO com.example.paymentapi.service.impl.PaymentServiceImpl [http-nio-9091-exec-2]  Begin checkSumSHA256() with data payment request PaymentRequest(apiID=Payment003, mobile=0345225630, bankCode=11055, accountNo=0001100014211002, payDate=20200929112923, additionalData=11, debitAmount=11200.0, respCode=00, respDesc=SUCCESS, traceTransfer=FT19310RH6P1, messageType=1, checkSum=2ec7c91e26cb3a725db2a3b85da09ccfa13475850e78a8ed20d79631eead3fb3, orderCode=FT19310RH6P1, userName=cntest001, realAmount=10100.0, promotionCode=11, tokenKey=160hd1hjf9fs19c70fH8gdhfd70, addValue=AddValue(payMethod=01, payMethodMMS=1))
2022-07-21 14:32:28,621 INFO com.example.paymentapi.service.impl.PaymentServiceImpl [http-nio-9091-exec-2] Begin getStringToHash with data PaymentRequest PaymentRequest(apiID=Payment003, mobile=0345225630, bankCode=11055, accountNo=0001100014211002, payDate=20200929112923, additionalData=11, debitAmount=11200.0, respCode=00, respDesc=SUCCESS, traceTransfer=FT19310RH6P1, messageType=1, checkSum=2ec7c91e26cb3a725db2a3b85da09ccfa13475850e78a8ed20d79631eead3fb3, orderCode=FT19310RH6P1, userName=cntest001, realAmount=10100.0, promotionCode=11, tokenKey=160hd1hjf9fs19c70fH8gdhfd70, addValue=AddValue(payMethod=01, payMethodMMS=1))
2022-07-21 14:32:28,622 INFO com.example.paymentapi.service.impl.PaymentServiceImpl [http-nio-9091-exec-2] Private key: lkjlk
2022-07-21 14:32:28,622 INFO com.example.paymentapi.service.impl.PaymentServiceImpl [http-nio-9091-exec-2] Append to String to HASH
2022-07-21 14:32:28,622 INFO com.example.paymentapi.service.impl.PaymentServiceImpl [http-nio-9091-exec-2] End getStringToHash success
2022-07-21 14:32:28,625 INFO com.example.paymentapi.service.impl.PaymentServiceImpl [http-nio-9091-exec-2] Check sum SHA256:[2ec7c91e26cb3a725db2a3b85da09ccfa13475850e78a8ed20d79631eead3fb3] 
2022-07-21 14:32:28,625 INFO com.example.paymentapi.service.impl.PaymentServiceImpl [http-nio-9091-exec-2] Checksum success
2022-07-21 14:32:28,625 INFO com.example.paymentapi.service.impl.PaymentServiceImpl [http-nio-9091-exec-2] Begin check valid of Token key 160hd1hjf9fs19c70fH8gdhfd70
2022-07-21 14:32:28,653 INFO com.example.paymentapi.service.impl.PaymentServiceImpl [http-nio-9091-exec-2] Key exist? true
2022-07-21 14:32:28,654 INFO com.example.paymentapi.service.impl.PaymentServiceImpl [http-nio-9091-exec-2] Data put to redis: {"apiID":"Payment003","mobile":"0345225630","bankCode":"11055","accountNo":"0001100014211002","payDate":"20200929112923","additionalData":"11","debitAmount":11200.0,"respCode":"00","respDesc":"SUCCESS","traceTransfer":"FT19310RH6P1","messageType":"1","checkSum":"2ec7c91e26cb3a725db2a3b85da09ccfa13475850e78a8ed20d79631eead3fb3","orderCode":"FT19310RH6P1","userName":"cntest001","realAmount":10100.0,"promotionCode":"11","tokenKey":"160hd1hjf9fs19c70fH8gdhfd70","addValue":{"payMethod":"01","payMethodMMS":1}}
2022-07-21 14:32:28,654 INFO com.example.paymentapi.service.impl.PaymentServiceImpl [http-nio-9091-exec-2] Expire time is: 34051 seconds
2022-07-21 14:32:28,654 INFO com.example.paymentapi.service.impl.PaymentServiceImpl [http-nio-9091-exec-2] Token key exist on day
2022-07-21 14:32:28,654 ERROR com.example.paymentapi.controller.PaymentController [http-nio-9091-exec-2] Send request fail with error code: 02
2022-07-21 14:32:38,801 INFO com.example.paymentapi.controller.PaymentController [http-nio-9091-exec-4] Begin send request with data: PaymentRequest(apiID=Payment003, mobile=0345225630, bankCode=11055, accountNo=null, payDate=20200929112923, additionalData=11, debitAmount=11200.0, respCode=00, respDesc=SUCCESS, traceTransfer=FT19310RH6P1, messageType=1, checkSum=2ec7c91e26cb3a725db2a3b85da09ccfa13475850e78a8ed20d79631eead3fb3, orderCode=FT19310RH6P1, userName=cntest001, realAmount=10100.0, promotionCode=11, tokenKey=160hd1hjf9fs19c70fHf8gdhfd70, addValue=AddValue(payMethod=01, payMethodMMS=1))
2022-07-21 14:32:38,801 INFO com.example.paymentapi.controller.PaymentController [http-nio-9091-exec-4] Validate request with data PaymentRequest(apiID=Payment003, mobile=0345225630, bankCode=11055, accountNo=null, payDate=20200929112923, additionalData=11, debitAmount=11200.0, respCode=00, respDesc=SUCCESS, traceTransfer=FT19310RH6P1, messageType=1, checkSum=2ec7c91e26cb3a725db2a3b85da09ccfa13475850e78a8ed20d79631eead3fb3, orderCode=FT19310RH6P1, userName=cntest001, realAmount=10100.0, promotionCode=11, tokenKey=160hd1hjf9fs19c70fHf8gdhfd70, addValue=AddValue(payMethod=01, payMethodMMS=1)) 
2022-07-21 14:32:38,802 ERROR com.example.paymentapi.service.impl.PaymentServiceImpl [http-nio-9091-exec-4] One or more field request is empty or null
2022-07-21 14:32:38,802 ERROR com.example.paymentapi.controller.PaymentController [http-nio-9091-exec-4] Send request fail with error code: 03
2022-07-21 14:32:43,060 INFO com.example.paymentapi.controller.PaymentController [http-nio-9091-exec-6] Begin send request with data: PaymentRequest(apiID=Payment003, mobile=0345225630, bankCode=11055, accountNo=, payDate=20200929112923, additionalData=11, debitAmount=11200.0, respCode=00, respDesc=SUCCESS, traceTransfer=FT19310RH6P1, messageType=1, checkSum=2ec7c91e26cb3a725db2a3b85da09ccfa13475850e78a8ed20d79631eead3fb3, orderCode=FT19310RH6P1, userName=cntest001, realAmount=10100.0, promotionCode=11, tokenKey=160hd1hjf9fs19c70fHf8gdhfd70, addValue=AddValue(payMethod=01, payMethodMMS=1))
2022-07-21 14:32:43,060 INFO com.example.paymentapi.controller.PaymentController [http-nio-9091-exec-6] Validate request with data PaymentRequest(apiID=Payment003, mobile=0345225630, bankCode=11055, accountNo=, payDate=20200929112923, additionalData=11, debitAmount=11200.0, respCode=00, respDesc=SUCCESS, traceTransfer=FT19310RH6P1, messageType=1, checkSum=2ec7c91e26cb3a725db2a3b85da09ccfa13475850e78a8ed20d79631eead3fb3, orderCode=FT19310RH6P1, userName=cntest001, realAmount=10100.0, promotionCode=11, tokenKey=160hd1hjf9fs19c70fHf8gdhfd70, addValue=AddValue(payMethod=01, payMethodMMS=1)) 
2022-07-21 14:32:43,060 ERROR com.example.paymentapi.service.impl.PaymentServiceImpl [http-nio-9091-exec-6] One or more field request is empty or null
2022-07-21 14:32:43,060 ERROR com.example.paymentapi.controller.PaymentController [http-nio-9091-exec-6] Send request fail with error code: 03
2022-07-21 14:32:53,640 INFO com.example.paymentapi.controller.PaymentController [http-nio-9091-exec-8] Begin send request with data: PaymentRequest(apiID=Payment003, mobile=0345225630, bankCode=11055, accountNo=    , payDate=20200929112923, additionalData=11, debitAmount=11200.0, respCode=00, respDesc=SUCCESS, traceTransfer=FT19310RH6P1, messageType=1, checkSum=2ec7c91e26cb3a725db2a3b85da09ccfa13475850e78a8ed20d79631eead3fb3, orderCode=FT19310RH6P1, userName=cntest001, realAmount=10100.0, promotionCode=11, tokenKey=160hd1hjf9fs19c70fHf8gdhfd70, addValue=AddValue(payMethod=01, payMethodMMS=1))
2022-07-21 14:32:53,640 INFO com.example.paymentapi.controller.PaymentController [http-nio-9091-exec-8] Validate request with data PaymentRequest(apiID=Payment003, mobile=0345225630, bankCode=11055, accountNo=    , payDate=20200929112923, additionalData=11, debitAmount=11200.0, respCode=00, respDesc=SUCCESS, traceTransfer=FT19310RH6P1, messageType=1, checkSum=2ec7c91e26cb3a725db2a3b85da09ccfa13475850e78a8ed20d79631eead3fb3, orderCode=FT19310RH6P1, userName=cntest001, realAmount=10100.0, promotionCode=11, tokenKey=160hd1hjf9fs19c70fHf8gdhfd70, addValue=AddValue(payMethod=01, payMethodMMS=1)) 
2022-07-21 14:32:53,640 ERROR com.example.paymentapi.service.impl.PaymentServiceImpl [http-nio-9091-exec-8] One or more field request is empty or null
2022-07-21 14:32:53,640 ERROR com.example.paymentapi.controller.PaymentController [http-nio-9091-exec-8] Send request fail with error code: 03
2022-07-21 14:33:18,462 INFO com.example.paymentapi.controller.PaymentController [http-nio-9091-exec-10] Begin send request with data: PaymentRequest(apiID=     , mobile=0345225630, bankCode=11055, accountNo=0001100014211002, payDate=20200929112923, additionalData=11, debitAmount=11200.0, respCode=00, respDesc=SUCCESS, traceTransfer=FT19310RH6P1, messageType=1, checkSum=2ec7c91e26cb3a725db2a3b85da09ccfa13475850e78a8ed20d79631eead3fb3, orderCode=FT19310RH6P1, userName=cntest001, realAmount=10100.0, promotionCode=11, tokenKey=160hd1hjf9fs19c70fHf8gdhfd70, addValue=AddValue(payMethod=01, payMethodMMS=1))
2022-07-21 14:33:18,462 INFO com.example.paymentapi.controller.PaymentController [http-nio-9091-exec-10] Validate request with data PaymentRequest(apiID=     , mobile=0345225630, bankCode=11055, accountNo=0001100014211002, payDate=20200929112923, additionalData=11, debitAmount=11200.0, respCode=00, respDesc=SUCCESS, traceTransfer=FT19310RH6P1, messageType=1, checkSum=2ec7c91e26cb3a725db2a3b85da09ccfa13475850e78a8ed20d79631eead3fb3, orderCode=FT19310RH6P1, userName=cntest001, realAmount=10100.0, promotionCode=11, tokenKey=160hd1hjf9fs19c70fHf8gdhfd70, addValue=AddValue(payMethod=01, payMethodMMS=1)) 
2022-07-21 14:33:18,462 INFO com.example.paymentapi.service.impl.PaymentServiceImpl [http-nio-9091-exec-10] Begin getPrivateKey() with Data Payment Request: PaymentRequest(apiID=     , mobile=0345225630, bankCode=11055, accountNo=0001100014211002, payDate=20200929112923, additionalData=11, debitAmount=11200.0, respCode=00, respDesc=SUCCESS, traceTransfer=FT19310RH6P1, messageType=1, checkSum=2ec7c91e26cb3a725db2a3b85da09ccfa13475850e78a8ed20d79631eead3fb3, orderCode=FT19310RH6P1, userName=cntest001, realAmount=10100.0, promotionCode=11, tokenKey=160hd1hjf9fs19c70fHf8gdhfd70, addValue=AddValue(payMethod=01, payMethodMMS=1))
2022-07-21 14:33:18,462 INFO com.example.paymentapi.service.impl.PaymentServiceImpl [http-nio-9091-exec-10] End getPrivateKeyByBankCode() Have Bank Code in YAML file
2022-07-21 14:33:18,462 INFO com.example.paymentapi.service.impl.PaymentServiceImpl [http-nio-9091-exec-10]  Begin checkSumSHA256() with data payment request PaymentRequest(apiID=     , mobile=0345225630, bankCode=11055, accountNo=0001100014211002, payDate=20200929112923, additionalData=11, debitAmount=11200.0, respCode=00, respDesc=SUCCESS, traceTransfer=FT19310RH6P1, messageType=1, checkSum=2ec7c91e26cb3a725db2a3b85da09ccfa13475850e78a8ed20d79631eead3fb3, orderCode=FT19310RH6P1, userName=cntest001, realAmount=10100.0, promotionCode=11, tokenKey=160hd1hjf9fs19c70fHf8gdhfd70, addValue=AddValue(payMethod=01, payMethodMMS=1))
2022-07-21 14:33:18,463 INFO com.example.paymentapi.service.impl.PaymentServiceImpl [http-nio-9091-exec-10] Begin getStringToHash with data PaymentRequest PaymentRequest(apiID=     , mobile=0345225630, bankCode=11055, accountNo=0001100014211002, payDate=20200929112923, additionalData=11, debitAmount=11200.0, respCode=00, respDesc=SUCCESS, traceTransfer=FT19310RH6P1, messageType=1, checkSum=2ec7c91e26cb3a725db2a3b85da09ccfa13475850e78a8ed20d79631eead3fb3, orderCode=FT19310RH6P1, userName=cntest001, realAmount=10100.0, promotionCode=11, tokenKey=160hd1hjf9fs19c70fHf8gdhfd70, addValue=AddValue(payMethod=01, payMethodMMS=1))
2022-07-21 14:33:18,463 INFO com.example.paymentapi.service.impl.PaymentServiceImpl [http-nio-9091-exec-10] Private key: lkjlk
2022-07-21 14:33:18,463 INFO com.example.paymentapi.service.impl.PaymentServiceImpl [http-nio-9091-exec-10] Append to String to HASH
2022-07-21 14:33:18,463 INFO com.example.paymentapi.service.impl.PaymentServiceImpl [http-nio-9091-exec-10] End getStringToHash success
2022-07-21 14:33:18,463 INFO com.example.paymentapi.service.impl.PaymentServiceImpl [http-nio-9091-exec-10] Check sum SHA256:[2ec7c91e26cb3a725db2a3b85da09ccfa13475850e78a8ed20d79631eead3fb3] 
2022-07-21 14:33:18,463 INFO com.example.paymentapi.service.impl.PaymentServiceImpl [http-nio-9091-exec-10] Checksum success
2022-07-21 14:33:18,463 INFO com.example.paymentapi.service.impl.PaymentServiceImpl [http-nio-9091-exec-10] Begin check valid of Token key 160hd1hjf9fs19c70fHf8gdhfd70
2022-07-21 14:33:18,466 INFO com.example.paymentapi.service.impl.PaymentServiceImpl [http-nio-9091-exec-10] Key exist? false
2022-07-21 14:33:18,467 INFO com.example.paymentapi.service.impl.PaymentServiceImpl [http-nio-9091-exec-10] Data put to redis: {"apiID":"     ","mobile":"0345225630","bankCode":"11055","accountNo":"0001100014211002","payDate":"20200929112923","additionalData":"11","debitAmount":11200.0,"respCode":"00","respDesc":"SUCCESS","traceTransfer":"FT19310RH6P1","messageType":"1","checkSum":"2ec7c91e26cb3a725db2a3b85da09ccfa13475850e78a8ed20d79631eead3fb3","orderCode":"FT19310RH6P1","userName":"cntest001","realAmount":10100.0,"promotionCode":"11","tokenKey":"160hd1hjf9fs19c70fHf8gdhfd70","addValue":{"payMethod":"01","payMethodMMS":1}}
2022-07-21 14:33:18,467 INFO com.example.paymentapi.service.impl.PaymentServiceImpl [http-nio-9091-exec-10] Expire time is: 34001 seconds
2022-07-21 14:33:18,467 INFO com.example.paymentapi.service.impl.PaymentServiceImpl [http-nio-9091-exec-10] Token key can use on day
2022-07-21 14:33:18,468 INFO com.example.paymentapi.controller.PaymentController [http-nio-9091-exec-10]  Requesting data payment to RabbitMQ PaymentRequest(apiID=     , mobile=0345225630, bankCode=11055, accountNo=0001100014211002, payDate=20200929112923, additionalData=11, debitAmount=11200.0, respCode=00, respDesc=SUCCESS, traceTransfer=FT19310RH6P1, messageType=1, checkSum=2ec7c91e26cb3a725db2a3b85da09ccfa13475850e78a8ed20d79631eead3fb3, orderCode=FT19310RH6P1, userName=cntest001, realAmount=10100.0, promotionCode=11, tokenKey=160hd1hjf9fs19c70fHf8gdhfd70, addValue=AddValue(payMethod=01, payMethodMMS=1))
2022-07-21 14:33:18,468 INFO com.example.paymentapi.service.RabbitMQSender [http-nio-9091-exec-10] Begin call to rabbitmq with data PaymentRequest(apiID=     , mobile=0345225630, bankCode=11055, accountNo=0001100014211002, payDate=20200929112923, additionalData=11, debitAmount=11200.0, respCode=00, respDesc=SUCCESS, traceTransfer=FT19310RH6P1, messageType=1, checkSum=2ec7c91e26cb3a725db2a3b85da09ccfa13475850e78a8ed20d79631eead3fb3, orderCode=FT19310RH6P1, userName=cntest001, realAmount=10100.0, promotionCode=11, tokenKey=160hd1hjf9fs19c70fHf8gdhfd70, addValue=AddValue(payMethod=01, payMethodMMS=1)) 
2022-07-21 14:33:18,474 INFO com.example.paymentapi.service.RabbitMQSender [http-nio-9091-exec-10] correlationId 008696cb-e343-4b38-ac29-39ca4600f02f 
2022-07-21 14:33:18,475 INFO com.example.paymentapi.service.RabbitMQSender [http-nio-9091-exec-10] Send message to queue queue.rpc with data: {"apiID":"     ","mobile":"0345225630","bankCode":"11055","accountNo":"0001100014211002","payDate":"20200929112923","additionalData":"11","debitAmount":11200.0,"respCode":"00","respDesc":"SUCCESS","traceTransfer":"FT19310RH6P1","messageType":"1","checkSum":"2ec7c91e26cb3a725db2a3b85da09ccfa13475850e78a8ed20d79631eead3fb3","orderCode":"FT19310RH6P1","userName":"cntest001","realAmount":10100.0,"promotionCode":"11","tokenKey":"160hd1hjf9fs19c70fHf8gdhfd70","addValue":{"payMethod":"01","payMethodMMS":1}}
2022-07-21 14:33:18,817 INFO com.example.paymentapi.util.MessageResponse [http-nio-9091-exec-10] Send request success and receive response success with result: {"code":"00","message":"Response from partner api: Status response 200","stackTrace":[],"suppressedExceptions":[]}
2022-07-21 14:33:59,898 WARN org.springframework.web.servlet.handler.AbstractHandlerExceptionResolver [http-nio-9091-exec-1] Resolved [org.springframework.http.converter.HttpMessageNotReadableException: JSON parse error: Unexpected character ('{' (code 123)): was expecting double-quote to start field name; nested exception is com.fasterxml.jackson.core.JsonParseException: Unexpected character ('{' (code 123)): was expecting double-quote to start field name<EOL> at [Source: (org.springframework.util.StreamUtils$NonClosingInputStream); line: 20, column: 10]]
