2022-07-06 14:11:23.437  INFO 10324 --- [restartedMain] c.e.paymentapi.PaymentApiApplication     : Starting PaymentApiApplication using Java 18.0.1.1 on tuanlt2 with PID 10324 (D:\TuanLT Workspace\payment-api1\target\classes started by tuanlt2 in D:\TuanLT Workspace\payment-api1)
2022-07-06 14:11:23.439  INFO 10324 --- [restartedMain] c.e.paymentapi.PaymentApiApplication     : No active profile set, falling back to 1 default profile: "default"
2022-07-06 14:11:23.472  INFO 10324 --- [restartedMain] .e.DevToolsPropertyDefaultsPostProcessor : Devtools property defaults active! Set 'spring.devtools.add-properties' to 'false' to disable
2022-07-06 14:11:23.472  INFO 10324 --- [restartedMain] .e.DevToolsPropertyDefaultsPostProcessor : For additional web related logging consider setting the 'logging.level.web' property to 'DEBUG'
2022-07-06 14:11:23.740  INFO 10324 --- [restartedMain] .s.d.r.c.RepositoryConfigurationDelegate : Multiple Spring Data modules found, entering strict repository configuration mode!
2022-07-06 14:11:23.740  INFO 10324 --- [restartedMain] .s.d.r.c.RepositoryConfigurationDelegate : Bootstrapping Spring Data Redis repositories in DEFAULT mode.
2022-07-06 14:11:23.750  INFO 10324 --- [restartedMain] .s.d.r.c.RepositoryConfigurationDelegate : Finished Spring Data repository scanning in 3 ms. Found 0 Redis repository interfaces.
2022-07-06 14:11:23.848  INFO 10324 --- [restartedMain] .s.d.r.c.RepositoryConfigurationDelegate : Multiple Spring Data modules found, entering strict repository configuration mode!
2022-07-06 14:11:23.848  INFO 10324 --- [restartedMain] .s.d.r.c.RepositoryConfigurationDelegate : Bootstrapping Spring Data Redis repositories in DEFAULT mode.
2022-07-06 14:11:23.851  INFO 10324 --- [restartedMain] .s.d.r.c.RepositoryConfigurationDelegate : Finished Spring Data repository scanning in 2 ms. Found 0 Redis repository interfaces.
2022-07-06 14:11:24.134  INFO 10324 --- [restartedMain] o.s.b.w.embedded.tomcat.TomcatWebServer  : Tomcat initialized with port(s): 8080 (http)
2022-07-06 14:11:24.138  INFO 10324 --- [restartedMain] o.apache.catalina.core.StandardService   : Starting service [Tomcat]
2022-07-06 14:11:24.139  INFO 10324 --- [restartedMain] org.apache.catalina.core.StandardEngine  : Starting Servlet engine: [Apache Tomcat/9.0.63]
2022-07-06 14:11:24.215  INFO 10324 --- [restartedMain] o.a.c.c.C.[Tomcat].[localhost].[/]       : Initializing Spring embedded WebApplicationContext
2022-07-06 14:11:24.215  INFO 10324 --- [restartedMain] w.s.c.ServletWebServerApplicationContext : Root WebApplicationContext: initialization completed in 732 ms
2022-07-06 14:11:24.712  WARN 10324 --- [restartedMain] o.s.b.d.a.OptionalLiveReloadServer       : Unable to start LiveReload server
2022-07-06 14:11:24.769  INFO 10324 --- [restartedMain] o.s.b.w.embedded.tomcat.TomcatWebServer  : Tomcat started on port(s): 8080 (http) with context path ''
2022-07-06 14:11:24.778  INFO 10324 --- [restartedMain] c.e.paymentapi.PaymentApiApplication     : Started PaymentApiApplication in 1.569 seconds (JVM running for 2.176)
2022-07-06 14:12:52 [restartedMain] INFO  c.e.paymentapi.PaymentApiApplication - Starting PaymentApiApplication using Java 18.0.1.1 on tuanlt2 with PID 10192 (D:\TuanLT Workspace\payment-api1\target\classes started by tuanlt2 in D:\TuanLT Workspace\payment-api1)
2022-07-06 14:12:52 [restartedMain] INFO  c.e.paymentapi.PaymentApiApplication - No active profile set, falling back to 1 default profile: "default"
2022-07-06 14:12:52 [restartedMain] INFO  o.s.b.d.e.DevToolsPropertyDefaultsPostProcessor - Devtools property defaults active! Set 'spring.devtools.add-properties' to 'false' to disable
2022-07-06 14:12:52 [restartedMain] INFO  o.s.b.d.e.DevToolsPropertyDefaultsPostProcessor - For additional web related logging consider setting the 'logging.level.web' property to 'DEBUG'
2022-07-06 14:12:52 [restartedMain] INFO  o.s.d.r.c.RepositoryConfigurationDelegate - Multiple Spring Data modules found, entering strict repository configuration mode!
2022-07-06 14:12:52 [restartedMain] INFO  o.s.d.r.c.RepositoryConfigurationDelegate - Bootstrapping Spring Data Redis repositories in DEFAULT mode.
2022-07-06 14:12:52 [restartedMain] INFO  o.s.d.r.c.RepositoryConfigurationDelegate - Finished Spring Data repository scanning in 4 ms. Found 0 Redis repository interfaces.
2022-07-06 14:12:52 [restartedMain] INFO  o.s.d.r.c.RepositoryConfigurationDelegate - Multiple Spring Data modules found, entering strict repository configuration mode!
2022-07-06 14:12:52 [restartedMain] INFO  o.s.d.r.c.RepositoryConfigurationDelegate - Bootstrapping Spring Data Redis repositories in DEFAULT mode.
2022-07-06 14:12:52 [restartedMain] INFO  o.s.d.r.c.RepositoryConfigurationDelegate - Finished Spring Data repository scanning in 2 ms. Found 0 Redis repository interfaces.
2022-07-06 14:12:53 [restartedMain] INFO  o.s.b.w.e.tomcat.TomcatWebServer - Tomcat initialized with port(s): 8080 (http)
2022-07-06 14:12:53 [restartedMain] INFO  o.a.catalina.core.StandardService - Starting service [Tomcat]
2022-07-06 14:12:53 [restartedMain] INFO  o.a.catalina.core.StandardEngine - Starting Servlet engine: [Apache Tomcat/9.0.63]
2022-07-06 14:12:53 [restartedMain] INFO  o.a.c.c.C.[Tomcat].[localhost].[/] - Initializing Spring embedded WebApplicationContext
2022-07-06 14:12:53 [restartedMain] INFO  o.s.b.w.s.c.ServletWebServerApplicationContext - Root WebApplicationContext: initialization completed in 760 ms
2022-07-06 14:12:53 [restartedMain] WARN  o.s.b.d.a.OptionalLiveReloadServer - Unable to start LiveReload server
2022-07-06 14:12:53 [restartedMain] INFO  o.s.b.w.e.tomcat.TomcatWebServer - Tomcat started on port(s): 8080 (http) with context path ''
2022-07-06 14:12:53 [restartedMain] INFO  c.e.paymentapi.PaymentApiApplication - Started PaymentApiApplication in 1.577 seconds (JVM running for 2.167)
2022-07-06 14:19:25 [restartedMain] INFO  c.e.paymentapi.PaymentApiApplication - Starting PaymentApiApplication using Java 18.0.1.1 on tuanlt2 with PID 18428 (D:\TuanLT Workspace\payment-api1\target\classes started by tuanlt2 in D:\TuanLT Workspace\payment-api1)
2022-07-06 14:19:25 [restartedMain] INFO  c.e.paymentapi.PaymentApiApplication - No active profile set, falling back to 1 default profile: "default"
2022-07-06 14:19:25 [restartedMain] INFO  o.s.b.d.e.DevToolsPropertyDefaultsPostProcessor - Devtools property defaults active! Set 'spring.devtools.add-properties' to 'false' to disable
2022-07-06 14:19:25 [restartedMain] INFO  o.s.b.d.e.DevToolsPropertyDefaultsPostProcessor - For additional web related logging consider setting the 'logging.level.web' property to 'DEBUG'
2022-07-06 14:19:25 [restartedMain] INFO  o.s.d.r.c.RepositoryConfigurationDelegate - Multiple Spring Data modules found, entering strict repository configuration mode!
2022-07-06 14:19:25 [restartedMain] INFO  o.s.d.r.c.RepositoryConfigurationDelegate - Bootstrapping Spring Data Redis repositories in DEFAULT mode.
2022-07-06 14:19:25 [restartedMain] INFO  o.s.d.r.c.RepositoryConfigurationDelegate - Finished Spring Data repository scanning in 3 ms. Found 0 Redis repository interfaces.
2022-07-06 14:19:25 [restartedMain] INFO  o.s.d.r.c.RepositoryConfigurationDelegate - Multiple Spring Data modules found, entering strict repository configuration mode!
2022-07-06 14:19:25 [restartedMain] INFO  o.s.d.r.c.RepositoryConfigurationDelegate - Bootstrapping Spring Data Redis repositories in DEFAULT mode.
2022-07-06 14:19:25 [restartedMain] INFO  o.s.d.r.c.RepositoryConfigurationDelegate - Finished Spring Data repository scanning in 2 ms. Found 0 Redis repository interfaces.
2022-07-06 14:19:26 [restartedMain] INFO  o.s.b.w.e.tomcat.TomcatWebServer - Tomcat initialized with port(s): 8080 (http)
2022-07-06 14:19:26 [restartedMain] INFO  o.a.catalina.core.StandardService - Starting service [Tomcat]
2022-07-06 14:19:26 [restartedMain] INFO  o.a.catalina.core.StandardEngine - Starting Servlet engine: [Apache Tomcat/9.0.63]
2022-07-06 14:19:26 [restartedMain] INFO  o.a.c.c.C.[Tomcat].[localhost].[/] - Initializing Spring embedded WebApplicationContext
2022-07-06 14:19:26 [restartedMain] INFO  o.s.b.w.s.c.ServletWebServerApplicationContext - Root WebApplicationContext: initialization completed in 736 ms
2022-07-06 14:19:26 [restartedMain] WARN  o.s.b.d.a.OptionalLiveReloadServer - Unable to start LiveReload server
2022-07-06 14:19:26 [restartedMain] INFO  o.s.b.w.e.tomcat.TomcatWebServer - Tomcat started on port(s): 8080 (http) with context path ''
2022-07-06 14:19:26 [restartedMain] INFO  c.e.paymentapi.PaymentApiApplication - Started PaymentApiApplication in 1.588 seconds (JVM running for 2.221)
2022-07-06 14:19:32 [http-nio-8080-exec-2] INFO  o.a.c.c.C.[Tomcat].[localhost].[/] - Initializing Spring DispatcherServlet 'dispatcherServlet'
2022-07-06 14:19:32 [http-nio-8080-exec-2] INFO  o.s.web.servlet.DispatcherServlet - Initializing Servlet 'dispatcherServlet'
2022-07-06 14:19:32 [http-nio-8080-exec-2] INFO  o.s.web.servlet.DispatcherServlet - Completed initialization in 1 ms
2022-07-06 14:19:32 [http-nio-8080-exec-2] INFO  c.e.p.controller.PaymentController - Begin sendRequest() 
2022-07-06 14:19:32 [http-nio-8080-exec-2] INFO  c.e.p.s.impl.PaymentServiceImpl - Begin getPrivateKey() with Data Payment Request: PaymentRequest(apiID=Restpayment, mobile=0345225630, bankCode=970445, accountNo=0001100014211002, payDate=20200929112923, additionalData=11, debitAmount=11200.0, respCode=00, respDesc=SUCCESS, traceTransfer=FT19310RH6P1, messageType=1, checkSum=31805c2493c639ef10bbb5a4975846784970066bfb16Ec16a03b119d21bf12c0, orderCode=FT19310RH6P1, userName=cntest001, realAmount=11100.0, promotionCode=11, tokenKey=1601353776839FT19310rh6P1)
2022-07-06 14:19:32 [http-nio-8080-exec-2] INFO  c.e.p.s.impl.PaymentServiceImpl - End getPrivateKeyByBankCode() Have Bank Code in YAML file
2022-07-06 14:19:32 [http-nio-8080-exec-2] INFO  c.e.p.s.impl.PaymentServiceImpl -  Begin checkSumSHA256() with data payment request PaymentRequest(apiID=Restpayment, mobile=0345225630, bankCode=970445, accountNo=0001100014211002, payDate=20200929112923, additionalData=11, debitAmount=11200.0, respCode=00, respDesc=SUCCESS, traceTransfer=FT19310RH6P1, messageType=1, checkSum=31805c2493c639ef10bbb5a4975846784970066bfb16Ec16a03b119d21bf12c0, orderCode=FT19310RH6P1, userName=cntest001, realAmount=11100.0, promotionCode=11, tokenKey=1601353776839FT19310rh6P1)
2022-07-06 14:19:32 [http-nio-8080-exec-2] INFO  c.e.p.s.impl.PaymentServiceImpl - Begin getStringToHash with data PaymentRequest PaymentRequest(apiID=Restpayment, mobile=0345225630, bankCode=970445, accountNo=0001100014211002, payDate=20200929112923, additionalData=11, debitAmount=11200.0, respCode=00, respDesc=SUCCESS, traceTransfer=FT19310RH6P1, messageType=1, checkSum=31805c2493c639ef10bbb5a4975846784970066bfb16Ec16a03b119d21bf12c0, orderCode=FT19310RH6P1, userName=cntest001, realAmount=11100.0, promotionCode=11, tokenKey=1601353776839FT19310rh6P1)
2022-07-06 14:19:32 [http-nio-8080-exec-2] INFO  c.e.p.s.impl.PaymentServiceImpl - Private key: abyukmnh
2022-07-06 14:19:32 [http-nio-8080-exec-2] INFO  c.e.p.s.impl.PaymentServiceImpl - End getStringToHash success
2022-07-06 14:19:32 [http-nio-8080-exec-2] INFO  c.e.p.s.impl.PaymentServiceImpl - Check sum SHA256:[31805c2493c639ef10bbb5a4975846784970066bfb16ec16a03b119d21bf12c0] 
2022-07-06 14:19:32 [http-nio-8080-exec-2] INFO  c.e.p.s.impl.PaymentServiceImpl - checkSumSHA256() Checksum success
2022-07-06 14:19:33 [http-nio-8080-exec-2] INFO  c.e.p.s.impl.PaymentServiceImpl - Put request data to Redis
2022-07-06 14:19:33 [http-nio-8080-exec-2] INFO  c.e.p.s.impl.PaymentServiceImpl - [{"apiID":"Restpayment","mobile":"0345225630","bankCode":"970445","accountNo":"0001100014211002","payDate":"20200929112923","additionalData":"11","debitAmount":11200.0,"respCode":"00","respDesc":"SUCCESS","traceTransfer":"FT19310RH6P1","messageType":"1","checkSum":"31805c2493c639ef10bbb5a4975846784970066bfb16Ec16a03b119d21bf12c0","orderCode":"FT19310RH6P1","userName":"cntest001","realAmount":11100.0,"promotionCode":"11","tokenKey":"1601353776839FT19310rh6P1"}]
2022-07-06 14:19:33 [http-nio-8080-exec-2] INFO  c.e.p.controller.PaymentController - Send request success
2022-07-06 14:20:28 [restartedMain] INFO  c.e.paymentapi.PaymentApiApplication - Starting PaymentApiApplication using Java 18.0.1.1 on tuanlt2 with PID 9948 (D:\TuanLT Workspace\payment-api1\target\classes started by tuanlt2 in D:\TuanLT Workspace\payment-api1)
2022-07-06 14:20:28 [restartedMain] INFO  c.e.paymentapi.PaymentApiApplication - No active profile set, falling back to 1 default profile: "default"
2022-07-06 14:20:28 [restartedMain] INFO  o.s.b.d.e.DevToolsPropertyDefaultsPostProcessor - Devtools property defaults active! Set 'spring.devtools.add-properties' to 'false' to disable
2022-07-06 14:20:28 [restartedMain] INFO  o.s.b.d.e.DevToolsPropertyDefaultsPostProcessor - For additional web related logging consider setting the 'logging.level.web' property to 'DEBUG'
2022-07-06 14:20:28 [restartedMain] INFO  o.s.d.r.c.RepositoryConfigurationDelegate - Multiple Spring Data modules found, entering strict repository configuration mode!
2022-07-06 14:20:28 [restartedMain] INFO  o.s.d.r.c.RepositoryConfigurationDelegate - Bootstrapping Spring Data Redis repositories in DEFAULT mode.
2022-07-06 14:20:28 [restartedMain] INFO  o.s.d.r.c.RepositoryConfigurationDelegate - Finished Spring Data repository scanning in 3 ms. Found 0 Redis repository interfaces.
2022-07-06 14:20:28 [restartedMain] INFO  o.s.d.r.c.RepositoryConfigurationDelegate - Multiple Spring Data modules found, entering strict repository configuration mode!
2022-07-06 14:20:28 [restartedMain] INFO  o.s.d.r.c.RepositoryConfigurationDelegate - Bootstrapping Spring Data Redis repositories in DEFAULT mode.
2022-07-06 14:20:28 [restartedMain] INFO  o.s.d.r.c.RepositoryConfigurationDelegate - Finished Spring Data repository scanning in 2 ms. Found 0 Redis repository interfaces.
2022-07-06 14:20:28 [restartedMain] INFO  o.s.b.w.e.tomcat.TomcatWebServer - Tomcat initialized with port(s): 8080 (http)
2022-07-06 14:20:28 [restartedMain] INFO  o.a.catalina.core.StandardService - Starting service [Tomcat]
2022-07-06 14:20:28 [restartedMain] INFO  o.a.catalina.core.StandardEngine - Starting Servlet engine: [Apache Tomcat/9.0.63]
2022-07-06 14:20:29 [restartedMain] INFO  o.a.c.c.C.[Tomcat].[localhost].[/] - Initializing Spring embedded WebApplicationContext
2022-07-06 14:20:29 [restartedMain] INFO  o.s.b.w.s.c.ServletWebServerApplicationContext - Root WebApplicationContext: initialization completed in 725 ms
2022-07-06 14:20:29 [restartedMain] WARN  o.s.b.d.a.OptionalLiveReloadServer - Unable to start LiveReload server
2022-07-06 14:20:29 [restartedMain] INFO  o.s.b.w.e.tomcat.TomcatWebServer - Tomcat started on port(s): 8080 (http) with context path ''
2022-07-06 14:20:29 [restartedMain] INFO  c.e.paymentapi.PaymentApiApplication - Started PaymentApiApplication in 1.556 seconds (JVM running for 2.22)
2022-07-06 14:25:33 [restartedMain] INFO  c.e.paymentapi.PaymentApiApplication - Starting PaymentApiApplication using Java 18.0.1.1 on tuanlt2 with PID 13208 (D:\TuanLT Workspace\payment-api1\target\classes started by tuanlt2 in D:\TuanLT Workspace\payment-api1)
2022-07-06 14:25:33 [restartedMain] INFO  c.e.paymentapi.PaymentApiApplication - No active profile set, falling back to 1 default profile: "default"
2022-07-06 14:25:33 [restartedMain] INFO  o.s.b.d.e.DevToolsPropertyDefaultsPostProcessor - Devtools property defaults active! Set 'spring.devtools.add-properties' to 'false' to disable
2022-07-06 14:25:33 [restartedMain] INFO  o.s.b.d.e.DevToolsPropertyDefaultsPostProcessor - For additional web related logging consider setting the 'logging.level.web' property to 'DEBUG'
2022-07-06 14:25:33 [restartedMain] INFO  o.s.d.r.c.RepositoryConfigurationDelegate - Multiple Spring Data modules found, entering strict repository configuration mode!
2022-07-06 14:25:33 [restartedMain] INFO  o.s.d.r.c.RepositoryConfigurationDelegate - Bootstrapping Spring Data Redis repositories in DEFAULT mode.
2022-07-06 14:25:33 [restartedMain] INFO  o.s.d.r.c.RepositoryConfigurationDelegate - Finished Spring Data repository scanning in 3 ms. Found 0 Redis repository interfaces.
2022-07-06 14:25:33 [restartedMain] INFO  o.s.d.r.c.RepositoryConfigurationDelegate - Multiple Spring Data modules found, entering strict repository configuration mode!
2022-07-06 14:25:33 [restartedMain] INFO  o.s.d.r.c.RepositoryConfigurationDelegate - Bootstrapping Spring Data Redis repositories in DEFAULT mode.
2022-07-06 14:25:33 [restartedMain] INFO  o.s.d.r.c.RepositoryConfigurationDelegate - Finished Spring Data repository scanning in 2 ms. Found 0 Redis repository interfaces.
2022-07-06 14:25:33 [restartedMain] INFO  o.s.b.w.e.tomcat.TomcatWebServer - Tomcat initialized with port(s): 8080 (http)
2022-07-06 14:25:34 [restartedMain] INFO  o.a.catalina.core.StandardService - Starting service [Tomcat]
2022-07-06 14:25:34 [restartedMain] INFO  o.a.catalina.core.StandardEngine - Starting Servlet engine: [Apache Tomcat/9.0.63]
2022-07-06 14:25:34 [restartedMain] INFO  o.a.c.c.C.[Tomcat].[localhost].[/] - Initializing Spring embedded WebApplicationContext
2022-07-06 14:25:34 [restartedMain] INFO  o.s.b.w.s.c.ServletWebServerApplicationContext - Root WebApplicationContext: initialization completed in 723 ms
2022-07-06 14:25:34 [restartedMain] WARN  o.s.b.d.a.OptionalLiveReloadServer - Unable to start LiveReload server
2022-07-06 14:25:34 [restartedMain] INFO  o.s.b.w.e.tomcat.TomcatWebServer - Tomcat started on port(s): 8080 (http) with context path ''
2022-07-06 14:25:34 [restartedMain] INFO  c.e.paymentapi.PaymentApiApplication - Started PaymentApiApplication in 1.563 seconds (JVM running for 2.214)
2022-07-06 14:27:32.743  INFO 4588 --- [restartedMain] c.e.paymentapi.PaymentApiApplication     : Starting PaymentApiApplication using Java 18.0.1.1 on tuanlt2 with PID 4588 (D:\TuanLT Workspace\payment-api1\target\classes started by tuanlt2 in D:\TuanLT Workspace\payment-api1)
2022-07-06 14:27:32.745  INFO 4588 --- [restartedMain] c.e.paymentapi.PaymentApiApplication     : No active profile set, falling back to 1 default profile: "default"
2022-07-06 14:27:32.773  INFO 4588 --- [restartedMain] .e.DevToolsPropertyDefaultsPostProcessor : Devtools property defaults active! Set 'spring.devtools.add-properties' to 'false' to disable
2022-07-06 14:27:32.773  INFO 4588 --- [restartedMain] .e.DevToolsPropertyDefaultsPostProcessor : For additional web related logging consider setting the 'logging.level.web' property to 'DEBUG'
2022-07-06 14:27:33.048  INFO 4588 --- [restartedMain] .s.d.r.c.RepositoryConfigurationDelegate : Multiple Spring Data modules found, entering strict repository configuration mode!
2022-07-06 14:27:33.048  INFO 4588 --- [restartedMain] .s.d.r.c.RepositoryConfigurationDelegate : Bootstrapping Spring Data Redis repositories in DEFAULT mode.
2022-07-06 14:27:33.059  INFO 4588 --- [restartedMain] .s.d.r.c.RepositoryConfigurationDelegate : Finished Spring Data repository scanning in 3 ms. Found 0 Redis repository interfaces.
2022-07-06 14:27:33.156  INFO 4588 --- [restartedMain] .s.d.r.c.RepositoryConfigurationDelegate : Multiple Spring Data modules found, entering strict repository configuration mode!
2022-07-06 14:27:33.156  INFO 4588 --- [restartedMain] .s.d.r.c.RepositoryConfigurationDelegate : Bootstrapping Spring Data Redis repositories in DEFAULT mode.
2022-07-06 14:27:33.159  INFO 4588 --- [restartedMain] .s.d.r.c.RepositoryConfigurationDelegate : Finished Spring Data repository scanning in 2 ms. Found 0 Redis repository interfaces.
2022-07-06 14:27:33.435  INFO 4588 --- [restartedMain] o.s.b.w.embedded.tomcat.TomcatWebServer  : Tomcat initialized with port(s): 8080 (http)
2022-07-06 14:27:33.440  INFO 4588 --- [restartedMain] o.apache.catalina.core.StandardService   : Starting service [Tomcat]
2022-07-06 14:27:33.440  INFO 4588 --- [restartedMain] org.apache.catalina.core.StandardEngine  : Starting Servlet engine: [Apache Tomcat/9.0.63]
2022-07-06 14:27:33.504  INFO 4588 --- [restartedMain] o.a.c.c.C.[Tomcat].[localhost].[/]       : Initializing Spring embedded WebApplicationContext
2022-07-06 14:27:33.505  INFO 4588 --- [restartedMain] w.s.c.ServletWebServerApplicationContext : Root WebApplicationContext: initialization completed in 731 ms
2022-07-06 14:27:33.988  WARN 4588 --- [restartedMain] o.s.b.d.a.OptionalLiveReloadServer       : Unable to start LiveReload server
2022-07-06 14:27:34.048  INFO 4588 --- [restartedMain] o.s.b.w.embedded.tomcat.TomcatWebServer  : Tomcat started on port(s): 8080 (http) with context path ''
2022-07-06 14:27:34.056  INFO 4588 --- [restartedMain] c.e.paymentapi.PaymentApiApplication     : Started PaymentApiApplication in 1.539 seconds (JVM running for 2.181)
2022-07-06 15:51:43.654  INFO 19932 --- [restartedMain] c.e.paymentapi.PaymentApiApplication     : Starting PaymentApiApplication using Java 18.0.1.1 on tuanlt2 with PID 19932 (D:\TuanLT Workspace\payment-api1\target\classes started by tuanlt2 in D:\TuanLT Workspace\payment-api1)
2022-07-06 15:51:43.655  INFO 19932 --- [restartedMain] c.e.paymentapi.PaymentApiApplication     : No active profile set, falling back to 1 default profile: "default"
2022-07-06 15:51:43.685  INFO 19932 --- [restartedMain] .e.DevToolsPropertyDefaultsPostProcessor : Devtools property defaults active! Set 'spring.devtools.add-properties' to 'false' to disable
2022-07-06 15:51:43.686  INFO 19932 --- [restartedMain] .e.DevToolsPropertyDefaultsPostProcessor : For additional web related logging consider setting the 'logging.level.web' property to 'DEBUG'
2022-07-06 15:51:43.941  INFO 19932 --- [restartedMain] .s.d.r.c.RepositoryConfigurationDelegate : Multiple Spring Data modules found, entering strict repository configuration mode!
2022-07-06 15:51:43.941  INFO 19932 --- [restartedMain] .s.d.r.c.RepositoryConfigurationDelegate : Bootstrapping Spring Data Redis repositories in DEFAULT mode.
2022-07-06 15:51:43.952  INFO 19932 --- [restartedMain] .s.d.r.c.RepositoryConfigurationDelegate : Finished Spring Data repository scanning in 3 ms. Found 0 Redis repository interfaces.
2022-07-06 15:51:44.051  INFO 19932 --- [restartedMain] .s.d.r.c.RepositoryConfigurationDelegate : Multiple Spring Data modules found, entering strict repository configuration mode!
2022-07-06 15:51:44.052  INFO 19932 --- [restartedMain] .s.d.r.c.RepositoryConfigurationDelegate : Bootstrapping Spring Data Redis repositories in DEFAULT mode.
2022-07-06 15:51:44.054  INFO 19932 --- [restartedMain] .s.d.r.c.RepositoryConfigurationDelegate : Finished Spring Data repository scanning in 2 ms. Found 0 Redis repository interfaces.
2022-07-06 15:51:44.344  INFO 19932 --- [restartedMain] o.s.b.w.embedded.tomcat.TomcatWebServer  : Tomcat initialized with port(s): 8080 (http)
2022-07-06 15:51:44.349  INFO 19932 --- [restartedMain] o.apache.catalina.core.StandardService   : Starting service [Tomcat]
2022-07-06 15:51:44.349  INFO 19932 --- [restartedMain] org.apache.catalina.core.StandardEngine  : Starting Servlet engine: [Apache Tomcat/9.0.63]
2022-07-06 15:51:44.415  INFO 19932 --- [restartedMain] o.a.c.c.C.[Tomcat].[localhost].[/]       : Initializing Spring embedded WebApplicationContext
2022-07-06 15:51:44.415  INFO 19932 --- [restartedMain] w.s.c.ServletWebServerApplicationContext : Root WebApplicationContext: initialization completed in 729 ms
2022-07-06 15:51:44.897  INFO 19932 --- [restartedMain] o.s.b.d.a.OptionalLiveReloadServer       : LiveReload server is running on port 35729
2022-07-06 15:51:44.953  INFO 19932 --- [restartedMain] o.s.b.w.embedded.tomcat.TomcatWebServer  : Tomcat started on port(s): 8080 (http) with context path ''
2022-07-06 15:51:44.961  INFO 19932 --- [restartedMain] c.e.paymentapi.PaymentApiApplication     : Started PaymentApiApplication in 1.541 seconds (JVM running for 2.254)
2022-07-06 15:52:08.919  INFO 19932 --- [http-nio-8080-exec-2] o.a.c.c.C.[Tomcat].[localhost].[/]       : Initializing Spring DispatcherServlet 'dispatcherServlet'
2022-07-06 15:52:08.919  INFO 19932 --- [http-nio-8080-exec-2] o.s.web.servlet.DispatcherServlet        : Initializing Servlet 'dispatcherServlet'
2022-07-06 15:52:08.920  INFO 19932 --- [http-nio-8080-exec-2] o.s.web.servlet.DispatcherServlet        : Completed initialization in 1 ms
2022-07-06 15:52:09.036  INFO 19932 --- [http-nio-8080-exec-2] c.e.p.controller.PaymentController       : Begin sendRequest() 
2022-07-06 15:52:09.047  INFO 19932 --- [http-nio-8080-exec-2] c.e.p.service.impl.PaymentServiceImpl    : Begin getPrivateKey() with Data Payment Request: PaymentRequest(apiID=Restpayment, mobile=0345225630, bankCode=970445, accountNo=0001100014211002, payDate=20200929112923, additionalData=11, debitAmount=11200.0, respCode=00, respDesc=SUCCESS, traceTransfer=FT19310RH6P1, messageType=1, checkSum=31805c2493c639ef10bbb5a4975846784970066bfb16Ec16a03b119d21bf12c0, orderCode=FT19310RH6P1, userName=cntest001, realAmount=11100.0, promotionCode=11, tokenKey=1601353776839FT19310rh6P1)
2022-07-06 15:52:09.047  INFO 19932 --- [http-nio-8080-exec-2] c.e.p.service.impl.PaymentServiceImpl    : End getPrivateKeyByBankCode() Have Bank Code in YAML file
2022-07-06 15:52:09.048  INFO 19932 --- [http-nio-8080-exec-2] c.e.p.service.impl.PaymentServiceImpl    :  Begin checkSumSHA256() with data payment request PaymentRequest(apiID=Restpayment, mobile=0345225630, bankCode=970445, accountNo=0001100014211002, payDate=20200929112923, additionalData=11, debitAmount=11200.0, respCode=00, respDesc=SUCCESS, traceTransfer=FT19310RH6P1, messageType=1, checkSum=31805c2493c639ef10bbb5a4975846784970066bfb16Ec16a03b119d21bf12c0, orderCode=FT19310RH6P1, userName=cntest001, realAmount=11100.0, promotionCode=11, tokenKey=1601353776839FT19310rh6P1)
2022-07-06 15:52:09.049  INFO 19932 --- [http-nio-8080-exec-2] c.e.p.service.impl.PaymentServiceImpl    : Begin getStringToHash with data PaymentRequest PaymentRequest(apiID=Restpayment, mobile=0345225630, bankCode=970445, accountNo=0001100014211002, payDate=20200929112923, additionalData=11, debitAmount=11200.0, respCode=00, respDesc=SUCCESS, traceTransfer=FT19310RH6P1, messageType=1, checkSum=31805c2493c639ef10bbb5a4975846784970066bfb16Ec16a03b119d21bf12c0, orderCode=FT19310RH6P1, userName=cntest001, realAmount=11100.0, promotionCode=11, tokenKey=1601353776839FT19310rh6P1)
2022-07-06 15:52:09.049  INFO 19932 --- [http-nio-8080-exec-2] c.e.p.service.impl.PaymentServiceImpl    : Private key: abyukmnh
2022-07-06 15:52:09.050  INFO 19932 --- [http-nio-8080-exec-2] c.e.p.service.impl.PaymentServiceImpl    : End getStringToHash success
2022-07-06 15:52:09.051  INFO 19932 --- [http-nio-8080-exec-2] c.e.p.service.impl.PaymentServiceImpl    : Check sum SHA256:[31805c2493c639ef10bbb5a4975846784970066bfb16ec16a03b119d21bf12c0] 
2022-07-06 15:52:09.051  INFO 19932 --- [http-nio-8080-exec-2] c.e.p.service.impl.PaymentServiceImpl    : checkSumSHA256() Checksum success
2022-07-06 15:52:09.052  INFO 19932 --- [http-nio-8080-exec-2] c.e.p.service.impl.PaymentServiceImpl    :  Set request data to Redis with data: PaymentRequest(apiID=Restpayment, mobile=0345225630, bankCode=970445, accountNo=0001100014211002, payDate=20200929112923, additionalData=11, debitAmount=11200.0, respCode=00, respDesc=SUCCESS, traceTransfer=FT19310RH6P1, messageType=1, checkSum=31805c2493c639ef10bbb5a4975846784970066bfb16Ec16a03b119d21bf12c0, orderCode=FT19310RH6P1, userName=cntest001, realAmount=11100.0, promotionCode=11, tokenKey=1601353776839FT19310rh6P1) 
2022-07-06 15:52:09.467  INFO 19932 --- [http-nio-8080-exec-2] c.e.p.service.impl.PaymentServiceImpl    : isExpired: false 
2022-07-06 15:52:09.468  INFO 19932 --- [http-nio-8080-exec-2] c.e.p.service.impl.PaymentServiceImpl    : Put request data to Redis
2022-07-06 15:52:09.473  INFO 19932 --- [http-nio-8080-exec-2] c.e.p.service.impl.PaymentServiceImpl    : [{"apiID":"Restpayment","mobile":"0345225630","bankCode":"970445","accountNo":"0001100014211002","payDate":"20200929112923","additionalData":"11","debitAmount":11200.0,"respCode":"00","respDesc":"SUCCESS","traceTransfer":"FT19310RH6P1","messageType":"1","checkSum":"31805c2493c639ef10bbb5a4975846784970066bfb16Ec16a03b119d21bf12c0","orderCode":"FT19310RH6P1","userName":"cntest001","realAmount":11100.0,"promotionCode":"11","tokenKey":"1601353776839FT19310rh6P1"}]
2022-07-06 15:52:09.473  INFO 19932 --- [http-nio-8080-exec-2] c.e.p.controller.PaymentController       : Send request success
2022-07-06 15:53:09.062  INFO 19932 --- [http-nio-8080-exec-3] c.e.p.controller.PaymentController       : Begin sendRequest() 
2022-07-06 15:53:09.062  INFO 19932 --- [http-nio-8080-exec-3] c.e.p.service.impl.PaymentServiceImpl    : Begin getPrivateKey() with Data Payment Request: PaymentRequest(apiID=Restpayment, mobile=0345225630, bankCode=970445, accountNo=0001100014211002, payDate=20200929112923, additionalData=11, debitAmount=11200.0, respCode=00, respDesc=SUCCESS, traceTransfer=FT19310RH6P1, messageType=1, checkSum=31805c2493c639ef10bbb5a4975846784970066bfb16Ec16a03b119d21bf12c0, orderCode=FT19310RH6P1, userName=cntest001, realAmount=11100.0, promotionCode=11, tokenKey=1601353776839FT19310rh6P1)
2022-07-06 15:53:09.062  INFO 19932 --- [http-nio-8080-exec-3] c.e.p.service.impl.PaymentServiceImpl    : End getPrivateKeyByBankCode() Have Bank Code in YAML file
2022-07-06 15:53:09.063  INFO 19932 --- [http-nio-8080-exec-3] c.e.p.service.impl.PaymentServiceImpl    :  Begin checkSumSHA256() with data payment request PaymentRequest(apiID=Restpayment, mobile=0345225630, bankCode=970445, accountNo=0001100014211002, payDate=20200929112923, additionalData=11, debitAmount=11200.0, respCode=00, respDesc=SUCCESS, traceTransfer=FT19310RH6P1, messageType=1, checkSum=31805c2493c639ef10bbb5a4975846784970066bfb16Ec16a03b119d21bf12c0, orderCode=FT19310RH6P1, userName=cntest001, realAmount=11100.0, promotionCode=11, tokenKey=1601353776839FT19310rh6P1)
2022-07-06 15:53:09.063  INFO 19932 --- [http-nio-8080-exec-3] c.e.p.service.impl.PaymentServiceImpl    : Begin getStringToHash with data PaymentRequest PaymentRequest(apiID=Restpayment, mobile=0345225630, bankCode=970445, accountNo=0001100014211002, payDate=20200929112923, additionalData=11, debitAmount=11200.0, respCode=00, respDesc=SUCCESS, traceTransfer=FT19310RH6P1, messageType=1, checkSum=31805c2493c639ef10bbb5a4975846784970066bfb16Ec16a03b119d21bf12c0, orderCode=FT19310RH6P1, userName=cntest001, realAmount=11100.0, promotionCode=11, tokenKey=1601353776839FT19310rh6P1)
2022-07-06 15:53:09.063  INFO 19932 --- [http-nio-8080-exec-3] c.e.p.service.impl.PaymentServiceImpl    : Private key: abyukmnh
2022-07-06 15:53:09.063  INFO 19932 --- [http-nio-8080-exec-3] c.e.p.service.impl.PaymentServiceImpl    : End getStringToHash success
2022-07-06 15:53:09.063  INFO 19932 --- [http-nio-8080-exec-3] c.e.p.service.impl.PaymentServiceImpl    : Check sum SHA256:[31805c2493c639ef10bbb5a4975846784970066bfb16ec16a03b119d21bf12c0] 
2022-07-06 15:53:09.063  INFO 19932 --- [http-nio-8080-exec-3] c.e.p.service.impl.PaymentServiceImpl    : checkSumSHA256() Checksum success
2022-07-06 15:53:09.064  INFO 19932 --- [http-nio-8080-exec-3] c.e.p.service.impl.PaymentServiceImpl    :  Set request data to Redis with data: PaymentRequest(apiID=Restpayment, mobile=0345225630, bankCode=970445, accountNo=0001100014211002, payDate=20200929112923, additionalData=11, debitAmount=11200.0, respCode=00, respDesc=SUCCESS, traceTransfer=FT19310RH6P1, messageType=1, checkSum=31805c2493c639ef10bbb5a4975846784970066bfb16Ec16a03b119d21bf12c0, orderCode=FT19310RH6P1, userName=cntest001, realAmount=11100.0, promotionCode=11, tokenKey=1601353776839FT19310rh6P1) 
2022-07-06 15:53:09.068  INFO 19932 --- [http-nio-8080-exec-3] c.e.p.service.impl.PaymentServiceImpl    : isExpired: false 
2022-07-06 15:53:09.068  INFO 19932 --- [http-nio-8080-exec-3] c.e.p.service.impl.PaymentServiceImpl    : Put request data to Redis
2022-07-06 15:53:09.069  INFO 19932 --- [http-nio-8080-exec-3] c.e.p.service.impl.PaymentServiceImpl    : [{"apiID":"Restpayment","mobile":"0345225630","bankCode":"970445","accountNo":"0001100014211002","payDate":"20200929112923","additionalData":"11","debitAmount":11200.0,"respCode":"00","respDesc":"SUCCESS","traceTransfer":"FT19310RH6P1","messageType":"1","checkSum":"31805c2493c639ef10bbb5a4975846784970066bfb16Ec16a03b119d21bf12c0","orderCode":"FT19310RH6P1","userName":"cntest001","realAmount":11100.0,"promotionCode":"11","tokenKey":"1601353776839FT19310rh6P1"}]
2022-07-06 15:53:09.070  INFO 19932 --- [http-nio-8080-exec-3] c.e.p.controller.PaymentController       : Send request success
2022-07-06 15:53:45.920  INFO 22180 --- [restartedMain] c.e.paymentapi.PaymentApiApplication     : Starting PaymentApiApplication using Java 18.0.1.1 on tuanlt2 with PID 22180 (D:\TuanLT Workspace\payment-api1\target\classes started by tuanlt2 in D:\TuanLT Workspace\payment-api1)
2022-07-06 15:53:45.922  INFO 22180 --- [restartedMain] c.e.paymentapi.PaymentApiApplication     : No active profile set, falling back to 1 default profile: "default"
2022-07-06 15:53:45.954  INFO 22180 --- [restartedMain] .e.DevToolsPropertyDefaultsPostProcessor : Devtools property defaults active! Set 'spring.devtools.add-properties' to 'false' to disable
2022-07-06 15:53:45.955  INFO 22180 --- [restartedMain] .e.DevToolsPropertyDefaultsPostProcessor : For additional web related logging consider setting the 'logging.level.web' property to 'DEBUG'
2022-07-06 15:53:46.215  INFO 22180 --- [restartedMain] .s.d.r.c.RepositoryConfigurationDelegate : Multiple Spring Data modules found, entering strict repository configuration mode!
2022-07-06 15:53:46.215  INFO 22180 --- [restartedMain] .s.d.r.c.RepositoryConfigurationDelegate : Bootstrapping Spring Data Redis repositories in DEFAULT mode.
2022-07-06 15:53:46.226  INFO 22180 --- [restartedMain] .s.d.r.c.RepositoryConfigurationDelegate : Finished Spring Data repository scanning in 3 ms. Found 0 Redis repository interfaces.
2022-07-06 15:53:46.329  INFO 22180 --- [restartedMain] .s.d.r.c.RepositoryConfigurationDelegate : Multiple Spring Data modules found, entering strict repository configuration mode!
2022-07-06 15:53:46.329  INFO 22180 --- [restartedMain] .s.d.r.c.RepositoryConfigurationDelegate : Bootstrapping Spring Data Redis repositories in DEFAULT mode.
2022-07-06 15:53:46.332  INFO 22180 --- [restartedMain] .s.d.r.c.RepositoryConfigurationDelegate : Finished Spring Data repository scanning in 2 ms. Found 0 Redis repository interfaces.
2022-07-06 15:53:46.608  INFO 22180 --- [restartedMain] o.s.b.w.embedded.tomcat.TomcatWebServer  : Tomcat initialized with port(s): 8080 (http)
2022-07-06 15:53:46.612  INFO 22180 --- [restartedMain] o.apache.catalina.core.StandardService   : Starting service [Tomcat]
2022-07-06 15:53:46.613  INFO 22180 --- [restartedMain] org.apache.catalina.core.StandardEngine  : Starting Servlet engine: [Apache Tomcat/9.0.63]
2022-07-06 15:53:46.680  INFO 22180 --- [restartedMain] o.a.c.c.C.[Tomcat].[localhost].[/]       : Initializing Spring embedded WebApplicationContext
2022-07-06 15:53:46.680  INFO 22180 --- [restartedMain] w.s.c.ServletWebServerApplicationContext : Root WebApplicationContext: initialization completed in 725 ms
2022-07-06 15:53:47.169  INFO 22180 --- [restartedMain] o.s.b.d.a.OptionalLiveReloadServer       : LiveReload server is running on port 35729
2022-07-06 15:53:47.228  INFO 22180 --- [restartedMain] o.s.b.w.embedded.tomcat.TomcatWebServer  : Tomcat started on port(s): 8080 (http) with context path ''
2022-07-06 15:53:47.236  INFO 22180 --- [restartedMain] c.e.paymentapi.PaymentApiApplication     : Started PaymentApiApplication in 1.555 seconds (JVM running for 2.245)
2022-07-06 15:53:49.646  INFO 22180 --- [http-nio-8080-exec-1] o.a.c.c.C.[Tomcat].[localhost].[/]       : Initializing Spring DispatcherServlet 'dispatcherServlet'
2022-07-06 15:53:49.646  INFO 22180 --- [http-nio-8080-exec-1] o.s.web.servlet.DispatcherServlet        : Initializing Servlet 'dispatcherServlet'
2022-07-06 15:53:49.648  INFO 22180 --- [http-nio-8080-exec-1] o.s.web.servlet.DispatcherServlet        : Completed initialization in 2 ms
2022-07-06 15:53:49.754  INFO 22180 --- [http-nio-8080-exec-1] c.e.p.controller.PaymentController       : Begin sendRequest() 
2022-07-06 15:53:49.764  INFO 22180 --- [http-nio-8080-exec-1] c.e.p.service.impl.PaymentServiceImpl    : Begin getPrivateKey() with Data Payment Request: PaymentRequest(apiID=Restpayment, mobile=0345225630, bankCode=970445, accountNo=0001100014211002, payDate=20200929112923, additionalData=11, debitAmount=11200.0, respCode=00, respDesc=SUCCESS, traceTransfer=FT19310RH6P1, messageType=1, checkSum=31805c2493c639ef10bbb5a4975846784970066bfb16Ec16a03b119d21bf12c0, orderCode=FT19310RH6P1, userName=cntest001, realAmount=11100.0, promotionCode=11, tokenKey=1601353776839FT19310rh6P1)
2022-07-06 15:53:49.765  INFO 22180 --- [http-nio-8080-exec-1] c.e.p.service.impl.PaymentServiceImpl    : End getPrivateKeyByBankCode() Have Bank Code in YAML file
2022-07-06 15:53:49.765  INFO 22180 --- [http-nio-8080-exec-1] c.e.p.service.impl.PaymentServiceImpl    :  Begin checkSumSHA256() with data payment request PaymentRequest(apiID=Restpayment, mobile=0345225630, bankCode=970445, accountNo=0001100014211002, payDate=20200929112923, additionalData=11, debitAmount=11200.0, respCode=00, respDesc=SUCCESS, traceTransfer=FT19310RH6P1, messageType=1, checkSum=31805c2493c639ef10bbb5a4975846784970066bfb16Ec16a03b119d21bf12c0, orderCode=FT19310RH6P1, userName=cntest001, realAmount=11100.0, promotionCode=11, tokenKey=1601353776839FT19310rh6P1)
2022-07-06 15:53:49.767  INFO 22180 --- [http-nio-8080-exec-1] c.e.p.service.impl.PaymentServiceImpl    : Begin getStringToHash with data PaymentRequest PaymentRequest(apiID=Restpayment, mobile=0345225630, bankCode=970445, accountNo=0001100014211002, payDate=20200929112923, additionalData=11, debitAmount=11200.0, respCode=00, respDesc=SUCCESS, traceTransfer=FT19310RH6P1, messageType=1, checkSum=31805c2493c639ef10bbb5a4975846784970066bfb16Ec16a03b119d21bf12c0, orderCode=FT19310RH6P1, userName=cntest001, realAmount=11100.0, promotionCode=11, tokenKey=1601353776839FT19310rh6P1)
2022-07-06 15:53:49.768  INFO 22180 --- [http-nio-8080-exec-1] c.e.p.service.impl.PaymentServiceImpl    : Private key: abyukmnh
2022-07-06 15:53:49.768  INFO 22180 --- [http-nio-8080-exec-1] c.e.p.service.impl.PaymentServiceImpl    : End getStringToHash success
2022-07-06 15:53:49.769  INFO 22180 --- [http-nio-8080-exec-1] c.e.p.service.impl.PaymentServiceImpl    : Check sum SHA256:[31805c2493c639ef10bbb5a4975846784970066bfb16ec16a03b119d21bf12c0] 
2022-07-06 15:53:49.769  INFO 22180 --- [http-nio-8080-exec-1] c.e.p.service.impl.PaymentServiceImpl    : checkSumSHA256() Checksum success
2022-07-06 15:53:49.770  INFO 22180 --- [http-nio-8080-exec-1] c.e.p.service.impl.PaymentServiceImpl    :  Set request data to Redis with data: PaymentRequest(apiID=Restpayment, mobile=0345225630, bankCode=970445, accountNo=0001100014211002, payDate=20200929112923, additionalData=11, debitAmount=11200.0, respCode=00, respDesc=SUCCESS, traceTransfer=FT19310RH6P1, messageType=1, checkSum=31805c2493c639ef10bbb5a4975846784970066bfb16Ec16a03b119d21bf12c0, orderCode=FT19310RH6P1, userName=cntest001, realAmount=11100.0, promotionCode=11, tokenKey=1601353776839FT19310rh6P1) 
2022-07-06 15:53:50.123  INFO 22180 --- [http-nio-8080-exec-1] c.e.p.service.impl.PaymentServiceImpl    : Time token key is valid: 29170
2022-07-06 15:53:50.127  INFO 22180 --- [http-nio-8080-exec-1] c.e.p.service.impl.PaymentServiceImpl    : isExpired: false 
2022-07-06 15:53:50.128  INFO 22180 --- [http-nio-8080-exec-1] c.e.p.service.impl.PaymentServiceImpl    : Put request data to Redis
2022-07-06 15:53:50.134  INFO 22180 --- [http-nio-8080-exec-1] c.e.p.service.impl.PaymentServiceImpl    : [{"apiID":"Restpayment","mobile":"0345225630","bankCode":"970445","accountNo":"0001100014211002","payDate":"20200929112923","additionalData":"11","debitAmount":11200.0,"respCode":"00","respDesc":"SUCCESS","traceTransfer":"FT19310RH6P1","messageType":"1","checkSum":"31805c2493c639ef10bbb5a4975846784970066bfb16Ec16a03b119d21bf12c0","orderCode":"FT19310RH6P1","userName":"cntest001","realAmount":11100.0,"promotionCode":"11","tokenKey":"1601353776839FT19310rh6P1"}]
2022-07-06 15:53:50.134  INFO 22180 --- [http-nio-8080-exec-1] c.e.p.controller.PaymentController       : Send request success
2022-07-06 15:54:17.252  INFO 22180 --- [http-nio-8080-exec-3] c.e.p.controller.PaymentController       : Begin sendRequest() 
2022-07-06 15:54:17.252  INFO 22180 --- [http-nio-8080-exec-3] c.e.p.service.impl.PaymentServiceImpl    : Begin getPrivateKey() with Data Payment Request: PaymentRequest(apiID=Restpayment, mobile=0345225630, bankCode=970445, accountNo=0001100014211002, payDate=20200929112923, additionalData=11, debitAmount=11200.0, respCode=00, respDesc=SUCCESS, traceTransfer=FT19310RH6P1, messageType=1, checkSum=31805c2493c639ef10bbb5a4975846784970066bfb16Ec16a03b119d21bf12c0, orderCode=FT19310RH6P1, userName=cntest001, realAmount=11100.0, promotionCode=11, tokenKey=1601353776839FT19310rh6P17)
2022-07-06 15:54:17.252  INFO 22180 --- [http-nio-8080-exec-3] c.e.p.service.impl.PaymentServiceImpl    : End getPrivateKeyByBankCode() Have Bank Code in YAML file
2022-07-06 15:54:17.253  INFO 22180 --- [http-nio-8080-exec-3] c.e.p.service.impl.PaymentServiceImpl    :  Begin checkSumSHA256() with data payment request PaymentRequest(apiID=Restpayment, mobile=0345225630, bankCode=970445, accountNo=0001100014211002, payDate=20200929112923, additionalData=11, debitAmount=11200.0, respCode=00, respDesc=SUCCESS, traceTransfer=FT19310RH6P1, messageType=1, checkSum=31805c2493c639ef10bbb5a4975846784970066bfb16Ec16a03b119d21bf12c0, orderCode=FT19310RH6P1, userName=cntest001, realAmount=11100.0, promotionCode=11, tokenKey=1601353776839FT19310rh6P17)
2022-07-06 15:54:17.253  INFO 22180 --- [http-nio-8080-exec-3] c.e.p.service.impl.PaymentServiceImpl    : Begin getStringToHash with data PaymentRequest PaymentRequest(apiID=Restpayment, mobile=0345225630, bankCode=970445, accountNo=0001100014211002, payDate=20200929112923, additionalData=11, debitAmount=11200.0, respCode=00, respDesc=SUCCESS, traceTransfer=FT19310RH6P1, messageType=1, checkSum=31805c2493c639ef10bbb5a4975846784970066bfb16Ec16a03b119d21bf12c0, orderCode=FT19310RH6P1, userName=cntest001, realAmount=11100.0, promotionCode=11, tokenKey=1601353776839FT19310rh6P17)
2022-07-06 15:54:17.253  INFO 22180 --- [http-nio-8080-exec-3] c.e.p.service.impl.PaymentServiceImpl    : Private key: abyukmnh
2022-07-06 15:54:17.253  INFO 22180 --- [http-nio-8080-exec-3] c.e.p.service.impl.PaymentServiceImpl    : End getStringToHash success
2022-07-06 15:54:17.253  INFO 22180 --- [http-nio-8080-exec-3] c.e.p.service.impl.PaymentServiceImpl    : Check sum SHA256:[31805c2493c639ef10bbb5a4975846784970066bfb16ec16a03b119d21bf12c0] 
2022-07-06 15:54:17.253  INFO 22180 --- [http-nio-8080-exec-3] c.e.p.service.impl.PaymentServiceImpl    : checkSumSHA256() Checksum success
2022-07-06 15:54:17.253  INFO 22180 --- [http-nio-8080-exec-3] c.e.p.service.impl.PaymentServiceImpl    :  Set request data to Redis with data: PaymentRequest(apiID=Restpayment, mobile=0345225630, bankCode=970445, accountNo=0001100014211002, payDate=20200929112923, additionalData=11, debitAmount=11200.0, respCode=00, respDesc=SUCCESS, traceTransfer=FT19310RH6P1, messageType=1, checkSum=31805c2493c639ef10bbb5a4975846784970066bfb16Ec16a03b119d21bf12c0, orderCode=FT19310RH6P1, userName=cntest001, realAmount=11100.0, promotionCode=11, tokenKey=1601353776839FT19310rh6P17) 
2022-07-06 15:54:17.254  INFO 22180 --- [http-nio-8080-exec-3] c.e.p.service.impl.PaymentServiceImpl    : Time token key is valid: 29142
2022-07-06 15:54:17.255  INFO 22180 --- [http-nio-8080-exec-3] c.e.p.service.impl.PaymentServiceImpl    : isExpired: false 
2022-07-06 15:54:17.256  INFO 22180 --- [http-nio-8080-exec-3] c.e.p.service.impl.PaymentServiceImpl    : Put request data to Redis
2022-07-06 15:54:17.257  INFO 22180 --- [http-nio-8080-exec-3] c.e.p.service.impl.PaymentServiceImpl    : [{"apiID":"Restpayment","mobile":"0345225630","bankCode":"970445","accountNo":"0001100014211002","payDate":"20200929112923","additionalData":"11","debitAmount":11200.0,"respCode":"00","respDesc":"SUCCESS","traceTransfer":"FT19310RH6P1","messageType":"1","checkSum":"31805c2493c639ef10bbb5a4975846784970066bfb16Ec16a03b119d21bf12c0","orderCode":"FT19310RH6P1","userName":"cntest001","realAmount":11100.0,"promotionCode":"11","tokenKey":"1601353776839FT19310rh6P17"}]
2022-07-06 15:54:17.257  INFO 22180 --- [http-nio-8080-exec-3] c.e.p.controller.PaymentController       : Send request success
2022-07-06 15:54:45.175  INFO 22180 --- [http-nio-8080-exec-4] c.e.p.controller.PaymentController       : Begin sendRequest() 
2022-07-06 15:54:45.175  INFO 22180 --- [http-nio-8080-exec-4] c.e.p.service.impl.PaymentServiceImpl    : Begin getPrivateKey() with Data Payment Request: PaymentRequest(apiID=Restpayment, mobile=0345225630, bankCode=970445, accountNo=0001100014211002, payDate=20200929112923, additionalData=11, debitAmount=11200.0, respCode=00, respDesc=SUCCESS, traceTransfer=FT19310RH6P1, messageType=1, checkSum=31805c2493c639ef10bbb5a4975846784970066bfb16Ec16a03b119d21bf12c0, orderCode=FT19310RH6P1, userName=cntest001, realAmount=11100.0, promotionCode=11, tokenKey=1601353776839FT1931dsfdsfsdf0rh6P17)
2022-07-06 15:54:45.175  INFO 22180 --- [http-nio-8080-exec-4] c.e.p.service.impl.PaymentServiceImpl    : End getPrivateKeyByBankCode() Have Bank Code in YAML file
2022-07-06 15:54:45.176  INFO 22180 --- [http-nio-8080-exec-4] c.e.p.service.impl.PaymentServiceImpl    :  Begin checkSumSHA256() with data payment request PaymentRequest(apiID=Restpayment, mobile=0345225630, bankCode=970445, accountNo=0001100014211002, payDate=20200929112923, additionalData=11, debitAmount=11200.0, respCode=00, respDesc=SUCCESS, traceTransfer=FT19310RH6P1, messageType=1, checkSum=31805c2493c639ef10bbb5a4975846784970066bfb16Ec16a03b119d21bf12c0, orderCode=FT19310RH6P1, userName=cntest001, realAmount=11100.0, promotionCode=11, tokenKey=1601353776839FT1931dsfdsfsdf0rh6P17)
2022-07-06 15:54:45.176  INFO 22180 --- [http-nio-8080-exec-4] c.e.p.service.impl.PaymentServiceImpl    : Begin getStringToHash with data PaymentRequest PaymentRequest(apiID=Restpayment, mobile=0345225630, bankCode=970445, accountNo=0001100014211002, payDate=20200929112923, additionalData=11, debitAmount=11200.0, respCode=00, respDesc=SUCCESS, traceTransfer=FT19310RH6P1, messageType=1, checkSum=31805c2493c639ef10bbb5a4975846784970066bfb16Ec16a03b119d21bf12c0, orderCode=FT19310RH6P1, userName=cntest001, realAmount=11100.0, promotionCode=11, tokenKey=1601353776839FT1931dsfdsfsdf0rh6P17)
2022-07-06 15:54:45.176  INFO 22180 --- [http-nio-8080-exec-4] c.e.p.service.impl.PaymentServiceImpl    : Private key: abyukmnh
2022-07-06 15:54:45.176  INFO 22180 --- [http-nio-8080-exec-4] c.e.p.service.impl.PaymentServiceImpl    : End getStringToHash success
2022-07-06 15:54:45.176  INFO 22180 --- [http-nio-8080-exec-4] c.e.p.service.impl.PaymentServiceImpl    : Check sum SHA256:[31805c2493c639ef10bbb5a4975846784970066bfb16ec16a03b119d21bf12c0] 
2022-07-06 15:54:45.176  INFO 22180 --- [http-nio-8080-exec-4] c.e.p.service.impl.PaymentServiceImpl    : checkSumSHA256() Checksum success
2022-07-06 15:54:45.177  INFO 22180 --- [http-nio-8080-exec-4] c.e.p.service.impl.PaymentServiceImpl    :  Set request data to Redis with data: PaymentRequest(apiID=Restpayment, mobile=0345225630, bankCode=970445, accountNo=0001100014211002, payDate=20200929112923, additionalData=11, debitAmount=11200.0, respCode=00, respDesc=SUCCESS, traceTransfer=FT19310RH6P1, messageType=1, checkSum=31805c2493c639ef10bbb5a4975846784970066bfb16Ec16a03b119d21bf12c0, orderCode=FT19310RH6P1, userName=cntest001, realAmount=11100.0, promotionCode=11, tokenKey=1601353776839FT1931dsfdsfsdf0rh6P17) 
2022-07-06 15:54:45.179  INFO 22180 --- [http-nio-8080-exec-4] c.e.p.service.impl.PaymentServiceImpl    : Time token key is valid: 29114
2022-07-06 15:54:45.181  INFO 22180 --- [http-nio-8080-exec-4] c.e.p.service.impl.PaymentServiceImpl    : isExpired: false 
2022-07-06 15:54:45.181  INFO 22180 --- [http-nio-8080-exec-4] c.e.p.service.impl.PaymentServiceImpl    : Put request data to Redis
2022-07-06 15:54:45.182  INFO 22180 --- [http-nio-8080-exec-4] c.e.p.service.impl.PaymentServiceImpl    : [{"apiID":"Restpayment","mobile":"0345225630","bankCode":"970445","accountNo":"0001100014211002","payDate":"20200929112923","additionalData":"11","debitAmount":11200.0,"respCode":"00","respDesc":"SUCCESS","traceTransfer":"FT19310RH6P1","messageType":"1","checkSum":"31805c2493c639ef10bbb5a4975846784970066bfb16Ec16a03b119d21bf12c0","orderCode":"FT19310RH6P1","userName":"cntest001","realAmount":11100.0,"promotionCode":"11","tokenKey":"1601353776839FT1931dsfdsfsdf0rh6P17"}]
2022-07-06 15:54:45.183  INFO 22180 --- [http-nio-8080-exec-4] c.e.p.controller.PaymentController       : Send request success
2022-07-06 15:58:56.156  INFO 13180 --- [restartedMain] c.e.paymentapi.PaymentApiApplication     : Starting PaymentApiApplication using Java 18.0.1.1 on tuanlt2 with PID 13180 (D:\TuanLT Workspace\payment-api1\target\classes started by tuanlt2 in D:\TuanLT Workspace\payment-api1)
2022-07-06 15:58:56.157  INFO 13180 --- [restartedMain] c.e.paymentapi.PaymentApiApplication     : No active profile set, falling back to 1 default profile: "default"
2022-07-06 15:58:56.186  INFO 13180 --- [restartedMain] .e.DevToolsPropertyDefaultsPostProcessor : Devtools property defaults active! Set 'spring.devtools.add-properties' to 'false' to disable
2022-07-06 15:58:56.186  INFO 13180 --- [restartedMain] .e.DevToolsPropertyDefaultsPostProcessor : For additional web related logging consider setting the 'logging.level.web' property to 'DEBUG'
2022-07-06 15:58:56.442  INFO 13180 --- [restartedMain] .s.d.r.c.RepositoryConfigurationDelegate : Multiple Spring Data modules found, entering strict repository configuration mode!
2022-07-06 15:58:56.443  INFO 13180 --- [restartedMain] .s.d.r.c.RepositoryConfigurationDelegate : Bootstrapping Spring Data Redis repositories in DEFAULT mode.
2022-07-06 15:58:56.453  INFO 13180 --- [restartedMain] .s.d.r.c.RepositoryConfigurationDelegate : Finished Spring Data repository scanning in 3 ms. Found 0 Redis repository interfaces.
2022-07-06 15:58:56.552  INFO 13180 --- [restartedMain] .s.d.r.c.RepositoryConfigurationDelegate : Multiple Spring Data modules found, entering strict repository configuration mode!
2022-07-06 15:58:56.553  INFO 13180 --- [restartedMain] .s.d.r.c.RepositoryConfigurationDelegate : Bootstrapping Spring Data Redis repositories in DEFAULT mode.
2022-07-06 15:58:56.556  INFO 13180 --- [restartedMain] .s.d.r.c.RepositoryConfigurationDelegate : Finished Spring Data repository scanning in 2 ms. Found 0 Redis repository interfaces.
2022-07-06 15:58:56.831  INFO 13180 --- [restartedMain] o.s.b.w.embedded.tomcat.TomcatWebServer  : Tomcat initialized with port(s): 8080 (http)
2022-07-06 15:58:56.835  INFO 13180 --- [restartedMain] o.apache.catalina.core.StandardService   : Starting service [Tomcat]
2022-07-06 15:58:56.836  INFO 13180 --- [restartedMain] org.apache.catalina.core.StandardEngine  : Starting Servlet engine: [Apache Tomcat/9.0.63]
2022-07-06 15:58:56.899  INFO 13180 --- [restartedMain] o.a.c.c.C.[Tomcat].[localhost].[/]       : Initializing Spring embedded WebApplicationContext
2022-07-06 15:58:56.900  INFO 13180 --- [restartedMain] w.s.c.ServletWebServerApplicationContext : Root WebApplicationContext: initialization completed in 714 ms
2022-07-06 15:58:57.390  INFO 13180 --- [restartedMain] o.s.b.d.a.OptionalLiveReloadServer       : LiveReload server is running on port 35729
2022-07-06 15:58:57.448  INFO 13180 --- [restartedMain] o.s.b.w.embedded.tomcat.TomcatWebServer  : Tomcat started on port(s): 8080 (http) with context path ''
2022-07-06 15:58:57.455  INFO 13180 --- [restartedMain] c.e.paymentapi.PaymentApiApplication     : Started PaymentApiApplication in 1.536 seconds (JVM running for 2.236)
2022-07-06 15:59:04.053  INFO 13180 --- [http-nio-8080-exec-2] o.a.c.c.C.[Tomcat].[localhost].[/]       : Initializing Spring DispatcherServlet 'dispatcherServlet'
2022-07-06 15:59:04.054  INFO 13180 --- [http-nio-8080-exec-2] o.s.web.servlet.DispatcherServlet        : Initializing Servlet 'dispatcherServlet'
2022-07-06 15:59:04.055  INFO 13180 --- [http-nio-8080-exec-2] o.s.web.servlet.DispatcherServlet        : Completed initialization in 1 ms
2022-07-06 15:59:04.166  INFO 13180 --- [http-nio-8080-exec-2] c.e.p.controller.PaymentController       : Begin sendRequest() 
2022-07-06 15:59:04.176  INFO 13180 --- [http-nio-8080-exec-2] c.e.p.service.impl.PaymentServiceImpl    : Begin getPrivateKey() with Data Payment Request: PaymentRequest(apiID=Restpayment, mobile=0345225630, bankCode=970445, accountNo=0001100014211002, payDate=20200929112923, additionalData=11, debitAmount=11200.0, respCode=00, respDesc=SUCCESS, traceTransfer=FT19310RH6P1, messageType=1, checkSum=31805c2493c639ef10bbb5a4975846784970066bfb16Ec16a03b119d21bf12c0, orderCode=FT19310RH6P1, userName=cntest001, realAmount=11100.0, promotionCode=11, tokenKey=1601353776839FT1931dsfdsfsdf0dfdsfsdrh6P17)
2022-07-06 15:59:04.177  INFO 13180 --- [http-nio-8080-exec-2] c.e.p.service.impl.PaymentServiceImpl    : End getPrivateKeyByBankCode() Have Bank Code in YAML file
2022-07-06 15:59:04.177  INFO 13180 --- [http-nio-8080-exec-2] c.e.p.service.impl.PaymentServiceImpl    :  Begin checkSumSHA256() with data payment request PaymentRequest(apiID=Restpayment, mobile=0345225630, bankCode=970445, accountNo=0001100014211002, payDate=20200929112923, additionalData=11, debitAmount=11200.0, respCode=00, respDesc=SUCCESS, traceTransfer=FT19310RH6P1, messageType=1, checkSum=31805c2493c639ef10bbb5a4975846784970066bfb16Ec16a03b119d21bf12c0, orderCode=FT19310RH6P1, userName=cntest001, realAmount=11100.0, promotionCode=11, tokenKey=1601353776839FT1931dsfdsfsdf0dfdsfsdrh6P17)
2022-07-06 15:59:04.179  INFO 13180 --- [http-nio-8080-exec-2] c.e.p.service.impl.PaymentServiceImpl    : Begin getStringToHash with data PaymentRequest PaymentRequest(apiID=Restpayment, mobile=0345225630, bankCode=970445, accountNo=0001100014211002, payDate=20200929112923, additionalData=11, debitAmount=11200.0, respCode=00, respDesc=SUCCESS, traceTransfer=FT19310RH6P1, messageType=1, checkSum=31805c2493c639ef10bbb5a4975846784970066bfb16Ec16a03b119d21bf12c0, orderCode=FT19310RH6P1, userName=cntest001, realAmount=11100.0, promotionCode=11, tokenKey=1601353776839FT1931dsfdsfsdf0dfdsfsdrh6P17)
2022-07-06 15:59:04.179  INFO 13180 --- [http-nio-8080-exec-2] c.e.p.service.impl.PaymentServiceImpl    : Private key: abyukmnh
2022-07-06 15:59:04.179  INFO 13180 --- [http-nio-8080-exec-2] c.e.p.service.impl.PaymentServiceImpl    : End getStringToHash success
2022-07-06 15:59:04.180  INFO 13180 --- [http-nio-8080-exec-2] c.e.p.service.impl.PaymentServiceImpl    : Check sum SHA256:[31805c2493c639ef10bbb5a4975846784970066bfb16ec16a03b119d21bf12c0] 
2022-07-06 15:59:04.180  INFO 13180 --- [http-nio-8080-exec-2] c.e.p.service.impl.PaymentServiceImpl    : checkSumSHA256() Checksum success
2022-07-06 15:59:04.181  INFO 13180 --- [http-nio-8080-exec-2] c.e.p.service.impl.PaymentServiceImpl    :  Set request data to Redis with data: PaymentRequest(apiID=Restpayment, mobile=0345225630, bankCode=970445, accountNo=0001100014211002, payDate=20200929112923, additionalData=11, debitAmount=11200.0, respCode=00, respDesc=SUCCESS, traceTransfer=FT19310RH6P1, messageType=1, checkSum=31805c2493c639ef10bbb5a4975846784970066bfb16Ec16a03b119d21bf12c0, orderCode=FT19310RH6P1, userName=cntest001, realAmount=11100.0, promotionCode=11, tokenKey=1601353776839FT1931dsfdsfsdf0dfdsfsdrh6P17) 
2022-07-06 15:59:04.554  INFO 13180 --- [http-nio-8080-exec-2] c.e.p.service.impl.PaymentServiceImpl    : Time token key is valid: 28855
2022-07-06 15:59:04.560  INFO 13180 --- [http-nio-8080-exec-2] c.e.p.service.impl.PaymentServiceImpl    : isExpired: false 
2022-07-06 15:59:04.560  INFO 13180 --- [http-nio-8080-exec-2] c.e.p.service.impl.PaymentServiceImpl    : Put request data to Redis
2022-07-06 15:59:04.566  INFO 13180 --- [http-nio-8080-exec-2] c.e.p.service.impl.PaymentServiceImpl    : [{"apiID":"Restpayment","mobile":"0345225630","bankCode":"970445","accountNo":"0001100014211002","payDate":"20200929112923","additionalData":"11","debitAmount":11200.0,"respCode":"00","respDesc":"SUCCESS","traceTransfer":"FT19310RH6P1","messageType":"1","checkSum":"31805c2493c639ef10bbb5a4975846784970066bfb16Ec16a03b119d21bf12c0","orderCode":"FT19310RH6P1","userName":"cntest001","realAmount":11100.0,"promotionCode":"11","tokenKey":"1601353776839FT1931dsfdsfsdf0dfdsfsdrh6P17"}]
2022-07-06 15:59:04.567  INFO 13180 --- [http-nio-8080-exec-2] c.e.p.controller.PaymentController       : Send request success
