08:40:45.538 [] [background-preinit] INFO  o.h.validator.internal.util.Version - HV000001: Hibernate Validator 6.2.3.Final
08:40:45.541 [] [restartedMain] INFO  c.e.paymentapi.PaymentApiApplication - Starting PaymentApiApplication using Java 18.0.1.1 on tuanlt2 with PID 12368 (D:\Git\demoVNPAY\vnpayDemo\payment-api\target\classes started by tuanlt2 in D:\Git\demoVNPAY\vnpayDemo\payment-api)
08:40:45.541 [] [restartedMain] INFO  c.e.paymentapi.PaymentApiApplication - No active profile set, falling back to 1 default profile: "default"
08:40:45.583 [] [restartedMain] INFO  o.s.b.d.e.DevToolsPropertyDefaultsPostProcessor - Devtools property defaults active! Set 'spring.devtools.add-properties' to 'false' to disable
08:40:45.583 [] [restartedMain] INFO  o.s.b.d.e.DevToolsPropertyDefaultsPostProcessor - For additional web related logging consider setting the 'logging.level.web' property to 'DEBUG'
08:40:46.117 [] [restartedMain] INFO  o.s.d.r.c.RepositoryConfigurationDelegate - Multiple Spring Data modules found, entering strict repository configuration mode!
08:40:46.119 [] [restartedMain] INFO  o.s.d.r.c.RepositoryConfigurationDelegate - Bootstrapping Spring Data Redis repositories in DEFAULT mode.
08:40:46.138 [] [restartedMain] INFO  o.s.d.r.c.RepositoryConfigurationDelegate - Finished Spring Data repository scanning in 5 ms. Found 0 Redis repository interfaces.
08:40:46.611 [] [restartedMain] INFO  o.s.b.w.e.tomcat.TomcatWebServer - Tomcat initialized with port(s): 9091 (http)
08:40:46.617 [] [restartedMain] INFO  o.a.coyote.http11.Http11NioProtocol - Initializing ProtocolHandler ["http-nio-9091"]
08:40:46.618 [] [restartedMain] INFO  o.a.catalina.core.StandardService - Starting service [Tomcat]
08:40:46.618 [] [restartedMain] INFO  o.a.catalina.core.StandardEngine - Starting Servlet engine: [Apache Tomcat/9.0.63]
08:40:46.684 [] [restartedMain] INFO  o.a.c.c.C.[Tomcat].[localhost].[/] - Initializing Spring embedded WebApplicationContext
08:40:46.684 [] [restartedMain] INFO  o.s.b.w.s.c.ServletWebServerApplicationContext - Root WebApplicationContext: initialization completed in 1101 ms
08:40:48.121 [] [restartedMain] INFO  o.s.b.d.a.OptionalLiveReloadServer - LiveReload server is running on port 35729
08:40:48.201 [] [restartedMain] INFO  o.a.coyote.http11.Http11NioProtocol - Starting ProtocolHandler ["http-nio-9091"]
08:40:48.244 [] [restartedMain] INFO  o.s.b.w.e.tomcat.TomcatWebServer - Tomcat started on port(s): 9091 (http) with context path ''
08:40:48.260 [] [restartedMain] INFO  c.e.paymentapi.PaymentApiApplication - Started PaymentApiApplication in 3.014 seconds (JVM running for 3.823)
08:41:11.271 [] [http-nio-9091-exec-1] INFO  o.a.c.c.C.[Tomcat].[localhost].[/] - Initializing Spring DispatcherServlet 'dispatcherServlet'
08:41:11.271 [] [http-nio-9091-exec-1] INFO  o.s.web.servlet.DispatcherServlet - Initializing Servlet 'dispatcherServlet'
08:41:11.272 [] [http-nio-9091-exec-1] INFO  o.s.web.servlet.DispatcherServlet - Completed initialization in 1 ms
08:41:11.430 [] [http-nio-9091-exec-1] INFO  c.e.p.s.impl.PaymentServiceImpl - Begin send request with data: PaymentRequest(apiID=Payment003, mobile=0345225630, bankCode=11055, accountNo=0001100014211002, payDate=20200929112923, additionalData=11, debitAmount=11100.0, respCode=00, respDesc=SUCCESS, traceTransfer=FT19310RH6P1, messageType=1, checkSum=e05b9b04c4859fd4799c7cff632ca40567eb7e5e7528c533db2358574bae5e27, orderCode=FT19310RH6P1, userName=cntest001, realAmount=10100.0, promotionCode=, tokenKey=657gjkffhgkff9hhhyffhffdf0t, addValue=AddValue(payMethod=01, payMethodMMS=1))
08:41:11.430 [] [http-nio-9091-exec-1] INFO  c.e.p.s.impl.PaymentServiceImpl - Begin getPrivateKey() with bank code: [11055]
08:41:11.430 [] [http-nio-9091-exec-1] INFO  c.e.p.s.impl.PaymentServiceImpl - End getPrivateKeyByBankCode() Have Bank Code in YAML file
08:41:11.431 [] [http-nio-9091-exec-1] INFO  c.e.p.s.impl.PaymentServiceImpl - Begin check valid promotion code
08:41:11.431 [] [http-nio-9091-exec-1] INFO  c.e.p.s.impl.PaymentServiceImpl - Real amount different debit amount but promotion code is null, empty or blank => invalid promotion code
08:41:11.432 [] [http-nio-9091-exec-1] INFO  c.e.p.s.impl.PaymentServiceImpl -  Error code: 10
08:41:20.963 [] [http-nio-9091-exec-4] INFO  c.e.p.s.impl.PaymentServiceImpl - Begin send request with data: PaymentRequest(apiID=Payment003, mobile=0345225630, bankCode=11055, accountNo=0001100014211002, payDate=20200929112923, additionalData=11, debitAmount=11100.0, respCode=00, respDesc=SUCCESS, traceTransfer=FT19310RH6P1, messageType=1, checkSum=e05b9b04c4859fd4799c7cff632ca40567eb7e5e7528c533db2358574bae5e27, orderCode=FT19310RH6P1, userName=cntest001, realAmount=10100.0, promotionCode=tui, tokenKey=657gjkffhgkff9hhhyffhffdf0t, addValue=AddValue(payMethod=01, payMethodMMS=1))
08:41:20.964 [] [http-nio-9091-exec-4] INFO  c.e.p.s.impl.PaymentServiceImpl - Begin getPrivateKey() with bank code: [11055]
08:41:20.964 [] [http-nio-9091-exec-4] INFO  c.e.p.s.impl.PaymentServiceImpl - End getPrivateKeyByBankCode() Have Bank Code in YAML file
08:41:20.964 [] [http-nio-9091-exec-4] INFO  c.e.p.s.impl.PaymentServiceImpl - Begin check valid promotion code
08:41:20.964 [] [http-nio-9091-exec-4] INFO  c.e.p.s.impl.PaymentServiceImpl - End check promotion code success
08:41:20.964 [] [http-nio-9091-exec-4] INFO  c.e.p.s.impl.PaymentServiceImpl - Begin check valid amount
08:41:20.964 [] [http-nio-9091-exec-4] INFO  c.e.p.s.impl.PaymentServiceImpl -  Begin checkSumSHA256() with data payment request PaymentRequest(apiID=Payment003, mobile=0345225630, bankCode=11055, accountNo=0001100014211002, payDate=20200929112923, additionalData=11, debitAmount=11100.0, respCode=00, respDesc=SUCCESS, traceTransfer=FT19310RH6P1, messageType=1, checkSum=e05b9b04c4859fd4799c7cff632ca40567eb7e5e7528c533db2358574bae5e27, orderCode=FT19310RH6P1, userName=cntest001, realAmount=10100.0, promotionCode=, tokenKey=657gjkffhgkff9hhhyffhffdf0t, addValue=AddValue(payMethod=01, payMethodMMS=1))
08:41:20.980 [] [http-nio-9091-exec-4] INFO  c.e.p.s.impl.PaymentServiceImpl - Begin getStringToHash with data PaymentRequest PaymentRequest(apiID=Payment003, mobile=0345225630, bankCode=11055, accountNo=0001100014211002, payDate=20200929112923, additionalData=11, debitAmount=11100.0, respCode=00, respDesc=SUCCESS, traceTransfer=FT19310RH6P1, messageType=1, checkSum=e05b9b04c4859fd4799c7cff632ca40567eb7e5e7528c533db2358574bae5e27, orderCode=FT19310RH6P1, userName=cntest001, realAmount=10100.0, promotionCode=, tokenKey=657gjkffhgkff9hhhyffhffdf0t, addValue=AddValue(payMethod=01, payMethodMMS=1))
08:41:20.980 [] [http-nio-9091-exec-4] INFO  c.e.p.s.impl.PaymentServiceImpl - Private key: lkjlk
08:41:20.981 [] [http-nio-9091-exec-4] INFO  c.e.p.s.impl.PaymentServiceImpl - Append to String to HASH
08:41:20.981 [] [http-nio-9091-exec-4] INFO  c.e.p.s.impl.PaymentServiceImpl - End getStringToHash success
08:41:20.984 [] [http-nio-9091-exec-4] INFO  c.e.p.s.impl.PaymentServiceImpl - Check sum SHA256:[e05b9b04c4859fd4799c7cff632ca40567eb7e5e7528c533db2358574bae5e27] 
08:41:20.984 [] [http-nio-9091-exec-4] INFO  c.e.p.s.impl.PaymentServiceImpl - Checksum success
08:41:20.984 [] [http-nio-9091-exec-4] INFO  c.e.p.s.impl.PaymentServiceImpl - Begin check valid of Token key 657gjkffhgkff9hhhyffhffdf0t
08:41:21.004 [] [http-nio-9091-exec-4] INFO  c.e.p.s.impl.PaymentServiceImpl - Expire time is: -2 seconds
08:41:21.005 [] [http-nio-9091-exec-4] INFO  c.e.p.s.impl.PaymentServiceImpl - Key exist? false
08:41:21.005 [] [http-nio-9091-exec-4] INFO  c.e.p.s.impl.PaymentServiceImpl - Data put to redis: {"apiID":"Payment003","mobile":"0345225630","bankCode":"11055","accountNo":"0001100014211002","payDate":"20200929112923","additionalData":"11","debitAmount":11100.0,"respCode":"00","respDesc":"SUCCESS","traceTransfer":"FT19310RH6P1","messageType":"1","checkSum":"e05b9b04c4859fd4799c7cff632ca40567eb7e5e7528c533db2358574bae5e27","orderCode":"FT19310RH6P1","userName":"cntest001","realAmount":10100.0,"promotionCode":"","tokenKey":"657gjkffhgkff9hhhyffhffdf0t","addValue":{"payMethod":"01","payMethodMMS":1}}
08:41:21.005 [] [http-nio-9091-exec-4] INFO  c.e.p.s.impl.PaymentServiceImpl - Token key can use on day
08:41:21.005 [] [http-nio-9091-exec-4] INFO  c.e.p.s.impl.PaymentServiceImpl - Begin publish message to queue with data PaymentRequest(apiID=Payment003, mobile=0345225630, bankCode=11055, accountNo=0001100014211002, payDate=20200929112923, additionalData=11, debitAmount=11100.0, respCode=00, respDesc=SUCCESS, traceTransfer=FT19310RH6P1, messageType=1, checkSum=e05b9b04c4859fd4799c7cff632ca40567eb7e5e7528c533db2358574bae5e27, orderCode=FT19310RH6P1, userName=cntest001, realAmount=10100.0, promotionCode=, tokenKey=657gjkffhgkff9hhhyffhffdf0t, addValue=AddValue(payMethod=01, payMethodMMS=1)) 
08:41:21.020 [] [http-nio-9091-exec-4] INFO  c.e.p.s.impl.PaymentServiceImpl - correlationId with message 5d9212bb-c198-4523-9b12-3ef03ef46a62 
08:41:21.022 [] [http-nio-9091-exec-4] INFO  c.e.p.s.impl.PaymentServiceImpl - Send message to queue queue.rpc with data: {"apiID":"Payment003","mobile":"0345225630","bankCode":"11055","accountNo":"0001100014211002","payDate":"20200929112923","additionalData":"11","debitAmount":11100.0,"respCode":"00","respDesc":"SUCCESS","traceTransfer":"FT19310RH6P1","messageType":"1","checkSum":"e05b9b04c4859fd4799c7cff632ca40567eb7e5e7528c533db2358574bae5e27","orderCode":"FT19310RH6P1","userName":"cntest001","realAmount":10100.0,"promotionCode":"","tokenKey":"657gjkffhgkff9hhhyffhffdf0t","addValue":{"payMethod":"01","payMethodMMS":1}}
08:41:21.023 [] [http-nio-9091-exec-4] INFO  c.e.p.s.impl.PaymentServiceImpl - Begin receive message RabbitMQ from server
08:41:23.142 [] [http-nio-9091-exec-4] INFO  c.e.p.s.impl.PaymentServiceImpl - Get result from server: {"code":"00","message":"Response from partner api: Status response 200","stackTrace":[],"suppressedExceptions":[]} 
08:41:23.152 [] [http-nio-9091-exec-4] INFO  c.e.paymentapi.util.MessageResponse - Send request success and receive response success with result: {"code":"00","message":"Response from partner api: Status response 200","stackTrace":[],"suppressedExceptions":[]}
08:53:24.688 [] [http-nio-9091-exec-7] INFO  c.e.p.s.impl.PaymentServiceImpl - Begin send request with data: PaymentRequest(apiID=Payment003, mobile=0345225630, bankCode=11055, accountNo=0001100014211002, payDate=20200929112923, additionalData=11, debitAmount=11100.0, respCode=00, respDesc=SUCCESS, traceTransfer=FT19310RH6P1, messageType=1, checkSum=e05b9b04c4859fd4799c7cff632ca40567eb7e5e7528c533db2358574bae5e27, orderCode=FT19310RH6P1, userName=cntest001, realAmount=10100.0, promotionCode=tui, tokenKey=657gj78hhyffhffdf0t, addValue=AddValue(payMethod=01, payMethodMMS=1))
08:53:24.688 [] [http-nio-9091-exec-7] INFO  c.e.p.s.impl.PaymentServiceImpl - Begin getPrivateKey() with bank code: [11055]
08:53:24.688 [] [http-nio-9091-exec-7] INFO  c.e.p.s.impl.PaymentServiceImpl - End getPrivateKeyByBankCode() Have Bank Code in YAML file
08:53:24.688 [] [http-nio-9091-exec-7] INFO  c.e.p.s.impl.PaymentServiceImpl - Begin check valid promotion code
08:53:24.688 [] [http-nio-9091-exec-7] INFO  c.e.p.s.impl.PaymentServiceImpl - End check promotion code success
08:53:24.688 [] [http-nio-9091-exec-7] INFO  c.e.p.s.impl.PaymentServiceImpl - Begin check valid amount
08:53:24.688 [] [http-nio-9091-exec-7] INFO  c.e.p.s.impl.PaymentServiceImpl -  Begin checkSumSHA256() with data payment request PaymentRequest(apiID=Payment003, mobile=0345225630, bankCode=11055, accountNo=0001100014211002, payDate=20200929112923, additionalData=11, debitAmount=11100.0, respCode=00, respDesc=SUCCESS, traceTransfer=FT19310RH6P1, messageType=1, checkSum=e05b9b04c4859fd4799c7cff632ca40567eb7e5e7528c533db2358574bae5e27, orderCode=FT19310RH6P1, userName=cntest001, realAmount=10100.0, promotionCode=, tokenKey=657gj78hhyffhffdf0t, addValue=AddValue(payMethod=01, payMethodMMS=1))
08:53:24.688 [] [http-nio-9091-exec-7] INFO  c.e.p.s.impl.PaymentServiceImpl - Begin getStringToHash with data PaymentRequest PaymentRequest(apiID=Payment003, mobile=0345225630, bankCode=11055, accountNo=0001100014211002, payDate=20200929112923, additionalData=11, debitAmount=11100.0, respCode=00, respDesc=SUCCESS, traceTransfer=FT19310RH6P1, messageType=1, checkSum=e05b9b04c4859fd4799c7cff632ca40567eb7e5e7528c533db2358574bae5e27, orderCode=FT19310RH6P1, userName=cntest001, realAmount=10100.0, promotionCode=, tokenKey=657gj78hhyffhffdf0t, addValue=AddValue(payMethod=01, payMethodMMS=1))
08:53:24.688 [] [http-nio-9091-exec-7] INFO  c.e.p.s.impl.PaymentServiceImpl - Private key: lkjlk
08:53:24.688 [] [http-nio-9091-exec-7] INFO  c.e.p.s.impl.PaymentServiceImpl - Append to String to HASH
08:53:24.689 [] [http-nio-9091-exec-7] INFO  c.e.p.s.impl.PaymentServiceImpl - End getStringToHash success
08:53:24.689 [] [http-nio-9091-exec-7] INFO  c.e.p.s.impl.PaymentServiceImpl - Check sum SHA256:[e05b9b04c4859fd4799c7cff632ca40567eb7e5e7528c533db2358574bae5e27] 
08:53:24.689 [] [http-nio-9091-exec-7] INFO  c.e.p.s.impl.PaymentServiceImpl - Checksum success
08:53:24.689 [] [http-nio-9091-exec-7] INFO  c.e.p.s.impl.PaymentServiceImpl - Begin check valid of Token key 657gj78hhyffhffdf0t
08:53:24.689 [] [http-nio-9091-exec-7] INFO  c.e.p.s.impl.PaymentServiceImpl - Expire time is: -2 seconds
08:53:24.689 [] [http-nio-9091-exec-7] INFO  c.e.p.s.impl.PaymentServiceImpl - Key exist? false
08:53:24.689 [] [http-nio-9091-exec-7] INFO  c.e.p.s.impl.PaymentServiceImpl - Data put to redis: {"apiID":"Payment003","mobile":"0345225630","bankCode":"11055","accountNo":"0001100014211002","payDate":"20200929112923","additionalData":"11","debitAmount":11100.0,"respCode":"00","respDesc":"SUCCESS","traceTransfer":"FT19310RH6P1","messageType":"1","checkSum":"e05b9b04c4859fd4799c7cff632ca40567eb7e5e7528c533db2358574bae5e27","orderCode":"FT19310RH6P1","userName":"cntest001","realAmount":10100.0,"promotionCode":"","tokenKey":"657gj78hhyffhffdf0t","addValue":{"payMethod":"01","payMethodMMS":1}}
08:53:24.689 [] [http-nio-9091-exec-7] INFO  c.e.p.s.impl.PaymentServiceImpl - Token key can use on day
08:53:24.690 [] [http-nio-9091-exec-7] INFO  c.e.p.s.impl.PaymentServiceImpl - Begin publish message to queue with data PaymentRequest(apiID=Payment003, mobile=0345225630, bankCode=11055, accountNo=0001100014211002, payDate=20200929112923, additionalData=11, debitAmount=11100.0, respCode=00, respDesc=SUCCESS, traceTransfer=FT19310RH6P1, messageType=1, checkSum=e05b9b04c4859fd4799c7cff632ca40567eb7e5e7528c533db2358574bae5e27, orderCode=FT19310RH6P1, userName=cntest001, realAmount=10100.0, promotionCode=, tokenKey=657gj78hhyffhffdf0t, addValue=AddValue(payMethod=01, payMethodMMS=1)) 
08:53:24.693 [] [http-nio-9091-exec-7] INFO  c.e.p.s.impl.PaymentServiceImpl - correlationId with message b310e9fb-2524-41b5-b50b-07074c86e792 
08:53:24.694 [] [http-nio-9091-exec-7] INFO  c.e.p.s.impl.PaymentServiceImpl - Send message to queue queue.rpc with data: {"apiID":"Payment003","mobile":"0345225630","bankCode":"11055","accountNo":"0001100014211002","payDate":"20200929112923","additionalData":"11","debitAmount":11100.0,"respCode":"00","respDesc":"SUCCESS","traceTransfer":"FT19310RH6P1","messageType":"1","checkSum":"e05b9b04c4859fd4799c7cff632ca40567eb7e5e7528c533db2358574bae5e27","orderCode":"FT19310RH6P1","userName":"cntest001","realAmount":10100.0,"promotionCode":"","tokenKey":"657gj78hhyffhffdf0t","addValue":{"payMethod":"01","payMethodMMS":1}}
08:53:24.694 [] [http-nio-9091-exec-7] INFO  c.e.p.s.impl.PaymentServiceImpl - Begin receive message RabbitMQ from server
08:53:26.424 [] [http-nio-9091-exec-7] INFO  c.e.p.s.impl.PaymentServiceImpl - Get result from server: {"code":"00","message":"Response from partner api: Status response 200","stackTrace":[],"suppressedExceptions":[]} 
08:53:26.429 [] [http-nio-9091-exec-7] INFO  c.e.paymentapi.util.MessageResponse - Send request success and receive response success with result: {"code":"00","message":"Response from partner api: Status response 200","stackTrace":[],"suppressedExceptions":[]}
11:03:03.711 [] [http-nio-9091-exec-10] INFO  c.e.p.s.impl.PaymentServiceImpl - Begin send request with data: PaymentRequest(apiID=Payment003, mobile=0345225630, bankCode=11055, accountNo=0001100014211002, payDate=20200929112923, additionalData=11, debitAmount=11100.0, respCode=00, respDesc=SUCCESS, traceTransfer=FT19310RH6P1, messageType=1, checkSum=e05b9b04c4859fd4799c7cff632ca40567eb7e5e7528c533db2358574bae5e27, orderCode=FT19310RH6P1, userName=cntest001, realAmount=10100.0, promotionCode=tui, tokenKey=657gj78hhyffhffdfff0t, addValue=AddValue(payMethod=01, payMethodMMS=1))
11:03:03.713 [] [http-nio-9091-exec-10] INFO  c.e.p.s.impl.PaymentServiceImpl - Begin getPrivateKey() with bank code: [11055]
11:03:03.713 [] [http-nio-9091-exec-10] INFO  c.e.p.s.impl.PaymentServiceImpl - End getPrivateKeyByBankCode() Have Bank Code in YAML file
11:03:03.713 [] [http-nio-9091-exec-10] INFO  c.e.p.s.impl.PaymentServiceImpl - Begin check valid promotion code
11:03:03.713 [] [http-nio-9091-exec-10] INFO  c.e.p.s.impl.PaymentServiceImpl - End check promotion code success
11:03:03.713 [] [http-nio-9091-exec-10] INFO  c.e.p.s.impl.PaymentServiceImpl - Begin check valid amount
11:03:03.713 [] [http-nio-9091-exec-10] INFO  c.e.p.s.impl.PaymentServiceImpl -  Begin checkSumSHA256() with data payment request PaymentRequest(apiID=Payment003, mobile=0345225630, bankCode=11055, accountNo=0001100014211002, payDate=20200929112923, additionalData=11, debitAmount=11100.0, respCode=00, respDesc=SUCCESS, traceTransfer=FT19310RH6P1, messageType=1, checkSum=e05b9b04c4859fd4799c7cff632ca40567eb7e5e7528c533db2358574bae5e27, orderCode=FT19310RH6P1, userName=cntest001, realAmount=10100.0, promotionCode=, tokenKey=657gj78hhyffhffdfff0t, addValue=AddValue(payMethod=01, payMethodMMS=1))
11:03:03.714 [] [http-nio-9091-exec-10] INFO  c.e.p.s.impl.PaymentServiceImpl - Begin getStringToHash with data PaymentRequest PaymentRequest(apiID=Payment003, mobile=0345225630, bankCode=11055, accountNo=0001100014211002, payDate=20200929112923, additionalData=11, debitAmount=11100.0, respCode=00, respDesc=SUCCESS, traceTransfer=FT19310RH6P1, messageType=1, checkSum=e05b9b04c4859fd4799c7cff632ca40567eb7e5e7528c533db2358574bae5e27, orderCode=FT19310RH6P1, userName=cntest001, realAmount=10100.0, promotionCode=, tokenKey=657gj78hhyffhffdfff0t, addValue=AddValue(payMethod=01, payMethodMMS=1))
11:03:03.714 [] [http-nio-9091-exec-10] INFO  c.e.p.s.impl.PaymentServiceImpl - Private key: lkjlk
11:03:03.714 [] [http-nio-9091-exec-10] INFO  c.e.p.s.impl.PaymentServiceImpl - Append to String to HASH
11:03:03.714 [] [http-nio-9091-exec-10] INFO  c.e.p.s.impl.PaymentServiceImpl - End getStringToHash success
11:03:03.714 [] [http-nio-9091-exec-10] INFO  c.e.p.s.impl.PaymentServiceImpl - Check sum SHA256:[e05b9b04c4859fd4799c7cff632ca40567eb7e5e7528c533db2358574bae5e27] 
11:03:03.714 [] [http-nio-9091-exec-10] INFO  c.e.p.s.impl.PaymentServiceImpl - Checksum success
11:03:03.714 [] [http-nio-9091-exec-10] INFO  c.e.p.s.impl.PaymentServiceImpl - Begin check valid of Token key 657gj78hhyffhffdfff0t
11:03:03.715 [] [http-nio-9091-exec-10] INFO  c.e.p.s.impl.PaymentServiceImpl - Expire time is: -2 seconds
11:03:03.715 [] [http-nio-9091-exec-10] INFO  c.e.p.s.impl.PaymentServiceImpl - Key exist? false
11:03:03.716 [] [http-nio-9091-exec-10] INFO  c.e.p.s.impl.PaymentServiceImpl - Data put to redis: {"apiID":"Payment003","mobile":"0345225630","bankCode":"11055","accountNo":"0001100014211002","payDate":"20200929112923","additionalData":"11","debitAmount":11100.0,"respCode":"00","respDesc":"SUCCESS","traceTransfer":"FT19310RH6P1","messageType":"1","checkSum":"e05b9b04c4859fd4799c7cff632ca40567eb7e5e7528c533db2358574bae5e27","orderCode":"FT19310RH6P1","userName":"cntest001","realAmount":10100.0,"promotionCode":"","tokenKey":"657gj78hhyffhffdfff0t","addValue":{"payMethod":"01","payMethodMMS":1}}
11:03:03.716 [] [http-nio-9091-exec-10] INFO  c.e.p.s.impl.PaymentServiceImpl - Token key can use on day
11:03:03.716 [] [http-nio-9091-exec-10] INFO  c.e.p.s.impl.PaymentServiceImpl - Begin publish message to queue with data PaymentRequest(apiID=Payment003, mobile=0345225630, bankCode=11055, accountNo=0001100014211002, payDate=20200929112923, additionalData=11, debitAmount=11100.0, respCode=00, respDesc=SUCCESS, traceTransfer=FT19310RH6P1, messageType=1, checkSum=e05b9b04c4859fd4799c7cff632ca40567eb7e5e7528c533db2358574bae5e27, orderCode=FT19310RH6P1, userName=cntest001, realAmount=10100.0, promotionCode=, tokenKey=657gj78hhyffhffdfff0t, addValue=AddValue(payMethod=01, payMethodMMS=1)) 
11:03:03.723 [] [http-nio-9091-exec-10] INFO  c.e.p.s.impl.PaymentServiceImpl - correlationId with message 0f097a8d-ec8c-4bcb-be3d-cb610e1d7280 
11:03:03.725 [] [http-nio-9091-exec-10] INFO  c.e.p.s.impl.PaymentServiceImpl - Send message to queue queue.rpc with data: {"apiID":"Payment003","mobile":"0345225630","bankCode":"11055","accountNo":"0001100014211002","payDate":"20200929112923","additionalData":"11","debitAmount":11100.0,"respCode":"00","respDesc":"SUCCESS","traceTransfer":"FT19310RH6P1","messageType":"1","checkSum":"e05b9b04c4859fd4799c7cff632ca40567eb7e5e7528c533db2358574bae5e27","orderCode":"FT19310RH6P1","userName":"cntest001","realAmount":10100.0,"promotionCode":"","tokenKey":"657gj78hhyffhffdfff0t","addValue":{"payMethod":"01","payMethodMMS":1}}
11:03:03.725 [] [http-nio-9091-exec-10] INFO  c.e.p.s.impl.PaymentServiceImpl - Begin receive message RabbitMQ from server
11:03:03.800 [] [http-nio-9091-exec-10] INFO  c.e.p.s.impl.PaymentServiceImpl - Get result from server: {"code":"00","message":"Response from partner api: Status response 200","stackTrace":[],"suppressedExceptions":[]} 
11:03:03.805 [] [http-nio-9091-exec-10] INFO  c.e.paymentapi.util.MessageResponse - Send request success and receive response success with result: {"code":"00","message":"Response from partner api: Status response 200","stackTrace":[],"suppressedExceptions":[]}
11:22:16.105 [] [restartedMain] INFO  c.e.paymentapi.PaymentApiApplication - Starting PaymentApiApplication using Java 18.0.1.1 on tuanlt2 with PID 15052 (D:\Git\demoVNPAY\vnpayDemo\payment-api\target\classes started by tuanlt2 in D:\Git\demoVNPAY\vnpayDemo\payment-api)
11:22:16.106 [] [restartedMain] INFO  c.e.paymentapi.PaymentApiApplication - No active profile set, falling back to 1 default profile: "default"
11:22:16.109 [] [background-preinit] INFO  o.h.validator.internal.util.Version - HV000001: Hibernate Validator 6.2.3.Final
11:22:16.144 [] [restartedMain] INFO  o.s.b.d.e.DevToolsPropertyDefaultsPostProcessor - Devtools property defaults active! Set 'spring.devtools.add-properties' to 'false' to disable
11:22:16.144 [] [restartedMain] INFO  o.s.b.d.e.DevToolsPropertyDefaultsPostProcessor - For additional web related logging consider setting the 'logging.level.web' property to 'DEBUG'
11:22:16.523 [] [restartedMain] INFO  o.s.d.r.c.RepositoryConfigurationDelegate - Multiple Spring Data modules found, entering strict repository configuration mode!
11:22:16.524 [] [restartedMain] INFO  o.s.d.r.c.RepositoryConfigurationDelegate - Bootstrapping Spring Data Redis repositories in DEFAULT mode.
11:22:16.537 [] [restartedMain] INFO  o.s.d.r.c.RepositoryConfigurationDelegate - Finished Spring Data repository scanning in 4 ms. Found 0 Redis repository interfaces.
11:22:16.832 [] [restartedMain] INFO  o.s.b.w.e.tomcat.TomcatWebServer - Tomcat initialized with port(s): 9091 (http)
11:22:16.837 [] [restartedMain] INFO  o.a.coyote.http11.Http11NioProtocol - Initializing ProtocolHandler ["http-nio-9091"]
11:22:16.837 [] [restartedMain] INFO  o.a.catalina.core.StandardService - Starting service [Tomcat]
11:22:16.837 [] [restartedMain] INFO  o.a.catalina.core.StandardEngine - Starting Servlet engine: [Apache Tomcat/9.0.63]
11:22:16.904 [] [restartedMain] INFO  o.a.c.c.C.[Tomcat].[localhost].[/] - Initializing Spring embedded WebApplicationContext
11:22:16.904 [] [restartedMain] INFO  o.s.b.w.s.c.ServletWebServerApplicationContext - Root WebApplicationContext: initialization completed in 760 ms
11:22:17.478 [] [restartedMain] INFO  o.s.b.d.a.OptionalLiveReloadServer - LiveReload server is running on port 35729
11:22:17.517 [] [restartedMain] INFO  o.a.coyote.http11.Http11NioProtocol - Starting ProtocolHandler ["http-nio-9091"]
11:22:17.534 [] [restartedMain] INFO  o.s.b.w.e.tomcat.TomcatWebServer - Tomcat started on port(s): 9091 (http) with context path ''
11:22:17.548 [] [restartedMain] INFO  c.e.paymentapi.PaymentApiApplication - Started PaymentApiApplication in 1.669 seconds (JVM running for 2.373)
11:22:23.171 [] [http-nio-9091-exec-2] INFO  o.a.c.c.C.[Tomcat].[localhost].[/] - Initializing Spring DispatcherServlet 'dispatcherServlet'
11:22:23.171 [] [http-nio-9091-exec-2] INFO  o.s.web.servlet.DispatcherServlet - Initializing Servlet 'dispatcherServlet'
11:22:23.172 [] [http-nio-9091-exec-2] INFO  o.s.web.servlet.DispatcherServlet - Completed initialization in 1 ms
11:22:23.298 [] [http-nio-9091-exec-2] INFO  c.e.p.s.impl.PaymentServiceImpl - Begin send request with data: PaymentRequest(apiID=Payment003, mobile=0345225630, bankCode=11055, accountNo=0001100014211002, payDate=20200929112923, additionalData=11, debitAmount=11100.0, respCode=00, respDesc=SUCCESS, traceTransfer=FT19310RH6P1, messageType=1, checkSum=e05b9b04c4859fd4799c7cff632ca40567eb7e5e7528c533db2358574bae5e27, orderCode=FT19310RH6P1, userName=cntest001, realAmount=10100.0, promotionCode=tui, tokenKey=657gj78hfhfg0t, addValue=AddValue(payMethod=01, payMethodMMS=1))
11:22:23.299 [] [http-nio-9091-exec-2] INFO  c.e.p.s.impl.PaymentServiceImpl - Begin getPrivateKey() with bank code: [11055]
11:22:23.299 [] [http-nio-9091-exec-2] INFO  c.e.p.s.impl.PaymentServiceImpl - End getPrivateKeyByBankCode() Have Bank Code in YAML file
11:22:23.301 [] [http-nio-9091-exec-2] INFO  c.e.p.s.impl.PaymentServiceImpl - Begin check valid promotion code
11:22:23.301 [] [http-nio-9091-exec-2] INFO  c.e.p.s.impl.PaymentServiceImpl - End check promotion code success
11:22:23.301 [] [http-nio-9091-exec-2] INFO  c.e.p.s.impl.PaymentServiceImpl - Begin check valid amount
11:22:23.301 [] [http-nio-9091-exec-2] INFO  c.e.p.s.impl.PaymentServiceImpl -  Begin checkSumSHA256() with data payment request PaymentRequest(apiID=Payment003, mobile=0345225630, bankCode=11055, accountNo=0001100014211002, payDate=20200929112923, additionalData=11, debitAmount=11100.0, respCode=00, respDesc=SUCCESS, traceTransfer=FT19310RH6P1, messageType=1, checkSum=e05b9b04c4859fd4799c7cff632ca40567eb7e5e7528c533db2358574bae5e27, orderCode=FT19310RH6P1, userName=cntest001, realAmount=10100.0, promotionCode=, tokenKey=657gj78hfhfg0t, addValue=AddValue(payMethod=01, payMethodMMS=1))
11:22:23.303 [] [http-nio-9091-exec-2] INFO  c.e.p.s.impl.PaymentServiceImpl - Begin getStringToHash with data PaymentRequest PaymentRequest(apiID=Payment003, mobile=0345225630, bankCode=11055, accountNo=0001100014211002, payDate=20200929112923, additionalData=11, debitAmount=11100.0, respCode=00, respDesc=SUCCESS, traceTransfer=FT19310RH6P1, messageType=1, checkSum=e05b9b04c4859fd4799c7cff632ca40567eb7e5e7528c533db2358574bae5e27, orderCode=FT19310RH6P1, userName=cntest001, realAmount=10100.0, promotionCode=, tokenKey=657gj78hfhfg0t, addValue=AddValue(payMethod=01, payMethodMMS=1))
11:22:23.303 [] [http-nio-9091-exec-2] INFO  c.e.p.s.impl.PaymentServiceImpl - Private key: lkjlk
11:22:23.303 [] [http-nio-9091-exec-2] INFO  c.e.p.s.impl.PaymentServiceImpl - Append to String to HASH
11:22:23.303 [] [http-nio-9091-exec-2] INFO  c.e.p.s.impl.PaymentServiceImpl - End getStringToHash success
11:22:23.304 [] [http-nio-9091-exec-2] INFO  c.e.p.s.impl.PaymentServiceImpl - Check sum SHA256:[e05b9b04c4859fd4799c7cff632ca40567eb7e5e7528c533db2358574bae5e27] 
11:22:23.304 [] [http-nio-9091-exec-2] INFO  c.e.p.s.impl.PaymentServiceImpl - Checksum success
11:22:23.304 [] [http-nio-9091-exec-2] INFO  c.e.p.s.impl.PaymentServiceImpl - Begin check valid of Token key 657gj78hfhfg0t
11:22:23.331 [] [http-nio-9091-exec-2] INFO  c.e.p.s.impl.PaymentServiceImpl - Expire time is: -2 seconds
11:22:23.331 [] [http-nio-9091-exec-2] INFO  c.e.p.s.impl.PaymentServiceImpl - Key exist? false
11:22:23.331 [] [http-nio-9091-exec-2] INFO  c.e.p.s.impl.PaymentServiceImpl - Data put to redis: {"apiID":"Payment003","mobile":"0345225630","bankCode":"11055","accountNo":"0001100014211002","payDate":"20200929112923","additionalData":"11","debitAmount":11100.0,"respCode":"00","respDesc":"SUCCESS","traceTransfer":"FT19310RH6P1","messageType":"1","checkSum":"e05b9b04c4859fd4799c7cff632ca40567eb7e5e7528c533db2358574bae5e27","orderCode":"FT19310RH6P1","userName":"cntest001","realAmount":10100.0,"promotionCode":"","tokenKey":"657gj78hfhfg0t","addValue":{"payMethod":"01","payMethodMMS":1}}
11:22:23.331 [] [http-nio-9091-exec-2] INFO  c.e.p.s.impl.PaymentServiceImpl - Token key can use on day
11:22:23.332 [] [http-nio-9091-exec-2] INFO  c.e.p.s.impl.PaymentServiceImpl - Begin publish message to queue with data PaymentRequest(apiID=Payment003, mobile=0345225630, bankCode=11055, accountNo=0001100014211002, payDate=20200929112923, additionalData=11, debitAmount=11100.0, respCode=00, respDesc=SUCCESS, traceTransfer=FT19310RH6P1, messageType=1, checkSum=e05b9b04c4859fd4799c7cff632ca40567eb7e5e7528c533db2358574bae5e27, orderCode=FT19310RH6P1, userName=cntest001, realAmount=10100.0, promotionCode=, tokenKey=657gj78hfhfg0t, addValue=AddValue(payMethod=01, payMethodMMS=1)) 
11:22:23.343 [] [http-nio-9091-exec-2] INFO  c.e.p.s.impl.PaymentServiceImpl - correlationId with message f9d86898-29ce-46f4-9937-e691375c110d 
11:22:23.344 [] [http-nio-9091-exec-2] INFO  c.e.p.s.impl.PaymentServiceImpl - Send message to queue queue.rpc with data: {"apiID":"Payment003","mobile":"0345225630","bankCode":"11055","accountNo":"0001100014211002","payDate":"20200929112923","additionalData":"11","debitAmount":11100.0,"respCode":"00","respDesc":"SUCCESS","traceTransfer":"FT19310RH6P1","messageType":"1","checkSum":"e05b9b04c4859fd4799c7cff632ca40567eb7e5e7528c533db2358574bae5e27","orderCode":"FT19310RH6P1","userName":"cntest001","realAmount":10100.0,"promotionCode":"","tokenKey":"657gj78hfhfg0t","addValue":{"payMethod":"01","payMethodMMS":1}}
11:22:23.345 [] [http-nio-9091-exec-2] INFO  c.e.p.s.impl.PaymentServiceImpl - Begin receive message RabbitMQ from server
11:22:23.477 [] [http-nio-9091-exec-2] INFO  c.e.p.s.impl.PaymentServiceImpl - Get result from server: {"code":"00","message":"Response from partner api: Status response 200","stackTrace":[],"suppressedExceptions":[]} 
11:22:23.490 [] [http-nio-9091-exec-2] INFO  c.e.paymentapi.util.MessageResponse - Send request success and receive response success with result: {"code":"00","message":"Response from partner api: Status response 200","stackTrace":[],"suppressedExceptions":[]}
14:26:46.760 [] [restartedMain] INFO  c.e.paymentapi.PaymentApiApplication - Starting PaymentApiApplication using Java 18.0.1.1 on tuanlt2 with PID 16600 (D:\Git\demoVNPAY\vnpayDemo\payment-api\target\classes started by tuanlt2 in D:\Git\demoVNPAY\vnpayDemo\payment-api)
14:26:46.762 [] [restartedMain] INFO  c.e.paymentapi.PaymentApiApplication - No active profile set, falling back to 1 default profile: "default"
14:26:46.765 [] [background-preinit] INFO  o.h.validator.internal.util.Version - HV000001: Hibernate Validator 6.2.3.Final
14:26:46.795 [] [restartedMain] INFO  o.s.b.d.e.DevToolsPropertyDefaultsPostProcessor - Devtools property defaults active! Set 'spring.devtools.add-properties' to 'false' to disable
14:26:46.795 [] [restartedMain] INFO  o.s.b.d.e.DevToolsPropertyDefaultsPostProcessor - For additional web related logging consider setting the 'logging.level.web' property to 'DEBUG'
14:26:47.183 [] [restartedMain] INFO  o.s.d.r.c.RepositoryConfigurationDelegate - Multiple Spring Data modules found, entering strict repository configuration mode!
14:26:47.184 [] [restartedMain] INFO  o.s.d.r.c.RepositoryConfigurationDelegate - Bootstrapping Spring Data Redis repositories in DEFAULT mode.
14:26:47.198 [] [restartedMain] INFO  o.s.d.r.c.RepositoryConfigurationDelegate - Finished Spring Data repository scanning in 5 ms. Found 0 Redis repository interfaces.
14:26:47.509 [] [restartedMain] INFO  o.s.b.w.e.tomcat.TomcatWebServer - Tomcat initialized with port(s): 9091 (http)
14:26:47.514 [] [restartedMain] INFO  o.a.coyote.http11.Http11NioProtocol - Initializing ProtocolHandler ["http-nio-9091"]
14:26:47.515 [] [restartedMain] INFO  o.a.catalina.core.StandardService - Starting service [Tomcat]
14:26:47.515 [] [restartedMain] INFO  o.a.catalina.core.StandardEngine - Starting Servlet engine: [Apache Tomcat/9.0.63]
14:26:47.572 [] [restartedMain] INFO  o.a.c.c.C.[Tomcat].[localhost].[/] - Initializing Spring embedded WebApplicationContext
14:26:47.572 [] [restartedMain] INFO  o.s.b.w.s.c.ServletWebServerApplicationContext - Root WebApplicationContext: initialization completed in 777 ms
14:26:48.152 [] [restartedMain] INFO  o.s.b.d.a.OptionalLiveReloadServer - LiveReload server is running on port 35729
14:26:48.192 [] [restartedMain] INFO  o.a.coyote.http11.Http11NioProtocol - Starting ProtocolHandler ["http-nio-9091"]
14:26:48.209 [] [restartedMain] INFO  o.s.b.w.e.tomcat.TomcatWebServer - Tomcat started on port(s): 9091 (http) with context path ''
14:26:48.219 [] [restartedMain] INFO  c.e.paymentapi.PaymentApiApplication - Started PaymentApiApplication in 1.708 seconds (JVM running for 2.454)
14:27:52.214 [] [http-nio-9091-exec-3] INFO  o.a.c.c.C.[Tomcat].[localhost].[/] - Initializing Spring DispatcherServlet 'dispatcherServlet'
14:27:52.214 [] [http-nio-9091-exec-3] INFO  o.s.web.servlet.DispatcherServlet - Initializing Servlet 'dispatcherServlet'
14:27:52.215 [] [http-nio-9091-exec-3] INFO  o.s.web.servlet.DispatcherServlet - Completed initialization in 1 ms
14:27:52.357 [] [http-nio-9091-exec-3] INFO  c.e.p.s.impl.PaymentServiceImpl - Begin send request with data: PaymentRequest(apiID=Payment003, mobile=0345225630, bankCode=11055, accountNo=0001100014211002, payDate=20200929112923, additionalData=11, debitAmount=11100.0, respCode=00, respDesc=SUCCESS, traceTransfer=FT19310RH6P1, messageType=1, checkSum=e05b9b04c4859fd4799c7cff632ca40567eb7e5e7528c533db2358574bae5e27, orderCode=FT19310RH6P1, userName=cntest001, realAmount=10100.0, promotionCode=tui, tokenKey=657gj78hfghfg0t, addValue=AddValue(payMethod=01, payMethodMMS=1))
14:27:52.357 [] [http-nio-9091-exec-3] INFO  c.e.p.s.impl.PaymentServiceImpl - Begin getPrivateKey() with bank code: [11055]
14:27:52.357 [] [http-nio-9091-exec-3] INFO  c.e.p.s.impl.PaymentServiceImpl - End getPrivateKeyByBankCode() Have Bank Code in YAML file
14:27:52.359 [] [http-nio-9091-exec-3] INFO  c.e.p.s.impl.PaymentServiceImpl - Begin check valid promotion code
14:27:52.359 [] [http-nio-9091-exec-3] INFO  c.e.p.s.impl.PaymentServiceImpl - End check promotion code success
14:27:52.359 [] [http-nio-9091-exec-3] INFO  c.e.p.s.impl.PaymentServiceImpl - Begin check valid amount
14:27:52.359 [] [http-nio-9091-exec-3] INFO  c.e.p.s.impl.PaymentServiceImpl -  Begin checkSumSHA256() with data payment request PaymentRequest(apiID=Payment003, mobile=0345225630, bankCode=11055, accountNo=0001100014211002, payDate=20200929112923, additionalData=11, debitAmount=11100.0, respCode=00, respDesc=SUCCESS, traceTransfer=FT19310RH6P1, messageType=1, checkSum=e05b9b04c4859fd4799c7cff632ca40567eb7e5e7528c533db2358574bae5e27, orderCode=FT19310RH6P1, userName=cntest001, realAmount=10100.0, promotionCode=, tokenKey=657gj78hfghfg0t, addValue=AddValue(payMethod=01, payMethodMMS=1))
14:27:52.360 [] [http-nio-9091-exec-3] INFO  c.e.p.s.impl.PaymentServiceImpl - Begin getStringToHash with data PaymentRequest PaymentRequest(apiID=Payment003, mobile=0345225630, bankCode=11055, accountNo=0001100014211002, payDate=20200929112923, additionalData=11, debitAmount=11100.0, respCode=00, respDesc=SUCCESS, traceTransfer=FT19310RH6P1, messageType=1, checkSum=e05b9b04c4859fd4799c7cff632ca40567eb7e5e7528c533db2358574bae5e27, orderCode=FT19310RH6P1, userName=cntest001, realAmount=10100.0, promotionCode=, tokenKey=657gj78hfghfg0t, addValue=AddValue(payMethod=01, payMethodMMS=1))
14:27:52.360 [] [http-nio-9091-exec-3] INFO  c.e.p.s.impl.PaymentServiceImpl - Private key: lkjlk
14:27:52.360 [] [http-nio-9091-exec-3] INFO  c.e.p.s.impl.PaymentServiceImpl - Append to String to HASH
14:27:52.360 [] [http-nio-9091-exec-3] INFO  c.e.p.s.impl.PaymentServiceImpl - End getStringToHash success
14:27:52.361 [] [http-nio-9091-exec-3] INFO  c.e.p.s.impl.PaymentServiceImpl - Check sum SHA256:[e05b9b04c4859fd4799c7cff632ca40567eb7e5e7528c533db2358574bae5e27] 
14:27:52.361 [] [http-nio-9091-exec-3] INFO  c.e.p.s.impl.PaymentServiceImpl - Checksum success
14:27:52.361 [] [http-nio-9091-exec-3] INFO  c.e.p.s.impl.PaymentServiceImpl - Begin check valid of Token key 657gj78hfghfg0t
14:27:52.385 [] [http-nio-9091-exec-3] INFO  c.e.p.s.impl.PaymentServiceImpl - Expire time is: -2 seconds
14:27:52.385 [] [http-nio-9091-exec-3] INFO  c.e.p.s.impl.PaymentServiceImpl - Key exist? false
14:27:52.385 [] [http-nio-9091-exec-3] INFO  c.e.p.s.impl.PaymentServiceImpl - Data put to redis: {"apiID":"Payment003","mobile":"0345225630","bankCode":"11055","accountNo":"0001100014211002","payDate":"20200929112923","additionalData":"11","debitAmount":11100.0,"respCode":"00","respDesc":"SUCCESS","traceTransfer":"FT19310RH6P1","messageType":"1","checkSum":"e05b9b04c4859fd4799c7cff632ca40567eb7e5e7528c533db2358574bae5e27","orderCode":"FT19310RH6P1","userName":"cntest001","realAmount":10100.0,"promotionCode":"","tokenKey":"657gj78hfghfg0t","addValue":{"payMethod":"01","payMethodMMS":1}}
14:27:52.387 [] [http-nio-9091-exec-3] INFO  c.e.p.s.impl.PaymentServiceImpl - Token key can use on day
14:27:52.387 [] [http-nio-9091-exec-3] INFO  c.e.p.s.impl.PaymentServiceImpl - Begin publish message to queue with data PaymentRequest(apiID=Payment003, mobile=0345225630, bankCode=11055, accountNo=0001100014211002, payDate=20200929112923, additionalData=11, debitAmount=11100.0, respCode=00, respDesc=SUCCESS, traceTransfer=FT19310RH6P1, messageType=1, checkSum=e05b9b04c4859fd4799c7cff632ca40567eb7e5e7528c533db2358574bae5e27, orderCode=FT19310RH6P1, userName=cntest001, realAmount=10100.0, promotionCode=, tokenKey=657gj78hfghfg0t, addValue=AddValue(payMethod=01, payMethodMMS=1)) 
14:27:52.401 [] [http-nio-9091-exec-3] INFO  c.e.p.s.impl.PaymentServiceImpl - correlationId with message 7f679260-d019-4bc1-b2e9-35f9064c25e7 
14:27:52.401 [] [http-nio-9091-exec-3] INFO  c.e.p.s.impl.PaymentServiceImpl - Send message to queue queue.rpc with data: {"apiID":"Payment003","mobile":"0345225630","bankCode":"11055","accountNo":"0001100014211002","payDate":"20200929112923","additionalData":"11","debitAmount":11100.0,"respCode":"00","respDesc":"SUCCESS","traceTransfer":"FT19310RH6P1","messageType":"1","checkSum":"e05b9b04c4859fd4799c7cff632ca40567eb7e5e7528c533db2358574bae5e27","orderCode":"FT19310RH6P1","userName":"cntest001","realAmount":10100.0,"promotionCode":"","tokenKey":"657gj78hfghfg0t","addValue":{"payMethod":"01","payMethodMMS":1}}
14:27:52.402 [] [http-nio-9091-exec-3] INFO  c.e.p.s.impl.PaymentServiceImpl - Begin receive message RabbitMQ from server
14:27:54.494 [] [http-nio-9091-exec-3] INFO  c.e.p.s.impl.PaymentServiceImpl - Get result from server: {"code":"00","message":"Response from partner api: Status response 200","stackTrace":[],"suppressedExceptions":[]} 
14:27:54.525 [] [http-nio-9091-exec-3] INFO  c.e.paymentapi.util.MessageResponse - Send request success and receive response success with result: {"code":"00","message":"Response from partner api: Status response 200","stackTrace":[],"suppressedExceptions":[]}
14:27:54.534 [] [http-nio-9091-exec-3] INFO  c.e.paymentapi.util.MessageResponse - ---- End request -----
14:32:53.744 [] [restartedMain] INFO  c.e.paymentapi.PaymentApiApplication - Starting PaymentApiApplication using Java 18.0.1.1 on tuanlt2 with PID 14424 (D:\Git\demoVNPAY\vnpayDemo\payment-api\target\classes started by tuanlt2 in D:\Git\demoVNPAY\vnpayDemo\payment-api)
14:32:53.746 [] [restartedMain] INFO  c.e.paymentapi.PaymentApiApplication - No active profile set, falling back to 1 default profile: "default"
14:32:53.748 [] [background-preinit] INFO  o.h.validator.internal.util.Version - HV000001: Hibernate Validator 6.2.3.Final
14:32:53.777 [] [restartedMain] INFO  o.s.b.d.e.DevToolsPropertyDefaultsPostProcessor - Devtools property defaults active! Set 'spring.devtools.add-properties' to 'false' to disable
14:32:53.777 [] [restartedMain] INFO  o.s.b.d.e.DevToolsPropertyDefaultsPostProcessor - For additional web related logging consider setting the 'logging.level.web' property to 'DEBUG'
14:32:54.185 [] [restartedMain] INFO  o.s.d.r.c.RepositoryConfigurationDelegate - Multiple Spring Data modules found, entering strict repository configuration mode!
14:32:54.190 [] [restartedMain] INFO  o.s.d.r.c.RepositoryConfigurationDelegate - Bootstrapping Spring Data Redis repositories in DEFAULT mode.
14:32:54.206 [] [restartedMain] INFO  o.s.d.r.c.RepositoryConfigurationDelegate - Finished Spring Data repository scanning in 4 ms. Found 0 Redis repository interfaces.
14:32:54.511 [] [restartedMain] INFO  o.s.b.w.e.tomcat.TomcatWebServer - Tomcat initialized with port(s): 9091 (http)
14:32:54.516 [] [restartedMain] INFO  o.a.coyote.http11.Http11NioProtocol - Initializing ProtocolHandler ["http-nio-9091"]
14:32:54.516 [] [restartedMain] INFO  o.a.catalina.core.StandardService - Starting service [Tomcat]
14:32:54.516 [] [restartedMain] INFO  o.a.catalina.core.StandardEngine - Starting Servlet engine: [Apache Tomcat/9.0.63]
14:32:54.577 [] [restartedMain] INFO  o.a.c.c.C.[Tomcat].[localhost].[/] - Initializing Spring embedded WebApplicationContext
14:32:54.577 [] [restartedMain] INFO  o.s.b.w.s.c.ServletWebServerApplicationContext - Root WebApplicationContext: initialization completed in 800 ms
14:32:55.237 [] [restartedMain] INFO  o.s.b.d.a.OptionalLiveReloadServer - LiveReload server is running on port 35729
14:32:55.280 [] [restartedMain] INFO  o.a.coyote.http11.Http11NioProtocol - Starting ProtocolHandler ["http-nio-9091"]
14:32:55.303 [] [restartedMain] INFO  o.s.b.w.e.tomcat.TomcatWebServer - Tomcat started on port(s): 9091 (http) with context path ''
14:32:55.315 [] [restartedMain] INFO  c.e.paymentapi.PaymentApiApplication - Started PaymentApiApplication in 1.812 seconds (JVM running for 2.528)
14:34:42.830 [] [restartedMain] INFO  c.e.paymentapi.PaymentApiApplication - Starting PaymentApiApplication using Java 18.0.1.1 on tuanlt2 with PID 4124 (D:\Git\demoVNPAY\vnpayDemo\payment-api\target\classes started by tuanlt2 in D:\Git\demoVNPAY\vnpayDemo\payment-api)
14:34:42.832 [] [restartedMain] INFO  c.e.paymentapi.PaymentApiApplication - No active profile set, falling back to 1 default profile: "default"
14:34:42.835 [] [background-preinit] INFO  o.h.validator.internal.util.Version - HV000001: Hibernate Validator 6.2.3.Final
14:34:42.860 [] [restartedMain] INFO  o.s.b.d.e.DevToolsPropertyDefaultsPostProcessor - Devtools property defaults active! Set 'spring.devtools.add-properties' to 'false' to disable
14:34:42.860 [] [restartedMain] INFO  o.s.b.d.e.DevToolsPropertyDefaultsPostProcessor - For additional web related logging consider setting the 'logging.level.web' property to 'DEBUG'
14:34:43.241 [] [restartedMain] INFO  o.s.d.r.c.RepositoryConfigurationDelegate - Multiple Spring Data modules found, entering strict repository configuration mode!
14:34:43.242 [] [restartedMain] INFO  o.s.d.r.c.RepositoryConfigurationDelegate - Bootstrapping Spring Data Redis repositories in DEFAULT mode.
14:34:43.256 [] [restartedMain] INFO  o.s.d.r.c.RepositoryConfigurationDelegate - Finished Spring Data repository scanning in 4 ms. Found 0 Redis repository interfaces.
14:34:43.553 [] [restartedMain] INFO  o.s.b.w.e.tomcat.TomcatWebServer - Tomcat initialized with port(s): 9091 (http)
14:34:43.558 [] [restartedMain] INFO  o.a.coyote.http11.Http11NioProtocol - Initializing ProtocolHandler ["http-nio-9091"]
14:34:43.559 [] [restartedMain] INFO  o.a.catalina.core.StandardService - Starting service [Tomcat]
14:34:43.559 [] [restartedMain] INFO  o.a.catalina.core.StandardEngine - Starting Servlet engine: [Apache Tomcat/9.0.63]
14:34:43.630 [] [restartedMain] INFO  o.a.c.c.C.[Tomcat].[localhost].[/] - Initializing Spring embedded WebApplicationContext
14:34:43.630 [] [restartedMain] INFO  o.s.b.w.s.c.ServletWebServerApplicationContext - Root WebApplicationContext: initialization completed in 770 ms
14:34:44.168 [] [restartedMain] INFO  o.s.b.d.a.OptionalLiveReloadServer - LiveReload server is running on port 35729
14:34:44.208 [] [restartedMain] INFO  o.a.coyote.http11.Http11NioProtocol - Starting ProtocolHandler ["http-nio-9091"]
14:34:44.226 [] [restartedMain] INFO  o.s.b.w.e.tomcat.TomcatWebServer - Tomcat started on port(s): 9091 (http) with context path ''
14:34:44.237 [] [restartedMain] INFO  c.e.paymentapi.PaymentApiApplication - Started PaymentApiApplication in 1.636 seconds (JVM running for 2.257)
14:35:58.098 [] [http-nio-9091-exec-3] INFO  o.a.c.c.C.[Tomcat].[localhost].[/] - Initializing Spring DispatcherServlet 'dispatcherServlet'
14:35:58.098 [] [http-nio-9091-exec-3] INFO  o.s.web.servlet.DispatcherServlet - Initializing Servlet 'dispatcherServlet'
14:35:58.100 [] [http-nio-9091-exec-3] INFO  o.s.web.servlet.DispatcherServlet - Completed initialization in 2 ms
14:35:58.259 [] [http-nio-9091-exec-3] INFO  c.e.p.s.impl.PaymentServiceImpl - Begin send request with data: PaymentRequest(apiID=Payment003, mobile=0345225630, bankCode=11055, accountNo=0001100014211002, payDate=20200929112923, additionalData=11, debitAmount=11100.0, respCode=00, respDesc=SUCCESS, traceTransfer=FT19310RH6P1, messageType=1, checkSum=e05b9b04c4859fd4799c7cff632ca40567eb7e5e7528c533db2358574bae5e27, orderCode=FT19310RH6P1, userName=cntest001, realAmount=10100.0, promotionCode=tui, tokenKey=657gj78hfgfhfg0t, addValue=AddValue(payMethod=01, payMethodMMS=1))
14:35:58.260 [] [http-nio-9091-exec-3] INFO  c.e.p.s.impl.PaymentServiceImpl - Begin getPrivateKey() with bank code: [11055]
14:35:58.261 [] [http-nio-9091-exec-3] INFO  c.e.p.s.impl.PaymentServiceImpl - End getPrivateKeyByBankCode() Have Bank Code in YAML file
14:35:58.265 [] [http-nio-9091-exec-3] INFO  c.e.p.s.impl.PaymentServiceImpl - Begin check valid promotion code
14:35:58.265 [] [http-nio-9091-exec-3] INFO  c.e.p.s.impl.PaymentServiceImpl - End check promotion code success
14:35:58.265 [] [http-nio-9091-exec-3] INFO  c.e.p.s.impl.PaymentServiceImpl - Begin check valid amount
14:35:58.265 [] [http-nio-9091-exec-3] INFO  c.e.p.s.impl.PaymentServiceImpl -  Begin checkSumSHA256() with data payment request PaymentRequest(apiID=Payment003, mobile=0345225630, bankCode=11055, accountNo=0001100014211002, payDate=20200929112923, additionalData=11, debitAmount=11100.0, respCode=00, respDesc=SUCCESS, traceTransfer=FT19310RH6P1, messageType=1, checkSum=e05b9b04c4859fd4799c7cff632ca40567eb7e5e7528c533db2358574bae5e27, orderCode=FT19310RH6P1, userName=cntest001, realAmount=10100.0, promotionCode=, tokenKey=657gj78hfgfhfg0t, addValue=AddValue(payMethod=01, payMethodMMS=1))
14:35:58.272 [] [http-nio-9091-exec-3] INFO  c.e.p.s.impl.PaymentServiceImpl - Begin getStringToHash with data PaymentRequest PaymentRequest(apiID=Payment003, mobile=0345225630, bankCode=11055, accountNo=0001100014211002, payDate=20200929112923, additionalData=11, debitAmount=11100.0, respCode=00, respDesc=SUCCESS, traceTransfer=FT19310RH6P1, messageType=1, checkSum=e05b9b04c4859fd4799c7cff632ca40567eb7e5e7528c533db2358574bae5e27, orderCode=FT19310RH6P1, userName=cntest001, realAmount=10100.0, promotionCode=, tokenKey=657gj78hfgfhfg0t, addValue=AddValue(payMethod=01, payMethodMMS=1))
14:35:58.272 [] [http-nio-9091-exec-3] INFO  c.e.p.s.impl.PaymentServiceImpl - Private key: lkjlk
14:35:58.272 [] [http-nio-9091-exec-3] INFO  c.e.p.s.impl.PaymentServiceImpl - Append to String to HASH
14:35:58.272 [] [http-nio-9091-exec-3] INFO  c.e.p.s.impl.PaymentServiceImpl - End getStringToHash success
14:35:58.277 [] [http-nio-9091-exec-3] INFO  c.e.p.s.impl.PaymentServiceImpl - Check sum SHA256:[e05b9b04c4859fd4799c7cff632ca40567eb7e5e7528c533db2358574bae5e27] 
14:35:58.277 [] [http-nio-9091-exec-3] INFO  c.e.p.s.impl.PaymentServiceImpl - Checksum success
14:35:58.277 [] [http-nio-9091-exec-3] INFO  c.e.p.s.impl.PaymentServiceImpl - Begin check valid of Token key 657gj78hfgfhfg0t
14:35:58.299 [] [http-nio-9091-exec-3] INFO  c.e.p.s.impl.PaymentServiceImpl - Expire time is: -2 seconds
14:35:58.299 [] [http-nio-9091-exec-3] INFO  c.e.p.s.impl.PaymentServiceImpl - Key exist? false
14:35:58.299 [] [http-nio-9091-exec-3] INFO  c.e.p.s.impl.PaymentServiceImpl - Data put to redis: {"apiID":"Payment003","mobile":"0345225630","bankCode":"11055","accountNo":"0001100014211002","payDate":"20200929112923","additionalData":"11","debitAmount":11100.0,"respCode":"00","respDesc":"SUCCESS","traceTransfer":"FT19310RH6P1","messageType":"1","checkSum":"e05b9b04c4859fd4799c7cff632ca40567eb7e5e7528c533db2358574bae5e27","orderCode":"FT19310RH6P1","userName":"cntest001","realAmount":10100.0,"promotionCode":"","tokenKey":"657gj78hfgfhfg0t","addValue":{"payMethod":"01","payMethodMMS":1}}
14:35:58.300 [] [http-nio-9091-exec-3] INFO  c.e.p.s.impl.PaymentServiceImpl - Token key can use on day
14:35:58.300 [] [http-nio-9091-exec-3] INFO  c.e.p.s.impl.PaymentServiceImpl - Begin publish message to queue with data PaymentRequest(apiID=Payment003, mobile=0345225630, bankCode=11055, accountNo=0001100014211002, payDate=20200929112923, additionalData=11, debitAmount=11100.0, respCode=00, respDesc=SUCCESS, traceTransfer=FT19310RH6P1, messageType=1, checkSum=e05b9b04c4859fd4799c7cff632ca40567eb7e5e7528c533db2358574bae5e27, orderCode=FT19310RH6P1, userName=cntest001, realAmount=10100.0, promotionCode=, tokenKey=657gj78hfgfhfg0t, addValue=AddValue(payMethod=01, payMethodMMS=1)) 
14:35:58.341 [] [http-nio-9091-exec-3] INFO  c.e.p.s.impl.PaymentServiceImpl - correlationId with message 7b10d301-3ecf-4ba8-9743-383790a20d65 
14:35:58.342 [] [http-nio-9091-exec-3] INFO  c.e.p.s.impl.PaymentServiceImpl - Send message to queue queue.rpc with data: {"apiID":"Payment003","mobile":"0345225630","bankCode":"11055","accountNo":"0001100014211002","payDate":"20200929112923","additionalData":"11","debitAmount":11100.0,"respCode":"00","respDesc":"SUCCESS","traceTransfer":"FT19310RH6P1","messageType":"1","checkSum":"e05b9b04c4859fd4799c7cff632ca40567eb7e5e7528c533db2358574bae5e27","orderCode":"FT19310RH6P1","userName":"cntest001","realAmount":10100.0,"promotionCode":"","tokenKey":"657gj78hfgfhfg0t","addValue":{"payMethod":"01","payMethodMMS":1}}
14:35:58.343 [] [http-nio-9091-exec-3] INFO  c.e.p.s.impl.PaymentServiceImpl - Begin receive message RabbitMQ from server
14:36:00.167 [] [http-nio-9091-exec-3] INFO  c.e.p.s.impl.PaymentServiceImpl - Get result from server: {"code":"00","message":"Response from partner api: Status response 200","stackTrace":[],"suppressedExceptions":[]} 
14:36:00.174 [] [http-nio-9091-exec-3] INFO  c.e.paymentapi.util.MessageResponse - Send request success and receive response success with result: {"code":"00","message":"Response from partner api: Status response 200","stackTrace":[],"suppressedExceptions":[]}
14:36:00.182 [] [http-nio-9091-exec-3] INFO  c.e.paymentapi.util.MessageResponse - ---- End request -----
14:37:53.379 [] [http-nio-9091-exec-7] INFO  c.e.p.s.impl.PaymentServiceImpl - Begin send request with data: PaymentRequest(apiID=Payment003, mobile=0345225630, bankCode=11055, accountNo=0001100014211002, payDate=20200929112923, additionalData=11, debitAmount=11100.0, respCode=00, respDesc=SUCCESS, traceTransfer=FT19310RH6P1, messageType=1, checkSum=e05b9b04c4859fd4799c7cff632ca40567eb7e5e7528c533db2358574bae5e27, orderCode=FT19310RH6P1, userName=cntest001, realAmount=10100.0, promotionCode=tui, tokenKey=657gj78hfgffhfg0t, addValue=AddValue(payMethod=01, payMethodMMS=1))
14:37:53.379 [] [http-nio-9091-exec-7] INFO  c.e.p.s.impl.PaymentServiceImpl - Begin getPrivateKey() with bank code: [11055]
14:37:53.379 [] [http-nio-9091-exec-7] INFO  c.e.p.s.impl.PaymentServiceImpl - End getPrivateKeyByBankCode() Have Bank Code in YAML file
14:37:53.379 [] [http-nio-9091-exec-7] INFO  c.e.p.s.impl.PaymentServiceImpl - Begin check valid promotion code
14:37:53.379 [] [http-nio-9091-exec-7] INFO  c.e.p.s.impl.PaymentServiceImpl - End check promotion code success
14:37:53.379 [] [http-nio-9091-exec-7] INFO  c.e.p.s.impl.PaymentServiceImpl - Begin check valid amount
14:37:53.380 [] [http-nio-9091-exec-7] INFO  c.e.p.s.impl.PaymentServiceImpl -  Begin checkSumSHA256() with data payment request PaymentRequest(apiID=Payment003, mobile=0345225630, bankCode=11055, accountNo=0001100014211002, payDate=20200929112923, additionalData=11, debitAmount=11100.0, respCode=00, respDesc=SUCCESS, traceTransfer=FT19310RH6P1, messageType=1, checkSum=e05b9b04c4859fd4799c7cff632ca40567eb7e5e7528c533db2358574bae5e27, orderCode=FT19310RH6P1, userName=cntest001, realAmount=10100.0, promotionCode=, tokenKey=657gj78hfgffhfg0t, addValue=AddValue(payMethod=01, payMethodMMS=1))
14:37:53.380 [] [http-nio-9091-exec-7] INFO  c.e.p.s.impl.PaymentServiceImpl - Begin getStringToHash with data PaymentRequest PaymentRequest(apiID=Payment003, mobile=0345225630, bankCode=11055, accountNo=0001100014211002, payDate=20200929112923, additionalData=11, debitAmount=11100.0, respCode=00, respDesc=SUCCESS, traceTransfer=FT19310RH6P1, messageType=1, checkSum=e05b9b04c4859fd4799c7cff632ca40567eb7e5e7528c533db2358574bae5e27, orderCode=FT19310RH6P1, userName=cntest001, realAmount=10100.0, promotionCode=, tokenKey=657gj78hfgffhfg0t, addValue=AddValue(payMethod=01, payMethodMMS=1))
14:37:53.380 [] [http-nio-9091-exec-7] INFO  c.e.p.s.impl.PaymentServiceImpl - Private key: lkjlk
14:37:53.380 [] [http-nio-9091-exec-7] INFO  c.e.p.s.impl.PaymentServiceImpl - Append to String to HASH
14:37:53.380 [] [http-nio-9091-exec-7] INFO  c.e.p.s.impl.PaymentServiceImpl - End getStringToHash success
14:37:53.380 [] [http-nio-9091-exec-7] INFO  c.e.p.s.impl.PaymentServiceImpl - Check sum SHA256:[e05b9b04c4859fd4799c7cff632ca40567eb7e5e7528c533db2358574bae5e27] 
14:37:53.380 [] [http-nio-9091-exec-7] INFO  c.e.p.s.impl.PaymentServiceImpl - Checksum success
14:37:53.380 [] [http-nio-9091-exec-7] INFO  c.e.p.s.impl.PaymentServiceImpl - Begin check valid of Token key 657gj78hfgffhfg0t
14:37:53.381 [] [http-nio-9091-exec-7] INFO  c.e.p.s.impl.PaymentServiceImpl - Expire time is: -2 seconds
14:37:53.381 [] [http-nio-9091-exec-7] INFO  c.e.p.s.impl.PaymentServiceImpl - Key exist? false
14:37:53.381 [] [http-nio-9091-exec-7] INFO  c.e.p.s.impl.PaymentServiceImpl - Data put to redis: {"apiID":"Payment003","mobile":"0345225630","bankCode":"11055","accountNo":"0001100014211002","payDate":"20200929112923","additionalData":"11","debitAmount":11100.0,"respCode":"00","respDesc":"SUCCESS","traceTransfer":"FT19310RH6P1","messageType":"1","checkSum":"e05b9b04c4859fd4799c7cff632ca40567eb7e5e7528c533db2358574bae5e27","orderCode":"FT19310RH6P1","userName":"cntest001","realAmount":10100.0,"promotionCode":"","tokenKey":"657gj78hfgffhfg0t","addValue":{"payMethod":"01","payMethodMMS":1}}
14:37:53.381 [] [http-nio-9091-exec-7] INFO  c.e.p.s.impl.PaymentServiceImpl - Token key can use on day
14:37:53.381 [] [http-nio-9091-exec-7] INFO  c.e.p.s.impl.PaymentServiceImpl - Begin publish message to queue with data PaymentRequest(apiID=Payment003, mobile=0345225630, bankCode=11055, accountNo=0001100014211002, payDate=20200929112923, additionalData=11, debitAmount=11100.0, respCode=00, respDesc=SUCCESS, traceTransfer=FT19310RH6P1, messageType=1, checkSum=e05b9b04c4859fd4799c7cff632ca40567eb7e5e7528c533db2358574bae5e27, orderCode=FT19310RH6P1, userName=cntest001, realAmount=10100.0, promotionCode=, tokenKey=657gj78hfgffhfg0t, addValue=AddValue(payMethod=01, payMethodMMS=1)) 
14:37:53.404 [] [http-nio-9091-exec-7] INFO  c.e.p.s.impl.PaymentServiceImpl - correlationId with message 46a19509-47ce-41ba-a5dd-27584a66808a 
14:37:53.406 [] [http-nio-9091-exec-7] INFO  c.e.p.s.impl.PaymentServiceImpl - Send message to queue queue.rpc with data: {"apiID":"Payment003","mobile":"0345225630","bankCode":"11055","accountNo":"0001100014211002","payDate":"20200929112923","additionalData":"11","debitAmount":11100.0,"respCode":"00","respDesc":"SUCCESS","traceTransfer":"FT19310RH6P1","messageType":"1","checkSum":"e05b9b04c4859fd4799c7cff632ca40567eb7e5e7528c533db2358574bae5e27","orderCode":"FT19310RH6P1","userName":"cntest001","realAmount":10100.0,"promotionCode":"","tokenKey":"657gj78hfgffhfg0t","addValue":{"payMethod":"01","payMethodMMS":1}}
14:37:53.407 [] [http-nio-9091-exec-7] INFO  c.e.p.s.impl.PaymentServiceImpl - Begin receive message RabbitMQ from server
14:37:55.109 [] [http-nio-9091-exec-7] INFO  c.e.p.s.impl.PaymentServiceImpl - Get result from server: {"code":"00","message":"Response from partner api: Status response 200","stackTrace":[],"suppressedExceptions":[]} 
14:37:55.126 [] [http-nio-9091-exec-7] INFO  c.e.paymentapi.util.MessageResponse - Send request success and receive response success with result: {"code":"00","message":"Response from partner api: Status response 200","stackTrace":[],"suppressedExceptions":[]}
14:37:55.129 [] [http-nio-9091-exec-7] INFO  c.e.paymentapi.util.MessageResponse - ---- End request -----
14:38:23.341 [] [http-nio-9091-exec-6] INFO  c.e.p.s.impl.PaymentServiceImpl - Begin send request with data: PaymentRequest(apiID=Payment003, mobile=0345225630, bankCode=11055, accountNo=0001100014211002, payDate=20200929112923, additionalData=11, debitAmount=11100.0, respCode=00, respDesc=SUCCESS, traceTransfer=FT19310RH6P1, messageType=1, checkSum=e05b9b04c4859fd4799c7cff632ca40567eb7e5e7528c533db2358574bae5e27, orderCode=FT19310RH6P1, userName=cntest001, realAmount=10100.0, promotionCode=tui, tokenKey=657gj78hfgfgfhfg0t, addValue=AddValue(payMethod=01, payMethodMMS=1))
14:38:23.342 [] [http-nio-9091-exec-6] INFO  c.e.p.s.impl.PaymentServiceImpl - Begin getPrivateKey() with bank code: [11055]
14:38:23.342 [] [http-nio-9091-exec-6] INFO  c.e.p.s.impl.PaymentServiceImpl - End getPrivateKeyByBankCode() Have Bank Code in YAML file
14:38:23.342 [] [http-nio-9091-exec-6] INFO  c.e.p.s.impl.PaymentServiceImpl - Begin check valid promotion code
14:38:23.342 [] [http-nio-9091-exec-6] INFO  c.e.p.s.impl.PaymentServiceImpl - End check promotion code success
14:38:23.342 [] [http-nio-9091-exec-6] INFO  c.e.p.s.impl.PaymentServiceImpl - Begin check valid amount
14:38:23.342 [] [http-nio-9091-exec-6] INFO  c.e.p.s.impl.PaymentServiceImpl -  Begin checkSumSHA256() with data payment request PaymentRequest(apiID=Payment003, mobile=0345225630, bankCode=11055, accountNo=0001100014211002, payDate=20200929112923, additionalData=11, debitAmount=11100.0, respCode=00, respDesc=SUCCESS, traceTransfer=FT19310RH6P1, messageType=1, checkSum=e05b9b04c4859fd4799c7cff632ca40567eb7e5e7528c533db2358574bae5e27, orderCode=FT19310RH6P1, userName=cntest001, realAmount=10100.0, promotionCode=, tokenKey=657gj78hfgfgfhfg0t, addValue=AddValue(payMethod=01, payMethodMMS=1))
14:38:23.342 [] [http-nio-9091-exec-6] INFO  c.e.p.s.impl.PaymentServiceImpl - Begin getStringToHash with data PaymentRequest PaymentRequest(apiID=Payment003, mobile=0345225630, bankCode=11055, accountNo=0001100014211002, payDate=20200929112923, additionalData=11, debitAmount=11100.0, respCode=00, respDesc=SUCCESS, traceTransfer=FT19310RH6P1, messageType=1, checkSum=e05b9b04c4859fd4799c7cff632ca40567eb7e5e7528c533db2358574bae5e27, orderCode=FT19310RH6P1, userName=cntest001, realAmount=10100.0, promotionCode=, tokenKey=657gj78hfgfgfhfg0t, addValue=AddValue(payMethod=01, payMethodMMS=1))
14:38:23.342 [] [http-nio-9091-exec-6] INFO  c.e.p.s.impl.PaymentServiceImpl - Private key: lkjlk
14:38:23.342 [] [http-nio-9091-exec-6] INFO  c.e.p.s.impl.PaymentServiceImpl - Append to String to HASH
14:38:23.342 [] [http-nio-9091-exec-6] INFO  c.e.p.s.impl.PaymentServiceImpl - End getStringToHash success
14:38:23.342 [] [http-nio-9091-exec-6] INFO  c.e.p.s.impl.PaymentServiceImpl - Check sum SHA256:[e05b9b04c4859fd4799c7cff632ca40567eb7e5e7528c533db2358574bae5e27] 
14:38:23.342 [] [http-nio-9091-exec-6] INFO  c.e.p.s.impl.PaymentServiceImpl - Checksum success
14:38:23.342 [] [http-nio-9091-exec-6] INFO  c.e.p.s.impl.PaymentServiceImpl - Begin check valid of Token key 657gj78hfgfgfhfg0t
14:38:23.343 [] [http-nio-9091-exec-6] INFO  c.e.p.s.impl.PaymentServiceImpl - Expire time is: -2 seconds
14:38:23.343 [] [http-nio-9091-exec-6] INFO  c.e.p.s.impl.PaymentServiceImpl - Key exist? false
14:38:23.343 [] [http-nio-9091-exec-6] INFO  c.e.p.s.impl.PaymentServiceImpl - Data put to redis: {"apiID":"Payment003","mobile":"0345225630","bankCode":"11055","accountNo":"0001100014211002","payDate":"20200929112923","additionalData":"11","debitAmount":11100.0,"respCode":"00","respDesc":"SUCCESS","traceTransfer":"FT19310RH6P1","messageType":"1","checkSum":"e05b9b04c4859fd4799c7cff632ca40567eb7e5e7528c533db2358574bae5e27","orderCode":"FT19310RH6P1","userName":"cntest001","realAmount":10100.0,"promotionCode":"","tokenKey":"657gj78hfgfgfhfg0t","addValue":{"payMethod":"01","payMethodMMS":1}}
14:38:23.343 [] [http-nio-9091-exec-6] INFO  c.e.p.s.impl.PaymentServiceImpl - Token key can use on day
14:38:23.343 [] [http-nio-9091-exec-6] INFO  c.e.p.s.impl.PaymentServiceImpl - Begin publish message to queue with data PaymentRequest(apiID=Payment003, mobile=0345225630, bankCode=11055, accountNo=0001100014211002, payDate=20200929112923, additionalData=11, debitAmount=11100.0, respCode=00, respDesc=SUCCESS, traceTransfer=FT19310RH6P1, messageType=1, checkSum=e05b9b04c4859fd4799c7cff632ca40567eb7e5e7528c533db2358574bae5e27, orderCode=FT19310RH6P1, userName=cntest001, realAmount=10100.0, promotionCode=, tokenKey=657gj78hfgfgfhfg0t, addValue=AddValue(payMethod=01, payMethodMMS=1)) 
14:38:23.354 [] [http-nio-9091-exec-6] INFO  c.e.p.s.impl.PaymentServiceImpl - correlationId with message 21d8f7a3-86a4-42dc-bce1-c3e7afbb7747 
14:38:23.354 [] [http-nio-9091-exec-6] INFO  c.e.p.s.impl.PaymentServiceImpl - Send message to queue queue.rpc with data: {"apiID":"Payment003","mobile":"0345225630","bankCode":"11055","accountNo":"0001100014211002","payDate":"20200929112923","additionalData":"11","debitAmount":11100.0,"respCode":"00","respDesc":"SUCCESS","traceTransfer":"FT19310RH6P1","messageType":"1","checkSum":"e05b9b04c4859fd4799c7cff632ca40567eb7e5e7528c533db2358574bae5e27","orderCode":"FT19310RH6P1","userName":"cntest001","realAmount":10100.0,"promotionCode":"","tokenKey":"657gj78hfgfgfhfg0t","addValue":{"payMethod":"01","payMethodMMS":1}}
14:38:23.354 [] [http-nio-9091-exec-6] INFO  c.e.p.s.impl.PaymentServiceImpl - Begin receive message RabbitMQ from server
14:38:23.451 [] [http-nio-9091-exec-6] INFO  c.e.p.s.impl.PaymentServiceImpl - Get result from server: {"code":"00","message":"Response from partner api: Status response 200","stackTrace":[],"suppressedExceptions":[]} 
14:38:23.454 [] [http-nio-9091-exec-6] INFO  c.e.paymentapi.util.MessageResponse - Send request success and receive response success with result: {"code":"00","message":"Response from partner api: Status response 200","stackTrace":[],"suppressedExceptions":[]}
14:38:23.456 [] [http-nio-9091-exec-6] INFO  c.e.paymentapi.util.MessageResponse - ---- End request -----
14:39:01.997 [] [http-nio-9091-exec-5] INFO  c.e.p.s.impl.PaymentServiceImpl - Begin send request with data: PaymentRequest(apiID=Payment003, mobile=0345225630, bankCode=11055, accountNo=0001100014211002, payDate=20200929112923, additionalData=11, debitAmount=11100.0, respCode=00, respDesc=SUCCESS, traceTransfer=FT19310RH6P1, messageType=1, checkSum=e05b9b04c4859fd4799c7cff632ca40567eb7e5e7528c533db2358574bae5e27, orderCode=FT19310RH6P1, userName=cntest001, realAmount=10100.0, promotionCode=tui, tokenKey=657gj78cvhfgfgfhfg0t, addValue=AddValue(payMethod=01, payMethodMMS=1))
14:39:01.997 [] [http-nio-9091-exec-5] INFO  c.e.p.s.impl.PaymentServiceImpl - Begin getPrivateKey() with bank code: [11055]
14:39:01.997 [] [http-nio-9091-exec-5] INFO  c.e.p.s.impl.PaymentServiceImpl - End getPrivateKeyByBankCode() Have Bank Code in YAML file
14:39:01.997 [] [http-nio-9091-exec-5] INFO  c.e.p.s.impl.PaymentServiceImpl - Begin check valid promotion code
14:39:01.997 [] [http-nio-9091-exec-5] INFO  c.e.p.s.impl.PaymentServiceImpl - End check promotion code success
14:39:01.997 [] [http-nio-9091-exec-5] INFO  c.e.p.s.impl.PaymentServiceImpl - Begin check valid amount
14:39:01.997 [] [http-nio-9091-exec-5] INFO  c.e.p.s.impl.PaymentServiceImpl -  Begin checkSumSHA256() with data payment request PaymentRequest(apiID=Payment003, mobile=0345225630, bankCode=11055, accountNo=0001100014211002, payDate=20200929112923, additionalData=11, debitAmount=11100.0, respCode=00, respDesc=SUCCESS, traceTransfer=FT19310RH6P1, messageType=1, checkSum=e05b9b04c4859fd4799c7cff632ca40567eb7e5e7528c533db2358574bae5e27, orderCode=FT19310RH6P1, userName=cntest001, realAmount=10100.0, promotionCode=, tokenKey=657gj78cvhfgfgfhfg0t, addValue=AddValue(payMethod=01, payMethodMMS=1))
14:39:01.997 [] [http-nio-9091-exec-5] INFO  c.e.p.s.impl.PaymentServiceImpl - Begin getStringToHash with data PaymentRequest PaymentRequest(apiID=Payment003, mobile=0345225630, bankCode=11055, accountNo=0001100014211002, payDate=20200929112923, additionalData=11, debitAmount=11100.0, respCode=00, respDesc=SUCCESS, traceTransfer=FT19310RH6P1, messageType=1, checkSum=e05b9b04c4859fd4799c7cff632ca40567eb7e5e7528c533db2358574bae5e27, orderCode=FT19310RH6P1, userName=cntest001, realAmount=10100.0, promotionCode=, tokenKey=657gj78cvhfgfgfhfg0t, addValue=AddValue(payMethod=01, payMethodMMS=1))
14:39:01.997 [] [http-nio-9091-exec-5] INFO  c.e.p.s.impl.PaymentServiceImpl - Private key: lkjlk
14:39:01.997 [] [http-nio-9091-exec-5] INFO  c.e.p.s.impl.PaymentServiceImpl - Append to String to HASH
14:39:01.997 [] [http-nio-9091-exec-5] INFO  c.e.p.s.impl.PaymentServiceImpl - End getStringToHash success
14:39:01.997 [] [http-nio-9091-exec-5] INFO  c.e.p.s.impl.PaymentServiceImpl - Check sum SHA256:[e05b9b04c4859fd4799c7cff632ca40567eb7e5e7528c533db2358574bae5e27] 
14:39:01.997 [] [http-nio-9091-exec-5] INFO  c.e.p.s.impl.PaymentServiceImpl - Checksum success
14:39:01.997 [] [http-nio-9091-exec-5] INFO  c.e.p.s.impl.PaymentServiceImpl - Begin check valid of Token key 657gj78cvhfgfgfhfg0t
14:39:01.998 [] [http-nio-9091-exec-5] INFO  c.e.p.s.impl.PaymentServiceImpl - Expire time is: -2 seconds
14:39:01.998 [] [http-nio-9091-exec-5] INFO  c.e.p.s.impl.PaymentServiceImpl - Key exist? false
14:39:01.998 [] [http-nio-9091-exec-5] INFO  c.e.p.s.impl.PaymentServiceImpl - Data put to redis: {"apiID":"Payment003","mobile":"0345225630","bankCode":"11055","accountNo":"0001100014211002","payDate":"20200929112923","additionalData":"11","debitAmount":11100.0,"respCode":"00","respDesc":"SUCCESS","traceTransfer":"FT19310RH6P1","messageType":"1","checkSum":"e05b9b04c4859fd4799c7cff632ca40567eb7e5e7528c533db2358574bae5e27","orderCode":"FT19310RH6P1","userName":"cntest001","realAmount":10100.0,"promotionCode":"","tokenKey":"657gj78cvhfgfgfhfg0t","addValue":{"payMethod":"01","payMethodMMS":1}}
14:39:01.998 [] [http-nio-9091-exec-5] INFO  c.e.p.s.impl.PaymentServiceImpl - Token key can use on day
14:39:01.998 [] [http-nio-9091-exec-5] INFO  c.e.p.s.impl.PaymentServiceImpl - Begin publish message to queue with data PaymentRequest(apiID=Payment003, mobile=0345225630, bankCode=11055, accountNo=0001100014211002, payDate=20200929112923, additionalData=11, debitAmount=11100.0, respCode=00, respDesc=SUCCESS, traceTransfer=FT19310RH6P1, messageType=1, checkSum=e05b9b04c4859fd4799c7cff632ca40567eb7e5e7528c533db2358574bae5e27, orderCode=FT19310RH6P1, userName=cntest001, realAmount=10100.0, promotionCode=, tokenKey=657gj78cvhfgfgfhfg0t, addValue=AddValue(payMethod=01, payMethodMMS=1)) 
14:39:02.010 [] [http-nio-9091-exec-5] INFO  c.e.p.s.impl.PaymentServiceImpl - correlationId with message d482dd47-4595-4c90-aafd-5660968c413f 
14:39:02.010 [] [http-nio-9091-exec-5] INFO  c.e.p.s.impl.PaymentServiceImpl - Send message to queue queue.rpc with data: {"apiID":"Payment003","mobile":"0345225630","bankCode":"11055","accountNo":"0001100014211002","payDate":"20200929112923","additionalData":"11","debitAmount":11100.0,"respCode":"00","respDesc":"SUCCESS","traceTransfer":"FT19310RH6P1","messageType":"1","checkSum":"e05b9b04c4859fd4799c7cff632ca40567eb7e5e7528c533db2358574bae5e27","orderCode":"FT19310RH6P1","userName":"cntest001","realAmount":10100.0,"promotionCode":"","tokenKey":"657gj78cvhfgfgfhfg0t","addValue":{"payMethod":"01","payMethodMMS":1}}
14:39:02.011 [] [http-nio-9091-exec-5] INFO  c.e.p.s.impl.PaymentServiceImpl - Begin receive message RabbitMQ from server
14:39:02.122 [] [http-nio-9091-exec-5] INFO  c.e.p.s.impl.PaymentServiceImpl - Get result from server: {"code":"00","message":"Response from partner api: Status response 200","stackTrace":[],"suppressedExceptions":[]} 
14:39:02.125 [] [http-nio-9091-exec-5] INFO  c.e.paymentapi.util.MessageResponse - Send request success and receive response success with result: {"code":"00","message":"Response from partner api: Status response 200","stackTrace":[],"suppressedExceptions":[]}
14:39:02.127 [] [http-nio-9091-exec-5] INFO  c.e.paymentapi.util.MessageResponse - ---- End request -----
14:44:00.877 [] [restartedMain] INFO  c.e.paymentapi.PaymentApiApplication - Starting PaymentApiApplication using Java 18.0.1.1 on tuanlt2 with PID 16660 (D:\Git\demoVNPAY\vnpayDemo\payment-api\target\classes started by tuanlt2 in D:\Git\demoVNPAY\vnpayDemo\payment-api)
14:44:00.879 [] [restartedMain] INFO  c.e.paymentapi.PaymentApiApplication - No active profile set, falling back to 1 default profile: "default"
14:44:00.881 [] [background-preinit] INFO  o.h.validator.internal.util.Version - HV000001: Hibernate Validator 6.2.3.Final
14:44:00.911 [] [restartedMain] INFO  o.s.b.d.e.DevToolsPropertyDefaultsPostProcessor - Devtools property defaults active! Set 'spring.devtools.add-properties' to 'false' to disable
14:44:00.911 [] [restartedMain] INFO  o.s.b.d.e.DevToolsPropertyDefaultsPostProcessor - For additional web related logging consider setting the 'logging.level.web' property to 'DEBUG'
14:44:01.293 [] [restartedMain] INFO  o.s.d.r.c.RepositoryConfigurationDelegate - Multiple Spring Data modules found, entering strict repository configuration mode!
14:44:01.294 [] [restartedMain] INFO  o.s.d.r.c.RepositoryConfigurationDelegate - Bootstrapping Spring Data Redis repositories in DEFAULT mode.
14:44:01.309 [] [restartedMain] INFO  o.s.d.r.c.RepositoryConfigurationDelegate - Finished Spring Data repository scanning in 4 ms. Found 0 Redis repository interfaces.
14:44:01.608 [] [restartedMain] INFO  o.s.b.w.e.tomcat.TomcatWebServer - Tomcat initialized with port(s): 9091 (http)
14:44:01.613 [] [restartedMain] INFO  o.a.coyote.http11.Http11NioProtocol - Initializing ProtocolHandler ["http-nio-9091"]
14:44:01.614 [] [restartedMain] INFO  o.a.catalina.core.StandardService - Starting service [Tomcat]
14:44:01.614 [] [restartedMain] INFO  o.a.catalina.core.StandardEngine - Starting Servlet engine: [Apache Tomcat/9.0.63]
14:44:01.678 [] [restartedMain] INFO  o.a.c.c.C.[Tomcat].[localhost].[/] - Initializing Spring embedded WebApplicationContext
14:44:01.678 [] [restartedMain] INFO  o.s.b.w.s.c.ServletWebServerApplicationContext - Root WebApplicationContext: initialization completed in 766 ms
14:44:02.217 [] [restartedMain] INFO  o.s.b.d.a.OptionalLiveReloadServer - LiveReload server is running on port 35729
14:44:02.261 [] [restartedMain] INFO  o.a.coyote.http11.Http11NioProtocol - Starting ProtocolHandler ["http-nio-9091"]
14:44:02.285 [] [restartedMain] INFO  o.s.b.w.e.tomcat.TomcatWebServer - Tomcat started on port(s): 9091 (http) with context path ''
14:44:02.296 [] [restartedMain] INFO  c.e.paymentapi.PaymentApiApplication - Started PaymentApiApplication in 1.653 seconds (JVM running for 2.343)
14:45:29.692 [] [http-nio-9091-exec-2] INFO  o.a.c.c.C.[Tomcat].[localhost].[/] - Initializing Spring DispatcherServlet 'dispatcherServlet'
14:45:29.692 [] [http-nio-9091-exec-2] INFO  o.s.web.servlet.DispatcherServlet - Initializing Servlet 'dispatcherServlet'
14:45:29.694 [] [http-nio-9091-exec-2] INFO  o.s.web.servlet.DispatcherServlet - Completed initialization in 2 ms
14:45:29.827 [] [http-nio-9091-exec-2] INFO  c.e.p.s.impl.PaymentServiceImpl - Begin send request with data: PaymentRequest(apiID=Payment003, mobile=0345225630, bankCode=11055, accountNo=0001100014211002, payDate=20200929112923, additionalData=11, debitAmount=11100.0, respCode=00, respDesc=SUCCESS, traceTransfer=FT19310RH6P1, messageType=1, checkSum=e05b9b04c4859fd4799c7cff632ca40567eb7e5e7528c533db2358574bae5e27, orderCode=FT19310RH6P1, userName=cntest001, realAmount=10100.0, promotionCode=tui, tokenKey=657gj78cvhfgghfgfhfg0t, addValue=AddValue(payMethod=01, payMethodMMS=1))
14:45:29.827 [] [http-nio-9091-exec-2] INFO  c.e.p.s.impl.PaymentServiceImpl - Begin getPrivateKey() with bank code: [11055]
14:45:29.827 [] [http-nio-9091-exec-2] INFO  c.e.p.s.impl.PaymentServiceImpl - End getPrivateKeyByBankCode() Have Bank Code in YAML file
14:45:29.829 [] [http-nio-9091-exec-2] INFO  c.e.p.s.impl.PaymentServiceImpl - Begin check valid promotion code
14:45:29.829 [] [http-nio-9091-exec-2] INFO  c.e.p.s.impl.PaymentServiceImpl - End check promotion code success
14:45:29.829 [] [http-nio-9091-exec-2] INFO  c.e.p.s.impl.PaymentServiceImpl - Begin check valid amount
14:45:29.829 [] [http-nio-9091-exec-2] INFO  c.e.p.s.impl.PaymentServiceImpl -  Begin checkSumSHA256() with data payment request PaymentRequest(apiID=Payment003, mobile=0345225630, bankCode=11055, accountNo=0001100014211002, payDate=20200929112923, additionalData=11, debitAmount=11100.0, respCode=00, respDesc=SUCCESS, traceTransfer=FT19310RH6P1, messageType=1, checkSum=e05b9b04c4859fd4799c7cff632ca40567eb7e5e7528c533db2358574bae5e27, orderCode=FT19310RH6P1, userName=cntest001, realAmount=10100.0, promotionCode=, tokenKey=657gj78cvhfgghfgfhfg0t, addValue=AddValue(payMethod=01, payMethodMMS=1))
14:45:29.830 [] [http-nio-9091-exec-2] INFO  c.e.p.s.impl.PaymentServiceImpl - Begin getStringToHash with data PaymentRequest PaymentRequest(apiID=Payment003, mobile=0345225630, bankCode=11055, accountNo=0001100014211002, payDate=20200929112923, additionalData=11, debitAmount=11100.0, respCode=00, respDesc=SUCCESS, traceTransfer=FT19310RH6P1, messageType=1, checkSum=e05b9b04c4859fd4799c7cff632ca40567eb7e5e7528c533db2358574bae5e27, orderCode=FT19310RH6P1, userName=cntest001, realAmount=10100.0, promotionCode=, tokenKey=657gj78cvhfgghfgfhfg0t, addValue=AddValue(payMethod=01, payMethodMMS=1))
14:45:29.831 [] [http-nio-9091-exec-2] INFO  c.e.p.s.impl.PaymentServiceImpl - Private key: lkjlk
14:45:29.831 [] [http-nio-9091-exec-2] INFO  c.e.p.s.impl.PaymentServiceImpl - Append to String to HASH
14:45:29.831 [] [http-nio-9091-exec-2] INFO  c.e.p.s.impl.PaymentServiceImpl - End getStringToHash success
14:45:29.834 [] [http-nio-9091-exec-2] INFO  c.e.p.s.impl.PaymentServiceImpl - Check sum SHA256:[e05b9b04c4859fd4799c7cff632ca40567eb7e5e7528c533db2358574bae5e27] 
14:45:29.834 [] [http-nio-9091-exec-2] INFO  c.e.p.s.impl.PaymentServiceImpl - Checksum success
14:45:29.834 [] [http-nio-9091-exec-2] INFO  c.e.p.s.impl.PaymentServiceImpl - Begin check valid of Token key 657gj78cvhfgghfgfhfg0t
14:45:29.856 [] [http-nio-9091-exec-2] INFO  c.e.p.s.impl.PaymentServiceImpl - Expire time is: -2 seconds
14:45:29.856 [] [http-nio-9091-exec-2] INFO  c.e.p.s.impl.PaymentServiceImpl - Key exist? false
14:45:29.856 [] [http-nio-9091-exec-2] INFO  c.e.p.s.impl.PaymentServiceImpl - Data put to redis: {"apiID":"Payment003","mobile":"0345225630","bankCode":"11055","accountNo":"0001100014211002","payDate":"20200929112923","additionalData":"11","debitAmount":11100.0,"respCode":"00","respDesc":"SUCCESS","traceTransfer":"FT19310RH6P1","messageType":"1","checkSum":"e05b9b04c4859fd4799c7cff632ca40567eb7e5e7528c533db2358574bae5e27","orderCode":"FT19310RH6P1","userName":"cntest001","realAmount":10100.0,"promotionCode":"","tokenKey":"657gj78cvhfgghfgfhfg0t","addValue":{"payMethod":"01","payMethodMMS":1}}
14:45:29.856 [] [http-nio-9091-exec-2] INFO  c.e.p.s.impl.PaymentServiceImpl - Token key can use on day
14:45:29.856 [] [http-nio-9091-exec-2] INFO  c.e.p.s.impl.PaymentServiceImpl - Begin publish message to queue with data PaymentRequest(apiID=Payment003, mobile=0345225630, bankCode=11055, accountNo=0001100014211002, payDate=20200929112923, additionalData=11, debitAmount=11100.0, respCode=00, respDesc=SUCCESS, traceTransfer=FT19310RH6P1, messageType=1, checkSum=e05b9b04c4859fd4799c7cff632ca40567eb7e5e7528c533db2358574bae5e27, orderCode=FT19310RH6P1, userName=cntest001, realAmount=10100.0, promotionCode=, tokenKey=657gj78cvhfgghfgfhfg0t, addValue=AddValue(payMethod=01, payMethodMMS=1)) 
14:45:29.913 [] [http-nio-9091-exec-2] INFO  c.e.p.s.impl.PaymentServiceImpl - correlationId with message 7ebd85f5-e4f7-4eb8-8f78-6f46c7fde4be 
14:45:29.914 [] [http-nio-9091-exec-2] INFO  c.e.p.s.impl.PaymentServiceImpl - Send message to queue queue.rpc with data: {"apiID":"Payment003","mobile":"0345225630","bankCode":"11055","accountNo":"0001100014211002","payDate":"20200929112923","additionalData":"11","debitAmount":11100.0,"respCode":"00","respDesc":"SUCCESS","traceTransfer":"FT19310RH6P1","messageType":"1","checkSum":"e05b9b04c4859fd4799c7cff632ca40567eb7e5e7528c533db2358574bae5e27","orderCode":"FT19310RH6P1","userName":"cntest001","realAmount":10100.0,"promotionCode":"","tokenKey":"657gj78cvhfgghfgfhfg0t","addValue":{"payMethod":"01","payMethodMMS":1}}
14:45:29.916 [] [http-nio-9091-exec-2] INFO  c.e.p.s.impl.PaymentServiceImpl - Begin receive message RabbitMQ from server
14:45:31.757 [] [http-nio-9091-exec-2] INFO  c.e.p.s.impl.PaymentServiceImpl - Get result from server: {"code":"00","message":"Response from partner api: Status response 200","stackTrace":[],"suppressedExceptions":[]} 
14:45:31.768 [] [http-nio-9091-exec-2] INFO  c.e.paymentapi.util.MessageResponse - Send request success and receive response success with result: {"code":"00","message":"Response from partner api: Status response 200","stackTrace":[],"suppressedExceptions":[]}
14:45:31.778 [] [http-nio-9091-exec-2] INFO  c.e.paymentapi.util.MessageResponse - ---- End request -----
15:30:25.692 [] [http-nio-9091-exec-5] INFO  c.e.p.s.impl.PaymentServiceImpl - Begin send request with data: PaymentRequest(apiID=Payment003, mobile=0345225630, bankCode=11055, accountNo=0001100014211002, payDate=20200929112923, additionalData=11, debitAmount=11100.0, respCode=00, respDesc=SUCCESS, traceTransfer=FT19310RH6P1, messageType=1, checkSum=e05b9b04c4859fd4799c7cff632ca40567eb7e5e7528c533db2358574bae5e27, orderCode=FT19310RH6P1, userName=cntest001, realAmount=10100.0, promotionCode=tui, tokenKey=j78cvhfgghfgfhfg0t, addValue=AddValue(payMethod=01, payMethodMMS=1))
15:30:25.692 [] [http-nio-9091-exec-5] INFO  c.e.p.s.impl.PaymentServiceImpl - Begin getPrivateKey() with bank code: [11055]
15:30:25.692 [] [http-nio-9091-exec-5] INFO  c.e.p.s.impl.PaymentServiceImpl - End getPrivateKeyByBankCode() Have Bank Code in YAML file
15:30:25.692 [] [http-nio-9091-exec-5] INFO  c.e.p.s.impl.PaymentServiceImpl - Begin check valid promotion code
15:30:25.693 [] [http-nio-9091-exec-5] INFO  c.e.p.s.impl.PaymentServiceImpl - End check promotion code success
15:30:25.693 [] [http-nio-9091-exec-5] INFO  c.e.p.s.impl.PaymentServiceImpl - Begin check valid amount
15:30:25.693 [] [http-nio-9091-exec-5] INFO  c.e.p.s.impl.PaymentServiceImpl -  Begin checkSumSHA256() with data payment request PaymentRequest(apiID=Payment003, mobile=0345225630, bankCode=11055, accountNo=0001100014211002, payDate=20200929112923, additionalData=11, debitAmount=11100.0, respCode=00, respDesc=SUCCESS, traceTransfer=FT19310RH6P1, messageType=1, checkSum=e05b9b04c4859fd4799c7cff632ca40567eb7e5e7528c533db2358574bae5e27, orderCode=FT19310RH6P1, userName=cntest001, realAmount=10100.0, promotionCode=, tokenKey=j78cvhfgghfgfhfg0t, addValue=AddValue(payMethod=01, payMethodMMS=1))
15:30:25.693 [] [http-nio-9091-exec-5] INFO  c.e.p.s.impl.PaymentServiceImpl - Begin getStringToHash with data PaymentRequest PaymentRequest(apiID=Payment003, mobile=0345225630, bankCode=11055, accountNo=0001100014211002, payDate=20200929112923, additionalData=11, debitAmount=11100.0, respCode=00, respDesc=SUCCESS, traceTransfer=FT19310RH6P1, messageType=1, checkSum=e05b9b04c4859fd4799c7cff632ca40567eb7e5e7528c533db2358574bae5e27, orderCode=FT19310RH6P1, userName=cntest001, realAmount=10100.0, promotionCode=, tokenKey=j78cvhfgghfgfhfg0t, addValue=AddValue(payMethod=01, payMethodMMS=1))
15:30:25.693 [] [http-nio-9091-exec-5] INFO  c.e.p.s.impl.PaymentServiceImpl - Private key: lkjlk
15:30:25.693 [] [http-nio-9091-exec-5] INFO  c.e.p.s.impl.PaymentServiceImpl - Append to String to HASH
15:30:25.693 [] [http-nio-9091-exec-5] INFO  c.e.p.s.impl.PaymentServiceImpl - End getStringToHash success
15:30:25.693 [] [http-nio-9091-exec-5] INFO  c.e.p.s.impl.PaymentServiceImpl - Check sum SHA256:[e05b9b04c4859fd4799c7cff632ca40567eb7e5e7528c533db2358574bae5e27] 
15:30:25.693 [] [http-nio-9091-exec-5] INFO  c.e.p.s.impl.PaymentServiceImpl - Checksum success
15:30:25.693 [] [http-nio-9091-exec-5] INFO  c.e.p.s.impl.PaymentServiceImpl - Begin check valid of Token key j78cvhfgghfgfhfg0t
15:30:25.694 [] [http-nio-9091-exec-5] INFO  c.e.p.s.impl.PaymentServiceImpl - Expire time is: -2 seconds
15:30:25.694 [] [http-nio-9091-exec-5] INFO  c.e.p.s.impl.PaymentServiceImpl - Key exist? false
15:30:25.694 [] [http-nio-9091-exec-5] INFO  c.e.p.s.impl.PaymentServiceImpl - Data put to redis: {"apiID":"Payment003","mobile":"0345225630","bankCode":"11055","accountNo":"0001100014211002","payDate":"20200929112923","additionalData":"11","debitAmount":11100.0,"respCode":"00","respDesc":"SUCCESS","traceTransfer":"FT19310RH6P1","messageType":"1","checkSum":"e05b9b04c4859fd4799c7cff632ca40567eb7e5e7528c533db2358574bae5e27","orderCode":"FT19310RH6P1","userName":"cntest001","realAmount":10100.0,"promotionCode":"","tokenKey":"j78cvhfgghfgfhfg0t","addValue":{"payMethod":"01","payMethodMMS":1}}
15:30:25.695 [] [http-nio-9091-exec-5] INFO  c.e.p.s.impl.PaymentServiceImpl - Token key can use on day
15:30:25.695 [] [http-nio-9091-exec-5] INFO  c.e.p.s.impl.PaymentServiceImpl - Begin publish message to queue with data PaymentRequest(apiID=Payment003, mobile=0345225630, bankCode=11055, accountNo=0001100014211002, payDate=20200929112923, additionalData=11, debitAmount=11100.0, respCode=00, respDesc=SUCCESS, traceTransfer=FT19310RH6P1, messageType=1, checkSum=e05b9b04c4859fd4799c7cff632ca40567eb7e5e7528c533db2358574bae5e27, orderCode=FT19310RH6P1, userName=cntest001, realAmount=10100.0, promotionCode=, tokenKey=j78cvhfgghfgfhfg0t, addValue=AddValue(payMethod=01, payMethodMMS=1)) 
15:30:25.704 [] [http-nio-9091-exec-5] INFO  c.e.p.s.impl.PaymentServiceImpl - correlationId with message db599a75-8cff-454b-8e3d-cc529a4431a3 
15:30:25.705 [] [http-nio-9091-exec-5] INFO  c.e.p.s.impl.PaymentServiceImpl - Send message to queue queue.rpc with data: {"apiID":"Payment003","mobile":"0345225630","bankCode":"11055","accountNo":"0001100014211002","payDate":"20200929112923","additionalData":"11","debitAmount":11100.0,"respCode":"00","respDesc":"SUCCESS","traceTransfer":"FT19310RH6P1","messageType":"1","checkSum":"e05b9b04c4859fd4799c7cff632ca40567eb7e5e7528c533db2358574bae5e27","orderCode":"FT19310RH6P1","userName":"cntest001","realAmount":10100.0,"promotionCode":"","tokenKey":"j78cvhfgghfgfhfg0t","addValue":{"payMethod":"01","payMethodMMS":1}}
15:30:25.705 [] [http-nio-9091-exec-5] INFO  c.e.p.s.impl.PaymentServiceImpl - Begin receive message RabbitMQ from server
15:30:26.049 [] [http-nio-9091-exec-5] INFO  c.e.p.s.impl.PaymentServiceImpl - Get result from server: {"code":"00","message":"Response from partner api: Status response 200","stackTrace":[],"suppressedExceptions":[]} 
15:30:26.054 [] [http-nio-9091-exec-5] INFO  c.e.paymentapi.util.MessageResponse - Send request success and receive response success with result: {"code":"00","message":"Response from partner api: Status response 200","stackTrace":[],"suppressedExceptions":[]}
15:30:26.056 [] [http-nio-9091-exec-5] INFO  c.e.paymentapi.util.MessageResponse - ---- End request -----
