2022-07-15 14:38:48,197 INFO org.hibernate.validator.internal.util.Version [background-preinit] HV000001: Hibernate Validator 6.2.3.Final
2022-07-15 14:38:48,217 INFO org.springframework.boot.StartupInfoLogger [restartedMain] Starting PaymentApiApplication using Java 18.0.1.1 on tuanlt2 with PID 12880 (D:\Git\demoVNPAY\vnpayDemo\payment-api1\target\classes started by tuanlt2 in D:\Git\demoVNPAY\vnpayDemo\payment-api1)
2022-07-15 14:38:48,218 INFO org.springframework.boot.SpringApplication [restartedMain] No active profile set, falling back to 1 default profile: "default"
2022-07-15 14:38:48,250 INFO org.springframework.boot.logging.DeferredLog [restartedMain] Devtools property defaults active! Set 'spring.devtools.add-properties' to 'false' to disable
2022-07-15 14:38:48,251 INFO org.springframework.boot.logging.DeferredLog [restartedMain] For additional web related logging consider setting the 'logging.level.web' property to 'DEBUG'
2022-07-15 14:38:48,510 INFO org.springframework.data.repository.config.RepositoryConfigurationDelegate [restartedMain] Multiple Spring Data modules found, entering strict repository configuration mode!
2022-07-15 14:38:48,510 INFO org.springframework.data.repository.config.RepositoryConfigurationDelegate [restartedMain] Bootstrapping Spring Data Redis repositories in DEFAULT mode.
2022-07-15 14:38:48,521 INFO org.springframework.data.repository.config.RepositoryConfigurationDelegate [restartedMain] Finished Spring Data repository scanning in 3 ms. Found 0 Redis repository interfaces.
2022-07-15 14:38:48,614 INFO org.springframework.data.repository.config.RepositoryConfigurationDelegate [restartedMain] Multiple Spring Data modules found, entering strict repository configuration mode!
2022-07-15 14:38:48,615 INFO org.springframework.data.repository.config.RepositoryConfigurationDelegate [restartedMain] Bootstrapping Spring Data Redis repositories in DEFAULT mode.
2022-07-15 14:38:48,618 INFO org.springframework.data.repository.config.RepositoryConfigurationDelegate [restartedMain] Finished Spring Data repository scanning in 2 ms. Found 0 Redis repository interfaces.
2022-07-15 14:38:48,902 INFO org.springframework.boot.web.embedded.tomcat.TomcatWebServer [restartedMain] Tomcat initialized with port(s): 8080 (http)
2022-07-15 14:38:48,906 INFO org.apache.juli.logging.DirectJDKLog [restartedMain] Initializing ProtocolHandler ["http-nio-8080"]
2022-07-15 14:38:48,907 INFO org.apache.juli.logging.DirectJDKLog [restartedMain] Starting service [Tomcat]
2022-07-15 14:38:48,907 INFO org.apache.juli.logging.DirectJDKLog [restartedMain] Starting Servlet engine: [Apache Tomcat/9.0.63]
2022-07-15 14:38:48,961 INFO org.apache.juli.logging.DirectJDKLog [restartedMain] Initializing Spring embedded WebApplicationContext
2022-07-15 14:38:48,961 INFO org.springframework.boot.web.servlet.context.ServletWebServerApplicationContext [restartedMain] Root WebApplicationContext: initialization completed in 710 ms
2022-07-15 14:38:49,475 WARN org.springframework.boot.devtools.autoconfigure.OptionalLiveReloadServer [restartedMain] Unable to start LiveReload server
2022-07-15 14:38:49,510 INFO org.apache.juli.logging.DirectJDKLog [restartedMain] Starting ProtocolHandler ["http-nio-8080"]
2022-07-15 14:38:49,526 INFO org.springframework.boot.web.embedded.tomcat.TomcatWebServer [restartedMain] Tomcat started on port(s): 8080 (http) with context path ''
2022-07-15 14:38:49,534 INFO org.springframework.boot.StartupInfoLogger [restartedMain] Started PaymentApiApplication in 1.539 seconds (JVM running for 2.296)
2022-07-15 14:39:13,190 INFO org.apache.juli.logging.DirectJDKLog [http-nio-8080-exec-2] Initializing Spring DispatcherServlet 'dispatcherServlet'
2022-07-15 14:39:13,191 INFO org.springframework.web.servlet.FrameworkServlet [http-nio-8080-exec-2] Initializing Servlet 'dispatcherServlet'
2022-07-15 14:39:13,192 INFO org.springframework.web.servlet.FrameworkServlet [http-nio-8080-exec-2] Completed initialization in 1 ms
2022-07-15 14:39:13,292 INFO com.example.paymentapi.controller.PaymentController [http-nio-8080-exec-2] Begin sendRequest() 
2022-07-15 14:39:13,301 INFO com.example.paymentapi.service.impl.PaymentServiceImpl [http-nio-8080-exec-2] Begin getPrivateKey() with Data Payment Request: PaymentRequest(apiID=Restpayment, mobile=0345225630, bankCode=970445, accountNo=0001100014211002, payDate=20200929112923, additionalData=11, debitAmount=11200.0, respCode=00, respDesc=SUCCESS, traceTransfer=FT19310RH6P1, messageType=1, checkSum=31805c2493c639ef10bbb5a4975846784970066bfb16Ec16a03b119d21bf12c0, orderCode=FT19310RH6P1, userName=cntest001, realAmount=11100.0, promotionCode=11, tokenKey=1601353776839FT1931dsfdsfsdf0dfdsfsdrh6P17)
2022-07-15 14:39:13,302 INFO com.example.paymentapi.service.impl.PaymentServiceImpl [http-nio-8080-exec-2] End getPrivateKeyByBankCode() Have Bank Code in YAML file
2022-07-15 14:39:13,303 INFO com.example.paymentapi.service.impl.PaymentServiceImpl [http-nio-8080-exec-2]  Begin checkSumSHA256() with data payment request PaymentRequest(apiID=Restpayment, mobile=0345225630, bankCode=970445, accountNo=0001100014211002, payDate=20200929112923, additionalData=11, debitAmount=11200.0, respCode=00, respDesc=SUCCESS, traceTransfer=FT19310RH6P1, messageType=1, checkSum=31805c2493c639ef10bbb5a4975846784970066bfb16Ec16a03b119d21bf12c0, orderCode=FT19310RH6P1, userName=cntest001, realAmount=11100.0, promotionCode=11, tokenKey=1601353776839FT1931dsfdsfsdf0dfdsfsdrh6P17)
2022-07-15 14:39:13,316 INFO com.example.paymentapi.service.impl.PaymentServiceImpl [http-nio-8080-exec-2] Begin getStringToHash with data PaymentRequest PaymentRequest(apiID=Restpayment, mobile=0345225630, bankCode=970445, accountNo=0001100014211002, payDate=20200929112923, additionalData=11, debitAmount=11200.0, respCode=00, respDesc=SUCCESS, traceTransfer=FT19310RH6P1, messageType=1, checkSum=31805c2493c639ef10bbb5a4975846784970066bfb16Ec16a03b119d21bf12c0, orderCode=FT19310RH6P1, userName=cntest001, realAmount=11100.0, promotionCode=11, tokenKey=1601353776839FT1931dsfdsfsdf0dfdsfsdrh6P17)
2022-07-15 14:39:13,316 INFO com.example.paymentapi.service.impl.PaymentServiceImpl [http-nio-8080-exec-2] Private key: abyukmnh
2022-07-15 14:39:13,316 INFO com.example.paymentapi.service.impl.PaymentServiceImpl [http-nio-8080-exec-2] End getStringToHash success
2022-07-15 14:39:13,318 INFO com.example.paymentapi.service.impl.PaymentServiceImpl [http-nio-8080-exec-2] Check sum SHA256:[31805c2493c639ef10bbb5a4975846784970066bfb16ec16a03b119d21bf12c0] 
2022-07-15 14:39:13,319 INFO com.example.paymentapi.service.impl.PaymentServiceImpl [http-nio-8080-exec-2] checkSumSHA256() Checksum success
2022-07-15 14:39:13,319 INFO com.example.paymentapi.service.impl.PaymentServiceImpl [http-nio-8080-exec-2]  Hset to Redis with data: PaymentRequest(apiID=Restpayment, mobile=0345225630, bankCode=970445, accountNo=0001100014211002, payDate=20200929112923, additionalData=11, debitAmount=11200.0, respCode=00, respDesc=SUCCESS, traceTransfer=FT19310RH6P1, messageType=1, checkSum=31805c2493c639ef10bbb5a4975846784970066bfb16Ec16a03b119d21bf12c0, orderCode=FT19310RH6P1, userName=cntest001, realAmount=11100.0, promotionCode=11, tokenKey=1601353776839FT1931dsfdsfsdf0dfdsfsdrh6P17) 
2022-07-15 14:39:13,678 INFO com.example.paymentapi.service.impl.PaymentServiceImpl [http-nio-8080-exec-2] Check data put into Redis: [{"apiID":"Restpayment","mobile":"0345225630","bankCode":"970445","accountNo":"0001100014211002","payDate":"20200929112923","additionalData":"11","debitAmount":11200.0,"respCode":"00","respDesc":"SUCCESS","traceTransfer":"FT19310RH6P1","messageType":"1","checkSum":"31805c2493c639ef10bbb5a4975846784970066bfb16Ec16a03b119d21bf12c0","orderCode":"FT19310RH6P1","userName":"cntest001","realAmount":11100.0,"promotionCode":"11","tokenKey":"1601353776839FT1931dsfdsfsdf0dfdsfsdrh6P17"}]
2022-07-15 14:39:13,678 INFO com.example.paymentapi.controller.PaymentController [http-nio-8080-exec-2] Send request success
2022-07-15 14:39:42,684 INFO com.example.paymentapi.controller.PaymentController [http-nio-8080-exec-3] Begin sendRequest() 
2022-07-15 14:39:42,685 ERROR com.example.paymentapi.controller.PaymentController [http-nio-8080-exec-3] Send request fail with message: Connect to redis fail
2022-07-15 14:39:53,033 INFO com.example.paymentapi.controller.PaymentController [http-nio-8080-exec-4] Begin sendRequest() 
2022-07-15 14:39:53,034 ERROR com.example.paymentapi.controller.PaymentController [http-nio-8080-exec-4] Send request fail with message: Connect to redis fail
2022-07-15 14:41:18,265 INFO com.example.paymentapi.controller.PaymentController [http-nio-8080-exec-7] Begin sendRequest() 
2022-07-15 14:41:18,265 INFO com.example.paymentapi.service.impl.PaymentServiceImpl [http-nio-8080-exec-7] Begin getPrivateKey() with Data Payment Request: PaymentRequest(apiID=Restpayment, mobile=0345225630, bankCode=970445, accountNo=0001100014211002, payDate=20200929112923, additionalData=11, debitAmount=11200.0, respCode=00, respDesc=SUCCESS, traceTransfer=FT19310RH6P1, messageType=1, checkSum=31805c2493c639ef10bbb5a4975846784970066bfb16Ec16a03b119d21bf12c0, orderCode=FT19310RH6P1, userName=cntest001, realAmount=11100.0, promotionCode=11, tokenKey=1601353776839FT1931dsfdsfsdf0dfdsfsdrh6P17)
2022-07-15 14:41:18,266 INFO com.example.paymentapi.service.impl.PaymentServiceImpl [http-nio-8080-exec-7] End getPrivateKeyByBankCode() Have Bank Code in YAML file
2022-07-15 14:41:18,266 INFO com.example.paymentapi.service.impl.PaymentServiceImpl [http-nio-8080-exec-7]  Begin checkSumSHA256() with data payment request PaymentRequest(apiID=Restpayment, mobile=0345225630, bankCode=970445, accountNo=0001100014211002, payDate=20200929112923, additionalData=11, debitAmount=11200.0, respCode=00, respDesc=SUCCESS, traceTransfer=FT19310RH6P1, messageType=1, checkSum=31805c2493c639ef10bbb5a4975846784970066bfb16Ec16a03b119d21bf12c0, orderCode=FT19310RH6P1, userName=cntest001, realAmount=11100.0, promotionCode=11, tokenKey=1601353776839FT1931dsfdsfsdf0dfdsfsdrh6P17)
2022-07-15 14:41:18,266 INFO com.example.paymentapi.service.impl.PaymentServiceImpl [http-nio-8080-exec-7] Begin getStringToHash with data PaymentRequest PaymentRequest(apiID=Restpayment, mobile=0345225630, bankCode=970445, accountNo=0001100014211002, payDate=20200929112923, additionalData=11, debitAmount=11200.0, respCode=00, respDesc=SUCCESS, traceTransfer=FT19310RH6P1, messageType=1, checkSum=31805c2493c639ef10bbb5a4975846784970066bfb16Ec16a03b119d21bf12c0, orderCode=FT19310RH6P1, userName=cntest001, realAmount=11100.0, promotionCode=11, tokenKey=1601353776839FT1931dsfdsfsdf0dfdsfsdrh6P17)
2022-07-15 14:41:18,266 INFO com.example.paymentapi.service.impl.PaymentServiceImpl [http-nio-8080-exec-7] Private key: abyukmnh
2022-07-15 14:41:18,266 INFO com.example.paymentapi.service.impl.PaymentServiceImpl [http-nio-8080-exec-7] End getStringToHash success
2022-07-15 14:41:18,266 INFO com.example.paymentapi.service.impl.PaymentServiceImpl [http-nio-8080-exec-7] Check sum SHA256:[31805c2493c639ef10bbb5a4975846784970066bfb16ec16a03b119d21bf12c0] 
2022-07-15 14:41:18,266 INFO com.example.paymentapi.service.impl.PaymentServiceImpl [http-nio-8080-exec-7] checkSumSHA256() Checksum success
2022-07-15 14:41:18,266 INFO com.example.paymentapi.service.impl.PaymentServiceImpl [http-nio-8080-exec-7]  Hset to Redis with data: PaymentRequest(apiID=Restpayment, mobile=0345225630, bankCode=970445, accountNo=0001100014211002, payDate=20200929112923, additionalData=11, debitAmount=11200.0, respCode=00, respDesc=SUCCESS, traceTransfer=FT19310RH6P1, messageType=1, checkSum=31805c2493c639ef10bbb5a4975846784970066bfb16Ec16a03b119d21bf12c0, orderCode=FT19310RH6P1, userName=cntest001, realAmount=11100.0, promotionCode=11, tokenKey=1601353776839FT1931dsfdsfsdf0dfdsfsdrh6P17) 
2022-07-15 14:41:18,268 INFO com.example.paymentapi.service.impl.PaymentServiceImpl [http-nio-8080-exec-7] Check data put into Redis: [{"apiID":"Restpayment","mobile":"0345225630","bankCode":"970445","accountNo":"0001100014211002","payDate":"20200929112923","additionalData":"11","debitAmount":11200.0,"respCode":"00","respDesc":"SUCCESS","traceTransfer":"FT19310RH6P1","messageType":"1","checkSum":"31805c2493c639ef10bbb5a4975846784970066bfb16Ec16a03b119d21bf12c0","orderCode":"FT19310RH6P1","userName":"cntest001","realAmount":11100.0,"promotionCode":"11","tokenKey":"1601353776839FT1931dsfdsfsdf0dfdsfsdrh6P17"}]
2022-07-15 14:41:18,268 INFO com.example.paymentapi.controller.PaymentController [http-nio-8080-exec-7] Send request success
2022-07-15 14:41:31,576 INFO com.example.paymentapi.controller.PaymentController [http-nio-8080-exec-8] Begin sendRequest() 
2022-07-15 14:41:31,576 INFO com.example.paymentapi.service.impl.PaymentServiceImpl [http-nio-8080-exec-8] Begin getPrivateKey() with Data Payment Request: PaymentRequest(apiID=Restpayment, mobile=0345225630, bankCode=970445, accountNo=0001100014211002, payDate=20200929112923, additionalData=11, debitAmount=11200.0, respCode=00, respDesc=SUCCESS, traceTransfer=FT19310RH6P1, messageType=1, checkSum=31805c2493c639ef10bbb5a4975846784970066bfb16Ec16a03b119d21bf12c0, orderCode=FT19310RH6P1, userName=cntest001, realAmount=11100.0, promotionCode=11, tokenKey=1601353776839FT1931dsfdsfsdf0dfdsfsdrh6P17)
2022-07-15 14:41:31,576 INFO com.example.paymentapi.service.impl.PaymentServiceImpl [http-nio-8080-exec-8] End getPrivateKeyByBankCode() Have Bank Code in YAML file
2022-07-15 14:41:31,576 INFO com.example.paymentapi.service.impl.PaymentServiceImpl [http-nio-8080-exec-8]  Begin checkSumSHA256() with data payment request PaymentRequest(apiID=Restpayment, mobile=0345225630, bankCode=970445, accountNo=0001100014211002, payDate=20200929112923, additionalData=11, debitAmount=11200.0, respCode=00, respDesc=SUCCESS, traceTransfer=FT19310RH6P1, messageType=1, checkSum=31805c2493c639ef10bbb5a4975846784970066bfb16Ec16a03b119d21bf12c0, orderCode=FT19310RH6P1, userName=cntest001, realAmount=11100.0, promotionCode=11, tokenKey=1601353776839FT1931dsfdsfsdf0dfdsfsdrh6P17)
2022-07-15 14:41:31,577 INFO com.example.paymentapi.service.impl.PaymentServiceImpl [http-nio-8080-exec-8] Begin getStringToHash with data PaymentRequest PaymentRequest(apiID=Restpayment, mobile=0345225630, bankCode=970445, accountNo=0001100014211002, payDate=20200929112923, additionalData=11, debitAmount=11200.0, respCode=00, respDesc=SUCCESS, traceTransfer=FT19310RH6P1, messageType=1, checkSum=31805c2493c639ef10bbb5a4975846784970066bfb16Ec16a03b119d21bf12c0, orderCode=FT19310RH6P1, userName=cntest001, realAmount=11100.0, promotionCode=11, tokenKey=1601353776839FT1931dsfdsfsdf0dfdsfsdrh6P17)
2022-07-15 14:41:31,577 INFO com.example.paymentapi.service.impl.PaymentServiceImpl [http-nio-8080-exec-8] Private key: abyukmnh
2022-07-15 14:41:31,577 INFO com.example.paymentapi.service.impl.PaymentServiceImpl [http-nio-8080-exec-8] End getStringToHash success
2022-07-15 14:41:31,577 INFO com.example.paymentapi.service.impl.PaymentServiceImpl [http-nio-8080-exec-8] Check sum SHA256:[31805c2493c639ef10bbb5a4975846784970066bfb16ec16a03b119d21bf12c0] 
2022-07-15 14:41:31,577 INFO com.example.paymentapi.service.impl.PaymentServiceImpl [http-nio-8080-exec-8] checkSumSHA256() Checksum success
2022-07-15 14:41:31,577 INFO com.example.paymentapi.service.impl.PaymentServiceImpl [http-nio-8080-exec-8]  Hset to Redis with data: PaymentRequest(apiID=Restpayment, mobile=0345225630, bankCode=970445, accountNo=0001100014211002, payDate=20200929112923, additionalData=11, debitAmount=11200.0, respCode=00, respDesc=SUCCESS, traceTransfer=FT19310RH6P1, messageType=1, checkSum=31805c2493c639ef10bbb5a4975846784970066bfb16Ec16a03b119d21bf12c0, orderCode=FT19310RH6P1, userName=cntest001, realAmount=11100.0, promotionCode=11, tokenKey=1601353776839FT1931dsfdsfsdf0dfdsfsdrh6P17) 
2022-07-15 14:41:31,579 INFO com.example.paymentapi.service.impl.PaymentServiceImpl [http-nio-8080-exec-8] Check data put into Redis: [{"apiID":"Restpayment","mobile":"0345225630","bankCode":"970445","accountNo":"0001100014211002","payDate":"20200929112923","additionalData":"11","debitAmount":11200.0,"respCode":"00","respDesc":"SUCCESS","traceTransfer":"FT19310RH6P1","messageType":"1","checkSum":"31805c2493c639ef10bbb5a4975846784970066bfb16Ec16a03b119d21bf12c0","orderCode":"FT19310RH6P1","userName":"cntest001","realAmount":11100.0,"promotionCode":"11","tokenKey":"1601353776839FT1931dsfdsfsdf0dfdsfsdrh6P17"}]
2022-07-15 14:41:31,580 INFO com.example.paymentapi.controller.PaymentController [http-nio-8080-exec-8] Send request success
2022-07-15 14:41:32,400 INFO com.example.paymentapi.controller.PaymentController [http-nio-8080-exec-9] Begin sendRequest() 
2022-07-15 14:41:32,400 INFO com.example.paymentapi.service.impl.PaymentServiceImpl [http-nio-8080-exec-9] Begin getPrivateKey() with Data Payment Request: PaymentRequest(apiID=Restpayment, mobile=0345225630, bankCode=970445, accountNo=0001100014211002, payDate=20200929112923, additionalData=11, debitAmount=11200.0, respCode=00, respDesc=SUCCESS, traceTransfer=FT19310RH6P1, messageType=1, checkSum=31805c2493c639ef10bbb5a4975846784970066bfb16Ec16a03b119d21bf12c0, orderCode=FT19310RH6P1, userName=cntest001, realAmount=11100.0, promotionCode=11, tokenKey=1601353776839FT1931dsfdsfsdf0dfdsfsdrh6P17)
2022-07-15 14:41:32,401 INFO com.example.paymentapi.service.impl.PaymentServiceImpl [http-nio-8080-exec-9] End getPrivateKeyByBankCode() Have Bank Code in YAML file
2022-07-15 14:41:32,401 INFO com.example.paymentapi.service.impl.PaymentServiceImpl [http-nio-8080-exec-9]  Begin checkSumSHA256() with data payment request PaymentRequest(apiID=Restpayment, mobile=0345225630, bankCode=970445, accountNo=0001100014211002, payDate=20200929112923, additionalData=11, debitAmount=11200.0, respCode=00, respDesc=SUCCESS, traceTransfer=FT19310RH6P1, messageType=1, checkSum=31805c2493c639ef10bbb5a4975846784970066bfb16Ec16a03b119d21bf12c0, orderCode=FT19310RH6P1, userName=cntest001, realAmount=11100.0, promotionCode=11, tokenKey=1601353776839FT1931dsfdsfsdf0dfdsfsdrh6P17)
2022-07-15 14:41:32,401 INFO com.example.paymentapi.service.impl.PaymentServiceImpl [http-nio-8080-exec-9] Begin getStringToHash with data PaymentRequest PaymentRequest(apiID=Restpayment, mobile=0345225630, bankCode=970445, accountNo=0001100014211002, payDate=20200929112923, additionalData=11, debitAmount=11200.0, respCode=00, respDesc=SUCCESS, traceTransfer=FT19310RH6P1, messageType=1, checkSum=31805c2493c639ef10bbb5a4975846784970066bfb16Ec16a03b119d21bf12c0, orderCode=FT19310RH6P1, userName=cntest001, realAmount=11100.0, promotionCode=11, tokenKey=1601353776839FT1931dsfdsfsdf0dfdsfsdrh6P17)
2022-07-15 14:41:32,401 INFO com.example.paymentapi.service.impl.PaymentServiceImpl [http-nio-8080-exec-9] Private key: abyukmnh
2022-07-15 14:41:32,401 INFO com.example.paymentapi.service.impl.PaymentServiceImpl [http-nio-8080-exec-9] End getStringToHash success
2022-07-15 14:41:32,401 INFO com.example.paymentapi.service.impl.PaymentServiceImpl [http-nio-8080-exec-9] Check sum SHA256:[31805c2493c639ef10bbb5a4975846784970066bfb16ec16a03b119d21bf12c0] 
2022-07-15 14:41:32,401 INFO com.example.paymentapi.service.impl.PaymentServiceImpl [http-nio-8080-exec-9] checkSumSHA256() Checksum success
2022-07-15 14:41:32,401 INFO com.example.paymentapi.service.impl.PaymentServiceImpl [http-nio-8080-exec-9]  Hset to Redis with data: PaymentRequest(apiID=Restpayment, mobile=0345225630, bankCode=970445, accountNo=0001100014211002, payDate=20200929112923, additionalData=11, debitAmount=11200.0, respCode=00, respDesc=SUCCESS, traceTransfer=FT19310RH6P1, messageType=1, checkSum=31805c2493c639ef10bbb5a4975846784970066bfb16Ec16a03b119d21bf12c0, orderCode=FT19310RH6P1, userName=cntest001, realAmount=11100.0, promotionCode=11, tokenKey=1601353776839FT1931dsfdsfsdf0dfdsfsdrh6P17) 
2022-07-15 14:41:32,403 INFO com.example.paymentapi.service.impl.PaymentServiceImpl [http-nio-8080-exec-9] Check data put into Redis: [{"apiID":"Restpayment","mobile":"0345225630","bankCode":"970445","accountNo":"0001100014211002","payDate":"20200929112923","additionalData":"11","debitAmount":11200.0,"respCode":"00","respDesc":"SUCCESS","traceTransfer":"FT19310RH6P1","messageType":"1","checkSum":"31805c2493c639ef10bbb5a4975846784970066bfb16Ec16a03b119d21bf12c0","orderCode":"FT19310RH6P1","userName":"cntest001","realAmount":11100.0,"promotionCode":"11","tokenKey":"1601353776839FT1931dsfdsfsdf0dfdsfsdrh6P17"}]
2022-07-15 14:41:32,404 INFO com.example.paymentapi.controller.PaymentController [http-nio-8080-exec-9] Send request success
2022-07-15 14:41:34,176 INFO com.example.paymentapi.controller.PaymentController [http-nio-8080-exec-10] Begin sendRequest() 
2022-07-15 14:41:34,176 INFO com.example.paymentapi.service.impl.PaymentServiceImpl [http-nio-8080-exec-10] Begin getPrivateKey() with Data Payment Request: PaymentRequest(apiID=Restpayment, mobile=0345225630, bankCode=970445, accountNo=0001100014211002, payDate=20200929112923, additionalData=11, debitAmount=11200.0, respCode=00, respDesc=SUCCESS, traceTransfer=FT19310RH6P1, messageType=1, checkSum=31805c2493c639ef10bbb5a4975846784970066bfb16Ec16a03b119d21bf12c0, orderCode=FT19310RH6P1, userName=cntest001, realAmount=11100.0, promotionCode=11, tokenKey=1601353776839FT1931dsfdsfsdf0dfdsfsdrh6P17)
2022-07-15 14:41:34,176 INFO com.example.paymentapi.service.impl.PaymentServiceImpl [http-nio-8080-exec-10] End getPrivateKeyByBankCode() Have Bank Code in YAML file
2022-07-15 14:41:34,177 INFO com.example.paymentapi.service.impl.PaymentServiceImpl [http-nio-8080-exec-10]  Begin checkSumSHA256() with data payment request PaymentRequest(apiID=Restpayment, mobile=0345225630, bankCode=970445, accountNo=0001100014211002, payDate=20200929112923, additionalData=11, debitAmount=11200.0, respCode=00, respDesc=SUCCESS, traceTransfer=FT19310RH6P1, messageType=1, checkSum=31805c2493c639ef10bbb5a4975846784970066bfb16Ec16a03b119d21bf12c0, orderCode=FT19310RH6P1, userName=cntest001, realAmount=11100.0, promotionCode=11, tokenKey=1601353776839FT1931dsfdsfsdf0dfdsfsdrh6P17)
2022-07-15 14:41:34,177 INFO com.example.paymentapi.service.impl.PaymentServiceImpl [http-nio-8080-exec-10] Begin getStringToHash with data PaymentRequest PaymentRequest(apiID=Restpayment, mobile=0345225630, bankCode=970445, accountNo=0001100014211002, payDate=20200929112923, additionalData=11, debitAmount=11200.0, respCode=00, respDesc=SUCCESS, traceTransfer=FT19310RH6P1, messageType=1, checkSum=31805c2493c639ef10bbb5a4975846784970066bfb16Ec16a03b119d21bf12c0, orderCode=FT19310RH6P1, userName=cntest001, realAmount=11100.0, promotionCode=11, tokenKey=1601353776839FT1931dsfdsfsdf0dfdsfsdrh6P17)
2022-07-15 14:41:34,177 INFO com.example.paymentapi.service.impl.PaymentServiceImpl [http-nio-8080-exec-10] Private key: abyukmnh
2022-07-15 14:41:34,177 INFO com.example.paymentapi.service.impl.PaymentServiceImpl [http-nio-8080-exec-10] End getStringToHash success
2022-07-15 14:41:34,177 INFO com.example.paymentapi.service.impl.PaymentServiceImpl [http-nio-8080-exec-10] Check sum SHA256:[31805c2493c639ef10bbb5a4975846784970066bfb16ec16a03b119d21bf12c0] 
2022-07-15 14:41:34,177 INFO com.example.paymentapi.service.impl.PaymentServiceImpl [http-nio-8080-exec-10] checkSumSHA256() Checksum success
2022-07-15 14:41:34,177 INFO com.example.paymentapi.service.impl.PaymentServiceImpl [http-nio-8080-exec-10]  Hset to Redis with data: PaymentRequest(apiID=Restpayment, mobile=0345225630, bankCode=970445, accountNo=0001100014211002, payDate=20200929112923, additionalData=11, debitAmount=11200.0, respCode=00, respDesc=SUCCESS, traceTransfer=FT19310RH6P1, messageType=1, checkSum=31805c2493c639ef10bbb5a4975846784970066bfb16Ec16a03b119d21bf12c0, orderCode=FT19310RH6P1, userName=cntest001, realAmount=11100.0, promotionCode=11, tokenKey=1601353776839FT1931dsfdsfsdf0dfdsfsdrh6P17) 
2022-07-15 14:41:34,179 INFO com.example.paymentapi.service.impl.PaymentServiceImpl [http-nio-8080-exec-10] Check data put into Redis: [{"apiID":"Restpayment","mobile":"0345225630","bankCode":"970445","accountNo":"0001100014211002","payDate":"20200929112923","additionalData":"11","debitAmount":11200.0,"respCode":"00","respDesc":"SUCCESS","traceTransfer":"FT19310RH6P1","messageType":"1","checkSum":"31805c2493c639ef10bbb5a4975846784970066bfb16Ec16a03b119d21bf12c0","orderCode":"FT19310RH6P1","userName":"cntest001","realAmount":11100.0,"promotionCode":"11","tokenKey":"1601353776839FT1931dsfdsfsdf0dfdsfsdrh6P17"}]
2022-07-15 14:41:34,179 INFO com.example.paymentapi.controller.PaymentController [http-nio-8080-exec-10] Send request success
2022-07-15 14:43:33,710 INFO org.hibernate.validator.internal.util.Version [background-preinit] HV000001: Hibernate Validator 6.2.3.Final
2022-07-15 14:43:33,732 INFO org.springframework.boot.StartupInfoLogger [restartedMain] Starting PaymentApiApplication using Java 18.0.1.1 on tuanlt2 with PID 8000 (D:\Git\demoVNPAY\vnpayDemo\payment-api1\target\classes started by tuanlt2 in D:\Git\demoVNPAY\vnpayDemo\payment-api1)
2022-07-15 14:43:33,733 INFO org.springframework.boot.SpringApplication [restartedMain] No active profile set, falling back to 1 default profile: "default"
2022-07-15 14:43:33,760 INFO org.springframework.boot.logging.DeferredLog [restartedMain] Devtools property defaults active! Set 'spring.devtools.add-properties' to 'false' to disable
2022-07-15 14:43:33,761 INFO org.springframework.boot.logging.DeferredLog [restartedMain] For additional web related logging consider setting the 'logging.level.web' property to 'DEBUG'
2022-07-15 14:43:34,025 INFO org.springframework.data.repository.config.RepositoryConfigurationDelegate [restartedMain] Multiple Spring Data modules found, entering strict repository configuration mode!
2022-07-15 14:43:34,026 INFO org.springframework.data.repository.config.RepositoryConfigurationDelegate [restartedMain] Bootstrapping Spring Data Redis repositories in DEFAULT mode.
2022-07-15 14:43:34,040 INFO org.springframework.data.repository.config.RepositoryConfigurationDelegate [restartedMain] Finished Spring Data repository scanning in 4 ms. Found 0 Redis repository interfaces.
2022-07-15 14:43:34,138 INFO org.springframework.data.repository.config.RepositoryConfigurationDelegate [restartedMain] Multiple Spring Data modules found, entering strict repository configuration mode!
2022-07-15 14:43:34,139 INFO org.springframework.data.repository.config.RepositoryConfigurationDelegate [restartedMain] Bootstrapping Spring Data Redis repositories in DEFAULT mode.
2022-07-15 14:43:34,141 INFO org.springframework.data.repository.config.RepositoryConfigurationDelegate [restartedMain] Finished Spring Data repository scanning in 2 ms. Found 0 Redis repository interfaces.
2022-07-15 14:43:34,432 INFO org.springframework.boot.web.embedded.tomcat.TomcatWebServer [restartedMain] Tomcat initialized with port(s): 8080 (http)
2022-07-15 14:43:34,436 INFO org.apache.juli.logging.DirectJDKLog [restartedMain] Initializing ProtocolHandler ["http-nio-8080"]
2022-07-15 14:43:34,437 INFO org.apache.juli.logging.DirectJDKLog [restartedMain] Starting service [Tomcat]
2022-07-15 14:43:34,437 INFO org.apache.juli.logging.DirectJDKLog [restartedMain] Starting Servlet engine: [Apache Tomcat/9.0.63]
2022-07-15 14:43:34,492 INFO org.apache.juli.logging.DirectJDKLog [restartedMain] Initializing Spring embedded WebApplicationContext
2022-07-15 14:43:34,492 INFO org.springframework.boot.web.servlet.context.ServletWebServerApplicationContext [restartedMain] Root WebApplicationContext: initialization completed in 731 ms
2022-07-15 14:43:35,004 WARN org.springframework.boot.devtools.autoconfigure.OptionalLiveReloadServer [restartedMain] Unable to start LiveReload server
2022-07-15 14:43:35,041 INFO org.apache.juli.logging.DirectJDKLog [restartedMain] Starting ProtocolHandler ["http-nio-8080"]
2022-07-15 14:43:35,059 INFO org.springframework.boot.web.embedded.tomcat.TomcatWebServer [restartedMain] Tomcat started on port(s): 8080 (http) with context path ''
2022-07-15 14:43:35,066 INFO org.springframework.boot.StartupInfoLogger [restartedMain] Started PaymentApiApplication in 1.543 seconds (JVM running for 2.274)
2022-07-15 14:43:45,209 INFO org.apache.juli.logging.DirectJDKLog [http-nio-8080-exec-1] Initializing Spring DispatcherServlet 'dispatcherServlet'
2022-07-15 14:43:45,209 INFO org.springframework.web.servlet.FrameworkServlet [http-nio-8080-exec-1] Initializing Servlet 'dispatcherServlet'
2022-07-15 14:43:45,210 INFO org.springframework.web.servlet.FrameworkServlet [http-nio-8080-exec-1] Completed initialization in 1 ms
2022-07-15 14:43:45,322 INFO com.example.paymentapi.controller.PaymentController [http-nio-8080-exec-1] Begin sendRequest() 
2022-07-15 14:43:45,322 ERROR com.example.paymentapi.controller.PaymentController [http-nio-8080-exec-1] Send request fail with message: One or more field is empty or null
2022-07-15 14:44:33,782 INFO com.example.paymentapi.controller.PaymentController [http-nio-8080-exec-4] Begin sendRequest() 
2022-07-15 14:44:33,796 INFO com.example.paymentapi.service.impl.PaymentServiceImpl [http-nio-8080-exec-4] Begin getPrivateKey() with Data Payment Request: PaymentRequest(apiID=Restpayment, mobile=0345225630, bankCode=3, accountNo=0001100014211002, payDate=20200929112923, additionalData=11, debitAmount=11200.0, respCode=00, respDesc=SUCCESS, traceTransfer=FT19310RH6P1, messageType=1, checkSum=31805c2493c639ef10bbb5a4975846784970066bfb16Ec16a03b119d21bf12c0, orderCode=FT19310RH6P1, userName=cntest001, realAmount=11100.0, promotionCode=11, tokenKey=1601353776839FT1931dsfdsfsdf0dfdsfsdrh6P17)
2022-07-15 14:44:33,797 INFO com.example.paymentapi.service.impl.PaymentServiceImpl [http-nio-8080-exec-4] End getPrivateKeyByBankCode() Not have bank code in YAML file
2022-07-15 14:44:33,798 ERROR com.example.paymentapi.controller.PaymentController [http-nio-8080-exec-4] Send request fail with message: Not have Bank Code in YAML file
2022-07-15 15:00:01,017 INFO org.hibernate.validator.internal.util.Version [background-preinit] HV000001: Hibernate Validator 6.2.3.Final
2022-07-15 15:00:01,048 INFO org.springframework.boot.StartupInfoLogger [restartedMain] Starting PaymentApiApplication using Java 18.0.1.1 on tuanlt2 with PID 14316 (D:\Git\demoVNPAY\vnpayDemo\payment-api1\target\classes started by tuanlt2 in D:\Git\demoVNPAY\vnpayDemo\payment-api1)
2022-07-15 15:00:01,049 INFO org.springframework.boot.SpringApplication [restartedMain] No active profile set, falling back to 1 default profile: "default"
2022-07-15 15:00:01,082 INFO org.springframework.boot.logging.DeferredLog [restartedMain] Devtools property defaults active! Set 'spring.devtools.add-properties' to 'false' to disable
2022-07-15 15:00:01,083 INFO org.springframework.boot.logging.DeferredLog [restartedMain] For additional web related logging consider setting the 'logging.level.web' property to 'DEBUG'
2022-07-15 15:00:01,406 INFO org.springframework.data.repository.config.RepositoryConfigurationDelegate [restartedMain] Multiple Spring Data modules found, entering strict repository configuration mode!
2022-07-15 15:00:01,406 INFO org.springframework.data.repository.config.RepositoryConfigurationDelegate [restartedMain] Bootstrapping Spring Data Redis repositories in DEFAULT mode.
2022-07-15 15:00:01,419 INFO org.springframework.data.repository.config.RepositoryConfigurationDelegate [restartedMain] Finished Spring Data repository scanning in 4 ms. Found 0 Redis repository interfaces.
2022-07-15 15:00:01,532 INFO org.springframework.data.repository.config.RepositoryConfigurationDelegate [restartedMain] Multiple Spring Data modules found, entering strict repository configuration mode!
2022-07-15 15:00:01,533 INFO org.springframework.data.repository.config.RepositoryConfigurationDelegate [restartedMain] Bootstrapping Spring Data Redis repositories in DEFAULT mode.
2022-07-15 15:00:01,535 INFO org.springframework.data.repository.config.RepositoryConfigurationDelegate [restartedMain] Finished Spring Data repository scanning in 2 ms. Found 0 Redis repository interfaces.
2022-07-15 15:00:01,833 INFO org.springframework.boot.web.embedded.tomcat.TomcatWebServer [restartedMain] Tomcat initialized with port(s): 8080 (http)
2022-07-15 15:00:01,839 INFO org.apache.juli.logging.DirectJDKLog [restartedMain] Initializing ProtocolHandler ["http-nio-8080"]
2022-07-15 15:00:01,840 INFO org.apache.juli.logging.DirectJDKLog [restartedMain] Starting service [Tomcat]
2022-07-15 15:00:01,840 INFO org.apache.juli.logging.DirectJDKLog [restartedMain] Starting Servlet engine: [Apache Tomcat/9.0.63]
2022-07-15 15:00:01,902 INFO org.apache.juli.logging.DirectJDKLog [restartedMain] Initializing Spring embedded WebApplicationContext
2022-07-15 15:00:01,903 INFO org.springframework.boot.web.servlet.context.ServletWebServerApplicationContext [restartedMain] Root WebApplicationContext: initialization completed in 819 ms
2022-07-15 15:00:02,437 WARN org.springframework.boot.devtools.autoconfigure.OptionalLiveReloadServer [restartedMain] Unable to start LiveReload server
2022-07-15 15:00:02,475 INFO org.apache.juli.logging.DirectJDKLog [restartedMain] Starting ProtocolHandler ["http-nio-8080"]
2022-07-15 15:00:02,494 INFO org.springframework.boot.web.embedded.tomcat.TomcatWebServer [restartedMain] Tomcat started on port(s): 8080 (http) with context path ''
2022-07-15 15:00:02,503 INFO org.springframework.boot.StartupInfoLogger [restartedMain] Started PaymentApiApplication in 1.699 seconds (JVM running for 2.459)
2022-07-15 15:00:09,277 INFO org.hibernate.validator.internal.util.Version [background-preinit] HV000001: Hibernate Validator 6.2.3.Final
2022-07-15 15:00:09,295 INFO org.springframework.boot.StartupInfoLogger [restartedMain] Starting PaymentApiApplication using Java 18.0.1.1 on tuanlt2 with PID 9500 (D:\Git\demoVNPAY\vnpayDemo\payment-api1\target\classes started by tuanlt2 in D:\Git\demoVNPAY\vnpayDemo\payment-api1)
2022-07-15 15:00:09,296 INFO org.springframework.boot.SpringApplication [restartedMain] No active profile set, falling back to 1 default profile: "default"
2022-07-15 15:00:09,324 INFO org.springframework.boot.logging.DeferredLog [restartedMain] Devtools property defaults active! Set 'spring.devtools.add-properties' to 'false' to disable
2022-07-15 15:00:09,325 INFO org.springframework.boot.logging.DeferredLog [restartedMain] For additional web related logging consider setting the 'logging.level.web' property to 'DEBUG'
2022-07-15 15:00:09,582 INFO org.springframework.data.repository.config.RepositoryConfigurationDelegate [restartedMain] Multiple Spring Data modules found, entering strict repository configuration mode!
2022-07-15 15:00:09,582 INFO org.springframework.data.repository.config.RepositoryConfigurationDelegate [restartedMain] Bootstrapping Spring Data Redis repositories in DEFAULT mode.
2022-07-15 15:00:09,593 INFO org.springframework.data.repository.config.RepositoryConfigurationDelegate [restartedMain] Finished Spring Data repository scanning in 3 ms. Found 0 Redis repository interfaces.
2022-07-15 15:00:09,694 INFO org.springframework.data.repository.config.RepositoryConfigurationDelegate [restartedMain] Multiple Spring Data modules found, entering strict repository configuration mode!
2022-07-15 15:00:09,695 INFO org.springframework.data.repository.config.RepositoryConfigurationDelegate [restartedMain] Bootstrapping Spring Data Redis repositories in DEFAULT mode.
2022-07-15 15:00:09,698 INFO org.springframework.data.repository.config.RepositoryConfigurationDelegate [restartedMain] Finished Spring Data repository scanning in 2 ms. Found 0 Redis repository interfaces.
2022-07-15 15:00:09,982 INFO org.springframework.boot.web.embedded.tomcat.TomcatWebServer [restartedMain] Tomcat initialized with port(s): 8080 (http)
2022-07-15 15:00:09,986 INFO org.apache.juli.logging.DirectJDKLog [restartedMain] Initializing ProtocolHandler ["http-nio-8080"]
2022-07-15 15:00:09,986 INFO org.apache.juli.logging.DirectJDKLog [restartedMain] Starting service [Tomcat]
2022-07-15 15:00:09,986 INFO org.apache.juli.logging.DirectJDKLog [restartedMain] Starting Servlet engine: [Apache Tomcat/9.0.63]
2022-07-15 15:00:10,040 INFO org.apache.juli.logging.DirectJDKLog [restartedMain] Initializing Spring embedded WebApplicationContext
2022-07-15 15:00:10,040 INFO org.springframework.boot.web.servlet.context.ServletWebServerApplicationContext [restartedMain] Root WebApplicationContext: initialization completed in 715 ms
2022-07-15 15:00:10,527 WARN org.springframework.boot.devtools.autoconfigure.OptionalLiveReloadServer [restartedMain] Unable to start LiveReload server
2022-07-15 15:00:10,565 INFO org.apache.juli.logging.DirectJDKLog [restartedMain] Starting ProtocolHandler ["http-nio-8080"]
2022-07-15 15:00:10,588 INFO org.springframework.boot.web.embedded.tomcat.TomcatWebServer [restartedMain] Tomcat started on port(s): 8080 (http) with context path ''
2022-07-15 15:00:10,596 INFO org.springframework.boot.StartupInfoLogger [restartedMain] Started PaymentApiApplication in 1.512 seconds (JVM running for 2.249)
2022-07-15 15:00:25,216 INFO org.apache.juli.logging.DirectJDKLog [http-nio-8080-exec-1] Initializing Spring DispatcherServlet 'dispatcherServlet'
2022-07-15 15:00:25,216 INFO org.springframework.web.servlet.FrameworkServlet [http-nio-8080-exec-1] Initializing Servlet 'dispatcherServlet'
2022-07-15 15:00:25,218 INFO org.springframework.web.servlet.FrameworkServlet [http-nio-8080-exec-1] Completed initialization in 2 ms
2022-07-15 15:00:25,335 INFO com.example.paymentapi.controller.PaymentController [http-nio-8080-exec-1] Begin sendRequest() with data PaymentRequest(apiID=Restpayment, mobile=, bankCode=3, accountNo=0001100014211002, payDate=20200929112923, additionalData=11, debitAmount=11200.0, respCode=00, respDesc=SUCCESS, traceTransfer=FT19310RH6P1, messageType=1, checkSum=31805c2493c639ef10bbb5a4975846784970066bfb16Ec16a03b119d21bf12c0, orderCode=FT19310RH6P1, userName=cntest001, realAmount=11100.0, promotionCode=11, tokenKey=1601353776839FT1931dsfdsfsdf0dfdsfsdrh6P17)
2022-07-15 15:00:25,344 ERROR com.example.paymentapi.controller.PaymentController [http-nio-8080-exec-1] Send request fail with message: One or more field is empty or null
2022-07-15 15:00:31,371 INFO com.example.paymentapi.controller.PaymentController [http-nio-8080-exec-3] Begin sendRequest() with data PaymentRequest(apiID=Restpayment, mobile= , bankCode=3, accountNo=0001100014211002, payDate=20200929112923, additionalData=11, debitAmount=11200.0, respCode=00, respDesc=SUCCESS, traceTransfer=FT19310RH6P1, messageType=1, checkSum=31805c2493c639ef10bbb5a4975846784970066bfb16Ec16a03b119d21bf12c0, orderCode=FT19310RH6P1, userName=cntest001, realAmount=11100.0, promotionCode=11, tokenKey=1601353776839FT1931dsfdsfsdf0dfdsfsdrh6P17)
2022-07-15 15:00:31,373 INFO com.example.paymentapi.service.impl.PaymentServiceImpl [http-nio-8080-exec-3] Begin getPrivateKey() with Data Payment Request: PaymentRequest(apiID=Restpayment, mobile= , bankCode=3, accountNo=0001100014211002, payDate=20200929112923, additionalData=11, debitAmount=11200.0, respCode=00, respDesc=SUCCESS, traceTransfer=FT19310RH6P1, messageType=1, checkSum=31805c2493c639ef10bbb5a4975846784970066bfb16Ec16a03b119d21bf12c0, orderCode=FT19310RH6P1, userName=cntest001, realAmount=11100.0, promotionCode=11, tokenKey=1601353776839FT1931dsfdsfsdf0dfdsfsdrh6P17)
2022-07-15 15:00:31,373 INFO com.example.paymentapi.service.impl.PaymentServiceImpl [http-nio-8080-exec-3] End getPrivateKeyByBankCode() Not have bank code in YAML file
2022-07-15 15:00:31,373 ERROR com.example.paymentapi.controller.PaymentController [http-nio-8080-exec-3] Send request fail with message: Not have Bank Code in YAML file
2022-07-15 15:00:56,689 INFO com.example.paymentapi.controller.PaymentController [http-nio-8080-exec-6] Begin sendRequest() with data PaymentRequest(apiID=Restpayment, mobile= , bankCode= , accountNo=0001100014211002, payDate=20200929112923, additionalData=11, debitAmount=11200.0, respCode=00, respDesc=SUCCESS, traceTransfer=FT19310RH6P1, messageType=1, checkSum=31805c2493c639ef10bbb5a4975846784970066bfb16Ec16a03b119d21bf12c0, orderCode=FT19310RH6P1, userName=cntest001, realAmount=11100.0, promotionCode=11, tokenKey=1601353776839FT1931dsfdsfsdf0dfdsfsdrh6P17)
2022-07-15 15:00:56,689 ERROR com.example.paymentapi.controller.PaymentController [http-nio-8080-exec-6] Send request fail with message: One or more field is empty or null
2022-07-15 15:01:36,940 INFO org.hibernate.validator.internal.util.Version [background-preinit] HV000001: Hibernate Validator 6.2.3.Final
2022-07-15 15:01:36,965 INFO org.springframework.boot.StartupInfoLogger [restartedMain] Starting PaymentApiApplication using Java 18.0.1.1 on tuanlt2 with PID 1300 (D:\Git\demoVNPAY\vnpayDemo\payment-api1\target\classes started by tuanlt2 in D:\Git\demoVNPAY\vnpayDemo\payment-api1)
2022-07-15 15:01:36,966 INFO org.springframework.boot.SpringApplication [restartedMain] No active profile set, falling back to 1 default profile: "default"
2022-07-15 15:01:37,002 INFO org.springframework.boot.logging.DeferredLog [restartedMain] Devtools property defaults active! Set 'spring.devtools.add-properties' to 'false' to disable
2022-07-15 15:01:37,002 INFO org.springframework.boot.logging.DeferredLog [restartedMain] For additional web related logging consider setting the 'logging.level.web' property to 'DEBUG'
2022-07-15 15:01:37,258 INFO org.springframework.data.repository.config.RepositoryConfigurationDelegate [restartedMain] Multiple Spring Data modules found, entering strict repository configuration mode!
2022-07-15 15:01:37,259 INFO org.springframework.data.repository.config.RepositoryConfigurationDelegate [restartedMain] Bootstrapping Spring Data Redis repositories in DEFAULT mode.
2022-07-15 15:01:37,270 INFO org.springframework.data.repository.config.RepositoryConfigurationDelegate [restartedMain] Finished Spring Data repository scanning in 3 ms. Found 0 Redis repository interfaces.
2022-07-15 15:01:37,367 INFO org.springframework.data.repository.config.RepositoryConfigurationDelegate [restartedMain] Multiple Spring Data modules found, entering strict repository configuration mode!
2022-07-15 15:01:37,367 INFO org.springframework.data.repository.config.RepositoryConfigurationDelegate [restartedMain] Bootstrapping Spring Data Redis repositories in DEFAULT mode.
2022-07-15 15:01:37,370 INFO org.springframework.data.repository.config.RepositoryConfigurationDelegate [restartedMain] Finished Spring Data repository scanning in 2 ms. Found 0 Redis repository interfaces.
2022-07-15 15:01:37,666 INFO org.springframework.boot.web.embedded.tomcat.TomcatWebServer [restartedMain] Tomcat initialized with port(s): 8080 (http)
2022-07-15 15:01:37,670 INFO org.apache.juli.logging.DirectJDKLog [restartedMain] Initializing ProtocolHandler ["http-nio-8080"]
2022-07-15 15:01:37,670 INFO org.apache.juli.logging.DirectJDKLog [restartedMain] Starting service [Tomcat]
2022-07-15 15:01:37,670 INFO org.apache.juli.logging.DirectJDKLog [restartedMain] Starting Servlet engine: [Apache Tomcat/9.0.63]
2022-07-15 15:01:37,726 INFO org.apache.juli.logging.DirectJDKLog [restartedMain] Initializing Spring embedded WebApplicationContext
2022-07-15 15:01:37,726 INFO org.springframework.boot.web.servlet.context.ServletWebServerApplicationContext [restartedMain] Root WebApplicationContext: initialization completed in 724 ms
2022-07-15 15:01:38,213 WARN org.springframework.boot.devtools.autoconfigure.OptionalLiveReloadServer [restartedMain] Unable to start LiveReload server
2022-07-15 15:01:38,250 INFO org.apache.juli.logging.DirectJDKLog [restartedMain] Starting ProtocolHandler ["http-nio-8080"]
2022-07-15 15:01:38,267 INFO org.springframework.boot.web.embedded.tomcat.TomcatWebServer [restartedMain] Tomcat started on port(s): 8080 (http) with context path ''
2022-07-15 15:01:38,274 INFO org.springframework.boot.StartupInfoLogger [restartedMain] Started PaymentApiApplication in 1.528 seconds (JVM running for 2.221)
2022-07-15 15:01:45,404 INFO org.apache.juli.logging.DirectJDKLog [http-nio-8080-exec-2] Initializing Spring DispatcherServlet 'dispatcherServlet'
2022-07-15 15:01:45,405 INFO org.springframework.web.servlet.FrameworkServlet [http-nio-8080-exec-2] Initializing Servlet 'dispatcherServlet'
2022-07-15 15:01:45,405 INFO org.springframework.web.servlet.FrameworkServlet [http-nio-8080-exec-2] Completed initialization in 0 ms
2022-07-15 15:01:45,493 INFO com.example.paymentapi.controller.PaymentController [http-nio-8080-exec-2] Begin sendRequest() with data PaymentRequest(apiID=Restpayment, mobile= , bankCode= , accountNo=0001100014211002, payDate=20200929112923, additionalData=11, debitAmount=11200.0, respCode=00, respDesc=SUCCESS, traceTransfer=FT19310RH6P1, messageType=1, checkSum=31805c2493c639ef10bbb5a4975846784970066bfb16Ec16a03b119d21bf12c0, orderCode=FT19310RH6P1, userName=cntest001, realAmount=11100.0, promotionCode=11, tokenKey=1601353776839FT1931dsfdsfsdf0dfdsfsdrh6P17)
2022-07-15 15:01:45,501 INFO com.example.paymentapi.service.impl.PaymentServiceImpl [http-nio-8080-exec-2] Begin getPrivateKey() with Data Payment Request: PaymentRequest(apiID=Restpayment, mobile= , bankCode= , accountNo=0001100014211002, payDate=20200929112923, additionalData=11, debitAmount=11200.0, respCode=00, respDesc=SUCCESS, traceTransfer=FT19310RH6P1, messageType=1, checkSum=31805c2493c639ef10bbb5a4975846784970066bfb16Ec16a03b119d21bf12c0, orderCode=FT19310RH6P1, userName=cntest001, realAmount=11100.0, promotionCode=11, tokenKey=1601353776839FT1931dsfdsfsdf0dfdsfsdrh6P17)
2022-07-15 15:01:45,502 INFO com.example.paymentapi.service.impl.PaymentServiceImpl [http-nio-8080-exec-2] End getPrivateKeyByBankCode() Not have bank code in YAML file
2022-07-15 15:01:45,502 ERROR com.example.paymentapi.controller.PaymentController [http-nio-8080-exec-2] Send request fail with message: Not have Bank Code in YAML file
2022-07-15 15:05:01,381 INFO com.example.paymentapi.controller.PaymentController [http-nio-8080-exec-4] Begin sendRequest() with data PaymentRequest(apiID=Restpayment, mobile=0345225630, bankCode=970445, accountNo=0001100014211002, payDate=20200929112923, additionalData=11, debitAmount=11200.0, respCode=00, respDesc=SUCCESS, traceTransfer=FT19310RH6P1, messageType=1, checkSum=31805c2493c639ef10bbb5a49758460066bfb16Ec16a03b119d21bf12c0, orderCode=FT19310RH6P1, userName=cntest001, realAmount=11100.0, promotionCode=11, tokenKey=1601353776839FT1931dsfdsfsdf0dfdsfsdrh6P17)
2022-07-15 15:05:01,382 INFO com.example.paymentapi.service.impl.PaymentServiceImpl [http-nio-8080-exec-4] Begin getPrivateKey() with Data Payment Request: PaymentRequest(apiID=Restpayment, mobile=0345225630, bankCode=970445, accountNo=0001100014211002, payDate=20200929112923, additionalData=11, debitAmount=11200.0, respCode=00, respDesc=SUCCESS, traceTransfer=FT19310RH6P1, messageType=1, checkSum=31805c2493c639ef10bbb5a49758460066bfb16Ec16a03b119d21bf12c0, orderCode=FT19310RH6P1, userName=cntest001, realAmount=11100.0, promotionCode=11, tokenKey=1601353776839FT1931dsfdsfsdf0dfdsfsdrh6P17)
2022-07-15 15:05:01,382 INFO com.example.paymentapi.service.impl.PaymentServiceImpl [http-nio-8080-exec-4] End getPrivateKeyByBankCode() Have Bank Code in YAML file
2022-07-15 15:05:01,382 INFO com.example.paymentapi.service.impl.PaymentServiceImpl [http-nio-8080-exec-4]  Begin checkSumSHA256() with data payment request PaymentRequest(apiID=Restpayment, mobile=0345225630, bankCode=970445, accountNo=0001100014211002, payDate=20200929112923, additionalData=11, debitAmount=11200.0, respCode=00, respDesc=SUCCESS, traceTransfer=FT19310RH6P1, messageType=1, checkSum=31805c2493c639ef10bbb5a49758460066bfb16Ec16a03b119d21bf12c0, orderCode=FT19310RH6P1, userName=cntest001, realAmount=11100.0, promotionCode=11, tokenKey=1601353776839FT1931dsfdsfsdf0dfdsfsdrh6P17)
2022-07-15 15:05:01,384 INFO com.example.paymentapi.service.impl.PaymentServiceImpl [http-nio-8080-exec-4] Begin getStringToHash with data PaymentRequest PaymentRequest(apiID=Restpayment, mobile=0345225630, bankCode=970445, accountNo=0001100014211002, payDate=20200929112923, additionalData=11, debitAmount=11200.0, respCode=00, respDesc=SUCCESS, traceTransfer=FT19310RH6P1, messageType=1, checkSum=31805c2493c639ef10bbb5a49758460066bfb16Ec16a03b119d21bf12c0, orderCode=FT19310RH6P1, userName=cntest001, realAmount=11100.0, promotionCode=11, tokenKey=1601353776839FT1931dsfdsfsdf0dfdsfsdrh6P17)
2022-07-15 15:05:01,384 INFO com.example.paymentapi.service.impl.PaymentServiceImpl [http-nio-8080-exec-4] Private key: abyukmnh
2022-07-15 15:05:01,384 INFO com.example.paymentapi.service.impl.PaymentServiceImpl [http-nio-8080-exec-4] End getStringToHash success
2022-07-15 15:05:01,386 INFO com.example.paymentapi.service.impl.PaymentServiceImpl [http-nio-8080-exec-4] Check sum SHA256:[31805c2493c639ef10bbb5a4975846784970066bfb16ec16a03b119d21bf12c0] 
2022-07-15 15:05:01,386 ERROR com.example.paymentapi.service.impl.PaymentServiceImpl [http-nio-8080-exec-4] checkSumSHA256() Checksum error
2022-07-15 15:05:01,386 ERROR com.example.paymentapi.controller.PaymentController [http-nio-8080-exec-4] Send request fail with message: Check sum error
2022-07-15 15:05:41,035 INFO com.example.paymentapi.controller.PaymentController [http-nio-8080-exec-6] Begin sendRequest() with data PaymentRequest(apiID=Restpayment, mobile=0345255630, bankCode=970445, accountNo=0001100014211002, payDate=20200929112923, additionalData=11, debitAmount=11200.0, respCode=00, respDesc=SUCCESS, traceTransfer=FT19310RH6P1, messageType=1, checkSum=31805c2493c639ef10bbb5a4975846784970066bfb16Ec16a03b119d21bf12c0, orderCode=FT19310RH6P1, userName=cntest001, realAmount=11100.0, promotionCode=11, tokenKey=1601353776839FT1931dsfdsfsdf0dfdsfsdrh6P17)
2022-07-15 15:05:41,035 INFO com.example.paymentapi.service.impl.PaymentServiceImpl [http-nio-8080-exec-6] Begin getPrivateKey() with Data Payment Request: PaymentRequest(apiID=Restpayment, mobile=0345255630, bankCode=970445, accountNo=0001100014211002, payDate=20200929112923, additionalData=11, debitAmount=11200.0, respCode=00, respDesc=SUCCESS, traceTransfer=FT19310RH6P1, messageType=1, checkSum=31805c2493c639ef10bbb5a4975846784970066bfb16Ec16a03b119d21bf12c0, orderCode=FT19310RH6P1, userName=cntest001, realAmount=11100.0, promotionCode=11, tokenKey=1601353776839FT1931dsfdsfsdf0dfdsfsdrh6P17)
2022-07-15 15:05:41,036 INFO com.example.paymentapi.service.impl.PaymentServiceImpl [http-nio-8080-exec-6] End getPrivateKeyByBankCode() Have Bank Code in YAML file
2022-07-15 15:05:41,036 INFO com.example.paymentapi.service.impl.PaymentServiceImpl [http-nio-8080-exec-6]  Begin checkSumSHA256() with data payment request PaymentRequest(apiID=Restpayment, mobile=0345255630, bankCode=970445, accountNo=0001100014211002, payDate=20200929112923, additionalData=11, debitAmount=11200.0, respCode=00, respDesc=SUCCESS, traceTransfer=FT19310RH6P1, messageType=1, checkSum=31805c2493c639ef10bbb5a4975846784970066bfb16Ec16a03b119d21bf12c0, orderCode=FT19310RH6P1, userName=cntest001, realAmount=11100.0, promotionCode=11, tokenKey=1601353776839FT1931dsfdsfsdf0dfdsfsdrh6P17)
2022-07-15 15:05:41,036 INFO com.example.paymentapi.service.impl.PaymentServiceImpl [http-nio-8080-exec-6] Begin getStringToHash with data PaymentRequest PaymentRequest(apiID=Restpayment, mobile=0345255630, bankCode=970445, accountNo=0001100014211002, payDate=20200929112923, additionalData=11, debitAmount=11200.0, respCode=00, respDesc=SUCCESS, traceTransfer=FT19310RH6P1, messageType=1, checkSum=31805c2493c639ef10bbb5a4975846784970066bfb16Ec16a03b119d21bf12c0, orderCode=FT19310RH6P1, userName=cntest001, realAmount=11100.0, promotionCode=11, tokenKey=1601353776839FT1931dsfdsfsdf0dfdsfsdrh6P17)
2022-07-15 15:05:41,036 INFO com.example.paymentapi.service.impl.PaymentServiceImpl [http-nio-8080-exec-6] Private key: abyukmnh
2022-07-15 15:05:41,036 INFO com.example.paymentapi.service.impl.PaymentServiceImpl [http-nio-8080-exec-6] End getStringToHash success
2022-07-15 15:05:41,036 INFO com.example.paymentapi.service.impl.PaymentServiceImpl [http-nio-8080-exec-6] Check sum SHA256:[6b035d31e0fb1a2bfebc146ea53a5ab8dff0816967c428e20176d82e7b4c403f] 
2022-07-15 15:05:41,036 ERROR com.example.paymentapi.service.impl.PaymentServiceImpl [http-nio-8080-exec-6] checkSumSHA256() Checksum error
2022-07-15 15:05:41,037 ERROR com.example.paymentapi.controller.PaymentController [http-nio-8080-exec-6] Send request fail with message: Check sum error
2022-07-15 15:17:13,172 INFO org.hibernate.validator.internal.util.Version [background-preinit] HV000001: Hibernate Validator 6.2.3.Final
2022-07-15 15:17:13,192 INFO org.springframework.boot.StartupInfoLogger [restartedMain] Starting PaymentApiApplication using Java 18.0.1.1 on tuanlt2 with PID 1908 (D:\Git\demoVNPAY\vnpayDemo\payment-api1\target\classes started by tuanlt2 in D:\Git\demoVNPAY\vnpayDemo\payment-api1)
2022-07-15 15:17:13,192 INFO org.springframework.boot.SpringApplication [restartedMain] No active profile set, falling back to 1 default profile: "default"
2022-07-15 15:17:13,223 INFO org.springframework.boot.logging.DeferredLog [restartedMain] Devtools property defaults active! Set 'spring.devtools.add-properties' to 'false' to disable
2022-07-15 15:17:13,224 INFO org.springframework.boot.logging.DeferredLog [restartedMain] For additional web related logging consider setting the 'logging.level.web' property to 'DEBUG'
2022-07-15 15:17:13,482 INFO org.springframework.data.repository.config.RepositoryConfigurationDelegate [restartedMain] Multiple Spring Data modules found, entering strict repository configuration mode!
2022-07-15 15:17:13,482 INFO org.springframework.data.repository.config.RepositoryConfigurationDelegate [restartedMain] Bootstrapping Spring Data Redis repositories in DEFAULT mode.
2022-07-15 15:17:13,493 INFO org.springframework.data.repository.config.RepositoryConfigurationDelegate [restartedMain] Finished Spring Data repository scanning in 3 ms. Found 0 Redis repository interfaces.
2022-07-15 15:17:13,586 INFO org.springframework.data.repository.config.RepositoryConfigurationDelegate [restartedMain] Multiple Spring Data modules found, entering strict repository configuration mode!
2022-07-15 15:17:13,586 INFO org.springframework.data.repository.config.RepositoryConfigurationDelegate [restartedMain] Bootstrapping Spring Data Redis repositories in DEFAULT mode.
2022-07-15 15:17:13,589 INFO org.springframework.data.repository.config.RepositoryConfigurationDelegate [restartedMain] Finished Spring Data repository scanning in 2 ms. Found 0 Redis repository interfaces.
2022-07-15 15:17:13,877 INFO org.springframework.boot.web.embedded.tomcat.TomcatWebServer [restartedMain] Tomcat initialized with port(s): 8080 (http)
2022-07-15 15:17:13,881 INFO org.apache.juli.logging.DirectJDKLog [restartedMain] Initializing ProtocolHandler ["http-nio-8080"]
2022-07-15 15:17:13,882 INFO org.apache.juli.logging.DirectJDKLog [restartedMain] Starting service [Tomcat]
2022-07-15 15:17:13,882 INFO org.apache.juli.logging.DirectJDKLog [restartedMain] Starting Servlet engine: [Apache Tomcat/9.0.63]
2022-07-15 15:17:13,935 INFO org.apache.juli.logging.DirectJDKLog [restartedMain] Initializing Spring embedded WebApplicationContext
2022-07-15 15:17:13,935 INFO org.springframework.boot.web.servlet.context.ServletWebServerApplicationContext [restartedMain] Root WebApplicationContext: initialization completed in 711 ms
2022-07-15 15:17:14,431 WARN org.springframework.boot.devtools.autoconfigure.OptionalLiveReloadServer [restartedMain] Unable to start LiveReload server
2022-07-15 15:17:14,466 INFO org.apache.juli.logging.DirectJDKLog [restartedMain] Starting ProtocolHandler ["http-nio-8080"]
2022-07-15 15:17:14,483 INFO org.springframework.boot.web.embedded.tomcat.TomcatWebServer [restartedMain] Tomcat started on port(s): 8080 (http) with context path ''
2022-07-15 15:17:14,491 INFO org.springframework.boot.StartupInfoLogger [restartedMain] Started PaymentApiApplication in 1.506 seconds (JVM running for 2.182)
2022-07-15 15:17:22,505 INFO org.apache.juli.logging.DirectJDKLog [http-nio-8080-exec-2] Initializing Spring DispatcherServlet 'dispatcherServlet'
2022-07-15 15:17:22,506 INFO org.springframework.web.servlet.FrameworkServlet [http-nio-8080-exec-2] Initializing Servlet 'dispatcherServlet'
2022-07-15 15:17:22,507 INFO org.springframework.web.servlet.FrameworkServlet [http-nio-8080-exec-2] Completed initialization in 1 ms
2022-07-15 15:17:22,613 INFO com.example.paymentapi.controller.PaymentController [http-nio-8080-exec-2] Begin sendRequest() with data PaymentRequest(apiID=Restpayment, mobile=0345255630, bankCode=970445, accountNo=0001100014211002, payDate=20200929112923, additionalData=11, debitAmount=11200.0, respCode=00, respDesc=SUCCESS, traceTransfer=FT19310RH6P1, messageType=1, checkSum=31805c2493c639ef10bbb5a4975846784970066bfb16Ec16a03b119d21bf12c0, orderCode=FT19310RH6P1, userName=cntest001, realAmount=11100.0, promotionCode=11, tokenKey=1601353776839FT1931dsfdsfsdf0dfdsfsdrh6P17)
2022-07-15 15:17:22,624 INFO com.example.paymentapi.service.impl.PaymentServiceImpl [http-nio-8080-exec-2] Begin getPrivateKey() with Data Payment Request: PaymentRequest(apiID=Restpayment, mobile=0345255630, bankCode=970445, accountNo=0001100014211002, payDate=20200929112923, additionalData=11, debitAmount=11200.0, respCode=00, respDesc=SUCCESS, traceTransfer=FT19310RH6P1, messageType=1, checkSum=31805c2493c639ef10bbb5a4975846784970066bfb16Ec16a03b119d21bf12c0, orderCode=FT19310RH6P1, userName=cntest001, realAmount=11100.0, promotionCode=11, tokenKey=1601353776839FT1931dsfdsfsdf0dfdsfsdrh6P17)
2022-07-15 15:17:22,625 INFO com.example.paymentapi.service.impl.PaymentServiceImpl [http-nio-8080-exec-2] End getPrivateKeyByBankCode() Have Bank Code in YAML file
2022-07-15 15:17:22,625 INFO com.example.paymentapi.service.impl.PaymentServiceImpl [http-nio-8080-exec-2]  Begin checkSumSHA256() with data payment request PaymentRequest(apiID=Restpayment, mobile=0345255630, bankCode=970445, accountNo=0001100014211002, payDate=20200929112923, additionalData=11, debitAmount=11200.0, respCode=00, respDesc=SUCCESS, traceTransfer=FT19310RH6P1, messageType=1, checkSum=31805c2493c639ef10bbb5a4975846784970066bfb16Ec16a03b119d21bf12c0, orderCode=FT19310RH6P1, userName=cntest001, realAmount=11100.0, promotionCode=11, tokenKey=1601353776839FT1931dsfdsfsdf0dfdsfsdrh6P17)
2022-07-15 15:17:22,627 INFO com.example.paymentapi.service.impl.PaymentServiceImpl [http-nio-8080-exec-2] Begin getStringToHash with data PaymentRequest PaymentRequest(apiID=Restpayment, mobile=0345255630, bankCode=970445, accountNo=0001100014211002, payDate=20200929112923, additionalData=11, debitAmount=11200.0, respCode=00, respDesc=SUCCESS, traceTransfer=FT19310RH6P1, messageType=1, checkSum=31805c2493c639ef10bbb5a4975846784970066bfb16Ec16a03b119d21bf12c0, orderCode=FT19310RH6P1, userName=cntest001, realAmount=11100.0, promotionCode=11, tokenKey=1601353776839FT1931dsfdsfsdf0dfdsfsdrh6P17)
2022-07-15 15:17:22,627 INFO com.example.paymentapi.service.impl.PaymentServiceImpl [http-nio-8080-exec-2] Private key: abyukmnh
2022-07-15 15:17:22,627 INFO com.example.paymentapi.service.impl.PaymentServiceImpl [http-nio-8080-exec-2] End getStringToHash success
2022-07-15 15:17:22,629 INFO com.example.paymentapi.service.impl.PaymentServiceImpl [http-nio-8080-exec-2] Check sum SHA256:[6b035d31e0fb1a2bfebc146ea53a5ab8dff0816967c428e20176d82e7b4c403f] 
2022-07-15 15:17:22,629 ERROR com.example.paymentapi.service.impl.PaymentServiceImpl [http-nio-8080-exec-2] checkSumSHA256() Checksum error because one or more fields are change
2022-07-15 15:17:22,629 ERROR com.example.paymentapi.controller.PaymentController [http-nio-8080-exec-2] Send request fail with message: Checksum error because one or more fields are change
2022-07-15 15:17:37,533 INFO com.example.paymentapi.controller.PaymentController [http-nio-8080-exec-3] Begin sendRequest() with data PaymentRequest(apiID=Restpayment, mobile=0345255630, bankCode=970445, accountNo=0001100014211002, payDate=20200929112923, additionalData=11, debitAmount=11200.0, respCode=00, respDesc=SUCCESS, traceTransfer=FT19310RH6P1, messageType=1, checkSum=6b035d31e0fb1a2bfebc146ea53a5ab8dff0816967c428e20176d82e7b4c403f, orderCode=FT19310RH6P1, userName=cntest001, realAmount=11100.0, promotionCode=11, tokenKey=1601353776839FT1931dsfdsfsdf0dfdsfsdrh6P17)
2022-07-15 15:17:37,534 INFO com.example.paymentapi.service.impl.PaymentServiceImpl [http-nio-8080-exec-3] Begin getPrivateKey() with Data Payment Request: PaymentRequest(apiID=Restpayment, mobile=0345255630, bankCode=970445, accountNo=0001100014211002, payDate=20200929112923, additionalData=11, debitAmount=11200.0, respCode=00, respDesc=SUCCESS, traceTransfer=FT19310RH6P1, messageType=1, checkSum=6b035d31e0fb1a2bfebc146ea53a5ab8dff0816967c428e20176d82e7b4c403f, orderCode=FT19310RH6P1, userName=cntest001, realAmount=11100.0, promotionCode=11, tokenKey=1601353776839FT1931dsfdsfsdf0dfdsfsdrh6P17)
2022-07-15 15:17:37,534 INFO com.example.paymentapi.service.impl.PaymentServiceImpl [http-nio-8080-exec-3] End getPrivateKeyByBankCode() Have Bank Code in YAML file
2022-07-15 15:17:37,534 INFO com.example.paymentapi.service.impl.PaymentServiceImpl [http-nio-8080-exec-3]  Begin checkSumSHA256() with data payment request PaymentRequest(apiID=Restpayment, mobile=0345255630, bankCode=970445, accountNo=0001100014211002, payDate=20200929112923, additionalData=11, debitAmount=11200.0, respCode=00, respDesc=SUCCESS, traceTransfer=FT19310RH6P1, messageType=1, checkSum=6b035d31e0fb1a2bfebc146ea53a5ab8dff0816967c428e20176d82e7b4c403f, orderCode=FT19310RH6P1, userName=cntest001, realAmount=11100.0, promotionCode=11, tokenKey=1601353776839FT1931dsfdsfsdf0dfdsfsdrh6P17)
2022-07-15 15:17:37,534 INFO com.example.paymentapi.service.impl.PaymentServiceImpl [http-nio-8080-exec-3] Begin getStringToHash with data PaymentRequest PaymentRequest(apiID=Restpayment, mobile=0345255630, bankCode=970445, accountNo=0001100014211002, payDate=20200929112923, additionalData=11, debitAmount=11200.0, respCode=00, respDesc=SUCCESS, traceTransfer=FT19310RH6P1, messageType=1, checkSum=6b035d31e0fb1a2bfebc146ea53a5ab8dff0816967c428e20176d82e7b4c403f, orderCode=FT19310RH6P1, userName=cntest001, realAmount=11100.0, promotionCode=11, tokenKey=1601353776839FT1931dsfdsfsdf0dfdsfsdrh6P17)
2022-07-15 15:17:37,534 INFO com.example.paymentapi.service.impl.PaymentServiceImpl [http-nio-8080-exec-3] Private key: abyukmnh
2022-07-15 15:17:37,535 INFO com.example.paymentapi.service.impl.PaymentServiceImpl [http-nio-8080-exec-3] End getStringToHash success
2022-07-15 15:17:37,535 INFO com.example.paymentapi.service.impl.PaymentServiceImpl [http-nio-8080-exec-3] Check sum SHA256:[6b035d31e0fb1a2bfebc146ea53a5ab8dff0816967c428e20176d82e7b4c403f] 
2022-07-15 15:17:37,535 INFO com.example.paymentapi.service.impl.PaymentServiceImpl [http-nio-8080-exec-3] checkSumSHA256() Checksum success
2022-07-15 15:17:37,535 INFO com.example.paymentapi.service.impl.PaymentServiceImpl [http-nio-8080-exec-3]  Hset to Redis with data: PaymentRequest(apiID=Restpayment, mobile=0345255630, bankCode=970445, accountNo=0001100014211002, payDate=20200929112923, additionalData=11, debitAmount=11200.0, respCode=00, respDesc=SUCCESS, traceTransfer=FT19310RH6P1, messageType=1, checkSum=6b035d31e0fb1a2bfebc146ea53a5ab8dff0816967c428e20176d82e7b4c403f, orderCode=FT19310RH6P1, userName=cntest001, realAmount=11100.0, promotionCode=11, tokenKey=1601353776839FT1931dsfdsfsdf0dfdsfsdrh6P17) 
2022-07-15 15:17:37,816 INFO com.example.paymentapi.service.impl.PaymentServiceImpl [http-nio-8080-exec-3] Check data put into Redis: [{"apiID":"Restpayment","mobile":"0345255630","bankCode":"970445","accountNo":"0001100014211002","payDate":"20200929112923","additionalData":"11","debitAmount":11200.0,"respCode":"00","respDesc":"SUCCESS","traceTransfer":"FT19310RH6P1","messageType":"1","checkSum":"6b035d31e0fb1a2bfebc146ea53a5ab8dff0816967c428e20176d82e7b4c403f","orderCode":"FT19310RH6P1","userName":"cntest001","realAmount":11100.0,"promotionCode":"11","tokenKey":"1601353776839FT1931dsfdsfsdf0dfdsfsdrh6P17"}]
2022-07-15 15:17:37,816 INFO com.example.paymentapi.controller.PaymentController [http-nio-8080-exec-3] Send request success
2022-07-15 15:24:40,078 INFO org.hibernate.validator.internal.util.Version [background-preinit] HV000001: Hibernate Validator 6.2.3.Final
2022-07-15 15:24:40,105 INFO org.springframework.boot.StartupInfoLogger [restartedMain] Starting PaymentApiApplication using Java 18.0.1.1 on tuanlt2 with PID 9292 (D:\Git\demoVNPAY\vnpayDemo\payment-api1\target\classes started by tuanlt2 in D:\Git\demoVNPAY\vnpayDemo\payment-api1)
2022-07-15 15:24:40,105 INFO org.springframework.boot.SpringApplication [restartedMain] No active profile set, falling back to 1 default profile: "default"
2022-07-15 15:24:40,149 INFO org.springframework.boot.logging.DeferredLog [restartedMain] Devtools property defaults active! Set 'spring.devtools.add-properties' to 'false' to disable
2022-07-15 15:24:40,150 INFO org.springframework.boot.logging.DeferredLog [restartedMain] For additional web related logging consider setting the 'logging.level.web' property to 'DEBUG'
2022-07-15 15:24:40,443 INFO org.springframework.data.repository.config.RepositoryConfigurationDelegate [restartedMain] Multiple Spring Data modules found, entering strict repository configuration mode!
2022-07-15 15:24:40,444 INFO org.springframework.data.repository.config.RepositoryConfigurationDelegate [restartedMain] Bootstrapping Spring Data Redis repositories in DEFAULT mode.
2022-07-15 15:24:40,455 INFO org.springframework.data.repository.config.RepositoryConfigurationDelegate [restartedMain] Finished Spring Data repository scanning in 3 ms. Found 0 Redis repository interfaces.
2022-07-15 15:24:40,556 INFO org.springframework.data.repository.config.RepositoryConfigurationDelegate [restartedMain] Multiple Spring Data modules found, entering strict repository configuration mode!
2022-07-15 15:24:40,556 INFO org.springframework.data.repository.config.RepositoryConfigurationDelegate [restartedMain] Bootstrapping Spring Data Redis repositories in DEFAULT mode.
2022-07-15 15:24:40,558 INFO org.springframework.data.repository.config.RepositoryConfigurationDelegate [restartedMain] Finished Spring Data repository scanning in 2 ms. Found 0 Redis repository interfaces.
2022-07-15 15:24:40,870 INFO org.springframework.boot.web.embedded.tomcat.TomcatWebServer [restartedMain] Tomcat initialized with port(s): 8080 (http)
2022-07-15 15:24:40,875 INFO org.apache.juli.logging.DirectJDKLog [restartedMain] Initializing ProtocolHandler ["http-nio-8080"]
2022-07-15 15:24:40,875 INFO org.apache.juli.logging.DirectJDKLog [restartedMain] Starting service [Tomcat]
2022-07-15 15:24:40,876 INFO org.apache.juli.logging.DirectJDKLog [restartedMain] Starting Servlet engine: [Apache Tomcat/9.0.63]
2022-07-15 15:24:40,943 INFO org.apache.juli.logging.DirectJDKLog [restartedMain] Initializing Spring embedded WebApplicationContext
2022-07-15 15:24:40,944 INFO org.springframework.boot.web.servlet.context.ServletWebServerApplicationContext [restartedMain] Root WebApplicationContext: initialization completed in 793 ms
2022-07-15 15:24:41,520 WARN org.springframework.boot.devtools.autoconfigure.OptionalLiveReloadServer [restartedMain] Unable to start LiveReload server
2022-07-15 15:24:41,558 INFO org.apache.juli.logging.DirectJDKLog [restartedMain] Starting ProtocolHandler ["http-nio-8080"]
2022-07-15 15:24:41,575 INFO org.springframework.boot.web.embedded.tomcat.TomcatWebServer [restartedMain] Tomcat started on port(s): 8080 (http) with context path ''
2022-07-15 15:24:41,583 INFO org.springframework.boot.StartupInfoLogger [restartedMain] Started PaymentApiApplication in 1.783 seconds (JVM running for 2.579)
2022-07-15 15:25:05,097 INFO org.apache.juli.logging.DirectJDKLog [http-nio-8080-exec-2] Initializing Spring DispatcherServlet 'dispatcherServlet'
2022-07-15 15:25:05,097 INFO org.springframework.web.servlet.FrameworkServlet [http-nio-8080-exec-2] Initializing Servlet 'dispatcherServlet'
2022-07-15 15:25:05,098 INFO org.springframework.web.servlet.FrameworkServlet [http-nio-8080-exec-2] Completed initialization in 1 ms
2022-07-15 15:25:05,196 INFO com.example.paymentapi.controller.PaymentController [http-nio-8080-exec-2] Begin sendRequest() with data PaymentRequest(apiID=Restpayment, mobile=0345255630, bankCode=970445, accountNo=0001100014211002, payDate=20200929112923, additionalData=11, debitAmount=11200.0, respCode=00, respDesc=SUCCESS, traceTransfer=FT19310RH6P1, messageType=1, checkSum=6b035d31e0fb1a2bfebc146ea53a5ab8dff0816967c428e20176d82e7b4c403f, orderCode=FT19310RH6P1, userName=cntest001, realAmount=11100.0, promotionCode=11, tokenKey=1601353776839FT1931dsfdsfsdf0dfdsfsdrh6P17)
2022-07-15 15:25:05,210 INFO com.example.paymentapi.service.impl.PaymentServiceImpl [http-nio-8080-exec-2] Begin getPrivateKey() with Data Payment Request: PaymentRequest(apiID=Restpayment, mobile=0345255630, bankCode=970445, accountNo=0001100014211002, payDate=20200929112923, additionalData=11, debitAmount=11200.0, respCode=00, respDesc=SUCCESS, traceTransfer=FT19310RH6P1, messageType=1, checkSum=6b035d31e0fb1a2bfebc146ea53a5ab8dff0816967c428e20176d82e7b4c403f, orderCode=FT19310RH6P1, userName=cntest001, realAmount=11100.0, promotionCode=11, tokenKey=1601353776839FT1931dsfdsfsdf0dfdsfsdrh6P17)
2022-07-15 15:25:05,210 INFO com.example.paymentapi.service.impl.PaymentServiceImpl [http-nio-8080-exec-2] End getPrivateKeyByBankCode() Have Bank Code in YAML file
2022-07-15 15:25:05,210 INFO com.example.paymentapi.service.impl.PaymentServiceImpl [http-nio-8080-exec-2]  Begin checkSumSHA256() with data payment request PaymentRequest(apiID=Restpayment, mobile=0345255630, bankCode=970445, accountNo=0001100014211002, payDate=20200929112923, additionalData=11, debitAmount=11200.0, respCode=00, respDesc=SUCCESS, traceTransfer=FT19310RH6P1, messageType=1, checkSum=6b035d31e0fb1a2bfebc146ea53a5ab8dff0816967c428e20176d82e7b4c403f, orderCode=FT19310RH6P1, userName=cntest001, realAmount=11100.0, promotionCode=11, tokenKey=1601353776839FT1931dsfdsfsdf0dfdsfsdrh6P17)
2022-07-15 15:25:05,212 INFO com.example.paymentapi.service.impl.PaymentServiceImpl [http-nio-8080-exec-2] Begin getStringToHash with data PaymentRequest PaymentRequest(apiID=Restpayment, mobile=0345255630, bankCode=970445, accountNo=0001100014211002, payDate=20200929112923, additionalData=11, debitAmount=11200.0, respCode=00, respDesc=SUCCESS, traceTransfer=FT19310RH6P1, messageType=1, checkSum=6b035d31e0fb1a2bfebc146ea53a5ab8dff0816967c428e20176d82e7b4c403f, orderCode=FT19310RH6P1, userName=cntest001, realAmount=11100.0, promotionCode=11, tokenKey=1601353776839FT1931dsfdsfsdf0dfdsfsdrh6P17)
2022-07-15 15:25:05,212 INFO com.example.paymentapi.service.impl.PaymentServiceImpl [http-nio-8080-exec-2] Private key: abyukmnh
2022-07-15 15:25:05,213 INFO com.example.paymentapi.service.impl.PaymentServiceImpl [http-nio-8080-exec-2] End getStringToHash success
2022-07-15 15:25:05,215 INFO com.example.paymentapi.service.impl.PaymentServiceImpl [http-nio-8080-exec-2] Check sum SHA256:[6b035d31e0fb1a2bfebc146ea53a5ab8dff0816967c428e20176d82e7b4c403f] 
2022-07-15 15:25:05,215 INFO com.example.paymentapi.service.impl.PaymentServiceImpl [http-nio-8080-exec-2] checkSumSHA256() Checksum success
2022-07-15 15:25:05,215 INFO com.example.paymentapi.service.impl.PaymentServiceImpl [http-nio-8080-exec-2]  Hset to Redis with data: PaymentRequest(apiID=Restpayment, mobile=0345255630, bankCode=970445, accountNo=0001100014211002, payDate=20200929112923, additionalData=11, debitAmount=11200.0, respCode=00, respDesc=SUCCESS, traceTransfer=FT19310RH6P1, messageType=1, checkSum=6b035d31e0fb1a2bfebc146ea53a5ab8dff0816967c428e20176d82e7b4c403f, orderCode=FT19310RH6P1, userName=cntest001, realAmount=11100.0, promotionCode=11, tokenKey=1601353776839FT1931dsfdsfsdf0dfdsfsdrh6P17) 
2022-07-15 15:25:05,506 INFO com.example.paymentapi.service.impl.PaymentServiceImpl [http-nio-8080-exec-2] Check data put into Redis: [{"apiID":"Restpayment","mobile":"0345255630","bankCode":"970445","accountNo":"0001100014211002","payDate":"20200929112923","additionalData":"11","debitAmount":11200.0,"respCode":"00","respDesc":"SUCCESS","traceTransfer":"FT19310RH6P1","messageType":"1","checkSum":"6b035d31e0fb1a2bfebc146ea53a5ab8dff0816967c428e20176d82e7b4c403f","orderCode":"FT19310RH6P1","userName":"cntest001","realAmount":11100.0,"promotionCode":"11","tokenKey":"1601353776839FT1931dsfdsfsdf0dfdsfsdrh6P17"}]
2022-07-15 15:25:05,506 INFO com.example.paymentapi.controller.PaymentController [http-nio-8080-exec-2] Send request success
