2022-07-19 09:12:07,483 INFO org.hibernate.validator.internal.util.Version [background-preinit] HV000001: Hibernate Validator 6.2.3.Final
2022-07-19 09:12:07,509 INFO org.springframework.boot.StartupInfoLogger [restartedMain] Starting PaymentApiApplication using Java 18.0.1.1 on tuanlt2 with PID 4832 (D:\Git\demoVNPAY\vnpayDemo\payment-api1\target\classes started by tuanlt2 in D:\Git\demoVNPAY\vnpayDemo\payment-api1)
2022-07-19 09:12:07,509 INFO org.springframework.boot.SpringApplication [restartedMain] No active profile set, falling back to 1 default profile: "default"
2022-07-19 09:12:07,543 INFO org.springframework.boot.logging.DeferredLog [restartedMain] Devtools property defaults active! Set 'spring.devtools.add-properties' to 'false' to disable
2022-07-19 09:12:07,544 INFO org.springframework.boot.logging.DeferredLog [restartedMain] For additional web related logging consider setting the 'logging.level.web' property to 'DEBUG'
2022-07-19 09:12:08,032 INFO org.springframework.data.repository.config.RepositoryConfigurationDelegate [restartedMain] Multiple Spring Data modules found, entering strict repository configuration mode!
2022-07-19 09:12:08,034 INFO org.springframework.data.repository.config.RepositoryConfigurationDelegate [restartedMain] Bootstrapping Spring Data Redis repositories in DEFAULT mode.
2022-07-19 09:12:08,052 INFO org.springframework.data.repository.config.RepositoryConfigurationDelegate [restartedMain] Finished Spring Data repository scanning in 5 ms. Found 0 Redis repository interfaces.
2022-07-19 09:12:08,395 INFO org.springframework.boot.web.embedded.tomcat.TomcatWebServer [restartedMain] Tomcat initialized with port(s): 8080 (http)
2022-07-19 09:12:08,401 INFO org.apache.juli.logging.DirectJDKLog [restartedMain] Initializing ProtocolHandler ["http-nio-8080"]
2022-07-19 09:12:08,401 INFO org.apache.juli.logging.DirectJDKLog [restartedMain] Starting service [Tomcat]
2022-07-19 09:12:08,401 INFO org.apache.juli.logging.DirectJDKLog [restartedMain] Starting Servlet engine: [Apache Tomcat/9.0.63]
2022-07-19 09:12:08,464 INFO org.apache.juli.logging.DirectJDKLog [restartedMain] Initializing Spring embedded WebApplicationContext
2022-07-19 09:12:08,464 INFO org.springframework.boot.web.servlet.context.ServletWebServerApplicationContext [restartedMain] Root WebApplicationContext: initialization completed in 920 ms
2022-07-19 09:12:09,063 INFO org.springframework.boot.devtools.autoconfigure.OptionalLiveReloadServer [restartedMain] LiveReload server is running on port 35729
2022-07-19 09:12:09,103 INFO org.apache.juli.logging.DirectJDKLog [restartedMain] Starting ProtocolHandler ["http-nio-8080"]
2022-07-19 09:12:09,122 INFO org.springframework.boot.web.embedded.tomcat.TomcatWebServer [restartedMain] Tomcat started on port(s): 8080 (http) with context path ''
2022-07-19 09:12:09,130 INFO org.springframework.boot.StartupInfoLogger [restartedMain] Started PaymentApiApplication in 1.886 seconds (JVM running for 2.721)
2022-07-19 09:12:25,143 INFO org.apache.juli.logging.DirectJDKLog [http-nio-8080-exec-1] Initializing Spring DispatcherServlet 'dispatcherServlet'
2022-07-19 09:12:25,143 INFO org.springframework.web.servlet.FrameworkServlet [http-nio-8080-exec-1] Initializing Servlet 'dispatcherServlet'
2022-07-19 09:12:25,144 INFO org.springframework.web.servlet.FrameworkServlet [http-nio-8080-exec-1] Completed initialization in 1 ms
2022-07-19 09:12:25,256 INFO com.example.paymentapi.controller.PaymentController [http-nio-8080-exec-1] Begin sendRequest() with data PaymentRequest(apiID=Restpayment, mobile=0345255630, bankCode=11049, accountNo=0001100014211002, payDate=20200929112923, additionalData=11, debitAmount=11200.0, respCode=00, respDesc=SUCCESS, traceTransfer=FT19310RH6P1, messageType=1, checkSum=e6257092d4cfe2497a31d1c13481a169477f865cf9542977a85c78efb1caa8c1, orderCode=FT19310RH6P1, userName=cntest001, realAmount=11100.0, promotionCode=11, tokenKey=1601353776839FT1931dsfdsfsdf0dfdsfsdrh6P17)
2022-07-19 09:12:25,267 INFO com.example.paymentapi.service.impl.PaymentServiceImpl [http-nio-8080-exec-1] Begin getPrivateKey() with Data Payment Request: PaymentRequest(apiID=Restpayment, mobile=0345255630, bankCode=11049, accountNo=0001100014211002, payDate=20200929112923, additionalData=11, debitAmount=11200.0, respCode=00, respDesc=SUCCESS, traceTransfer=FT19310RH6P1, messageType=1, checkSum=e6257092d4cfe2497a31d1c13481a169477f865cf9542977a85c78efb1caa8c1, orderCode=FT19310RH6P1, userName=cntest001, realAmount=11100.0, promotionCode=11, tokenKey=1601353776839FT1931dsfdsfsdf0dfdsfsdrh6P17)
2022-07-19 09:12:25,267 INFO com.example.paymentapi.service.impl.PaymentServiceImpl [http-nio-8080-exec-1] End getPrivateKeyByBankCode() Have Bank Code in YAML file
2022-07-19 09:12:25,267 INFO com.example.paymentapi.service.impl.PaymentServiceImpl [http-nio-8080-exec-1]  Begin checkSumSHA256() with data payment request PaymentRequest(apiID=Restpayment, mobile=0345255630, bankCode=11049, accountNo=0001100014211002, payDate=20200929112923, additionalData=11, debitAmount=11200.0, respCode=00, respDesc=SUCCESS, traceTransfer=FT19310RH6P1, messageType=1, checkSum=e6257092d4cfe2497a31d1c13481a169477f865cf9542977a85c78efb1caa8c1, orderCode=FT19310RH6P1, userName=cntest001, realAmount=11100.0, promotionCode=11, tokenKey=1601353776839FT1931dsfdsfsdf0dfdsfsdrh6P17)
2022-07-19 09:12:25,270 INFO com.example.paymentapi.service.impl.PaymentServiceImpl [http-nio-8080-exec-1] Begin getStringToHash with data PaymentRequest PaymentRequest(apiID=Restpayment, mobile=0345255630, bankCode=11049, accountNo=0001100014211002, payDate=20200929112923, additionalData=11, debitAmount=11200.0, respCode=00, respDesc=SUCCESS, traceTransfer=FT19310RH6P1, messageType=1, checkSum=e6257092d4cfe2497a31d1c13481a169477f865cf9542977a85c78efb1caa8c1, orderCode=FT19310RH6P1, userName=cntest001, realAmount=11100.0, promotionCode=11, tokenKey=1601353776839FT1931dsfdsfsdf0dfdsfsdrh6P17)
2022-07-19 09:12:25,271 INFO com.example.paymentapi.service.impl.PaymentServiceImpl [http-nio-8080-exec-1] Private key: nmker
2022-07-19 09:12:25,271 INFO com.example.paymentapi.service.impl.PaymentServiceImpl [http-nio-8080-exec-1] End getStringToHash success
2022-07-19 09:12:25,274 INFO com.example.paymentapi.service.impl.PaymentServiceImpl [http-nio-8080-exec-1] Check sum SHA256:[e6257092d4cfe2497a31d1c13481a169477f865cf9542977a85c78efb1caa8c1] 
2022-07-19 09:12:25,275 INFO com.example.paymentapi.service.impl.PaymentServiceImpl [http-nio-8080-exec-1] checkSumSHA256() Checksum success
2022-07-19 09:12:25,275 INFO com.example.paymentapi.service.impl.PaymentServiceImpl [http-nio-8080-exec-1]  Hset to Redis with data: PaymentRequest(apiID=Restpayment, mobile=0345255630, bankCode=11049, accountNo=0001100014211002, payDate=20200929112923, additionalData=11, debitAmount=11200.0, respCode=00, respDesc=SUCCESS, traceTransfer=FT19310RH6P1, messageType=1, checkSum=e6257092d4cfe2497a31d1c13481a169477f865cf9542977a85c78efb1caa8c1, orderCode=FT19310RH6P1, userName=cntest001, realAmount=11100.0, promotionCode=11, tokenKey=1601353776839FT1931dsfdsfsdf0dfdsfsdrh6P17) 
2022-07-19 09:12:25,310 INFO com.example.paymentapi.service.impl.PaymentServiceImpl [http-nio-8080-exec-1] Check data put into Redis: [{"apiID":"Restpayment","mobile":"0345255630","bankCode":"11049","accountNo":"0001100014211002","payDate":"20200929112923","additionalData":"11","debitAmount":11200.0,"respCode":"00","respDesc":"SUCCESS","traceTransfer":"FT19310RH6P1","messageType":"1","checkSum":"e6257092d4cfe2497a31d1c13481a169477f865cf9542977a85c78efb1caa8c1","orderCode":"FT19310RH6P1","userName":"cntest001","realAmount":11100.0,"promotionCode":"11","tokenKey":"1601353776839FT1931dsfdsfsdf0dfdsfsdrh6P17"}]
2022-07-19 09:12:25,310 INFO com.example.paymentapi.controller.PaymentController [http-nio-8080-exec-1] Send request success with code: 00
2022-07-19 09:18:54,147 INFO org.hibernate.validator.internal.util.Version [background-preinit] HV000001: Hibernate Validator 6.2.3.Final
2022-07-19 09:18:54,167 INFO org.springframework.boot.StartupInfoLogger [restartedMain] Starting PaymentApiApplication using Java 18.0.1.1 on tuanlt2 with PID 4024 (D:\Git\demoVNPAY\vnpayDemo\payment-api1\target\classes started by tuanlt2 in D:\Git\demoVNPAY\vnpayDemo\payment-api1)
2022-07-19 09:18:54,168 INFO org.springframework.boot.SpringApplication [restartedMain] No active profile set, falling back to 1 default profile: "default"
2022-07-19 09:18:54,197 INFO org.springframework.boot.logging.DeferredLog [restartedMain] Devtools property defaults active! Set 'spring.devtools.add-properties' to 'false' to disable
2022-07-19 09:18:54,198 INFO org.springframework.boot.logging.DeferredLog [restartedMain] For additional web related logging consider setting the 'logging.level.web' property to 'DEBUG'
2022-07-19 09:18:54,622 INFO org.springframework.data.repository.config.RepositoryConfigurationDelegate [restartedMain] Multiple Spring Data modules found, entering strict repository configuration mode!
2022-07-19 09:18:54,623 INFO org.springframework.data.repository.config.RepositoryConfigurationDelegate [restartedMain] Bootstrapping Spring Data Redis repositories in DEFAULT mode.
2022-07-19 09:18:54,638 INFO org.springframework.data.repository.config.RepositoryConfigurationDelegate [restartedMain] Finished Spring Data repository scanning in 5 ms. Found 0 Redis repository interfaces.
2022-07-19 09:18:54,973 INFO org.springframework.boot.web.embedded.tomcat.TomcatWebServer [restartedMain] Tomcat initialized with port(s): 8080 (http)
2022-07-19 09:18:54,978 INFO org.apache.juli.logging.DirectJDKLog [restartedMain] Initializing ProtocolHandler ["http-nio-8080"]
2022-07-19 09:18:54,979 INFO org.apache.juli.logging.DirectJDKLog [restartedMain] Starting service [Tomcat]
2022-07-19 09:18:54,979 INFO org.apache.juli.logging.DirectJDKLog [restartedMain] Starting Servlet engine: [Apache Tomcat/9.0.63]
2022-07-19 09:18:55,040 INFO org.apache.juli.logging.DirectJDKLog [restartedMain] Initializing Spring embedded WebApplicationContext
2022-07-19 09:18:55,040 INFO org.springframework.boot.web.servlet.context.ServletWebServerApplicationContext [restartedMain] Root WebApplicationContext: initialization completed in 842 ms
2022-07-19 09:40:13,658 INFO org.springframework.boot.devtools.autoconfigure.OptionalLiveReloadServer [restartedMain] LiveReload server is running on port 35729
2022-07-19 09:40:13,723 INFO org.springframework.boot.web.embedded.tomcat.TomcatWebServer [restartedMain] Tomcat started on port(s): 8080 (http) with context path ''
2022-07-19 09:40:13,732 INFO org.springframework.boot.StartupInfoLogger [restartedMain] Started PaymentApiApplication in 1279.842 seconds (JVM running for 1281.227)
2022-07-19 14:23:53,617 INFO org.hibernate.validator.internal.util.Version [background-preinit] HV000001: Hibernate Validator 6.2.3.Final
2022-07-19 14:23:53,657 INFO org.springframework.boot.StartupInfoLogger [restartedMain] Starting PaymentApiApplication using Java 18.0.1.1 on tuanlt2 with PID 10000 (D:\Git\demoVNPAY\vnpayDemo\payment-api1\target\classes started by tuanlt2 in D:\Git\demoVNPAY\vnpayDemo\payment-api1)
2022-07-19 14:23:53,658 INFO org.springframework.boot.SpringApplication [restartedMain] No active profile set, falling back to 1 default profile: "default"
2022-07-19 14:23:53,691 INFO org.springframework.boot.logging.DeferredLog [restartedMain] Devtools property defaults active! Set 'spring.devtools.add-properties' to 'false' to disable
2022-07-19 14:23:53,692 INFO org.springframework.boot.logging.DeferredLog [restartedMain] For additional web related logging consider setting the 'logging.level.web' property to 'DEBUG'
2022-07-19 14:23:54,072 INFO org.springframework.data.repository.config.RepositoryConfigurationDelegate [restartedMain] Multiple Spring Data modules found, entering strict repository configuration mode!
2022-07-19 14:23:54,073 INFO org.springframework.data.repository.config.RepositoryConfigurationDelegate [restartedMain] Bootstrapping Spring Data Redis repositories in DEFAULT mode.
2022-07-19 14:23:54,085 INFO org.springframework.data.repository.config.RepositoryConfigurationDelegate [restartedMain] Finished Spring Data repository scanning in 4 ms. Found 0 Redis repository interfaces.
2022-07-19 14:23:54,407 INFO org.springframework.boot.web.embedded.tomcat.TomcatWebServer [restartedMain] Tomcat initialized with port(s): 8080 (http)
2022-07-19 14:23:54,411 INFO org.apache.juli.logging.DirectJDKLog [restartedMain] Initializing ProtocolHandler ["http-nio-8080"]
2022-07-19 14:23:54,411 INFO org.apache.juli.logging.DirectJDKLog [restartedMain] Starting service [Tomcat]
2022-07-19 14:23:54,412 INFO org.apache.juli.logging.DirectJDKLog [restartedMain] Starting Servlet engine: [Apache Tomcat/9.0.63]
2022-07-19 14:23:54,469 INFO org.apache.juli.logging.DirectJDKLog [restartedMain] Initializing Spring embedded WebApplicationContext
2022-07-19 14:23:54,470 INFO org.springframework.boot.web.servlet.context.ServletWebServerApplicationContext [restartedMain] Root WebApplicationContext: initialization completed in 778 ms
2022-07-19 14:23:54,974 INFO org.springframework.boot.devtools.autoconfigure.OptionalLiveReloadServer [restartedMain] LiveReload server is running on port 35729
2022-07-19 14:23:55,010 INFO org.apache.juli.logging.DirectJDKLog [restartedMain] Starting ProtocolHandler ["http-nio-8080"]
2022-07-19 14:23:55,027 INFO org.springframework.boot.web.embedded.tomcat.TomcatWebServer [restartedMain] Tomcat started on port(s): 8080 (http) with context path ''
2022-07-19 14:23:55,035 INFO org.springframework.boot.StartupInfoLogger [restartedMain] Started PaymentApiApplication in 1.702 seconds (JVM running for 2.549)
2022-07-19 14:23:58,439 INFO org.apache.juli.logging.DirectJDKLog [http-nio-8080-exec-2] Initializing Spring DispatcherServlet 'dispatcherServlet'
2022-07-19 14:23:58,439 INFO org.springframework.web.servlet.FrameworkServlet [http-nio-8080-exec-2] Initializing Servlet 'dispatcherServlet'
2022-07-19 14:23:58,440 INFO org.springframework.web.servlet.FrameworkServlet [http-nio-8080-exec-2] Completed initialization in 1 ms
2022-07-19 14:23:58,553 INFO com.example.paymentapi.controller.PaymentController [http-nio-8080-exec-2] Begin sendRequest() with data PaymentRequest(apiID=Restpayment, mobile=0345255630, bankCode=11049, accountNo=0001100014211002, payDate=20200929112923, additionalData=11, debitAmount=11200.0, respCode=00, respDesc=SUCCESS, traceTransfer=FT19310RH6P1, messageType=1, checkSum=e6257092d4cfe2497a31d1c13481a169477f865cf9542977a85c78efb1caa8c1, orderCode=FT19310RH6P1, userName=cntest001, realAmount=11100.0, promotionCode=11, tokenKey=1601353776839FT1931dsfdsfsdf0dfdsfsdrh6P17)
2022-07-19 14:23:58,564 INFO com.example.paymentapi.service.impl.PaymentServiceImpl [http-nio-8080-exec-2] Begin getPrivateKey() with Data Payment Request: PaymentRequest(apiID=Restpayment, mobile=0345255630, bankCode=11049, accountNo=0001100014211002, payDate=20200929112923, additionalData=11, debitAmount=11200.0, respCode=00, respDesc=SUCCESS, traceTransfer=FT19310RH6P1, messageType=1, checkSum=e6257092d4cfe2497a31d1c13481a169477f865cf9542977a85c78efb1caa8c1, orderCode=FT19310RH6P1, userName=cntest001, realAmount=11100.0, promotionCode=11, tokenKey=1601353776839FT1931dsfdsfsdf0dfdsfsdrh6P17)
2022-07-19 14:23:58,565 INFO com.example.paymentapi.service.impl.PaymentServiceImpl [http-nio-8080-exec-2] End getPrivateKeyByBankCode() Have Bank Code in YAML file
2022-07-19 14:23:58,566 INFO com.example.paymentapi.service.impl.PaymentServiceImpl [http-nio-8080-exec-2]  Begin checkSumSHA256() with data payment request PaymentRequest(apiID=Restpayment, mobile=0345255630, bankCode=11049, accountNo=0001100014211002, payDate=20200929112923, additionalData=11, debitAmount=11200.0, respCode=00, respDesc=SUCCESS, traceTransfer=FT19310RH6P1, messageType=1, checkSum=e6257092d4cfe2497a31d1c13481a169477f865cf9542977a85c78efb1caa8c1, orderCode=FT19310RH6P1, userName=cntest001, realAmount=11100.0, promotionCode=11, tokenKey=1601353776839FT1931dsfdsfsdf0dfdsfsdrh6P17)
2022-07-19 14:23:58,575 INFO com.example.paymentapi.service.impl.PaymentServiceImpl [http-nio-8080-exec-2] Begin getStringToHash with data PaymentRequest PaymentRequest(apiID=Restpayment, mobile=0345255630, bankCode=11049, accountNo=0001100014211002, payDate=20200929112923, additionalData=11, debitAmount=11200.0, respCode=00, respDesc=SUCCESS, traceTransfer=FT19310RH6P1, messageType=1, checkSum=e6257092d4cfe2497a31d1c13481a169477f865cf9542977a85c78efb1caa8c1, orderCode=FT19310RH6P1, userName=cntest001, realAmount=11100.0, promotionCode=11, tokenKey=1601353776839FT1931dsfdsfsdf0dfdsfsdrh6P17)
2022-07-19 14:23:58,578 INFO com.example.paymentapi.service.impl.PaymentServiceImpl [http-nio-8080-exec-2] Private key: nmker
2022-07-19 14:23:58,579 INFO com.example.paymentapi.service.impl.PaymentServiceImpl [http-nio-8080-exec-2] End getStringToHash success
2022-07-19 14:23:58,585 INFO com.example.paymentapi.service.impl.PaymentServiceImpl [http-nio-8080-exec-2]  SHA256 from request: [e6257092d4cfe2497a31d1c13481a169477f865cf9542977a85c78efb1caa8c1] 
2022-07-19 14:23:58,585 INFO com.example.paymentapi.service.impl.PaymentServiceImpl [http-nio-8080-exec-2] checkSumSHA256() Checksum success
2022-07-19 14:23:58,585 INFO com.example.paymentapi.service.impl.PaymentServiceImpl [http-nio-8080-exec-2]  Hset to Redis with data: PaymentRequest(apiID=Restpayment, mobile=0345255630, bankCode=11049, accountNo=0001100014211002, payDate=20200929112923, additionalData=11, debitAmount=11200.0, respCode=00, respDesc=SUCCESS, traceTransfer=FT19310RH6P1, messageType=1, checkSum=e6257092d4cfe2497a31d1c13481a169477f865cf9542977a85c78efb1caa8c1, orderCode=FT19310RH6P1, userName=cntest001, realAmount=11100.0, promotionCode=11, tokenKey=1601353776839FT1931dsfdsfsdf0dfdsfsdrh6P17) 
2022-07-19 14:23:58,623 INFO com.example.paymentapi.service.impl.PaymentServiceImpl [http-nio-8080-exec-2] Check data put into Redis: [{"apiID":"Restpayment","mobile":"0345255630","bankCode":"11049","accountNo":"0001100014211002","payDate":"20200929112923","additionalData":"11","debitAmount":11200.0,"respCode":"00","respDesc":"SUCCESS","traceTransfer":"FT19310RH6P1","messageType":"1","checkSum":"e6257092d4cfe2497a31d1c13481a169477f865cf9542977a85c78efb1caa8c1","orderCode":"FT19310RH6P1","userName":"cntest001","realAmount":11100.0,"promotionCode":"11","tokenKey":"1601353776839FT1931dsfdsfsdf0dfdsfsdrh6P17"}]
2022-07-19 14:23:58,624 INFO com.example.paymentapi.controller.PaymentController [http-nio-8080-exec-2] Send request success with code: 00
