10:47:55.162 [] [background-preinit] INFO  o.h.validator.internal.util.Version - HV000001: Hibernate Validator 6.2.3.Final
10:47:55.180 [] [restartedMain] INFO  c.e.paymentapi.PaymentApiApplication - Starting PaymentApiApplication using Java 18.0.1.1 on tuanlt2 with PID 13104 (D:\Git\demoVNPAY\vnpayDemo\payment-api1\target\classes started by tuanlt2 in D:\Git\demoVNPAY\vnpayDemo\payment-api1)
10:47:55.180 [] [restartedMain] INFO  c.e.paymentapi.PaymentApiApplication - Starting PaymentApiApplication using Java 18.0.1.1 on tuanlt2 with PID 13104 (D:\Git\demoVNPAY\vnpayDemo\payment-api1\target\classes started by tuanlt2 in D:\Git\demoVNPAY\vnpayDemo\payment-api1)
10:47:55.181 [] [restartedMain] INFO  c.e.paymentapi.PaymentApiApplication - No active profile set, falling back to 1 default profile: "default"
10:47:55.181 [] [restartedMain] INFO  c.e.paymentapi.PaymentApiApplication - No active profile set, falling back to 1 default profile: "default"
10:47:55.219 [] [restartedMain] INFO  o.s.b.d.e.DevToolsPropertyDefaultsPostProcessor - Devtools property defaults active! Set 'spring.devtools.add-properties' to 'false' to disable
10:47:55.219 [] [restartedMain] INFO  o.s.b.d.e.DevToolsPropertyDefaultsPostProcessor - For additional web related logging consider setting the 'logging.level.web' property to 'DEBUG'
10:47:55.600 [] [restartedMain] INFO  o.s.d.r.c.RepositoryConfigurationDelegate - Multiple Spring Data modules found, entering strict repository configuration mode!
10:47:55.601 [] [restartedMain] INFO  o.s.d.r.c.RepositoryConfigurationDelegate - Bootstrapping Spring Data Redis repositories in DEFAULT mode.
10:47:55.616 [] [restartedMain] INFO  o.s.d.r.c.RepositoryConfigurationDelegate - Finished Spring Data repository scanning in 5 ms. Found 0 Redis repository interfaces.
10:47:55.912 [] [restartedMain] INFO  o.s.b.w.e.tomcat.TomcatWebServer - Tomcat initialized with port(s): 8080 (http)
10:47:55.917 [] [restartedMain] INFO  o.a.coyote.http11.Http11NioProtocol - Initializing ProtocolHandler ["http-nio-8080"]
10:47:55.917 [] [restartedMain] INFO  o.a.catalina.core.StandardService - Starting service [Tomcat]
10:47:55.917 [] [restartedMain] INFO  o.a.catalina.core.StandardEngine - Starting Servlet engine: [Apache Tomcat/9.0.63]
10:47:55.976 [] [restartedMain] INFO  o.a.c.c.C.[Tomcat].[localhost].[/] - Initializing Spring embedded WebApplicationContext
10:47:55.976 [] [restartedMain] INFO  o.s.b.w.s.c.ServletWebServerApplicationContext - Root WebApplicationContext: initialization completed in 757 ms
10:47:56.538 [] [restartedMain] INFO  o.s.b.d.a.OptionalLiveReloadServer - LiveReload server is running on port 35729
10:47:56.586 [] [restartedMain] INFO  o.a.coyote.http11.Http11NioProtocol - Starting ProtocolHandler ["http-nio-8080"]
10:47:56.605 [] [restartedMain] INFO  o.s.b.w.e.tomcat.TomcatWebServer - Tomcat started on port(s): 8080 (http) with context path ''
10:47:56.614 [] [restartedMain] INFO  c.e.paymentapi.PaymentApiApplication - Started PaymentApiApplication in 1.66 seconds (JVM running for 2.349)
10:47:56.614 [] [restartedMain] INFO  c.e.paymentapi.PaymentApiApplication - Started PaymentApiApplication in 1.66 seconds (JVM running for 2.349)
10:48:03.226 [] [http-nio-8080-exec-1] INFO  o.a.c.c.C.[Tomcat].[localhost].[/] - Initializing Spring DispatcherServlet 'dispatcherServlet'
10:48:03.226 [] [http-nio-8080-exec-1] INFO  o.s.web.servlet.DispatcherServlet - Initializing Servlet 'dispatcherServlet'
10:48:03.228 [] [http-nio-8080-exec-1] INFO  o.s.web.servlet.DispatcherServlet - Completed initialization in 2 ms
10:48:03.386 [] [http-nio-8080-exec-1] INFO  c.e.p.s.impl.PaymentServiceImpl - Begin getPrivateKey() with Data Payment Request: PaymentRequest(apiID=Restpayment, mobile=0345255630, bankCode=BIDV, accountNo=0001100014211002, payDate=20200929112923, additionalData=11, debitAmount=11200.0, respCode=00, respDesc=SUCCESS, traceTransfer=FT19310RH6P1, messageType=1, checkSum=16feb4147a4173657687f82a14a3afddd07ce6e03064d14d08e333dde9df1b8d, orderCode=FT19310RH6P1, userName=cntest001, realAmount=11100.0, promotionCode=11, tokenKey=1601353776839FT1931dsfdsfsdf0dfdsfsdrh6P17)
10:48:03.386 [] [http-nio-8080-exec-1] INFO  c.e.p.s.impl.PaymentServiceImpl - Begin getPrivateKey() with Data Payment Request: PaymentRequest(apiID=Restpayment, mobile=0345255630, bankCode=BIDV, accountNo=0001100014211002, payDate=20200929112923, additionalData=11, debitAmount=11200.0, respCode=00, respDesc=SUCCESS, traceTransfer=FT19310RH6P1, messageType=1, checkSum=16feb4147a4173657687f82a14a3afddd07ce6e03064d14d08e333dde9df1b8d, orderCode=FT19310RH6P1, userName=cntest001, realAmount=11100.0, promotionCode=11, tokenKey=1601353776839FT1931dsfdsfsdf0dfdsfsdrh6P17)
10:48:03.388 [] [http-nio-8080-exec-1] INFO  c.e.p.s.impl.PaymentServiceImpl - End getPrivateKeyByBankCode() Have Bank Code in YAML file
10:48:03.388 [] [http-nio-8080-exec-1] INFO  c.e.p.s.impl.PaymentServiceImpl - End getPrivateKeyByBankCode() Have Bank Code in YAML file
10:48:03.388 [] [http-nio-8080-exec-1] INFO  c.e.p.s.impl.PaymentServiceImpl -  Begin checkSumSHA256() with data payment request PaymentRequest(apiID=Restpayment, mobile=0345255630, bankCode=BIDV, accountNo=0001100014211002, payDate=20200929112923, additionalData=11, debitAmount=11200.0, respCode=00, respDesc=SUCCESS, traceTransfer=FT19310RH6P1, messageType=1, checkSum=16feb4147a4173657687f82a14a3afddd07ce6e03064d14d08e333dde9df1b8d, orderCode=FT19310RH6P1, userName=cntest001, realAmount=11100.0, promotionCode=11, tokenKey=1601353776839FT1931dsfdsfsdf0dfdsfsdrh6P17)
10:48:03.388 [] [http-nio-8080-exec-1] INFO  c.e.p.s.impl.PaymentServiceImpl -  Begin checkSumSHA256() with data payment request PaymentRequest(apiID=Restpayment, mobile=0345255630, bankCode=BIDV, accountNo=0001100014211002, payDate=20200929112923, additionalData=11, debitAmount=11200.0, respCode=00, respDesc=SUCCESS, traceTransfer=FT19310RH6P1, messageType=1, checkSum=16feb4147a4173657687f82a14a3afddd07ce6e03064d14d08e333dde9df1b8d, orderCode=FT19310RH6P1, userName=cntest001, realAmount=11100.0, promotionCode=11, tokenKey=1601353776839FT1931dsfdsfsdf0dfdsfsdrh6P17)
10:48:03.389 [] [http-nio-8080-exec-1] INFO  c.e.p.s.impl.PaymentServiceImpl - Begin getStringToHash with data PaymentRequest PaymentRequest(apiID=Restpayment, mobile=0345255630, bankCode=BIDV, accountNo=0001100014211002, payDate=20200929112923, additionalData=11, debitAmount=11200.0, respCode=00, respDesc=SUCCESS, traceTransfer=FT19310RH6P1, messageType=1, checkSum=16feb4147a4173657687f82a14a3afddd07ce6e03064d14d08e333dde9df1b8d, orderCode=FT19310RH6P1, userName=cntest001, realAmount=11100.0, promotionCode=11, tokenKey=1601353776839FT1931dsfdsfsdf0dfdsfsdrh6P17)
10:48:03.389 [] [http-nio-8080-exec-1] INFO  c.e.p.s.impl.PaymentServiceImpl - Begin getStringToHash with data PaymentRequest PaymentRequest(apiID=Restpayment, mobile=0345255630, bankCode=BIDV, accountNo=0001100014211002, payDate=20200929112923, additionalData=11, debitAmount=11200.0, respCode=00, respDesc=SUCCESS, traceTransfer=FT19310RH6P1, messageType=1, checkSum=16feb4147a4173657687f82a14a3afddd07ce6e03064d14d08e333dde9df1b8d, orderCode=FT19310RH6P1, userName=cntest001, realAmount=11100.0, promotionCode=11, tokenKey=1601353776839FT1931dsfdsfsdf0dfdsfsdrh6P17)
10:48:03.390 [] [http-nio-8080-exec-1] INFO  c.e.p.s.impl.PaymentServiceImpl - Private key: jjjjjjjj
10:48:03.390 [] [http-nio-8080-exec-1] INFO  c.e.p.s.impl.PaymentServiceImpl - Private key: jjjjjjjj
10:48:03.390 [] [http-nio-8080-exec-1] INFO  c.e.p.s.impl.PaymentServiceImpl - End getStringToHash success
10:48:03.390 [] [http-nio-8080-exec-1] INFO  c.e.p.s.impl.PaymentServiceImpl - End getStringToHash success
10:48:03.391 [] [http-nio-8080-exec-1] INFO  c.e.p.s.impl.PaymentServiceImpl -  SHA256 from request: [16feb4147a4173657687f82a14a3afddd07ce6e03064d14d08e333dde9df1b8d] 
10:48:03.391 [] [http-nio-8080-exec-1] INFO  c.e.p.s.impl.PaymentServiceImpl -  SHA256 from request: [16feb4147a4173657687f82a14a3afddd07ce6e03064d14d08e333dde9df1b8d] 
10:48:03.391 [] [http-nio-8080-exec-1] INFO  c.e.p.s.impl.PaymentServiceImpl - checkSumSHA256() Checksum success
10:48:03.391 [] [http-nio-8080-exec-1] INFO  c.e.p.s.impl.PaymentServiceImpl - checkSumSHA256() Checksum success
10:48:03.391 [] [http-nio-8080-exec-1] INFO  c.e.p.s.impl.PaymentServiceImpl - Begin setDataToRedis with data PaymentRequest(apiID=Restpayment, mobile=0345255630, bankCode=BIDV, accountNo=0001100014211002, payDate=20200929112923, additionalData=11, debitAmount=11200.0, respCode=00, respDesc=SUCCESS, traceTransfer=FT19310RH6P1, messageType=1, checkSum=16feb4147a4173657687f82a14a3afddd07ce6e03064d14d08e333dde9df1b8d, orderCode=FT19310RH6P1, userName=cntest001, realAmount=11100.0, promotionCode=11, tokenKey=1601353776839FT1931dsfdsfsdf0dfdsfsdrh6P17) 
10:48:03.391 [] [http-nio-8080-exec-1] INFO  c.e.p.s.impl.PaymentServiceImpl - Begin setDataToRedis with data PaymentRequest(apiID=Restpayment, mobile=0345255630, bankCode=BIDV, accountNo=0001100014211002, payDate=20200929112923, additionalData=11, debitAmount=11200.0, respCode=00, respDesc=SUCCESS, traceTransfer=FT19310RH6P1, messageType=1, checkSum=16feb4147a4173657687f82a14a3afddd07ce6e03064d14d08e333dde9df1b8d, orderCode=FT19310RH6P1, userName=cntest001, realAmount=11100.0, promotionCode=11, tokenKey=1601353776839FT1931dsfdsfsdf0dfdsfsdrh6P17) 
